2021-08-27 14:18:50 INFO  reactor-http-nio-4 de.codecentric.boot.admin.server.services.StatusUpdater Couldn't retrieve status for Instance(id=047dd8f250c1, version=18, registration=Registration(name=nstr-gateway, managementUrl=http://S6P36ZS239I4HZ0:88/actuator, healthUrl=http://S6P36ZS239I4HZ0:88/actuator/health, serviceUrl=http://S6P36ZS239I4HZ0:88/, source=http-api), registered=true, statusInfo=StatusInfo(status=UP, details={reactiveDiscoveryClients={status=UP, details={Simple Reactive Discovery Client={status=UP, details={services=[]}}}}, hystrix={status=UP}, nacosConfig={status=UP}, diskSpace={status=UP, details={total=304943722496, free=91888828416, threshold=10485760, exists=true}}, ping={status=UP}, discoveryComposite={status=UP, details={discoveryClient={status=UP, details={services=[nstr-test, nstr-system, nstr-gateway, nstr-auth]}}}}, refreshScope={status=UP}, nacosDiscovery={status=UP}}), statusTimestamp=2021-08-23T08:22:03.577503300Z, info=Info(values={app={name=nstr-gateway, description=@project.description@, version=@project.version@}}), endpoints=Endpoints(endpoints={caches=Endpoint(id=caches, url=http://S6P36ZS239I4HZ0:88/actuator/caches), loggers=Endpoint(id=loggers, url=http://S6P36ZS239I4HZ0:88/actuator/loggers), nacosconfig=Endpoint(id=nacosconfig, url=http://S6P36ZS239I4HZ0:88/actuator/nacosconfig), health=Endpoint(id=health, url=http://S6P36ZS239I4HZ0:88/actuator/health), refresh=Endpoint(id=refresh, url=http://S6P36ZS239I4HZ0:88/actuator/refresh), env=Endpoint(id=env, url=http://S6P36ZS239I4HZ0:88/actuator/env), nacosdiscovery=Endpoint(id=nacosdiscovery, url=http://S6P36ZS239I4HZ0:88/actuator/nacosdiscovery), heapdump=Endpoint(id=heapdump, url=http://S6P36ZS239I4HZ0:88/actuator/heapdump), features=Endpoint(id=features, url=http://S6P36ZS239I4HZ0:88/actuator/features), scheduledtasks=Endpoint(id=scheduledtasks, url=http://S6P36ZS239I4HZ0:88/actuator/scheduledtasks), mappings=Endpoint(id=mappings, url=http://S6P36ZS239I4HZ0:88/actuator/mappings), archaius=Endpoint(id=archaius, url=http://S6P36ZS239I4HZ0:88/actuator/archaius), beans=Endpoint(id=beans, url=http://S6P36ZS239I4HZ0:88/actuator/beans), configprops=Endpoint(id=configprops, url=http://S6P36ZS239I4HZ0:88/actuator/configprops), threaddump=Endpoint(id=threaddump, url=http://S6P36ZS239I4HZ0:88/actuator/threaddump), prometheus=Endpoint(id=prometheus, url=http://S6P36ZS239I4HZ0:88/actuator/prometheus), metrics=Endpoint(id=metrics, url=http://S6P36ZS239I4HZ0:88/actuator/metrics), conditions=Endpoint(id=conditions, url=http://S6P36ZS239I4HZ0:88/actuator/conditions), service-registry=Endpoint(id=service-registry, url=http://S6P36ZS239I4HZ0:88/actuator/service-registry), gateway=Endpoint(id=gateway, url=http://S6P36ZS239I4HZ0:88/actuator/gateway), info=Endpoint(id=info, url=http://S6P36ZS239I4HZ0:88/actuator/info)}), buildVersion=null, tags=Tags(values={}))
io.netty.channel.AbstractChannel$AnnotatedConnectException: Connection refused: no further information: S6P36ZS239I4HZ0/192.168.1.216:88
	Suppressed: reactor.core.publisher.FluxOnAssembly$OnAssemblyException: 
Error has been observed at the following site(s):
	|_ checkpoint ⇢ Request to GET health [DefaultWebClient]
Stack trace:
Caused by: java.net.ConnectException: Connection refused: no further information
	at java.base/sun.nio.ch.SocketChannelImpl.checkConnect(Native Method)
	at java.base/sun.nio.ch.SocketChannelImpl.finishConnect(SocketChannelImpl.java:779)
	at io.netty.channel.socket.nio.NioSocketChannel.doFinishConnect(NioSocketChannel.java:330)
	at io.netty.channel.nio.AbstractNioChannel$AbstractNioUnsafe.finishConnect(AbstractNioChannel.java:334)
	at io.netty.channel.nio.NioEventLoop.processSelectedKey(NioEventLoop.java:707)
	at io.netty.channel.nio.NioEventLoop.processSelectedKeysOptimized(NioEventLoop.java:655)
	at io.netty.channel.nio.NioEventLoop.processSelectedKeys(NioEventLoop.java:581)
	at io.netty.channel.nio.NioEventLoop.run(NioEventLoop.java:493)
	at io.netty.util.concurrent.SingleThreadEventExecutor$4.run(SingleThreadEventExecutor.java:989)
	at io.netty.util.internal.ThreadExecutorMap$2.run(ThreadExecutorMap.java:74)
	at io.netty.util.concurrent.FastThreadLocalRunnable.run(FastThreadLocalRunnable.java:30)
	at java.base/java.lang.Thread.run(Thread.java:834)
2021-08-27 14:19:16 INFO  reactor-http-nio-5 de.codecentric.boot.admin.server.services.StatusUpdater Couldn't retrieve status for Instance(id=118aee74b410, version=8, registration=Registration(name=nstr-auth, managementUrl=http://S6P36ZS239I4HZ0:1600/actuator, healthUrl=http://S6P36ZS239I4HZ0:1600/actuator/health, serviceUrl=http://S6P36ZS239I4HZ0:1600/, source=http-api), registered=true, statusInfo=StatusInfo(status=UP, details={hystrix={status=UP}, nacosConfig={status=UP}, diskSpace={status=UP, details={total=304943722496, free=91888705536, threshold=10485760, exists=true}}, ping={status=UP}, discoveryComposite={status=UP, details={discoveryClient={status=UP, details={services=[nstr-test, nstr-system, nstr-gateway, nstr-auth]}}}}, refreshScope={status=UP}, nacosDiscovery={status=UP}, db={status=UP, details={database=MySQL, validationQuery=isValid()}}, redis={status=UP, details={version=6.2.4}}}), statusTimestamp=2021-08-23T08:22:41.706210600Z, info=Info(values={app={name=nstr-auth, description=@project.description@, version=@project.version@}}), endpoints=Endpoints(endpoints={caches=Endpoint(id=caches, url=http://S6P36ZS239I4HZ0:1600/actuator/caches), loggers=Endpoint(id=loggers, url=http://S6P36ZS239I4HZ0:1600/actuator/loggers), nacosconfig=Endpoint(id=nacosconfig, url=http://S6P36ZS239I4HZ0:1600/actuator/nacosconfig), health=Endpoint(id=health, url=http://S6P36ZS239I4HZ0:1600/actuator/health), refresh=Endpoint(id=refresh, url=http://S6P36ZS239I4HZ0:1600/actuator/refresh), env=Endpoint(id=env, url=http://S6P36ZS239I4HZ0:1600/actuator/env), nacosdiscovery=Endpoint(id=nacosdiscovery, url=http://S6P36ZS239I4HZ0:1600/actuator/nacosdiscovery), heapdump=Endpoint(id=heapdump, url=http://S6P36ZS239I4HZ0:1600/actuator/heapdump), features=Endpoint(id=features, url=http://S6P36ZS239I4HZ0:1600/actuator/features), scheduledtasks=Endpoint(id=scheduledtasks, url=http://S6P36ZS239I4HZ0:1600/actuator/scheduledtasks), mappings=Endpoint(id=mappings, url=http://S6P36ZS239I4HZ0:1600/actuator/mappings), archaius=Endpoint(id=archaius, url=http://S6P36ZS239I4HZ0:1600/actuator/archaius), beans=Endpoint(id=beans, url=http://S6P36ZS239I4HZ0:1600/actuator/beans), configprops=Endpoint(id=configprops, url=http://S6P36ZS239I4HZ0:1600/actuator/configprops), threaddump=Endpoint(id=threaddump, url=http://S6P36ZS239I4HZ0:1600/actuator/threaddump), prometheus=Endpoint(id=prometheus, url=http://S6P36ZS239I4HZ0:1600/actuator/prometheus), metrics=Endpoint(id=metrics, url=http://S6P36ZS239I4HZ0:1600/actuator/metrics), conditions=Endpoint(id=conditions, url=http://S6P36ZS239I4HZ0:1600/actuator/conditions), service-registry=Endpoint(id=service-registry, url=http://S6P36ZS239I4HZ0:1600/actuator/service-registry), info=Endpoint(id=info, url=http://S6P36ZS239I4HZ0:1600/actuator/info)}), buildVersion=null, tags=Tags(values={}))
io.netty.channel.AbstractChannel$AnnotatedConnectException: Connection refused: no further information: S6P36ZS239I4HZ0/192.168.1.216:1600
	Suppressed: reactor.core.publisher.FluxOnAssembly$OnAssemblyException: 
Error has been observed at the following site(s):
	|_ checkpoint ⇢ Request to GET health [DefaultWebClient]
Stack trace:
Caused by: java.net.ConnectException: Connection refused: no further information
	at java.base/sun.nio.ch.SocketChannelImpl.checkConnect(Native Method)
	at java.base/sun.nio.ch.SocketChannelImpl.finishConnect(SocketChannelImpl.java:779)
	at io.netty.channel.socket.nio.NioSocketChannel.doFinishConnect(NioSocketChannel.java:330)
	at io.netty.channel.nio.AbstractNioChannel$AbstractNioUnsafe.finishConnect(AbstractNioChannel.java:334)
	at io.netty.channel.nio.NioEventLoop.processSelectedKey(NioEventLoop.java:707)
	at io.netty.channel.nio.NioEventLoop.processSelectedKeysOptimized(NioEventLoop.java:655)
	at io.netty.channel.nio.NioEventLoop.processSelectedKeys(NioEventLoop.java:581)
	at io.netty.channel.nio.NioEventLoop.run(NioEventLoop.java:493)
	at io.netty.util.concurrent.SingleThreadEventExecutor$4.run(SingleThreadEventExecutor.java:989)
	at io.netty.util.internal.ThreadExecutorMap$2.run(ThreadExecutorMap.java:74)
	at io.netty.util.concurrent.FastThreadLocalRunnable.run(FastThreadLocalRunnable.java:30)
	at java.base/java.lang.Thread.run(Thread.java:834)
2021-08-27 14:19:18 INFO  reactor-http-nio-7 de.codecentric.boot.admin.server.services.StatusUpdater Couldn't retrieve status for Instance(id=20f0d8218f73, version=7, registration=Registration(name=nstr-test, managementUrl=http://S6P36ZS239I4HZ0:1801/actuator, healthUrl=http://S6P36ZS239I4HZ0:1801/actuator/health, serviceUrl=http://S6P36ZS239I4HZ0:1801/, source=http-api), registered=true, statusInfo=StatusInfo(status=UP, details={hystrix={status=UP}, diskSpace={status=UP, details={total=304943722496, free=91888861184, threshold=10485760, exists=true}}, ping={status=UP}, discoveryComposite={status=UP, details={discoveryClient={status=UP, details={services=[nstr-test, nstr-system, nstr-gateway, nstr-auth]}}}}, refreshScope={status=UP}, nacosDiscovery={status=UP}, db={status=UP, details={database=MySQL, validationQuery=isValid()}}}), statusTimestamp=2021-08-23T08:21:30.396258400Z, info=Info(values={app={name=nstr-test, description=@project.description@, version=@project.version@}}), endpoints=Endpoints(endpoints={caches=Endpoint(id=caches, url=http://S6P36ZS239I4HZ0:1801/actuator/caches), loggers=Endpoint(id=loggers, url=http://S6P36ZS239I4HZ0:1801/actuator/loggers), health=Endpoint(id=health, url=http://S6P36ZS239I4HZ0:1801/actuator/health), refresh=Endpoint(id=refresh, url=http://S6P36ZS239I4HZ0:1801/actuator/refresh), env=Endpoint(id=env, url=http://S6P36ZS239I4HZ0:1801/actuator/env), nacosdiscovery=Endpoint(id=nacosdiscovery, url=http://S6P36ZS239I4HZ0:1801/actuator/nacosdiscovery), heapdump=Endpoint(id=heapdump, url=http://S6P36ZS239I4HZ0:1801/actuator/heapdump), features=Endpoint(id=features, url=http://S6P36ZS239I4HZ0:1801/actuator/features), scheduledtasks=Endpoint(id=scheduledtasks, url=http://S6P36ZS239I4HZ0:1801/actuator/scheduledtasks), mappings=Endpoint(id=mappings, url=http://S6P36ZS239I4HZ0:1801/actuator/mappings), archaius=Endpoint(id=archaius, url=http://S6P36ZS239I4HZ0:1801/actuator/archaius), beans=Endpoint(id=beans, url=http://S6P36ZS239I4HZ0:1801/actuator/beans), configprops=Endpoint(id=configprops, url=http://S6P36ZS239I4HZ0:1801/actuator/configprops), threaddump=Endpoint(id=threaddump, url=http://S6P36ZS239I4HZ0:1801/actuator/threaddump), prometheus=Endpoint(id=prometheus, url=http://S6P36ZS239I4HZ0:1801/actuator/prometheus), metrics=Endpoint(id=metrics, url=http://S6P36ZS239I4HZ0:1801/actuator/metrics), conditions=Endpoint(id=conditions, url=http://S6P36ZS239I4HZ0:1801/actuator/conditions), service-registry=Endpoint(id=service-registry, url=http://S6P36ZS239I4HZ0:1801/actuator/service-registry), info=Endpoint(id=info, url=http://S6P36ZS239I4HZ0:1801/actuator/info)}), buildVersion=null, tags=Tags(values={}))
io.netty.channel.AbstractChannel$AnnotatedConnectException: Connection refused: no further information: S6P36ZS239I4HZ0/192.168.1.216:1801
	Suppressed: reactor.core.publisher.FluxOnAssembly$OnAssemblyException: 
Error has been observed at the following site(s):
	|_ checkpoint ⇢ Request to GET health [DefaultWebClient]
Stack trace:
Caused by: java.net.ConnectException: Connection refused: no further information
	at java.base/sun.nio.ch.SocketChannelImpl.checkConnect(Native Method)
	at java.base/sun.nio.ch.SocketChannelImpl.finishConnect(SocketChannelImpl.java:779)
	at io.netty.channel.socket.nio.NioSocketChannel.doFinishConnect(NioSocketChannel.java:330)
	at io.netty.channel.nio.AbstractNioChannel$AbstractNioUnsafe.finishConnect(AbstractNioChannel.java:334)
	at io.netty.channel.nio.NioEventLoop.processSelectedKey(NioEventLoop.java:707)
	at io.netty.channel.nio.NioEventLoop.processSelectedKeysOptimized(NioEventLoop.java:655)
	at io.netty.channel.nio.NioEventLoop.processSelectedKeys(NioEventLoop.java:581)
	at io.netty.channel.nio.NioEventLoop.run(NioEventLoop.java:493)
	at io.netty.util.concurrent.SingleThreadEventExecutor$4.run(SingleThreadEventExecutor.java:989)
	at io.netty.util.internal.ThreadExecutorMap$2.run(ThreadExecutorMap.java:74)
	at io.netty.util.concurrent.FastThreadLocalRunnable.run(FastThreadLocalRunnable.java:30)
	at java.base/java.lang.Thread.run(Thread.java:834)
2021-08-27 14:19:19 INFO  reactor-http-nio-2 de.codecentric.boot.admin.server.services.StatusUpdater Couldn't retrieve status for Instance(id=e0b5ff47633b, version=8, registration=Registration(name=nstr-system, managementUrl=http://S6P36ZS239I4HZ0:1701/actuator, healthUrl=http://S6P36ZS239I4HZ0:1701/actuator/health, serviceUrl=http://S6P36ZS239I4HZ0:1701/, source=http-api), registered=true, statusInfo=StatusInfo(status=UP, details={hystrix={status=UP}, diskSpace={status=UP, details={total=304943722496, free=91888959488, threshold=10485760, exists=true}}, ping={status=UP}, discoveryComposite={status=UP, details={discoveryClient={status=UP, details={services=[nstr-test, nstr-system, nstr-gateway, nstr-auth]}}}}, refreshScope={status=UP}, nacosDiscovery={status=UP}, db={status=UP, details={database=MySQL, validationQuery=isValid()}}}), statusTimestamp=2021-08-23T08:17:28.852662200Z, info=Info(values={app={name=nstr-system, description=@project.description@, version=@project.version@}}), endpoints=Endpoints(endpoints={caches=Endpoint(id=caches, url=http://S6P36ZS239I4HZ0:1701/actuator/caches), loggers=Endpoint(id=loggers, url=http://S6P36ZS239I4HZ0:1701/actuator/loggers), health=Endpoint(id=health, url=http://S6P36ZS239I4HZ0:1701/actuator/health), refresh=Endpoint(id=refresh, url=http://S6P36ZS239I4HZ0:1701/actuator/refresh), env=Endpoint(id=env, url=http://S6P36ZS239I4HZ0:1701/actuator/env), nacosdiscovery=Endpoint(id=nacosdiscovery, url=http://S6P36ZS239I4HZ0:1701/actuator/nacosdiscovery), heapdump=Endpoint(id=heapdump, url=http://S6P36ZS239I4HZ0:1701/actuator/heapdump), features=Endpoint(id=features, url=http://S6P36ZS239I4HZ0:1701/actuator/features), scheduledtasks=Endpoint(id=scheduledtasks, url=http://S6P36ZS239I4HZ0:1701/actuator/scheduledtasks), mappings=Endpoint(id=mappings, url=http://S6P36ZS239I4HZ0:1701/actuator/mappings), archaius=Endpoint(id=archaius, url=http://S6P36ZS239I4HZ0:1701/actuator/archaius), beans=Endpoint(id=beans, url=http://S6P36ZS239I4HZ0:1701/actuator/beans), configprops=Endpoint(id=configprops, url=http://S6P36ZS239I4HZ0:1701/actuator/configprops), threaddump=Endpoint(id=threaddump, url=http://S6P36ZS239I4HZ0:1701/actuator/threaddump), prometheus=Endpoint(id=prometheus, url=http://S6P36ZS239I4HZ0:1701/actuator/prometheus), metrics=Endpoint(id=metrics, url=http://S6P36ZS239I4HZ0:1701/actuator/metrics), conditions=Endpoint(id=conditions, url=http://S6P36ZS239I4HZ0:1701/actuator/conditions), service-registry=Endpoint(id=service-registry, url=http://S6P36ZS239I4HZ0:1701/actuator/service-registry), info=Endpoint(id=info, url=http://S6P36ZS239I4HZ0:1701/actuator/info)}), buildVersion=null, tags=Tags(values={}))
reactor.netty.http.client.PrematureCloseException: Connection prematurely closed BEFORE response
	Suppressed: reactor.core.publisher.FluxOnAssembly$OnAssemblyException: 
Error has been observed at the following site(s):
	|_ checkpoint ⇢ Request to GET health [DefaultWebClient]
Stack trace:
2021-08-27 14:19:28 INFO  SpringContextShutdownHook org.springframework.scheduling.concurrent.ThreadPoolTaskExecutor Shutting down ExecutorService 'applicationTaskExecutor'
2021-08-27 14:20:50 INFO  main com.alibaba.nacos.client.config.impl.LocalConfigInfoProcessor LOCAL_SNAPSHOT_PATH:C:\Users\Administrator\nacos\config
2021-08-27 14:20:50 INFO  main com.alibaba.nacos.client.config.impl.Limiter limitTime:5.0
2021-08-27 14:20:50 INFO  main com.alibaba.nacos.client.config.utils.JvmUtil isMultiInstance:false
2021-08-27 14:20:50 INFO  main org.springframework.cloud.bootstrap.config.PropertySourceBootstrapConfiguration Located property source: [BootstrapPropertySource {name='bootstrapProperties-nstr-admin.yaml,DEFAULT_GROUP'}, BootstrapPropertySource {name='bootstrapProperties-nstr-admin,DEFAULT_GROUP'}]
2021-08-27 14:20:50 INFO  main com.nstr.admin.NstrAdminApplication No active profile set, falling back to default profiles: default
2021-08-27 14:20:54 INFO  main org.springframework.cloud.context.scope.GenericScope BeanFactory id=5dd51688-d1e3-3a63-81ff-6f362d5658ac
2021-08-27 14:20:55 INFO  main org.springframework.boot.web.embedded.tomcat.TomcatWebServer Tomcat initialized with port(s): 1820 (http)
2021-08-27 14:20:55 INFO  main org.apache.coyote.http11.Http11NioProtocol Initializing ProtocolHandler ["http-nio-1820"]
2021-08-27 14:20:55 INFO  main org.apache.catalina.core.StandardService Starting service [Tomcat]
2021-08-27 14:20:55 INFO  main org.apache.catalina.core.StandardEngine Starting Servlet engine: [Apache Tomcat/9.0.41]
2021-08-27 14:20:56 INFO  main org.apache.catalina.core.ContainerBase.[Tomcat].[localhost].[/] Initializing Spring embedded WebApplicationContext
2021-08-27 14:20:56 INFO  main org.springframework.boot.web.servlet.context.ServletWebServerApplicationContext Root WebApplicationContext: initialization completed in 5554 ms
2021-08-27 14:20:57 INFO  main org.springframework.security.web.DefaultSecurityFilterChain Creating filter chain: any request, [org.springframework.security.web.context.request.async.WebAsyncManagerIntegrationFilter@77198cce, org.springframework.security.web.context.SecurityContextPersistenceFilter@3c2654e, org.springframework.security.web.header.HeaderWriterFilter@2836374, org.springframework.security.web.authentication.logout.LogoutFilter@142dbf1a, org.springframework.security.web.authentication.UsernamePasswordAuthenticationFilter@50a1c2f3, org.springframework.security.web.authentication.www.BasicAuthenticationFilter@72e4905c, org.springframework.security.web.savedrequest.RequestCacheAwareFilter@6a8b94b2, org.springframework.security.web.servletapi.SecurityContextHolderAwareRequestFilter@13473685, org.springframework.security.web.authentication.AnonymousAuthenticationFilter@e7b7395, org.springframework.security.web.session.SessionManagementFilter@78a03662, org.springframework.security.web.access.ExceptionTranslationFilter@503eac4c, org.springframework.security.web.access.intercept.FilterSecurityInterceptor@65c040c9]
2021-08-27 14:20:58 INFO  main org.springframework.scheduling.concurrent.ThreadPoolTaskExecutor Initializing ExecutorService 'applicationTaskExecutor'
2021-08-27 14:21:02 INFO  main org.springframework.boot.actuate.endpoint.web.EndpointLinksResolver Exposing 2 endpoint(s) beneath base path '/actuator'
2021-08-27 14:21:02 INFO  main org.apache.coyote.http11.Http11NioProtocol Starting ProtocolHandler ["http-nio-1820"]
2021-08-27 14:21:02 INFO  main org.springframework.boot.web.embedded.tomcat.TomcatWebServer Tomcat started on port(s): 1820 (http) with context path ''
2021-08-27 14:21:03 INFO  main com.nstr.admin.NstrAdminApplication Started NstrAdminApplication in 19.677 seconds (JVM running for 42.564)
2021-08-27 14:21:03 INFO  main com.alibaba.nacos.client.config.impl.ClientWorker [fixed-192.168.1.10_8848] [subscribe] nstr-admin+DEFAULT_GROUP
2021-08-27 14:21:03 INFO  main com.alibaba.nacos.client.config.impl.CacheData [fixed-192.168.1.10_8848] [add-listener] ok, tenant=, dataId=nstr-admin, group=DEFAULT_GROUP, cnt=1
2021-08-27 14:21:03 INFO  main com.alibaba.nacos.client.config.impl.ClientWorker [fixed-192.168.1.10_8848] [subscribe] nstr-admin.yaml+DEFAULT_GROUP
2021-08-27 14:21:03 INFO  main com.alibaba.nacos.client.config.impl.CacheData [fixed-192.168.1.10_8848] [add-listener] ok, tenant=, dataId=nstr-admin.yaml, group=DEFAULT_GROUP, cnt=1
2021-08-27 14:21:04 INFO  RMI TCP Connection(4)-192.168.1.216 org.apache.catalina.core.ContainerBase.[Tomcat].[localhost].[/] Initializing Spring DispatcherServlet 'dispatcherServlet'
2021-08-27 14:21:04 INFO  RMI TCP Connection(4)-192.168.1.216 org.springframework.web.servlet.DispatcherServlet Initializing Servlet 'dispatcherServlet'
2021-08-27 14:21:04 INFO  RMI TCP Connection(4)-192.168.1.216 org.springframework.web.servlet.DispatcherServlet Completed initialization in 20 ms
2021-08-27 17:48:12 INFO  SpringContextShutdownHook org.springframework.scheduling.concurrent.ThreadPoolTaskExecutor Shutting down ExecutorService 'applicationTaskExecutor'
2021-08-27 17:48:38 INFO  main com.alibaba.nacos.client.config.impl.LocalConfigInfoProcessor LOCAL_SNAPSHOT_PATH:C:\Users\Administrator\nacos\config
2021-08-27 17:48:38 INFO  main com.alibaba.nacos.client.config.impl.Limiter limitTime:5.0
2021-08-27 17:48:38 INFO  main com.alibaba.nacos.client.config.utils.JvmUtil isMultiInstance:false
2021-08-27 17:48:38 INFO  main org.springframework.cloud.bootstrap.config.PropertySourceBootstrapConfiguration Located property source: [BootstrapPropertySource {name='bootstrapProperties-nstr-admin.yaml,DEFAULT_GROUP'}, BootstrapPropertySource {name='bootstrapProperties-nstr-admin,DEFAULT_GROUP'}]
2021-08-27 17:48:38 INFO  main com.nstr.admin.NstrAdminApplication No active profile set, falling back to default profiles: default
2021-08-27 17:48:41 INFO  main org.springframework.cloud.context.scope.GenericScope BeanFactory id=5dd51688-d1e3-3a63-81ff-6f362d5658ac
2021-08-27 17:48:42 INFO  main org.springframework.boot.web.embedded.tomcat.TomcatWebServer Tomcat initialized with port(s): 1820 (http)
2021-08-27 17:48:42 INFO  main org.apache.coyote.http11.Http11NioProtocol Initializing ProtocolHandler ["http-nio-1820"]
2021-08-27 17:48:42 INFO  main org.apache.catalina.core.StandardService Starting service [Tomcat]
2021-08-27 17:48:42 INFO  main org.apache.catalina.core.StandardEngine Starting Servlet engine: [Apache Tomcat/9.0.41]
2021-08-27 17:48:43 INFO  main org.apache.catalina.core.ContainerBase.[Tomcat].[localhost].[/] Initializing Spring embedded WebApplicationContext
2021-08-27 17:48:43 INFO  main org.springframework.boot.web.servlet.context.ServletWebServerApplicationContext Root WebApplicationContext: initialization completed in 4131 ms
2021-08-27 17:48:44 INFO  main org.springframework.security.web.DefaultSecurityFilterChain Creating filter chain: any request, [org.springframework.security.web.context.request.async.WebAsyncManagerIntegrationFilter@1026a011, org.springframework.security.web.context.SecurityContextPersistenceFilter@a263df9, org.springframework.security.web.header.HeaderWriterFilter@673d73da, org.springframework.security.web.authentication.logout.LogoutFilter@7b4268e2, org.springframework.security.web.authentication.UsernamePasswordAuthenticationFilter@5827908c, org.springframework.security.web.authentication.www.BasicAuthenticationFilter@77198cce, org.springframework.security.web.savedrequest.RequestCacheAwareFilter@33d828b3, org.springframework.security.web.servletapi.SecurityContextHolderAwareRequestFilter@772357e9, org.springframework.security.web.authentication.AnonymousAuthenticationFilter@63b95a30, org.springframework.security.web.session.SessionManagementFilter@8c940e2, org.springframework.security.web.access.ExceptionTranslationFilter@69a61267, org.springframework.security.web.access.intercept.FilterSecurityInterceptor@333813e7]
2021-08-27 17:48:44 INFO  main org.springframework.scheduling.concurrent.ThreadPoolTaskExecutor Initializing ExecutorService 'applicationTaskExecutor'
2021-08-27 17:48:48 INFO  main org.springframework.boot.actuate.endpoint.web.EndpointLinksResolver Exposing 2 endpoint(s) beneath base path '/actuator'
2021-08-27 17:48:48 INFO  main org.apache.coyote.http11.Http11NioProtocol Starting ProtocolHandler ["http-nio-1820"]
2021-08-27 17:48:48 INFO  main org.springframework.boot.web.embedded.tomcat.TomcatWebServer Tomcat started on port(s): 1820 (http) with context path ''
2021-08-27 17:48:49 INFO  main com.nstr.admin.NstrAdminApplication Started NstrAdminApplication in 15.337 seconds (JVM running for 27.95)
2021-08-27 17:48:49 INFO  main com.alibaba.nacos.client.config.impl.ClientWorker [fixed-192.168.1.10_8848] [subscribe] nstr-admin+DEFAULT_GROUP
2021-08-27 17:48:49 INFO  main com.alibaba.nacos.client.config.impl.CacheData [fixed-192.168.1.10_8848] [add-listener] ok, tenant=, dataId=nstr-admin, group=DEFAULT_GROUP, cnt=1
2021-08-27 17:48:49 INFO  main com.alibaba.nacos.client.config.impl.ClientWorker [fixed-192.168.1.10_8848] [subscribe] nstr-admin.yaml+DEFAULT_GROUP
2021-08-27 17:48:49 INFO  main com.alibaba.nacos.client.config.impl.CacheData [fixed-192.168.1.10_8848] [add-listener] ok, tenant=, dataId=nstr-admin.yaml, group=DEFAULT_GROUP, cnt=1
2021-08-27 17:48:50 INFO  RMI TCP Connection(6)-192.168.1.216 org.apache.catalina.core.ContainerBase.[Tomcat].[localhost].[/] Initializing Spring DispatcherServlet 'dispatcherServlet'
2021-08-27 17:48:50 INFO  RMI TCP Connection(6)-192.168.1.216 org.springframework.web.servlet.DispatcherServlet Initializing Servlet 'dispatcherServlet'
2021-08-27 17:48:50 INFO  RMI TCP Connection(6)-192.168.1.216 org.springframework.web.servlet.DispatcherServlet Completed initialization in 28 ms
2021-08-27 18:03:28 INFO  reactor-http-nio-5 de.codecentric.boot.admin.server.services.StatusUpdater Couldn't retrieve status for Instance(id=e0b5ff47633b, version=3, registration=Registration(name=nstr-system, managementUrl=http://S6P36ZS239I4HZ0:1701/actuator, healthUrl=http://S6P36ZS239I4HZ0:1701/actuator/health, serviceUrl=http://S6P36ZS239I4HZ0:1701/, source=http-api), registered=true, statusInfo=StatusInfo(status=UP, details={hystrix={status=UP}, diskSpace={status=UP, details={total=304943722496, free=91660292096, threshold=10485760, exists=true}}, ping={status=UP}, discoveryComposite={status=UP, details={discoveryClient={status=UP, details={services=[nstr-test, nstr-system, nstr-gateway, nstr-auth]}}}}, refreshScope={status=UP}, nacosDiscovery={status=UP}, db={status=UP, details={database=MySQL, validationQuery=isValid()}}}), statusTimestamp=2021-08-27T09:49:06.694329200Z, info=Info(values={app={name=nstr-system, description=@project.description@, version=@project.version@}}), endpoints=Endpoints(endpoints={caches=Endpoint(id=caches, url=http://S6P36ZS239I4HZ0:1701/actuator/caches), loggers=Endpoint(id=loggers, url=http://S6P36ZS239I4HZ0:1701/actuator/loggers), health=Endpoint(id=health, url=http://S6P36ZS239I4HZ0:1701/actuator/health), refresh=Endpoint(id=refresh, url=http://S6P36ZS239I4HZ0:1701/actuator/refresh), env=Endpoint(id=env, url=http://S6P36ZS239I4HZ0:1701/actuator/env), nacosdiscovery=Endpoint(id=nacosdiscovery, url=http://S6P36ZS239I4HZ0:1701/actuator/nacosdiscovery), heapdump=Endpoint(id=heapdump, url=http://S6P36ZS239I4HZ0:1701/actuator/heapdump), features=Endpoint(id=features, url=http://S6P36ZS239I4HZ0:1701/actuator/features), scheduledtasks=Endpoint(id=scheduledtasks, url=http://S6P36ZS239I4HZ0:1701/actuator/scheduledtasks), mappings=Endpoint(id=mappings, url=http://S6P36ZS239I4HZ0:1701/actuator/mappings), archaius=Endpoint(id=archaius, url=http://S6P36ZS239I4HZ0:1701/actuator/archaius), beans=Endpoint(id=beans, url=http://S6P36ZS239I4HZ0:1701/actuator/beans), configprops=Endpoint(id=configprops, url=http://S6P36ZS239I4HZ0:1701/actuator/configprops), threaddump=Endpoint(id=threaddump, url=http://S6P36ZS239I4HZ0:1701/actuator/threaddump), prometheus=Endpoint(id=prometheus, url=http://S6P36ZS239I4HZ0:1701/actuator/prometheus), metrics=Endpoint(id=metrics, url=http://S6P36ZS239I4HZ0:1701/actuator/metrics), conditions=Endpoint(id=conditions, url=http://S6P36ZS239I4HZ0:1701/actuator/conditions), service-registry=Endpoint(id=service-registry, url=http://S6P36ZS239I4HZ0:1701/actuator/service-registry), info=Endpoint(id=info, url=http://S6P36ZS239I4HZ0:1701/actuator/info)}), buildVersion=null, tags=Tags(values={}))
io.netty.channel.AbstractChannel$AnnotatedConnectException: Connection refused: no further information: S6P36ZS239I4HZ0/192.168.1.216:1701
	Suppressed: reactor.core.publisher.FluxOnAssembly$OnAssemblyException: 
Error has been observed at the following site(s):
	|_ checkpoint ⇢ Request to GET health [DefaultWebClient]
Stack trace:
Caused by: java.net.ConnectException: Connection refused: no further information
	at java.base/sun.nio.ch.SocketChannelImpl.checkConnect(Native Method)
	at java.base/sun.nio.ch.SocketChannelImpl.finishConnect(SocketChannelImpl.java:779)
	at io.netty.channel.socket.nio.NioSocketChannel.doFinishConnect(NioSocketChannel.java:330)
	at io.netty.channel.nio.AbstractNioChannel$AbstractNioUnsafe.finishConnect(AbstractNioChannel.java:334)
	at io.netty.channel.nio.NioEventLoop.processSelectedKey(NioEventLoop.java:707)
	at io.netty.channel.nio.NioEventLoop.processSelectedKeysOptimized(NioEventLoop.java:655)
	at io.netty.channel.nio.NioEventLoop.processSelectedKeys(NioEventLoop.java:581)
	at io.netty.channel.nio.NioEventLoop.run(NioEventLoop.java:493)
	at io.netty.util.concurrent.SingleThreadEventExecutor$4.run(SingleThreadEventExecutor.java:989)
	at io.netty.util.internal.ThreadExecutorMap$2.run(ThreadExecutorMap.java:74)
	at io.netty.util.concurrent.FastThreadLocalRunnable.run(FastThreadLocalRunnable.java:30)
	at java.base/java.lang.Thread.run(Thread.java:834)
2021-08-27 18:07:06 INFO  SpringContextShutdownHook org.springframework.scheduling.concurrent.ThreadPoolTaskExecutor Shutting down ExecutorService 'applicationTaskExecutor'
2021-08-27 18:07:15 INFO  main com.alibaba.nacos.client.config.impl.LocalConfigInfoProcessor LOCAL_SNAPSHOT_PATH:C:\Users\Administrator\nacos\config
2021-08-27 18:07:15 INFO  main com.alibaba.nacos.client.config.impl.Limiter limitTime:5.0
2021-08-27 18:07:16 INFO  main com.alibaba.nacos.client.config.utils.JvmUtil isMultiInstance:false
2021-08-27 18:07:16 INFO  main org.springframework.cloud.bootstrap.config.PropertySourceBootstrapConfiguration Located property source: [BootstrapPropertySource {name='bootstrapProperties-nstr-admin.yaml,DEFAULT_GROUP'}, BootstrapPropertySource {name='bootstrapProperties-nstr-admin,DEFAULT_GROUP'}]
2021-08-27 18:07:16 INFO  main com.nstr.admin.NstrAdminApplication No active profile set, falling back to default profiles: default
2021-08-27 18:07:17 INFO  main org.springframework.cloud.context.scope.GenericScope BeanFactory id=5dd51688-d1e3-3a63-81ff-6f362d5658ac
2021-08-27 18:07:18 INFO  main org.springframework.boot.web.embedded.tomcat.TomcatWebServer Tomcat initialized with port(s): 1820 (http)
2021-08-27 18:07:18 INFO  main org.apache.coyote.http11.Http11NioProtocol Initializing ProtocolHandler ["http-nio-1820"]
2021-08-27 18:07:18 INFO  main org.apache.catalina.core.StandardService Starting service [Tomcat]
2021-08-27 18:07:18 INFO  main org.apache.catalina.core.StandardEngine Starting Servlet engine: [Apache Tomcat/9.0.41]
2021-08-27 18:07:18 INFO  main org.apache.catalina.core.ContainerBase.[Tomcat].[localhost].[/] Initializing Spring embedded WebApplicationContext
2021-08-27 18:07:18 INFO  main org.springframework.boot.web.servlet.context.ServletWebServerApplicationContext Root WebApplicationContext: initialization completed in 2506 ms
2021-08-27 18:07:19 INFO  main org.springframework.security.web.DefaultSecurityFilterChain Creating filter chain: any request, [org.springframework.security.web.context.request.async.WebAsyncManagerIntegrationFilter@63b95a30, org.springframework.security.web.context.SecurityContextPersistenceFilter@71d4b83b, org.springframework.security.web.header.HeaderWriterFilter@5125558b, org.springframework.security.web.authentication.logout.LogoutFilter@4fbebd8e, org.springframework.security.web.authentication.UsernamePasswordAuthenticationFilter@732ffb6a, org.springframework.security.web.authentication.www.BasicAuthenticationFilter@e7b7395, org.springframework.security.web.savedrequest.RequestCacheAwareFilter@7c7478ac, org.springframework.security.web.servletapi.SecurityContextHolderAwareRequestFilter@5259469d, org.springframework.security.web.authentication.AnonymousAuthenticationFilter@353aadd7, org.springframework.security.web.session.SessionManagementFilter@6092d41, org.springframework.security.web.access.ExceptionTranslationFilter@795ef208, org.springframework.security.web.access.intercept.FilterSecurityInterceptor@292237cd]
2021-08-27 18:07:20 INFO  main org.springframework.scheduling.concurrent.ThreadPoolTaskExecutor Initializing ExecutorService 'applicationTaskExecutor'
2021-08-27 18:07:23 INFO  main org.springframework.boot.actuate.endpoint.web.EndpointLinksResolver Exposing 2 endpoint(s) beneath base path '/actuator'
2021-08-27 18:07:24 INFO  main org.apache.coyote.http11.Http11NioProtocol Starting ProtocolHandler ["http-nio-1820"]
2021-08-27 18:07:24 INFO  main org.springframework.boot.web.embedded.tomcat.TomcatWebServer Tomcat started on port(s): 1820 (http) with context path ''
2021-08-27 18:07:25 INFO  main com.nstr.admin.NstrAdminApplication Started NstrAdminApplication in 13.153 seconds (JVM running for 16.306)
2021-08-27 18:07:25 INFO  main com.alibaba.nacos.client.config.impl.ClientWorker [fixed-192.168.1.10_8848] [subscribe] nstr-admin+DEFAULT_GROUP
2021-08-27 18:07:25 INFO  main com.alibaba.nacos.client.config.impl.CacheData [fixed-192.168.1.10_8848] [add-listener] ok, tenant=, dataId=nstr-admin, group=DEFAULT_GROUP, cnt=1
2021-08-27 18:07:25 INFO  main com.alibaba.nacos.client.config.impl.ClientWorker [fixed-192.168.1.10_8848] [subscribe] nstr-admin.yaml+DEFAULT_GROUP
2021-08-27 18:07:25 INFO  main com.alibaba.nacos.client.config.impl.CacheData [fixed-192.168.1.10_8848] [add-listener] ok, tenant=, dataId=nstr-admin.yaml, group=DEFAULT_GROUP, cnt=1
2021-08-27 18:07:25 INFO  RMI TCP Connection(11)-192.168.1.216 org.apache.catalina.core.ContainerBase.[Tomcat].[localhost].[/] Initializing Spring DispatcherServlet 'dispatcherServlet'
2021-08-27 18:07:25 INFO  RMI TCP Connection(11)-192.168.1.216 org.springframework.web.servlet.DispatcherServlet Initializing Servlet 'dispatcherServlet'
2021-08-27 18:07:25 INFO  RMI TCP Connection(11)-192.168.1.216 org.springframework.web.servlet.DispatcherServlet Completed initialization in 14 ms
2021-08-27 18:09:42 INFO  parallel-5 de.codecentric.boot.admin.server.services.StatusUpdater Couldn't retrieve status for Instance(id=e0b5ff47633b, version=3, registration=Registration(name=nstr-system, managementUrl=http://S6P36ZS239I4HZ0:1701/actuator, healthUrl=http://S6P36ZS239I4HZ0:1701/actuator/health, serviceUrl=http://S6P36ZS239I4HZ0:1701/, source=http-api), registered=true, statusInfo=StatusInfo(status=UP, details={hystrix={status=UP}, diskSpace={status=UP, details={total=304943722496, free=91658993664, threshold=10485760, exists=true}}, ping={status=UP}, discoveryComposite={status=UP, details={discoveryClient={status=UP, details={services=[nstr-test, nstr-system, nstr-gateway, nstr-auth]}}}}, refreshScope={status=UP}, nacosDiscovery={status=UP}, db={status=UP, details={database=MySQL, validationQuery=isValid()}}}), statusTimestamp=2021-08-27T10:07:58.910841600Z, info=Info(values={app={name=nstr-system, description=@project.description@, version=@project.version@}}), endpoints=Endpoints(endpoints={caches=Endpoint(id=caches, url=http://S6P36ZS239I4HZ0:1701/actuator/caches), loggers=Endpoint(id=loggers, url=http://S6P36ZS239I4HZ0:1701/actuator/loggers), health=Endpoint(id=health, url=http://S6P36ZS239I4HZ0:1701/actuator/health), refresh=Endpoint(id=refresh, url=http://S6P36ZS239I4HZ0:1701/actuator/refresh), env=Endpoint(id=env, url=http://S6P36ZS239I4HZ0:1701/actuator/env), nacosdiscovery=Endpoint(id=nacosdiscovery, url=http://S6P36ZS239I4HZ0:1701/actuator/nacosdiscovery), heapdump=Endpoint(id=heapdump, url=http://S6P36ZS239I4HZ0:1701/actuator/heapdump), features=Endpoint(id=features, url=http://S6P36ZS239I4HZ0:1701/actuator/features), scheduledtasks=Endpoint(id=scheduledtasks, url=http://S6P36ZS239I4HZ0:1701/actuator/scheduledtasks), mappings=Endpoint(id=mappings, url=http://S6P36ZS239I4HZ0:1701/actuator/mappings), archaius=Endpoint(id=archaius, url=http://S6P36ZS239I4HZ0:1701/actuator/archaius), beans=Endpoint(id=beans, url=http://S6P36ZS239I4HZ0:1701/actuator/beans), configprops=Endpoint(id=configprops, url=http://S6P36ZS239I4HZ0:1701/actuator/configprops), threaddump=Endpoint(id=threaddump, url=http://S6P36ZS239I4HZ0:1701/actuator/threaddump), prometheus=Endpoint(id=prometheus, url=http://S6P36ZS239I4HZ0:1701/actuator/prometheus), metrics=Endpoint(id=metrics, url=http://S6P36ZS239I4HZ0:1701/actuator/metrics), conditions=Endpoint(id=conditions, url=http://S6P36ZS239I4HZ0:1701/actuator/conditions), service-registry=Endpoint(id=service-registry, url=http://S6P36ZS239I4HZ0:1701/actuator/service-registry), info=Endpoint(id=info, url=http://S6P36ZS239I4HZ0:1701/actuator/info)}), buildVersion=null, tags=Tags(values={}))
java.util.concurrent.TimeoutException: Did not observe any item or terminal signal within 10000ms in 'doFinally' (and no fallback has been configured)
	at reactor.core.publisher.FluxTimeout$TimeoutMainSubscriber.handleTimeout(FluxTimeout.java:288)
	Suppressed: reactor.core.publisher.FluxOnAssembly$OnAssemblyException: 
Error has been observed at the following site(s):
	|_ checkpoint ⇢ Request to GET health [DefaultWebClient]
Stack trace:
		at reactor.core.publisher.FluxTimeout$TimeoutMainSubscriber.handleTimeout(FluxTimeout.java:288)
		at reactor.core.publisher.FluxTimeout$TimeoutMainSubscriber.doTimeout(FluxTimeout.java:273)
		at reactor.core.publisher.FluxTimeout$TimeoutTimeoutSubscriber.onNext(FluxTimeout.java:395)
		at reactor.core.publisher.StrictSubscriber.onNext(StrictSubscriber.java:89)
		at reactor.core.publisher.FluxOnErrorResume$ResumeSubscriber.onNext(FluxOnErrorResume.java:73)
		at reactor.core.publisher.MonoDelay$MonoDelayRunnable.run(MonoDelay.java:117)
		at reactor.core.scheduler.SchedulerTask.call(SchedulerTask.java:68)
		at reactor.core.scheduler.SchedulerTask.call(SchedulerTask.java:28)
		at java.base/java.util.concurrent.FutureTask.run(FutureTask.java:264)
		at java.base/java.util.concurrent.ScheduledThreadPoolExecutor$ScheduledFutureTask.run(ScheduledThreadPoolExecutor.java:304)
		at java.base/java.util.concurrent.ThreadPoolExecutor.runWorker(ThreadPoolExecutor.java:1128)
		at java.base/java.util.concurrent.ThreadPoolExecutor$Worker.run(ThreadPoolExecutor.java:628)
		at java.base/java.lang.Thread.run(Thread.java:834)
2021-08-27 18:10:04 INFO  reactor-http-nio-6 de.codecentric.boot.admin.server.services.StatusUpdater Couldn't retrieve status for Instance(id=e0b5ff47633b, version=4, registration=Registration(name=nstr-system, managementUrl=http://S6P36ZS239I4HZ0:1701/actuator, healthUrl=http://S6P36ZS239I4HZ0:1701/actuator/health, serviceUrl=http://S6P36ZS239I4HZ0:1701/, source=http-api), registered=true, statusInfo=StatusInfo(status=UP, details={hystrix={status=UP}, diskSpace={status=UP, details={total=304943722496, free=91658993664, threshold=10485760, exists=true}}, ping={status=UP}, discoveryComposite={status=UP, details={discoveryClient={status=UP, details={services=[nstr-test, nstr-system, nstr-gateway, nstr-auth]}}}}, refreshScope={status=UP}, nacosDiscovery={status=UP}, db={status=UP, details={database=MySQL, validationQuery=isValid()}}}), statusTimestamp=2021-08-27T10:07:58.910841600Z, info=Info(values={}), endpoints=Endpoints(endpoints={caches=Endpoint(id=caches, url=http://S6P36ZS239I4HZ0:1701/actuator/caches), loggers=Endpoint(id=loggers, url=http://S6P36ZS239I4HZ0:1701/actuator/loggers), health=Endpoint(id=health, url=http://S6P36ZS239I4HZ0:1701/actuator/health), refresh=Endpoint(id=refresh, url=http://S6P36ZS239I4HZ0:1701/actuator/refresh), env=Endpoint(id=env, url=http://S6P36ZS239I4HZ0:1701/actuator/env), nacosdiscovery=Endpoint(id=nacosdiscovery, url=http://S6P36ZS239I4HZ0:1701/actuator/nacosdiscovery), heapdump=Endpoint(id=heapdump, url=http://S6P36ZS239I4HZ0:1701/actuator/heapdump), features=Endpoint(id=features, url=http://S6P36ZS239I4HZ0:1701/actuator/features), scheduledtasks=Endpoint(id=scheduledtasks, url=http://S6P36ZS239I4HZ0:1701/actuator/scheduledtasks), mappings=Endpoint(id=mappings, url=http://S6P36ZS239I4HZ0:1701/actuator/mappings), archaius=Endpoint(id=archaius, url=http://S6P36ZS239I4HZ0:1701/actuator/archaius), beans=Endpoint(id=beans, url=http://S6P36ZS239I4HZ0:1701/actuator/beans), configprops=Endpoint(id=configprops, url=http://S6P36ZS239I4HZ0:1701/actuator/configprops), threaddump=Endpoint(id=threaddump, url=http://S6P36ZS239I4HZ0:1701/actuator/threaddump), prometheus=Endpoint(id=prometheus, url=http://S6P36ZS239I4HZ0:1701/actuator/prometheus), metrics=Endpoint(id=metrics, url=http://S6P36ZS239I4HZ0:1701/actuator/metrics), conditions=Endpoint(id=conditions, url=http://S6P36ZS239I4HZ0:1701/actuator/conditions), service-registry=Endpoint(id=service-registry, url=http://S6P36ZS239I4HZ0:1701/actuator/service-registry), info=Endpoint(id=info, url=http://S6P36ZS239I4HZ0:1701/actuator/info)}), buildVersion=null, tags=Tags(values={}))
io.netty.channel.AbstractChannel$AnnotatedConnectException: Connection refused: no further information: S6P36ZS239I4HZ0/192.168.1.216:1701
	Suppressed: reactor.core.publisher.FluxOnAssembly$OnAssemblyException: 
Error has been observed at the following site(s):
	|_ checkpoint ⇢ Request to GET health [DefaultWebClient]
Stack trace:
Caused by: java.net.ConnectException: Connection refused: no further information
	at java.base/sun.nio.ch.SocketChannelImpl.checkConnect(Native Method)
	at java.base/sun.nio.ch.SocketChannelImpl.finishConnect(SocketChannelImpl.java:779)
	at io.netty.channel.socket.nio.NioSocketChannel.doFinishConnect(NioSocketChannel.java:330)
	at io.netty.channel.nio.AbstractNioChannel$AbstractNioUnsafe.finishConnect(AbstractNioChannel.java:334)
	at io.netty.channel.nio.NioEventLoop.processSelectedKey(NioEventLoop.java:707)
	at io.netty.channel.nio.NioEventLoop.processSelectedKeysOptimized(NioEventLoop.java:655)
	at io.netty.channel.nio.NioEventLoop.processSelectedKeys(NioEventLoop.java:581)
	at io.netty.channel.nio.NioEventLoop.run(NioEventLoop.java:493)
	at io.netty.util.concurrent.SingleThreadEventExecutor$4.run(SingleThreadEventExecutor.java:989)
	at io.netty.util.internal.ThreadExecutorMap$2.run(ThreadExecutorMap.java:74)
	at io.netty.util.concurrent.FastThreadLocalRunnable.run(FastThreadLocalRunnable.java:30)
	at java.base/java.lang.Thread.run(Thread.java:834)
2021-08-27 18:15:52 INFO  parallel-5 de.codecentric.boot.admin.server.services.StatusUpdater Couldn't retrieve status for Instance(id=e0b5ff47633b, version=8, registration=Registration(name=nstr-system, managementUrl=http://S6P36ZS239I4HZ0:1701/actuator, healthUrl=http://S6P36ZS239I4HZ0:1701/actuator/health, serviceUrl=http://S6P36ZS239I4HZ0:1701/, source=http-api), registered=true, statusInfo=StatusInfo(status=UP, details={hystrix={status=UP}, diskSpace={status=UP, details={total=304943722496, free=91658481664, threshold=10485760, exists=true}}, ping={status=UP}, discoveryComposite={status=UP, details={discoveryClient={status=UP, details={services=[nstr-test, nstr-system, nstr-gateway, nstr-auth]}}}}, refreshScope={status=UP}, nacosDiscovery={status=UP}, db={status=UP, details={database=MySQL, validationQuery=isValid()}}}), statusTimestamp=2021-08-27T10:14:06.898407900Z, info=Info(values={app={name=nstr-system, description=@project.description@, version=@project.version@}}), endpoints=Endpoints(endpoints={caches=Endpoint(id=caches, url=http://S6P36ZS239I4HZ0:1701/actuator/caches), loggers=Endpoint(id=loggers, url=http://S6P36ZS239I4HZ0:1701/actuator/loggers), health=Endpoint(id=health, url=http://S6P36ZS239I4HZ0:1701/actuator/health), refresh=Endpoint(id=refresh, url=http://S6P36ZS239I4HZ0:1701/actuator/refresh), env=Endpoint(id=env, url=http://S6P36ZS239I4HZ0:1701/actuator/env), nacosdiscovery=Endpoint(id=nacosdiscovery, url=http://S6P36ZS239I4HZ0:1701/actuator/nacosdiscovery), heapdump=Endpoint(id=heapdump, url=http://S6P36ZS239I4HZ0:1701/actuator/heapdump), features=Endpoint(id=features, url=http://S6P36ZS239I4HZ0:1701/actuator/features), scheduledtasks=Endpoint(id=scheduledtasks, url=http://S6P36ZS239I4HZ0:1701/actuator/scheduledtasks), mappings=Endpoint(id=mappings, url=http://S6P36ZS239I4HZ0:1701/actuator/mappings), archaius=Endpoint(id=archaius, url=http://S6P36ZS239I4HZ0:1701/actuator/archaius), beans=Endpoint(id=beans, url=http://S6P36ZS239I4HZ0:1701/actuator/beans), configprops=Endpoint(id=configprops, url=http://S6P36ZS239I4HZ0:1701/actuator/configprops), threaddump=Endpoint(id=threaddump, url=http://S6P36ZS239I4HZ0:1701/actuator/threaddump), prometheus=Endpoint(id=prometheus, url=http://S6P36ZS239I4HZ0:1701/actuator/prometheus), metrics=Endpoint(id=metrics, url=http://S6P36ZS239I4HZ0:1701/actuator/metrics), conditions=Endpoint(id=conditions, url=http://S6P36ZS239I4HZ0:1701/actuator/conditions), service-registry=Endpoint(id=service-registry, url=http://S6P36ZS239I4HZ0:1701/actuator/service-registry), info=Endpoint(id=info, url=http://S6P36ZS239I4HZ0:1701/actuator/info)}), buildVersion=null, tags=Tags(values={}))
java.util.concurrent.TimeoutException: Did not observe any item or terminal signal within 10000ms in 'doFinally' (and no fallback has been configured)
	at reactor.core.publisher.FluxTimeout$TimeoutMainSubscriber.handleTimeout(FluxTimeout.java:288)
	Suppressed: reactor.core.publisher.FluxOnAssembly$OnAssemblyException: 
Error has been observed at the following site(s):
	|_ checkpoint ⇢ Request to GET health [DefaultWebClient]
Stack trace:
		at reactor.core.publisher.FluxTimeout$TimeoutMainSubscriber.handleTimeout(FluxTimeout.java:288)
		at reactor.core.publisher.FluxTimeout$TimeoutMainSubscriber.doTimeout(FluxTimeout.java:273)
		at reactor.core.publisher.FluxTimeout$TimeoutTimeoutSubscriber.onNext(FluxTimeout.java:395)
		at reactor.core.publisher.StrictSubscriber.onNext(StrictSubscriber.java:89)
		at reactor.core.publisher.FluxOnErrorResume$ResumeSubscriber.onNext(FluxOnErrorResume.java:73)
		at reactor.core.publisher.MonoDelay$MonoDelayRunnable.run(MonoDelay.java:117)
		at reactor.core.scheduler.SchedulerTask.call(SchedulerTask.java:68)
		at reactor.core.scheduler.SchedulerTask.call(SchedulerTask.java:28)
		at java.base/java.util.concurrent.FutureTask.run(FutureTask.java:264)
		at java.base/java.util.concurrent.ScheduledThreadPoolExecutor$ScheduledFutureTask.run(ScheduledThreadPoolExecutor.java:304)
		at java.base/java.util.concurrent.ThreadPoolExecutor.runWorker(ThreadPoolExecutor.java:1128)
		at java.base/java.util.concurrent.ThreadPoolExecutor$Worker.run(ThreadPoolExecutor.java:628)
		at java.base/java.lang.Thread.run(Thread.java:834)
2021-08-27 18:17:02 INFO  parallel-6 de.codecentric.boot.admin.server.services.StatusUpdater Couldn't retrieve status for Instance(id=e0b5ff47633b, version=10, registration=Registration(name=nstr-system, managementUrl=http://S6P36ZS239I4HZ0:1701/actuator, healthUrl=http://S6P36ZS239I4HZ0:1701/actuator/health, serviceUrl=http://S6P36ZS239I4HZ0:1701/, source=http-api), registered=true, statusInfo=StatusInfo(status=UP, details={hystrix={status=UP}, diskSpace={status=UP, details={total=304943722496, free=91658104832, threshold=10485760, exists=true}}, ping={status=UP}, discoveryComposite={status=UP, details={discoveryClient={status=UP, details={services=[nstr-test, nstr-system, nstr-gateway, nstr-auth]}}}}, refreshScope={status=UP}, nacosDiscovery={status=UP}, db={status=UP, details={database=MySQL, validationQuery=isValid()}}}), statusTimestamp=2021-08-27T10:16:37.637407300Z, info=Info(values={app={name=nstr-system, description=@project.description@, version=@project.version@}}), endpoints=Endpoints(endpoints={caches=Endpoint(id=caches, url=http://S6P36ZS239I4HZ0:1701/actuator/caches), loggers=Endpoint(id=loggers, url=http://S6P36ZS239I4HZ0:1701/actuator/loggers), health=Endpoint(id=health, url=http://S6P36ZS239I4HZ0:1701/actuator/health), refresh=Endpoint(id=refresh, url=http://S6P36ZS239I4HZ0:1701/actuator/refresh), env=Endpoint(id=env, url=http://S6P36ZS239I4HZ0:1701/actuator/env), nacosdiscovery=Endpoint(id=nacosdiscovery, url=http://S6P36ZS239I4HZ0:1701/actuator/nacosdiscovery), heapdump=Endpoint(id=heapdump, url=http://S6P36ZS239I4HZ0:1701/actuator/heapdump), features=Endpoint(id=features, url=http://S6P36ZS239I4HZ0:1701/actuator/features), scheduledtasks=Endpoint(id=scheduledtasks, url=http://S6P36ZS239I4HZ0:1701/actuator/scheduledtasks), mappings=Endpoint(id=mappings, url=http://S6P36ZS239I4HZ0:1701/actuator/mappings), archaius=Endpoint(id=archaius, url=http://S6P36ZS239I4HZ0:1701/actuator/archaius), beans=Endpoint(id=beans, url=http://S6P36ZS239I4HZ0:1701/actuator/beans), configprops=Endpoint(id=configprops, url=http://S6P36ZS239I4HZ0:1701/actuator/configprops), threaddump=Endpoint(id=threaddump, url=http://S6P36ZS239I4HZ0:1701/actuator/threaddump), prometheus=Endpoint(id=prometheus, url=http://S6P36ZS239I4HZ0:1701/actuator/prometheus), metrics=Endpoint(id=metrics, url=http://S6P36ZS239I4HZ0:1701/actuator/metrics), conditions=Endpoint(id=conditions, url=http://S6P36ZS239I4HZ0:1701/actuator/conditions), service-registry=Endpoint(id=service-registry, url=http://S6P36ZS239I4HZ0:1701/actuator/service-registry), info=Endpoint(id=info, url=http://S6P36ZS239I4HZ0:1701/actuator/info)}), buildVersion=null, tags=Tags(values={}))
java.util.concurrent.TimeoutException: Did not observe any item or terminal signal within 10000ms in 'doFinally' (and no fallback has been configured)
	at reactor.core.publisher.FluxTimeout$TimeoutMainSubscriber.handleTimeout(FluxTimeout.java:288)
	Suppressed: reactor.core.publisher.FluxOnAssembly$OnAssemblyException: 
Error has been observed at the following site(s):
	|_ checkpoint ⇢ Request to GET health [DefaultWebClient]
Stack trace:
		at reactor.core.publisher.FluxTimeout$TimeoutMainSubscriber.handleTimeout(FluxTimeout.java:288)
		at reactor.core.publisher.FluxTimeout$TimeoutMainSubscriber.doTimeout(FluxTimeout.java:273)
		at reactor.core.publisher.FluxTimeout$TimeoutTimeoutSubscriber.onNext(FluxTimeout.java:395)
		at reactor.core.publisher.StrictSubscriber.onNext(StrictSubscriber.java:89)
		at reactor.core.publisher.FluxOnErrorResume$ResumeSubscriber.onNext(FluxOnErrorResume.java:73)
		at reactor.core.publisher.MonoDelay$MonoDelayRunnable.run(MonoDelay.java:117)
		at reactor.core.scheduler.SchedulerTask.call(SchedulerTask.java:68)
		at reactor.core.scheduler.SchedulerTask.call(SchedulerTask.java:28)
		at java.base/java.util.concurrent.FutureTask.run(FutureTask.java:264)
		at java.base/java.util.concurrent.ScheduledThreadPoolExecutor$ScheduledFutureTask.run(ScheduledThreadPoolExecutor.java:304)
		at java.base/java.util.concurrent.ThreadPoolExecutor.runWorker(ThreadPoolExecutor.java:1128)
		at java.base/java.util.concurrent.ThreadPoolExecutor$Worker.run(ThreadPoolExecutor.java:628)
		at java.base/java.lang.Thread.run(Thread.java:834)
2021-08-27 18:21:54 INFO  reactor-http-nio-7 de.codecentric.boot.admin.server.services.StatusUpdater Couldn't retrieve status for Instance(id=e0b5ff47633b, version=12, registration=Registration(name=nstr-system, managementUrl=http://S6P36ZS239I4HZ0:1701/actuator, healthUrl=http://S6P36ZS239I4HZ0:1701/actuator/health, serviceUrl=http://S6P36ZS239I4HZ0:1701/, source=http-api), registered=true, statusInfo=StatusInfo(status=UP, details={hystrix={status=UP}, diskSpace={status=UP, details={total=304943722496, free=91657965568, threshold=10485760, exists=true}}, ping={status=UP}, discoveryComposite={status=UP, details={discoveryClient={status=UP, details={services=[nstr-test, nstr-system, nstr-gateway, nstr-auth]}}}}, refreshScope={status=UP}, nacosDiscovery={status=UP}, db={status=UP, details={database=MySQL, validationQuery=isValid()}}}), statusTimestamp=2021-08-27T10:17:32.061851100Z, info=Info(values={app={name=nstr-system, description=@project.description@, version=@project.version@}}), endpoints=Endpoints(endpoints={caches=Endpoint(id=caches, url=http://S6P36ZS239I4HZ0:1701/actuator/caches), loggers=Endpoint(id=loggers, url=http://S6P36ZS239I4HZ0:1701/actuator/loggers), health=Endpoint(id=health, url=http://S6P36ZS239I4HZ0:1701/actuator/health), refresh=Endpoint(id=refresh, url=http://S6P36ZS239I4HZ0:1701/actuator/refresh), env=Endpoint(id=env, url=http://S6P36ZS239I4HZ0:1701/actuator/env), nacosdiscovery=Endpoint(id=nacosdiscovery, url=http://S6P36ZS239I4HZ0:1701/actuator/nacosdiscovery), heapdump=Endpoint(id=heapdump, url=http://S6P36ZS239I4HZ0:1701/actuator/heapdump), features=Endpoint(id=features, url=http://S6P36ZS239I4HZ0:1701/actuator/features), scheduledtasks=Endpoint(id=scheduledtasks, url=http://S6P36ZS239I4HZ0:1701/actuator/scheduledtasks), mappings=Endpoint(id=mappings, url=http://S6P36ZS239I4HZ0:1701/actuator/mappings), archaius=Endpoint(id=archaius, url=http://S6P36ZS239I4HZ0:1701/actuator/archaius), beans=Endpoint(id=beans, url=http://S6P36ZS239I4HZ0:1701/actuator/beans), configprops=Endpoint(id=configprops, url=http://S6P36ZS239I4HZ0:1701/actuator/configprops), threaddump=Endpoint(id=threaddump, url=http://S6P36ZS239I4HZ0:1701/actuator/threaddump), prometheus=Endpoint(id=prometheus, url=http://S6P36ZS239I4HZ0:1701/actuator/prometheus), metrics=Endpoint(id=metrics, url=http://S6P36ZS239I4HZ0:1701/actuator/metrics), conditions=Endpoint(id=conditions, url=http://S6P36ZS239I4HZ0:1701/actuator/conditions), service-registry=Endpoint(id=service-registry, url=http://S6P36ZS239I4HZ0:1701/actuator/service-registry), info=Endpoint(id=info, url=http://S6P36ZS239I4HZ0:1701/actuator/info)}), buildVersion=null, tags=Tags(values={}))
io.netty.channel.AbstractChannel$AnnotatedConnectException: Connection refused: no further information: S6P36ZS239I4HZ0/192.168.1.216:1701
	Suppressed: reactor.core.publisher.FluxOnAssembly$OnAssemblyException: 
Error has been observed at the following site(s):
	|_ checkpoint ⇢ Request to GET health [DefaultWebClient]
Stack trace:
Caused by: java.net.ConnectException: Connection refused: no further information
	at java.base/sun.nio.ch.SocketChannelImpl.checkConnect(Native Method)
	at java.base/sun.nio.ch.SocketChannelImpl.finishConnect(SocketChannelImpl.java:779)
	at io.netty.channel.socket.nio.NioSocketChannel.doFinishConnect(NioSocketChannel.java:330)
	at io.netty.channel.nio.AbstractNioChannel$AbstractNioUnsafe.finishConnect(AbstractNioChannel.java:334)
	at io.netty.channel.nio.NioEventLoop.processSelectedKey(NioEventLoop.java:707)
	at io.netty.channel.nio.NioEventLoop.processSelectedKeysOptimized(NioEventLoop.java:655)
	at io.netty.channel.nio.NioEventLoop.processSelectedKeys(NioEventLoop.java:581)
	at io.netty.channel.nio.NioEventLoop.run(NioEventLoop.java:493)
	at io.netty.util.concurrent.SingleThreadEventExecutor$4.run(SingleThreadEventExecutor.java:989)
	at io.netty.util.internal.ThreadExecutorMap$2.run(ThreadExecutorMap.java:74)
	at io.netty.util.concurrent.FastThreadLocalRunnable.run(FastThreadLocalRunnable.java:30)
	at java.base/java.lang.Thread.run(Thread.java:834)
2021-08-27 18:24:12 INFO  parallel-5 de.codecentric.boot.admin.server.services.StatusUpdater Couldn't retrieve status for Instance(id=e0b5ff47633b, version=15, registration=Registration(name=nstr-system, managementUrl=http://S6P36ZS239I4HZ0:1701/actuator, healthUrl=http://S6P36ZS239I4HZ0:1701/actuator/health, serviceUrl=http://S6P36ZS239I4HZ0:1701/, source=http-api), registered=true, statusInfo=StatusInfo(status=UP, details={hystrix={status=UP}, diskSpace={status=UP, details={total=304943722496, free=91657928704, threshold=10485760, exists=true}}, ping={status=UP}, discoveryComposite={status=UP, details={discoveryClient={status=UP, details={services=[nstr-test, nstr-system, nstr-gateway, nstr-auth]}}}}, refreshScope={status=UP}, nacosDiscovery={status=UP}, db={status=UP, details={database=MySQL, validationQuery=isValid()}}}), statusTimestamp=2021-08-27T10:22:10.911823800Z, info=Info(values={app={name=nstr-system, description=@project.description@, version=@project.version@}}), endpoints=Endpoints(endpoints={caches=Endpoint(id=caches, url=http://S6P36ZS239I4HZ0:1701/actuator/caches), loggers=Endpoint(id=loggers, url=http://S6P36ZS239I4HZ0:1701/actuator/loggers), health=Endpoint(id=health, url=http://S6P36ZS239I4HZ0:1701/actuator/health), refresh=Endpoint(id=refresh, url=http://S6P36ZS239I4HZ0:1701/actuator/refresh), env=Endpoint(id=env, url=http://S6P36ZS239I4HZ0:1701/actuator/env), nacosdiscovery=Endpoint(id=nacosdiscovery, url=http://S6P36ZS239I4HZ0:1701/actuator/nacosdiscovery), heapdump=Endpoint(id=heapdump, url=http://S6P36ZS239I4HZ0:1701/actuator/heapdump), features=Endpoint(id=features, url=http://S6P36ZS239I4HZ0:1701/actuator/features), scheduledtasks=Endpoint(id=scheduledtasks, url=http://S6P36ZS239I4HZ0:1701/actuator/scheduledtasks), mappings=Endpoint(id=mappings, url=http://S6P36ZS239I4HZ0:1701/actuator/mappings), archaius=Endpoint(id=archaius, url=http://S6P36ZS239I4HZ0:1701/actuator/archaius), beans=Endpoint(id=beans, url=http://S6P36ZS239I4HZ0:1701/actuator/beans), configprops=Endpoint(id=configprops, url=http://S6P36ZS239I4HZ0:1701/actuator/configprops), threaddump=Endpoint(id=threaddump, url=http://S6P36ZS239I4HZ0:1701/actuator/threaddump), prometheus=Endpoint(id=prometheus, url=http://S6P36ZS239I4HZ0:1701/actuator/prometheus), metrics=Endpoint(id=metrics, url=http://S6P36ZS239I4HZ0:1701/actuator/metrics), conditions=Endpoint(id=conditions, url=http://S6P36ZS239I4HZ0:1701/actuator/conditions), service-registry=Endpoint(id=service-registry, url=http://S6P36ZS239I4HZ0:1701/actuator/service-registry), info=Endpoint(id=info, url=http://S6P36ZS239I4HZ0:1701/actuator/info)}), buildVersion=null, tags=Tags(values={}))
java.util.concurrent.TimeoutException: Did not observe any item or terminal signal within 10000ms in 'doFinally' (and no fallback has been configured)
	at reactor.core.publisher.FluxTimeout$TimeoutMainSubscriber.handleTimeout(FluxTimeout.java:288)
	Suppressed: reactor.core.publisher.FluxOnAssembly$OnAssemblyException: 
Error has been observed at the following site(s):
	|_ checkpoint ⇢ Request to GET health [DefaultWebClient]
Stack trace:
		at reactor.core.publisher.FluxTimeout$TimeoutMainSubscriber.handleTimeout(FluxTimeout.java:288)
		at reactor.core.publisher.FluxTimeout$TimeoutMainSubscriber.doTimeout(FluxTimeout.java:273)
		at reactor.core.publisher.FluxTimeout$TimeoutTimeoutSubscriber.onNext(FluxTimeout.java:395)
		at reactor.core.publisher.StrictSubscriber.onNext(StrictSubscriber.java:89)
		at reactor.core.publisher.FluxOnErrorResume$ResumeSubscriber.onNext(FluxOnErrorResume.java:73)
		at reactor.core.publisher.MonoDelay$MonoDelayRunnable.run(MonoDelay.java:117)
		at reactor.core.scheduler.SchedulerTask.call(SchedulerTask.java:68)
		at reactor.core.scheduler.SchedulerTask.call(SchedulerTask.java:28)
		at java.base/java.util.concurrent.FutureTask.run(FutureTask.java:264)
		at java.base/java.util.concurrent.ScheduledThreadPoolExecutor$ScheduledFutureTask.run(ScheduledThreadPoolExecutor.java:304)
		at java.base/java.util.concurrent.ThreadPoolExecutor.runWorker(ThreadPoolExecutor.java:1128)
		at java.base/java.util.concurrent.ThreadPoolExecutor$Worker.run(ThreadPoolExecutor.java:628)
		at java.base/java.lang.Thread.run(Thread.java:834)
