2021-08-18 11:13:43 INFO  reactor-http-nio-4 de.codecentric.boot.admin.server.services.StatusUpdater Couldn't retrieve status for Instance(id=047dd8f250c1, version=3, registration=Registration(name=nstr-gateway, managementUrl=http://S6P36ZS239I4HZ0:88/actuator, healthUrl=http://S6P36ZS239I4HZ0:88/actuator/health, serviceUrl=http://S6P36ZS239I4HZ0:88/, source=http-api), registered=true, statusInfo=StatusInfo(status=UP, details={reactiveDiscoveryClients={status=UP, details={Simple Reactive Discovery Client={status=UP, details={services=[]}}}}, hystrix={status=UP}, diskSpace={status=UP, details={total=304943722496, free=90182463488, threshold=10485760, exists=true}}, ping={status=UP}, discoveryComposite={status=UP, details={discoveryClient={status=UP, details={services=[nstr-gateway, nstr-auth]}}}}, refreshScope={status=UP}, nacosDiscovery={status=UP}}), statusTimestamp=2021-08-17T09:12:04.634727300Z, info=Info(values={app={name=nstr-gateway, description=仙人球网关配置项目, version=2.2-RELEASE}}), endpoints=Endpoints(endpoints={caches=Endpoint(id=caches, url=http://S6P36ZS239I4HZ0:88/actuator/caches), loggers=Endpoint(id=loggers, url=http://S6P36ZS239I4HZ0:88/actuator/loggers), health=Endpoint(id=health, url=http://S6P36ZS239I4HZ0:88/actuator/health), refresh=Endpoint(id=refresh, url=http://S6P36ZS239I4HZ0:88/actuator/refresh), env=Endpoint(id=env, url=http://S6P36ZS239I4HZ0:88/actuator/env), nacosdiscovery=Endpoint(id=nacosdiscovery, url=http://S6P36ZS239I4HZ0:88/actuator/nacosdiscovery), heapdump=Endpoint(id=heapdump, url=http://S6P36ZS239I4HZ0:88/actuator/heapdump), features=Endpoint(id=features, url=http://S6P36ZS239I4HZ0:88/actuator/features), scheduledtasks=Endpoint(id=scheduledtasks, url=http://S6P36ZS239I4HZ0:88/actuator/scheduledtasks), mappings=Endpoint(id=mappings, url=http://S6P36ZS239I4HZ0:88/actuator/mappings), archaius=Endpoint(id=archaius, url=http://S6P36ZS239I4HZ0:88/actuator/archaius), beans=Endpoint(id=beans, url=http://S6P36ZS239I4HZ0:88/actuator/beans), configprops=Endpoint(id=configprops, url=http://S6P36ZS239I4HZ0:88/actuator/configprops), threaddump=Endpoint(id=threaddump, url=http://S6P36ZS239I4HZ0:88/actuator/threaddump), metrics=Endpoint(id=metrics, url=http://S6P36ZS239I4HZ0:88/actuator/metrics), conditions=Endpoint(id=conditions, url=http://S6P36ZS239I4HZ0:88/actuator/conditions), service-registry=Endpoint(id=service-registry, url=http://S6P36ZS239I4HZ0:88/actuator/service-registry), gateway=Endpoint(id=gateway, url=http://S6P36ZS239I4HZ0:88/actuator/gateway), info=Endpoint(id=info, url=http://S6P36ZS239I4HZ0:88/actuator/info)}), buildVersion=null, tags=Tags(values={}))
io.netty.channel.AbstractChannel$AnnotatedConnectException: Connection refused: no further information: S6P36ZS239I4HZ0/192.168.1.216:88
	Suppressed: reactor.core.publisher.FluxOnAssembly$OnAssemblyException: 
Error has been observed at the following site(s):
	|_ checkpoint ⇢ Request to GET health [DefaultWebClient]
Stack trace:
Caused by: java.net.ConnectException: Connection refused: no further information
	at java.base/sun.nio.ch.SocketChannelImpl.checkConnect(Native Method)
	at java.base/sun.nio.ch.SocketChannelImpl.finishConnect(SocketChannelImpl.java:779)
	at io.netty.channel.socket.nio.NioSocketChannel.doFinishConnect(NioSocketChannel.java:330)
	at io.netty.channel.nio.AbstractNioChannel$AbstractNioUnsafe.finishConnect(AbstractNioChannel.java:334)
	at io.netty.channel.nio.NioEventLoop.processSelectedKey(NioEventLoop.java:707)
	at io.netty.channel.nio.NioEventLoop.processSelectedKeysOptimized(NioEventLoop.java:655)
	at io.netty.channel.nio.NioEventLoop.processSelectedKeys(NioEventLoop.java:581)
	at io.netty.channel.nio.NioEventLoop.run(NioEventLoop.java:493)
	at io.netty.util.concurrent.SingleThreadEventExecutor$4.run(SingleThreadEventExecutor.java:989)
	at io.netty.util.internal.ThreadExecutorMap$2.run(ThreadExecutorMap.java:74)
	at io.netty.util.concurrent.FastThreadLocalRunnable.run(FastThreadLocalRunnable.java:30)
	at java.base/java.lang.Thread.run(Thread.java:834)
2021-08-18 11:24:52 INFO  reactor-http-nio-1 de.codecentric.boot.admin.server.services.StatusUpdater Couldn't retrieve status for Instance(id=e0b5ff47633b, version=3, registration=Registration(name=nstr-system, managementUrl=http://S6P36ZS239I4HZ0:1701/actuator, healthUrl=http://S6P36ZS239I4HZ0:1701/actuator/health, serviceUrl=http://S6P36ZS239I4HZ0:1701/, source=http-api), registered=true, statusInfo=StatusInfo(status=UP, details={hystrix={status=UP}, diskSpace={status=UP, details={total=304943722496, free=90182447104, threshold=10485760, exists=true}}, ping={status=UP}, discoveryComposite={status=UP, details={discoveryClient={status=UP, details={services=[nstr-test, nstr-system, nstr-gateway, nstr-auth]}}}}, refreshScope={status=UP}, nacosDiscovery={status=UP}, db={status=UP, details={database=MySQL, validationQuery=isValid()}}}), statusTimestamp=2021-08-17T09:12:13.009147400Z, info=Info(values={app={name=nstr-system, description=仙人球微服务-基础权限系统, version=2.2-RELEASE}}), endpoints=Endpoints(endpoints={caches=Endpoint(id=caches, url=http://S6P36ZS239I4HZ0:1701/actuator/caches), loggers=Endpoint(id=loggers, url=http://S6P36ZS239I4HZ0:1701/actuator/loggers), health=Endpoint(id=health, url=http://S6P36ZS239I4HZ0:1701/actuator/health), refresh=Endpoint(id=refresh, url=http://S6P36ZS239I4HZ0:1701/actuator/refresh), env=Endpoint(id=env, url=http://S6P36ZS239I4HZ0:1701/actuator/env), nacosdiscovery=Endpoint(id=nacosdiscovery, url=http://S6P36ZS239I4HZ0:1701/actuator/nacosdiscovery), heapdump=Endpoint(id=heapdump, url=http://S6P36ZS239I4HZ0:1701/actuator/heapdump), features=Endpoint(id=features, url=http://S6P36ZS239I4HZ0:1701/actuator/features), scheduledtasks=Endpoint(id=scheduledtasks, url=http://S6P36ZS239I4HZ0:1701/actuator/scheduledtasks), mappings=Endpoint(id=mappings, url=http://S6P36ZS239I4HZ0:1701/actuator/mappings), archaius=Endpoint(id=archaius, url=http://S6P36ZS239I4HZ0:1701/actuator/archaius), beans=Endpoint(id=beans, url=http://S6P36ZS239I4HZ0:1701/actuator/beans), configprops=Endpoint(id=configprops, url=http://S6P36ZS239I4HZ0:1701/actuator/configprops), threaddump=Endpoint(id=threaddump, url=http://S6P36ZS239I4HZ0:1701/actuator/threaddump), metrics=Endpoint(id=metrics, url=http://S6P36ZS239I4HZ0:1701/actuator/metrics), conditions=Endpoint(id=conditions, url=http://S6P36ZS239I4HZ0:1701/actuator/conditions), service-registry=Endpoint(id=service-registry, url=http://S6P36ZS239I4HZ0:1701/actuator/service-registry), info=Endpoint(id=info, url=http://S6P36ZS239I4HZ0:1701/actuator/info)}), buildVersion=null, tags=Tags(values={}))
io.netty.channel.AbstractChannel$AnnotatedConnectException: Connection refused: no further information: S6P36ZS239I4HZ0/192.168.1.216:1701
	Suppressed: reactor.core.publisher.FluxOnAssembly$OnAssemblyException: 
Error has been observed at the following site(s):
	|_ checkpoint ⇢ Request to GET health [DefaultWebClient]
Stack trace:
Caused by: java.net.ConnectException: Connection refused: no further information
	at java.base/sun.nio.ch.SocketChannelImpl.checkConnect(Native Method)
	at java.base/sun.nio.ch.SocketChannelImpl.finishConnect(SocketChannelImpl.java:779)
	at io.netty.channel.socket.nio.NioSocketChannel.doFinishConnect(NioSocketChannel.java:330)
	at io.netty.channel.nio.AbstractNioChannel$AbstractNioUnsafe.finishConnect(AbstractNioChannel.java:334)
	at io.netty.channel.nio.NioEventLoop.processSelectedKey(NioEventLoop.java:707)
	at io.netty.channel.nio.NioEventLoop.processSelectedKeysOptimized(NioEventLoop.java:655)
	at io.netty.channel.nio.NioEventLoop.processSelectedKeys(NioEventLoop.java:581)
	at io.netty.channel.nio.NioEventLoop.run(NioEventLoop.java:493)
	at io.netty.util.concurrent.SingleThreadEventExecutor$4.run(SingleThreadEventExecutor.java:989)
	at io.netty.util.internal.ThreadExecutorMap$2.run(ThreadExecutorMap.java:74)
	at io.netty.util.concurrent.FastThreadLocalRunnable.run(FastThreadLocalRunnable.java:30)
	at java.base/java.lang.Thread.run(Thread.java:834)
2021-08-18 11:26:20 INFO  parallel-6 de.codecentric.boot.admin.server.services.StatusUpdater Couldn't retrieve status for Instance(id=118aee74b410, version=3, registration=Registration(name=nstr-auth, managementUrl=http://S6P36ZS239I4HZ0:1600/actuator, healthUrl=http://S6P36ZS239I4HZ0:1600/actuator/health, serviceUrl=http://S6P36ZS239I4HZ0:1600/, source=http-api), registered=true, statusInfo=StatusInfo(status=UP, details={hystrix={status=UP}, diskSpace={status=UP, details={total=304943722496, free=90182463488, threshold=10485760, exists=true}}, ping={status=UP}, discoveryComposite={status=UP, details={discoveryClient={status=UP, details={services=[nstr-gateway, nstr-auth]}}}}, refreshScope={status=UP}, nacosDiscovery={status=UP}, db={status=UP, details={database=MySQL, validationQuery=isValid()}}, redis={status=UP, details={version=6.2.4}}}), statusTimestamp=2021-08-17T09:12:04.735917Z, info=Info(values={app={name=nstr-auth, description=仙人球认证服务器, version=2.2-RELEASE}}), endpoints=Endpoints(endpoints={caches=Endpoint(id=caches, url=http://S6P36ZS239I4HZ0:1600/actuator/caches), loggers=Endpoint(id=loggers, url=http://S6P36ZS239I4HZ0:1600/actuator/loggers), health=Endpoint(id=health, url=http://S6P36ZS239I4HZ0:1600/actuator/health), refresh=Endpoint(id=refresh, url=http://S6P36ZS239I4HZ0:1600/actuator/refresh), env=Endpoint(id=env, url=http://S6P36ZS239I4HZ0:1600/actuator/env), nacosdiscovery=Endpoint(id=nacosdiscovery, url=http://S6P36ZS239I4HZ0:1600/actuator/nacosdiscovery), heapdump=Endpoint(id=heapdump, url=http://S6P36ZS239I4HZ0:1600/actuator/heapdump), features=Endpoint(id=features, url=http://S6P36ZS239I4HZ0:1600/actuator/features), scheduledtasks=Endpoint(id=scheduledtasks, url=http://S6P36ZS239I4HZ0:1600/actuator/scheduledtasks), mappings=Endpoint(id=mappings, url=http://S6P36ZS239I4HZ0:1600/actuator/mappings), archaius=Endpoint(id=archaius, url=http://S6P36ZS239I4HZ0:1600/actuator/archaius), beans=Endpoint(id=beans, url=http://S6P36ZS239I4HZ0:1600/actuator/beans), configprops=Endpoint(id=configprops, url=http://S6P36ZS239I4HZ0:1600/actuator/configprops), threaddump=Endpoint(id=threaddump, url=http://S6P36ZS239I4HZ0:1600/actuator/threaddump), metrics=Endpoint(id=metrics, url=http://S6P36ZS239I4HZ0:1600/actuator/metrics), conditions=Endpoint(id=conditions, url=http://S6P36ZS239I4HZ0:1600/actuator/conditions), service-registry=Endpoint(id=service-registry, url=http://S6P36ZS239I4HZ0:1600/actuator/service-registry), info=Endpoint(id=info, url=http://S6P36ZS239I4HZ0:1600/actuator/info)}), buildVersion=null, tags=Tags(values={}))
java.util.concurrent.TimeoutException: Did not observe any item or terminal signal within 10000ms in 'map' (and no fallback has been configured)
	at reactor.core.publisher.FluxTimeout$TimeoutMainSubscriber.handleTimeout(FluxTimeout.java:288)
	Suppressed: reactor.core.publisher.FluxOnAssembly$OnAssemblyException: 
Error has been observed at the following site(s):
	|_ checkpoint ⇢ Request to GET health [DefaultWebClient]
Stack trace:
		at reactor.core.publisher.FluxTimeout$TimeoutMainSubscriber.handleTimeout(FluxTimeout.java:288)
		at reactor.core.publisher.FluxTimeout$TimeoutMainSubscriber.doTimeout(FluxTimeout.java:273)
		at reactor.core.publisher.FluxTimeout$TimeoutTimeoutSubscriber.onNext(FluxTimeout.java:395)
		at reactor.core.publisher.StrictSubscriber.onNext(StrictSubscriber.java:89)
		at reactor.core.publisher.FluxOnErrorResume$ResumeSubscriber.onNext(FluxOnErrorResume.java:73)
		at reactor.core.publisher.MonoDelay$MonoDelayRunnable.run(MonoDelay.java:117)
		at reactor.core.scheduler.SchedulerTask.call(SchedulerTask.java:68)
		at reactor.core.scheduler.SchedulerTask.call(SchedulerTask.java:28)
		at java.base/java.util.concurrent.FutureTask.run$$$capture(FutureTask.java:264)
		at java.base/java.util.concurrent.FutureTask.run(FutureTask.java)
		at java.base/java.util.concurrent.ScheduledThreadPoolExecutor$ScheduledFutureTask.run(ScheduledThreadPoolExecutor.java:304)
		at java.base/java.util.concurrent.ThreadPoolExecutor.runWorker(ThreadPoolExecutor.java:1128)
		at java.base/java.util.concurrent.ThreadPoolExecutor$Worker.run(ThreadPoolExecutor.java:628)
		at java.base/java.lang.Thread.run(Thread.java:834)
2021-08-18 11:26:50 INFO  parallel-8 de.codecentric.boot.admin.server.services.StatusUpdater Couldn't retrieve status for Instance(id=118aee74b410, version=5, registration=Registration(name=nstr-auth, managementUrl=http://S6P36ZS239I4HZ0:1600/actuator, healthUrl=http://S6P36ZS239I4HZ0:1600/actuator/health, serviceUrl=http://S6P36ZS239I4HZ0:1600/, source=http-api), registered=true, statusInfo=StatusInfo(status=UP, details={hystrix={status=UP}, diskSpace={status=UP, details={total=304943722496, free=90182385664, threshold=10485760, exists=true}}, ping={status=UP}, discoveryComposite={status=UP, details={discoveryClient={status=UP, details={services=[nstr-test, nstr-system, nstr-gateway, nstr-auth]}}}}, refreshScope={status=UP}, nacosDiscovery={status=UP}, db={status=UP, details={database=MySQL, validationQuery=isValid()}}, redis={status=UP, details={version=6.2.4}}}), statusTimestamp=2021-08-18T03:26:21.976635600Z, info=Info(values={app={name=nstr-auth, description=仙人球认证服务器, version=2.2-RELEASE}}), endpoints=Endpoints(endpoints={caches=Endpoint(id=caches, url=http://S6P36ZS239I4HZ0:1600/actuator/caches), loggers=Endpoint(id=loggers, url=http://S6P36ZS239I4HZ0:1600/actuator/loggers), health=Endpoint(id=health, url=http://S6P36ZS239I4HZ0:1600/actuator/health), refresh=Endpoint(id=refresh, url=http://S6P36ZS239I4HZ0:1600/actuator/refresh), env=Endpoint(id=env, url=http://S6P36ZS239I4HZ0:1600/actuator/env), nacosdiscovery=Endpoint(id=nacosdiscovery, url=http://S6P36ZS239I4HZ0:1600/actuator/nacosdiscovery), heapdump=Endpoint(id=heapdump, url=http://S6P36ZS239I4HZ0:1600/actuator/heapdump), features=Endpoint(id=features, url=http://S6P36ZS239I4HZ0:1600/actuator/features), scheduledtasks=Endpoint(id=scheduledtasks, url=http://S6P36ZS239I4HZ0:1600/actuator/scheduledtasks), mappings=Endpoint(id=mappings, url=http://S6P36ZS239I4HZ0:1600/actuator/mappings), archaius=Endpoint(id=archaius, url=http://S6P36ZS239I4HZ0:1600/actuator/archaius), beans=Endpoint(id=beans, url=http://S6P36ZS239I4HZ0:1600/actuator/beans), configprops=Endpoint(id=configprops, url=http://S6P36ZS239I4HZ0:1600/actuator/configprops), threaddump=Endpoint(id=threaddump, url=http://S6P36ZS239I4HZ0:1600/actuator/threaddump), metrics=Endpoint(id=metrics, url=http://S6P36ZS239I4HZ0:1600/actuator/metrics), conditions=Endpoint(id=conditions, url=http://S6P36ZS239I4HZ0:1600/actuator/conditions), service-registry=Endpoint(id=service-registry, url=http://S6P36ZS239I4HZ0:1600/actuator/service-registry), info=Endpoint(id=info, url=http://S6P36ZS239I4HZ0:1600/actuator/info)}), buildVersion=null, tags=Tags(values={}))
java.util.concurrent.TimeoutException: Did not observe any item or terminal signal within 10000ms in 'map' (and no fallback has been configured)
	at reactor.core.publisher.FluxTimeout$TimeoutMainSubscriber.handleTimeout(FluxTimeout.java:288)
	Suppressed: reactor.core.publisher.FluxOnAssembly$OnAssemblyException: 
Error has been observed at the following site(s):
	|_ checkpoint ⇢ Request to GET health [DefaultWebClient]
Stack trace:
		at reactor.core.publisher.FluxTimeout$TimeoutMainSubscriber.handleTimeout(FluxTimeout.java:288)
		at reactor.core.publisher.FluxTimeout$TimeoutMainSubscriber.doTimeout(FluxTimeout.java:273)
		at reactor.core.publisher.FluxTimeout$TimeoutTimeoutSubscriber.onNext(FluxTimeout.java:395)
		at reactor.core.publisher.StrictSubscriber.onNext(StrictSubscriber.java:89)
		at reactor.core.publisher.FluxOnErrorResume$ResumeSubscriber.onNext(FluxOnErrorResume.java:73)
		at reactor.core.publisher.MonoDelay$MonoDelayRunnable.run(MonoDelay.java:117)
		at reactor.core.scheduler.SchedulerTask.call(SchedulerTask.java:68)
		at reactor.core.scheduler.SchedulerTask.call(SchedulerTask.java:28)
		at java.base/java.util.concurrent.FutureTask.run$$$capture(FutureTask.java:264)
		at java.base/java.util.concurrent.FutureTask.run(FutureTask.java)
		at java.base/java.util.concurrent.ScheduledThreadPoolExecutor$ScheduledFutureTask.run(ScheduledThreadPoolExecutor.java:304)
		at java.base/java.util.concurrent.ThreadPoolExecutor.runWorker(ThreadPoolExecutor.java:1128)
		at java.base/java.util.concurrent.ThreadPoolExecutor$Worker.run(ThreadPoolExecutor.java:628)
		at java.base/java.lang.Thread.run(Thread.java:834)
2021-08-18 11:26:50 INFO  parallel-2 de.codecentric.boot.admin.server.services.StatusUpdater Couldn't retrieve status for Instance(id=e0b5ff47633b, version=6, registration=Registration(name=nstr-system, managementUrl=http://S6P36ZS239I4HZ0:1701/actuator, healthUrl=http://S6P36ZS239I4HZ0:1701/actuator/health, serviceUrl=http://S6P36ZS239I4HZ0:1701/, source=http-api), registered=true, statusInfo=StatusInfo(status=UP, details={hystrix={status=UP}, diskSpace={status=UP, details={total=304943722496, free=90182385664, threshold=10485760, exists=true}}, ping={status=UP}, discoveryComposite={status=UP, details={discoveryClient={status=UP, details={services=[nstr-test, nstr-system, nstr-gateway, nstr-auth]}}}}, refreshScope={status=UP}, nacosDiscovery={status=UP}, db={status=UP, details={database=MySQL, validationQuery=isValid()}}}), statusTimestamp=2021-08-18T03:25:13.315237600Z, info=Info(values={app={name=nstr-system, description=仙人球微服务-基础权限系统, version=2.2-RELEASE}}), endpoints=Endpoints(endpoints={caches=Endpoint(id=caches, url=http://S6P36ZS239I4HZ0:1701/actuator/caches), loggers=Endpoint(id=loggers, url=http://S6P36ZS239I4HZ0:1701/actuator/loggers), health=Endpoint(id=health, url=http://S6P36ZS239I4HZ0:1701/actuator/health), refresh=Endpoint(id=refresh, url=http://S6P36ZS239I4HZ0:1701/actuator/refresh), env=Endpoint(id=env, url=http://S6P36ZS239I4HZ0:1701/actuator/env), nacosdiscovery=Endpoint(id=nacosdiscovery, url=http://S6P36ZS239I4HZ0:1701/actuator/nacosdiscovery), heapdump=Endpoint(id=heapdump, url=http://S6P36ZS239I4HZ0:1701/actuator/heapdump), features=Endpoint(id=features, url=http://S6P36ZS239I4HZ0:1701/actuator/features), scheduledtasks=Endpoint(id=scheduledtasks, url=http://S6P36ZS239I4HZ0:1701/actuator/scheduledtasks), mappings=Endpoint(id=mappings, url=http://S6P36ZS239I4HZ0:1701/actuator/mappings), archaius=Endpoint(id=archaius, url=http://S6P36ZS239I4HZ0:1701/actuator/archaius), beans=Endpoint(id=beans, url=http://S6P36ZS239I4HZ0:1701/actuator/beans), configprops=Endpoint(id=configprops, url=http://S6P36ZS239I4HZ0:1701/actuator/configprops), threaddump=Endpoint(id=threaddump, url=http://S6P36ZS239I4HZ0:1701/actuator/threaddump), metrics=Endpoint(id=metrics, url=http://S6P36ZS239I4HZ0:1701/actuator/metrics), conditions=Endpoint(id=conditions, url=http://S6P36ZS239I4HZ0:1701/actuator/conditions), service-registry=Endpoint(id=service-registry, url=http://S6P36ZS239I4HZ0:1701/actuator/service-registry), info=Endpoint(id=info, url=http://S6P36ZS239I4HZ0:1701/actuator/info)}), buildVersion=null, tags=Tags(values={}))
java.util.concurrent.TimeoutException: Did not observe any item or terminal signal within 10000ms in 'map' (and no fallback has been configured)
	at reactor.core.publisher.FluxTimeout$TimeoutMainSubscriber.handleTimeout(FluxTimeout.java:288)
	Suppressed: reactor.core.publisher.FluxOnAssembly$OnAssemblyException: 
Error has been observed at the following site(s):
	|_ checkpoint ⇢ Request to GET health [DefaultWebClient]
Stack trace:
		at reactor.core.publisher.FluxTimeout$TimeoutMainSubscriber.handleTimeout(FluxTimeout.java:288)
		at reactor.core.publisher.FluxTimeout$TimeoutMainSubscriber.doTimeout(FluxTimeout.java:273)
		at reactor.core.publisher.FluxTimeout$TimeoutTimeoutSubscriber.onNext(FluxTimeout.java:395)
		at reactor.core.publisher.StrictSubscriber.onNext(StrictSubscriber.java:89)
		at reactor.core.publisher.FluxOnErrorResume$ResumeSubscriber.onNext(FluxOnErrorResume.java:73)
		at reactor.core.publisher.MonoDelay$MonoDelayRunnable.run(MonoDelay.java:117)
		at reactor.core.scheduler.SchedulerTask.call(SchedulerTask.java:68)
		at reactor.core.scheduler.SchedulerTask.call(SchedulerTask.java:28)
		at java.base/java.util.concurrent.FutureTask.run$$$capture(FutureTask.java:264)
		at java.base/java.util.concurrent.FutureTask.run(FutureTask.java)
		at java.base/java.util.concurrent.ScheduledThreadPoolExecutor$ScheduledFutureTask.run(ScheduledThreadPoolExecutor.java:304)
		at java.base/java.util.concurrent.ThreadPoolExecutor.runWorker(ThreadPoolExecutor.java:1128)
		at java.base/java.util.concurrent.ThreadPoolExecutor$Worker.run(ThreadPoolExecutor.java:628)
		at java.base/java.lang.Thread.run(Thread.java:834)
2021-08-18 11:30:22 INFO  reactor-http-nio-3 de.codecentric.boot.admin.server.services.StatusUpdater Couldn't retrieve status for Instance(id=118aee74b410, version=7, registration=Registration(name=nstr-auth, managementUrl=http://S6P36ZS239I4HZ0:1600/actuator, healthUrl=http://S6P36ZS239I4HZ0:1600/actuator/health, serviceUrl=http://S6P36ZS239I4HZ0:1600/, source=http-api), registered=true, statusInfo=StatusInfo(status=UP, details={hystrix={status=UP}, diskSpace={status=UP, details={total=304943722496, free=90182369280, threshold=10485760, exists=true}}, ping={status=UP}, discoveryComposite={status=UP, details={discoveryClient={status=UP, details={services=[nstr-test, nstr-system, nstr-gateway, nstr-auth]}}}}, refreshScope={status=UP}, nacosDiscovery={status=UP}, db={status=UP, details={database=MySQL, validationQuery=isValid()}}, redis={status=UP, details={version=6.2.4}}}), statusTimestamp=2021-08-18T03:30:08.932213700Z, info=Info(values={app={name=nstr-auth, description=仙人球认证服务器, version=2.2-RELEASE}}), endpoints=Endpoints(endpoints={caches=Endpoint(id=caches, url=http://S6P36ZS239I4HZ0:1600/actuator/caches), loggers=Endpoint(id=loggers, url=http://S6P36ZS239I4HZ0:1600/actuator/loggers), health=Endpoint(id=health, url=http://S6P36ZS239I4HZ0:1600/actuator/health), refresh=Endpoint(id=refresh, url=http://S6P36ZS239I4HZ0:1600/actuator/refresh), env=Endpoint(id=env, url=http://S6P36ZS239I4HZ0:1600/actuator/env), nacosdiscovery=Endpoint(id=nacosdiscovery, url=http://S6P36ZS239I4HZ0:1600/actuator/nacosdiscovery), heapdump=Endpoint(id=heapdump, url=http://S6P36ZS239I4HZ0:1600/actuator/heapdump), features=Endpoint(id=features, url=http://S6P36ZS239I4HZ0:1600/actuator/features), scheduledtasks=Endpoint(id=scheduledtasks, url=http://S6P36ZS239I4HZ0:1600/actuator/scheduledtasks), mappings=Endpoint(id=mappings, url=http://S6P36ZS239I4HZ0:1600/actuator/mappings), archaius=Endpoint(id=archaius, url=http://S6P36ZS239I4HZ0:1600/actuator/archaius), beans=Endpoint(id=beans, url=http://S6P36ZS239I4HZ0:1600/actuator/beans), configprops=Endpoint(id=configprops, url=http://S6P36ZS239I4HZ0:1600/actuator/configprops), threaddump=Endpoint(id=threaddump, url=http://S6P36ZS239I4HZ0:1600/actuator/threaddump), metrics=Endpoint(id=metrics, url=http://S6P36ZS239I4HZ0:1600/actuator/metrics), conditions=Endpoint(id=conditions, url=http://S6P36ZS239I4HZ0:1600/actuator/conditions), service-registry=Endpoint(id=service-registry, url=http://S6P36ZS239I4HZ0:1600/actuator/service-registry), info=Endpoint(id=info, url=http://S6P36ZS239I4HZ0:1600/actuator/info)}), buildVersion=null, tags=Tags(values={}))
io.netty.channel.AbstractChannel$AnnotatedConnectException: Connection refused: no further information: S6P36ZS239I4HZ0/192.168.1.216:1600
	Suppressed: reactor.core.publisher.FluxOnAssembly$OnAssemblyException: 
Error has been observed at the following site(s):
	|_ checkpoint ⇢ Request to GET health [DefaultWebClient]
Stack trace:
Caused by: java.net.ConnectException: Connection refused: no further information
	at java.base/sun.nio.ch.SocketChannelImpl.checkConnect(Native Method)
	at java.base/sun.nio.ch.SocketChannelImpl.finishConnect(SocketChannelImpl.java:779)
	at io.netty.channel.socket.nio.NioSocketChannel.doFinishConnect(NioSocketChannel.java:330)
	at io.netty.channel.nio.AbstractNioChannel$AbstractNioUnsafe.finishConnect(AbstractNioChannel.java:334)
	at io.netty.channel.nio.NioEventLoop.processSelectedKey(NioEventLoop.java:707)
	at io.netty.channel.nio.NioEventLoop.processSelectedKeysOptimized(NioEventLoop.java:655)
	at io.netty.channel.nio.NioEventLoop.processSelectedKeys(NioEventLoop.java:581)
	at io.netty.channel.nio.NioEventLoop.run(NioEventLoop.java:493)
	at io.netty.util.concurrent.SingleThreadEventExecutor$4.run(SingleThreadEventExecutor.java:989)
	at io.netty.util.internal.ThreadExecutorMap$2.run(ThreadExecutorMap.java:74)
	at io.netty.util.concurrent.FastThreadLocalRunnable.run(FastThreadLocalRunnable.java:30)
	at java.base/java.lang.Thread.run(Thread.java:834)
2021-08-18 16:05:42 INFO  reactor-http-nio-7 de.codecentric.boot.admin.server.services.StatusUpdater Couldn't retrieve status for Instance(id=047dd8f250c1, version=6, registration=Registration(name=nstr-gateway, managementUrl=http://S6P36ZS239I4HZ0:88/actuator, healthUrl=http://S6P36ZS239I4HZ0:88/actuator/health, serviceUrl=http://S6P36ZS239I4HZ0:88/, source=http-api), registered=true, statusInfo=StatusInfo(status=UP, details={reactiveDiscoveryClients={description=Discovery Client not initialized, status=UNKNOWN, details={Simple Reactive Discovery Client={description=Discovery Client not initialized, status=UNKNOWN}}}, hystrix={status=UP}, diskSpace={status=UP, details={total=304943722496, free=90182418432, threshold=10485760, exists=true}}, ping={status=UP}, discoveryComposite={description=Discovery Client not initialized, status=UNKNOWN, details={discoveryClient={description=Discovery Client not initialized, status=UNKNOWN}}}, refreshScope={status=UP}, nacosDiscovery={status=UP}}), statusTimestamp=2021-08-18T03:14:01.382456Z, info=Info(values={app={name=nstr-gateway, description=仙人球网关配置项目, version=2.2-RELEASE}}), endpoints=Endpoints(endpoints={caches=Endpoint(id=caches, url=http://S6P36ZS239I4HZ0:88/actuator/caches), loggers=Endpoint(id=loggers, url=http://S6P36ZS239I4HZ0:88/actuator/loggers), health=Endpoint(id=health, url=http://S6P36ZS239I4HZ0:88/actuator/health), refresh=Endpoint(id=refresh, url=http://S6P36ZS239I4HZ0:88/actuator/refresh), env=Endpoint(id=env, url=http://S6P36ZS239I4HZ0:88/actuator/env), nacosdiscovery=Endpoint(id=nacosdiscovery, url=http://S6P36ZS239I4HZ0:88/actuator/nacosdiscovery), heapdump=Endpoint(id=heapdump, url=http://S6P36ZS239I4HZ0:88/actuator/heapdump), features=Endpoint(id=features, url=http://S6P36ZS239I4HZ0:88/actuator/features), scheduledtasks=Endpoint(id=scheduledtasks, url=http://S6P36ZS239I4HZ0:88/actuator/scheduledtasks), mappings=Endpoint(id=mappings, url=http://S6P36ZS239I4HZ0:88/actuator/mappings), archaius=Endpoint(id=archaius, url=http://S6P36ZS239I4HZ0:88/actuator/archaius), beans=Endpoint(id=beans, url=http://S6P36ZS239I4HZ0:88/actuator/beans), configprops=Endpoint(id=configprops, url=http://S6P36ZS239I4HZ0:88/actuator/configprops), threaddump=Endpoint(id=threaddump, url=http://S6P36ZS239I4HZ0:88/actuator/threaddump), metrics=Endpoint(id=metrics, url=http://S6P36ZS239I4HZ0:88/actuator/metrics), conditions=Endpoint(id=conditions, url=http://S6P36ZS239I4HZ0:88/actuator/conditions), service-registry=Endpoint(id=service-registry, url=http://S6P36ZS239I4HZ0:88/actuator/service-registry), gateway=Endpoint(id=gateway, url=http://S6P36ZS239I4HZ0:88/actuator/gateway), info=Endpoint(id=info, url=http://S6P36ZS239I4HZ0:88/actuator/info)}), buildVersion=null, tags=Tags(values={}))
io.netty.channel.AbstractChannel$AnnotatedConnectException: Connection refused: no further information: S6P36ZS239I4HZ0/192.168.1.216:88
	Suppressed: reactor.core.publisher.FluxOnAssembly$OnAssemblyException: 
Error has been observed at the following site(s):
	|_ checkpoint ⇢ Request to GET health [DefaultWebClient]
Stack trace:
Caused by: java.net.ConnectException: Connection refused: no further information
	at java.base/sun.nio.ch.SocketChannelImpl.checkConnect(Native Method)
	at java.base/sun.nio.ch.SocketChannelImpl.finishConnect(SocketChannelImpl.java:779)
	at io.netty.channel.socket.nio.NioSocketChannel.doFinishConnect(NioSocketChannel.java:330)
	at io.netty.channel.nio.AbstractNioChannel$AbstractNioUnsafe.finishConnect(AbstractNioChannel.java:334)
	at io.netty.channel.nio.NioEventLoop.processSelectedKey(NioEventLoop.java:707)
	at io.netty.channel.nio.NioEventLoop.processSelectedKeysOptimized(NioEventLoop.java:655)
	at io.netty.channel.nio.NioEventLoop.processSelectedKeys(NioEventLoop.java:581)
	at io.netty.channel.nio.NioEventLoop.run(NioEventLoop.java:493)
	at io.netty.util.concurrent.SingleThreadEventExecutor$4.run(SingleThreadEventExecutor.java:989)
	at io.netty.util.internal.ThreadExecutorMap$2.run(ThreadExecutorMap.java:74)
	at io.netty.util.concurrent.FastThreadLocalRunnable.run(FastThreadLocalRunnable.java:30)
	at java.base/java.lang.Thread.run(Thread.java:834)
2021-08-18 16:37:14 INFO  main com.nstr.admin.NstrAdminApplication No active profile set, falling back to default profiles: default
2021-08-18 16:37:22 INFO  main org.springframework.cloud.context.scope.GenericScope BeanFactory id=3fc2e10e-05ab-3e00-8aea-da16988b2349
2021-08-18 16:37:25 INFO  main org.springframework.boot.web.embedded.tomcat.TomcatWebServer Tomcat initialized with port(s): 1820 (http)
2021-08-18 16:37:25 INFO  main org.apache.coyote.http11.Http11NioProtocol Initializing ProtocolHandler ["http-nio-1820"]
2021-08-18 16:37:25 INFO  main org.apache.catalina.core.StandardService Starting service [Tomcat]
2021-08-18 16:37:25 INFO  main org.apache.catalina.core.StandardEngine Starting Servlet engine: [Apache Tomcat/9.0.41]
2021-08-18 16:37:26 INFO  main org.apache.catalina.core.ContainerBase.[Tomcat].[localhost].[/] Initializing Spring embedded WebApplicationContext
2021-08-18 16:37:26 INFO  main org.springframework.boot.web.servlet.context.ServletWebServerApplicationContext Root WebApplicationContext: initialization completed in 11831 ms
2021-08-18 16:37:28 INFO  main org.springframework.security.web.DefaultSecurityFilterChain Creating filter chain: any request, [org.springframework.security.web.context.request.async.WebAsyncManagerIntegrationFilter@1e120628, org.springframework.security.web.context.SecurityContextPersistenceFilter@79f5a6ed, org.springframework.security.web.header.HeaderWriterFilter@7de35070, org.springframework.security.web.authentication.logout.LogoutFilter@1b1252c8, org.springframework.security.web.authentication.UsernamePasswordAuthenticationFilter@66b0e207, org.springframework.security.web.authentication.www.BasicAuthenticationFilter@6a96d639, org.springframework.security.web.savedrequest.RequestCacheAwareFilter@edb83f8, org.springframework.security.web.servletapi.SecurityContextHolderAwareRequestFilter@aa752bb, org.springframework.security.web.authentication.AnonymousAuthenticationFilter@4e4894d, org.springframework.security.web.session.SessionManagementFilter@7c901203, org.springframework.security.web.access.ExceptionTranslationFilter@1ccc1026, org.springframework.security.web.access.intercept.FilterSecurityInterceptor@288728e]
2021-08-18 16:37:28 INFO  main org.springframework.scheduling.concurrent.ThreadPoolTaskExecutor Initializing ExecutorService 'applicationTaskExecutor'
2021-08-18 16:37:32 INFO  main org.springframework.boot.actuate.endpoint.web.EndpointLinksResolver Exposing 2 endpoint(s) beneath base path '/actuator'
2021-08-18 16:37:32 INFO  main org.apache.coyote.http11.Http11NioProtocol Starting ProtocolHandler ["http-nio-1820"]
2021-08-18 16:37:32 INFO  main org.springframework.boot.web.embedded.tomcat.TomcatWebServer Tomcat started on port(s): 1820 (http) with context path ''
2021-08-18 16:37:33 INFO  main com.nstr.admin.NstrAdminApplication Started NstrAdminApplication in 32.535 seconds (JVM running for 51.083)
2021-08-18 16:37:34 INFO  RMI TCP Connection(2)-192.168.1.216 org.apache.catalina.core.ContainerBase.[Tomcat].[localhost].[/] Initializing Spring DispatcherServlet 'dispatcherServlet'
2021-08-18 16:37:34 INFO  RMI TCP Connection(2)-192.168.1.216 org.springframework.web.servlet.DispatcherServlet Initializing Servlet 'dispatcherServlet'
2021-08-18 16:37:34 INFO  RMI TCP Connection(2)-192.168.1.216 org.springframework.web.servlet.DispatcherServlet Completed initialization in 50 ms
2021-08-18 16:40:43 INFO  reactor-http-nio-5 de.codecentric.boot.admin.server.services.StatusUpdater Couldn't retrieve status for Instance(id=118aee74b410, version=3, registration=Registration(name=nstr-auth, managementUrl=http://S6P36ZS239I4HZ0:1600/actuator, healthUrl=http://S6P36ZS239I4HZ0:1600/actuator/health, serviceUrl=http://S6P36ZS239I4HZ0:1600/, source=http-api), registered=true, statusInfo=StatusInfo(status=UP, details={hystrix={status=UP}, diskSpace={status=UP, details={total=304943722496, free=90185220096, threshold=10485760, exists=true}}, ping={status=UP}, discoveryComposite={status=UP, details={discoveryClient={status=UP, details={services=[nstr-test, nstr-gateway, nstr-auth]}}}}, refreshScope={status=UP}, nacosDiscovery={status=UP}, db={status=UP, details={database=MySQL, validationQuery=isValid()}}, redis={status=UP, details={version=6.2.4}}}), statusTimestamp=2021-08-18T08:37:45.981840Z, info=Info(values={app={name=nstr-auth, description=@project.description@, version=@project.version@}}), endpoints=Endpoints(endpoints={caches=Endpoint(id=caches, url=http://S6P36ZS239I4HZ0:1600/actuator/caches), loggers=Endpoint(id=loggers, url=http://S6P36ZS239I4HZ0:1600/actuator/loggers), health=Endpoint(id=health, url=http://S6P36ZS239I4HZ0:1600/actuator/health), refresh=Endpoint(id=refresh, url=http://S6P36ZS239I4HZ0:1600/actuator/refresh), env=Endpoint(id=env, url=http://S6P36ZS239I4HZ0:1600/actuator/env), nacosdiscovery=Endpoint(id=nacosdiscovery, url=http://S6P36ZS239I4HZ0:1600/actuator/nacosdiscovery), heapdump=Endpoint(id=heapdump, url=http://S6P36ZS239I4HZ0:1600/actuator/heapdump), features=Endpoint(id=features, url=http://S6P36ZS239I4HZ0:1600/actuator/features), scheduledtasks=Endpoint(id=scheduledtasks, url=http://S6P36ZS239I4HZ0:1600/actuator/scheduledtasks), mappings=Endpoint(id=mappings, url=http://S6P36ZS239I4HZ0:1600/actuator/mappings), archaius=Endpoint(id=archaius, url=http://S6P36ZS239I4HZ0:1600/actuator/archaius), beans=Endpoint(id=beans, url=http://S6P36ZS239I4HZ0:1600/actuator/beans), configprops=Endpoint(id=configprops, url=http://S6P36ZS239I4HZ0:1600/actuator/configprops), threaddump=Endpoint(id=threaddump, url=http://S6P36ZS239I4HZ0:1600/actuator/threaddump), metrics=Endpoint(id=metrics, url=http://S6P36ZS239I4HZ0:1600/actuator/metrics), conditions=Endpoint(id=conditions, url=http://S6P36ZS239I4HZ0:1600/actuator/conditions), service-registry=Endpoint(id=service-registry, url=http://S6P36ZS239I4HZ0:1600/actuator/service-registry), info=Endpoint(id=info, url=http://S6P36ZS239I4HZ0:1600/actuator/info)}), buildVersion=null, tags=Tags(values={}))
io.netty.channel.AbstractChannel$AnnotatedConnectException: Connection refused: no further information: S6P36ZS239I4HZ0/192.168.1.216:1600
	Suppressed: reactor.core.publisher.FluxOnAssembly$OnAssemblyException: 
Error has been observed at the following site(s):
	|_ checkpoint ⇢ Request to GET health [DefaultWebClient]
Stack trace:
Caused by: java.net.ConnectException: Connection refused: no further information
	at java.base/sun.nio.ch.SocketChannelImpl.checkConnect(Native Method)
	at java.base/sun.nio.ch.SocketChannelImpl.finishConnect(SocketChannelImpl.java:779)
	at io.netty.channel.socket.nio.NioSocketChannel.doFinishConnect(NioSocketChannel.java:330)
	at io.netty.channel.nio.AbstractNioChannel$AbstractNioUnsafe.finishConnect(AbstractNioChannel.java:334)
	at io.netty.channel.nio.NioEventLoop.processSelectedKey(NioEventLoop.java:707)
	at io.netty.channel.nio.NioEventLoop.processSelectedKeysOptimized(NioEventLoop.java:655)
	at io.netty.channel.nio.NioEventLoop.processSelectedKeys(NioEventLoop.java:581)
	at io.netty.channel.nio.NioEventLoop.run(NioEventLoop.java:493)
	at io.netty.util.concurrent.SingleThreadEventExecutor$4.run(SingleThreadEventExecutor.java:989)
	at io.netty.util.internal.ThreadExecutorMap$2.run(ThreadExecutorMap.java:74)
	at io.netty.util.concurrent.FastThreadLocalRunnable.run(FastThreadLocalRunnable.java:30)
	at java.base/java.lang.Thread.run(Thread.java:834)
2021-08-18 16:46:11 INFO  parallel-2 de.codecentric.boot.admin.server.services.StatusUpdater Couldn't retrieve status for Instance(id=e0b5ff47633b, version=3, registration=Registration(name=nstr-system, managementUrl=http://S6P36ZS239I4HZ0:1701/actuator, healthUrl=http://S6P36ZS239I4HZ0:1701/actuator/health, serviceUrl=http://S6P36ZS239I4HZ0:1701/, source=http-api), registered=true, statusInfo=StatusInfo(status=UP, details={hystrix={status=UP}, diskSpace={status=UP, details={total=304943722496, free=90185220096, threshold=10485760, exists=true}}, ping={status=UP}, discoveryComposite={status=UP, details={discoveryClient={status=UP, details={services=[nstr-test, nstr-system, nstr-gateway, nstr-auth]}}}}, refreshScope={status=UP}, nacosDiscovery={status=UP}, db={status=UP, details={database=MySQL, validationQuery=isValid()}}}), statusTimestamp=2021-08-18T08:37:46.041837500Z, info=Info(values={app={name=nstr-system, description=仙人球微服务-基础权限系统, version=2.2-RELEASE}}), endpoints=Endpoints(endpoints={caches=Endpoint(id=caches, url=http://S6P36ZS239I4HZ0:1701/actuator/caches), loggers=Endpoint(id=loggers, url=http://S6P36ZS239I4HZ0:1701/actuator/loggers), health=Endpoint(id=health, url=http://S6P36ZS239I4HZ0:1701/actuator/health), refresh=Endpoint(id=refresh, url=http://S6P36ZS239I4HZ0:1701/actuator/refresh), env=Endpoint(id=env, url=http://S6P36ZS239I4HZ0:1701/actuator/env), nacosdiscovery=Endpoint(id=nacosdiscovery, url=http://S6P36ZS239I4HZ0:1701/actuator/nacosdiscovery), heapdump=Endpoint(id=heapdump, url=http://S6P36ZS239I4HZ0:1701/actuator/heapdump), features=Endpoint(id=features, url=http://S6P36ZS239I4HZ0:1701/actuator/features), scheduledtasks=Endpoint(id=scheduledtasks, url=http://S6P36ZS239I4HZ0:1701/actuator/scheduledtasks), mappings=Endpoint(id=mappings, url=http://S6P36ZS239I4HZ0:1701/actuator/mappings), archaius=Endpoint(id=archaius, url=http://S6P36ZS239I4HZ0:1701/actuator/archaius), beans=Endpoint(id=beans, url=http://S6P36ZS239I4HZ0:1701/actuator/beans), configprops=Endpoint(id=configprops, url=http://S6P36ZS239I4HZ0:1701/actuator/configprops), threaddump=Endpoint(id=threaddump, url=http://S6P36ZS239I4HZ0:1701/actuator/threaddump), metrics=Endpoint(id=metrics, url=http://S6P36ZS239I4HZ0:1701/actuator/metrics), conditions=Endpoint(id=conditions, url=http://S6P36ZS239I4HZ0:1701/actuator/conditions), service-registry=Endpoint(id=service-registry, url=http://S6P36ZS239I4HZ0:1701/actuator/service-registry), info=Endpoint(id=info, url=http://S6P36ZS239I4HZ0:1701/actuator/info)}), buildVersion=null, tags=Tags(values={}))
java.util.concurrent.TimeoutException: Did not observe any item or terminal signal within 10000ms in 'map' (and no fallback has been configured)
	at reactor.core.publisher.FluxTimeout$TimeoutMainSubscriber.handleTimeout(FluxTimeout.java:288)
	Suppressed: reactor.core.publisher.FluxOnAssembly$OnAssemblyException: 
Error has been observed at the following site(s):
	|_ checkpoint ⇢ Request to GET health [DefaultWebClient]
Stack trace:
		at reactor.core.publisher.FluxTimeout$TimeoutMainSubscriber.handleTimeout(FluxTimeout.java:288)
		at reactor.core.publisher.FluxTimeout$TimeoutMainSubscriber.doTimeout(FluxTimeout.java:273)
		at reactor.core.publisher.FluxTimeout$TimeoutTimeoutSubscriber.onNext(FluxTimeout.java:395)
		at reactor.core.publisher.StrictSubscriber.onNext(StrictSubscriber.java:89)
		at reactor.core.publisher.FluxOnErrorResume$ResumeSubscriber.onNext(FluxOnErrorResume.java:73)
		at reactor.core.publisher.MonoDelay$MonoDelayRunnable.run(MonoDelay.java:117)
		at reactor.core.scheduler.SchedulerTask.call(SchedulerTask.java:68)
		at reactor.core.scheduler.SchedulerTask.call(SchedulerTask.java:28)
		at java.base/java.util.concurrent.FutureTask.run$$$capture(FutureTask.java:264)
		at java.base/java.util.concurrent.FutureTask.run(FutureTask.java)
		at java.base/java.util.concurrent.ScheduledThreadPoolExecutor$ScheduledFutureTask.run(ScheduledThreadPoolExecutor.java:304)
		at java.base/java.util.concurrent.ThreadPoolExecutor.runWorker(ThreadPoolExecutor.java:1128)
		at java.base/java.util.concurrent.ThreadPoolExecutor$Worker.run(ThreadPoolExecutor.java:628)
		at java.base/java.lang.Thread.run(Thread.java:834)
2021-08-18 16:51:01 INFO  parallel-4 de.codecentric.boot.admin.server.services.StatusUpdater Couldn't retrieve status for Instance(id=e0b5ff47633b, version=6, registration=Registration(name=nstr-system, managementUrl=http://S6P36ZS239I4HZ0:1701/actuator, healthUrl=http://S6P36ZS239I4HZ0:1701/actuator/health, serviceUrl=http://S6P36ZS239I4HZ0:1701/, source=http-api), registered=true, statusInfo=StatusInfo(status=UP, details={hystrix={status=UP}, diskSpace={status=UP, details={total=304943722496, free=90185113600, threshold=10485760, exists=true}}, ping={status=UP}, discoveryComposite={status=UP, details={discoveryClient={status=UP, details={services=[nstr-test, nstr-system, nstr-gateway, nstr-auth]}}}}, refreshScope={status=UP}, nacosDiscovery={status=UP}, db={status=UP, details={database=MySQL, validationQuery=isValid()}}}), statusTimestamp=2021-08-18T08:49:00.033904900Z, info=Info(values={app={name=nstr-system, description=仙人球微服务-基础权限系统, version=2.2-RELEASE}}), endpoints=Endpoints(endpoints={caches=Endpoint(id=caches, url=http://S6P36ZS239I4HZ0:1701/actuator/caches), loggers=Endpoint(id=loggers, url=http://S6P36ZS239I4HZ0:1701/actuator/loggers), health=Endpoint(id=health, url=http://S6P36ZS239I4HZ0:1701/actuator/health), refresh=Endpoint(id=refresh, url=http://S6P36ZS239I4HZ0:1701/actuator/refresh), env=Endpoint(id=env, url=http://S6P36ZS239I4HZ0:1701/actuator/env), nacosdiscovery=Endpoint(id=nacosdiscovery, url=http://S6P36ZS239I4HZ0:1701/actuator/nacosdiscovery), heapdump=Endpoint(id=heapdump, url=http://S6P36ZS239I4HZ0:1701/actuator/heapdump), features=Endpoint(id=features, url=http://S6P36ZS239I4HZ0:1701/actuator/features), scheduledtasks=Endpoint(id=scheduledtasks, url=http://S6P36ZS239I4HZ0:1701/actuator/scheduledtasks), mappings=Endpoint(id=mappings, url=http://S6P36ZS239I4HZ0:1701/actuator/mappings), archaius=Endpoint(id=archaius, url=http://S6P36ZS239I4HZ0:1701/actuator/archaius), beans=Endpoint(id=beans, url=http://S6P36ZS239I4HZ0:1701/actuator/beans), configprops=Endpoint(id=configprops, url=http://S6P36ZS239I4HZ0:1701/actuator/configprops), threaddump=Endpoint(id=threaddump, url=http://S6P36ZS239I4HZ0:1701/actuator/threaddump), metrics=Endpoint(id=metrics, url=http://S6P36ZS239I4HZ0:1701/actuator/metrics), conditions=Endpoint(id=conditions, url=http://S6P36ZS239I4HZ0:1701/actuator/conditions), service-registry=Endpoint(id=service-registry, url=http://S6P36ZS239I4HZ0:1701/actuator/service-registry), info=Endpoint(id=info, url=http://S6P36ZS239I4HZ0:1701/actuator/info)}), buildVersion=null, tags=Tags(values={}))
java.util.concurrent.TimeoutException: Did not observe any item or terminal signal within 10000ms in 'map' (and no fallback has been configured)
	at reactor.core.publisher.FluxTimeout$TimeoutMainSubscriber.handleTimeout(FluxTimeout.java:288)
	Suppressed: reactor.core.publisher.FluxOnAssembly$OnAssemblyException: 
Error has been observed at the following site(s):
	|_ checkpoint ⇢ Request to GET health [DefaultWebClient]
Stack trace:
		at reactor.core.publisher.FluxTimeout$TimeoutMainSubscriber.handleTimeout(FluxTimeout.java:288)
		at reactor.core.publisher.FluxTimeout$TimeoutMainSubscriber.doTimeout(FluxTimeout.java:273)
		at reactor.core.publisher.FluxTimeout$TimeoutTimeoutSubscriber.onNext(FluxTimeout.java:395)
		at reactor.core.publisher.StrictSubscriber.onNext(StrictSubscriber.java:89)
		at reactor.core.publisher.FluxOnErrorResume$ResumeSubscriber.onNext(FluxOnErrorResume.java:73)
		at reactor.core.publisher.MonoDelay$MonoDelayRunnable.run(MonoDelay.java:117)
		at reactor.core.scheduler.SchedulerTask.call(SchedulerTask.java:68)
		at reactor.core.scheduler.SchedulerTask.call(SchedulerTask.java:28)
		at java.base/java.util.concurrent.FutureTask.run$$$capture(FutureTask.java:264)
		at java.base/java.util.concurrent.FutureTask.run(FutureTask.java)
		at java.base/java.util.concurrent.ScheduledThreadPoolExecutor$ScheduledFutureTask.run(ScheduledThreadPoolExecutor.java:304)
		at java.base/java.util.concurrent.ThreadPoolExecutor.runWorker(ThreadPoolExecutor.java:1128)
		at java.base/java.util.concurrent.ThreadPoolExecutor$Worker.run(ThreadPoolExecutor.java:628)
		at java.base/java.lang.Thread.run(Thread.java:834)
2021-08-18 16:59:03 INFO  reactor-http-nio-5 de.codecentric.boot.admin.server.services.StatusUpdater Couldn't retrieve status for Instance(id=047dd8f250c1, version=3, registration=Registration(name=nstr-gateway, managementUrl=http://S6P36ZS239I4HZ0:88/actuator, healthUrl=http://S6P36ZS239I4HZ0:88/actuator/health, serviceUrl=http://S6P36ZS239I4HZ0:88/, source=http-api), registered=true, statusInfo=StatusInfo(status=UP, details={reactiveDiscoveryClients={status=UP, details={Simple Reactive Discovery Client={status=UP, details={services=[]}}}}, hystrix={status=UP}, diskSpace={status=UP, details={total=304943722496, free=90185236480, threshold=10485760, exists=true}}, ping={status=UP}, discoveryComposite={status=UP, details={discoveryClient={status=UP, details={services=[nstr-test, nstr-gateway]}}}}, refreshScope={status=UP}, nacosDiscovery={status=UP}}), statusTimestamp=2021-08-18T08:37:40.009764100Z, info=Info(values={app={name=nstr-gateway, description=仙人球网关配置项目, version=2.2-RELEASE}}), endpoints=Endpoints(endpoints={caches=Endpoint(id=caches, url=http://S6P36ZS239I4HZ0:88/actuator/caches), loggers=Endpoint(id=loggers, url=http://S6P36ZS239I4HZ0:88/actuator/loggers), health=Endpoint(id=health, url=http://S6P36ZS239I4HZ0:88/actuator/health), refresh=Endpoint(id=refresh, url=http://S6P36ZS239I4HZ0:88/actuator/refresh), env=Endpoint(id=env, url=http://S6P36ZS239I4HZ0:88/actuator/env), nacosdiscovery=Endpoint(id=nacosdiscovery, url=http://S6P36ZS239I4HZ0:88/actuator/nacosdiscovery), heapdump=Endpoint(id=heapdump, url=http://S6P36ZS239I4HZ0:88/actuator/heapdump), features=Endpoint(id=features, url=http://S6P36ZS239I4HZ0:88/actuator/features), scheduledtasks=Endpoint(id=scheduledtasks, url=http://S6P36ZS239I4HZ0:88/actuator/scheduledtasks), mappings=Endpoint(id=mappings, url=http://S6P36ZS239I4HZ0:88/actuator/mappings), archaius=Endpoint(id=archaius, url=http://S6P36ZS239I4HZ0:88/actuator/archaius), beans=Endpoint(id=beans, url=http://S6P36ZS239I4HZ0:88/actuator/beans), configprops=Endpoint(id=configprops, url=http://S6P36ZS239I4HZ0:88/actuator/configprops), threaddump=Endpoint(id=threaddump, url=http://S6P36ZS239I4HZ0:88/actuator/threaddump), metrics=Endpoint(id=metrics, url=http://S6P36ZS239I4HZ0:88/actuator/metrics), conditions=Endpoint(id=conditions, url=http://S6P36ZS239I4HZ0:88/actuator/conditions), service-registry=Endpoint(id=service-registry, url=http://S6P36ZS239I4HZ0:88/actuator/service-registry), gateway=Endpoint(id=gateway, url=http://S6P36ZS239I4HZ0:88/actuator/gateway), info=Endpoint(id=info, url=http://S6P36ZS239I4HZ0:88/actuator/info)}), buildVersion=null, tags=Tags(values={}))
io.netty.channel.AbstractChannel$AnnotatedConnectException: Connection refused: no further information: S6P36ZS239I4HZ0/192.168.1.216:88
	Suppressed: reactor.core.publisher.FluxOnAssembly$OnAssemblyException: 
Error has been observed at the following site(s):
	|_ checkpoint ⇢ Request to GET health [DefaultWebClient]
Stack trace:
Caused by: java.net.ConnectException: Connection refused: no further information
	at java.base/sun.nio.ch.SocketChannelImpl.checkConnect(Native Method)
	at java.base/sun.nio.ch.SocketChannelImpl.finishConnect(SocketChannelImpl.java:779)
	at io.netty.channel.socket.nio.NioSocketChannel.doFinishConnect(NioSocketChannel.java:330)
	at io.netty.channel.nio.AbstractNioChannel$AbstractNioUnsafe.finishConnect(AbstractNioChannel.java:334)
	at io.netty.channel.nio.NioEventLoop.processSelectedKey(NioEventLoop.java:707)
	at io.netty.channel.nio.NioEventLoop.processSelectedKeysOptimized(NioEventLoop.java:655)
	at io.netty.channel.nio.NioEventLoop.processSelectedKeys(NioEventLoop.java:581)
	at io.netty.channel.nio.NioEventLoop.run(NioEventLoop.java:493)
	at io.netty.util.concurrent.SingleThreadEventExecutor$4.run(SingleThreadEventExecutor.java:989)
	at io.netty.util.internal.ThreadExecutorMap$2.run(ThreadExecutorMap.java:74)
	at io.netty.util.concurrent.FastThreadLocalRunnable.run(FastThreadLocalRunnable.java:30)
	at java.base/java.lang.Thread.run(Thread.java:834)
2021-08-18 17:10:03 INFO  reactor-http-nio-3 de.codecentric.boot.admin.server.services.StatusUpdater Couldn't retrieve status for Instance(id=e0b5ff47633b, version=8, registration=Registration(name=nstr-system, managementUrl=http://S6P36ZS239I4HZ0:1701/actuator, healthUrl=http://S6P36ZS239I4HZ0:1701/actuator/health, serviceUrl=http://S6P36ZS239I4HZ0:1701/, source=http-api), registered=true, statusInfo=StatusInfo(status=UP, details={hystrix={status=UP}, diskSpace={status=UP, details={total=304943722496, free=90184593408, threshold=10485760, exists=true}}, ping={status=UP}, discoveryComposite={status=UP, details={discoveryClient={status=UP, details={services=[nstr-test, nstr-system, nstr-gateway, nstr-auth]}}}}, refreshScope={status=UP}, nacosDiscovery={status=UP}, db={status=UP, details={database=MySQL, validationQuery=isValid()}}}), statusTimestamp=2021-08-18T09:00:01.637363300Z, info=Info(values={app={name=nstr-system, description=仙人球微服务-基础权限系统, version=2.2-RELEASE}}), endpoints=Endpoints(endpoints={caches=Endpoint(id=caches, url=http://S6P36ZS239I4HZ0:1701/actuator/caches), loggers=Endpoint(id=loggers, url=http://S6P36ZS239I4HZ0:1701/actuator/loggers), health=Endpoint(id=health, url=http://S6P36ZS239I4HZ0:1701/actuator/health), refresh=Endpoint(id=refresh, url=http://S6P36ZS239I4HZ0:1701/actuator/refresh), env=Endpoint(id=env, url=http://S6P36ZS239I4HZ0:1701/actuator/env), nacosdiscovery=Endpoint(id=nacosdiscovery, url=http://S6P36ZS239I4HZ0:1701/actuator/nacosdiscovery), heapdump=Endpoint(id=heapdump, url=http://S6P36ZS239I4HZ0:1701/actuator/heapdump), features=Endpoint(id=features, url=http://S6P36ZS239I4HZ0:1701/actuator/features), scheduledtasks=Endpoint(id=scheduledtasks, url=http://S6P36ZS239I4HZ0:1701/actuator/scheduledtasks), mappings=Endpoint(id=mappings, url=http://S6P36ZS239I4HZ0:1701/actuator/mappings), archaius=Endpoint(id=archaius, url=http://S6P36ZS239I4HZ0:1701/actuator/archaius), beans=Endpoint(id=beans, url=http://S6P36ZS239I4HZ0:1701/actuator/beans), configprops=Endpoint(id=configprops, url=http://S6P36ZS239I4HZ0:1701/actuator/configprops), threaddump=Endpoint(id=threaddump, url=http://S6P36ZS239I4HZ0:1701/actuator/threaddump), metrics=Endpoint(id=metrics, url=http://S6P36ZS239I4HZ0:1701/actuator/metrics), conditions=Endpoint(id=conditions, url=http://S6P36ZS239I4HZ0:1701/actuator/conditions), service-registry=Endpoint(id=service-registry, url=http://S6P36ZS239I4HZ0:1701/actuator/service-registry), info=Endpoint(id=info, url=http://S6P36ZS239I4HZ0:1701/actuator/info)}), buildVersion=null, tags=Tags(values={}))
io.netty.channel.AbstractChannel$AnnotatedConnectException: Connection refused: no further information: S6P36ZS239I4HZ0/192.168.1.216:1701
	Suppressed: reactor.core.publisher.FluxOnAssembly$OnAssemblyException: 
Error has been observed at the following site(s):
	|_ checkpoint ⇢ Request to GET health [DefaultWebClient]
Stack trace:
Caused by: java.net.ConnectException: Connection refused: no further information
	at java.base/sun.nio.ch.SocketChannelImpl.checkConnect(Native Method)
	at java.base/sun.nio.ch.SocketChannelImpl.finishConnect(SocketChannelImpl.java:779)
	at io.netty.channel.socket.nio.NioSocketChannel.doFinishConnect(NioSocketChannel.java:330)
	at io.netty.channel.nio.AbstractNioChannel$AbstractNioUnsafe.finishConnect(AbstractNioChannel.java:334)
	at io.netty.channel.nio.NioEventLoop.processSelectedKey(NioEventLoop.java:707)
	at io.netty.channel.nio.NioEventLoop.processSelectedKeysOptimized(NioEventLoop.java:655)
	at io.netty.channel.nio.NioEventLoop.processSelectedKeys(NioEventLoop.java:581)
	at io.netty.channel.nio.NioEventLoop.run(NioEventLoop.java:493)
	at io.netty.util.concurrent.SingleThreadEventExecutor$4.run(SingleThreadEventExecutor.java:989)
	at io.netty.util.internal.ThreadExecutorMap$2.run(ThreadExecutorMap.java:74)
	at io.netty.util.concurrent.FastThreadLocalRunnable.run(FastThreadLocalRunnable.java:30)
	at java.base/java.lang.Thread.run(Thread.java:834)
2021-08-18 17:10:03 INFO  reactor-http-nio-2 de.codecentric.boot.admin.server.services.StatusUpdater Couldn't retrieve status for Instance(id=118aee74b410, version=7, registration=Registration(name=nstr-auth, managementUrl=http://S6P36ZS239I4HZ0:1600/actuator, healthUrl=http://S6P36ZS239I4HZ0:1600/actuator/health, serviceUrl=http://S6P36ZS239I4HZ0:1600/, source=http-api), registered=true, statusInfo=StatusInfo(status=UP, details={hystrix={status=UP}, diskSpace={status=UP, details={total=304943722496, free=90185154560, threshold=10485760, exists=true}}, ping={status=UP}, discoveryComposite={status=UP, details={discoveryClient={status=UP, details={services=[nstr-test, nstr-system, nstr-gateway, nstr-auth]}}}}, refreshScope={status=UP}, nacosDiscovery={status=UP}, db={status=UP, details={database=MySQL, validationQuery=isValid()}}, redis={status=UP, details={version=6.2.4}}}), statusTimestamp=2021-08-18T08:42:54.619819300Z, info=Info(values={app={name=nstr-auth, description=仙人球认证服务器, version=2.2-RELEASE}}), endpoints=Endpoints(endpoints={caches=Endpoint(id=caches, url=http://S6P36ZS239I4HZ0:1600/actuator/caches), loggers=Endpoint(id=loggers, url=http://S6P36ZS239I4HZ0:1600/actuator/loggers), health=Endpoint(id=health, url=http://S6P36ZS239I4HZ0:1600/actuator/health), refresh=Endpoint(id=refresh, url=http://S6P36ZS239I4HZ0:1600/actuator/refresh), env=Endpoint(id=env, url=http://S6P36ZS239I4HZ0:1600/actuator/env), nacosdiscovery=Endpoint(id=nacosdiscovery, url=http://S6P36ZS239I4HZ0:1600/actuator/nacosdiscovery), heapdump=Endpoint(id=heapdump, url=http://S6P36ZS239I4HZ0:1600/actuator/heapdump), features=Endpoint(id=features, url=http://S6P36ZS239I4HZ0:1600/actuator/features), scheduledtasks=Endpoint(id=scheduledtasks, url=http://S6P36ZS239I4HZ0:1600/actuator/scheduledtasks), mappings=Endpoint(id=mappings, url=http://S6P36ZS239I4HZ0:1600/actuator/mappings), archaius=Endpoint(id=archaius, url=http://S6P36ZS239I4HZ0:1600/actuator/archaius), beans=Endpoint(id=beans, url=http://S6P36ZS239I4HZ0:1600/actuator/beans), configprops=Endpoint(id=configprops, url=http://S6P36ZS239I4HZ0:1600/actuator/configprops), threaddump=Endpoint(id=threaddump, url=http://S6P36ZS239I4HZ0:1600/actuator/threaddump), metrics=Endpoint(id=metrics, url=http://S6P36ZS239I4HZ0:1600/actuator/metrics), conditions=Endpoint(id=conditions, url=http://S6P36ZS239I4HZ0:1600/actuator/conditions), service-registry=Endpoint(id=service-registry, url=http://S6P36ZS239I4HZ0:1600/actuator/service-registry), info=Endpoint(id=info, url=http://S6P36ZS239I4HZ0:1600/actuator/info)}), buildVersion=null, tags=Tags(values={}))
io.netty.channel.AbstractChannel$AnnotatedConnectException: Connection refused: no further information: S6P36ZS239I4HZ0/192.168.1.216:1600
	Suppressed: reactor.core.publisher.FluxOnAssembly$OnAssemblyException: 
Error has been observed at the following site(s):
	|_ checkpoint ⇢ Request to GET health [DefaultWebClient]
Stack trace:
Caused by: java.net.ConnectException: Connection refused: no further information
	at java.base/sun.nio.ch.SocketChannelImpl.checkConnect(Native Method)
	at java.base/sun.nio.ch.SocketChannelImpl.finishConnect(SocketChannelImpl.java:779)
	at io.netty.channel.socket.nio.NioSocketChannel.doFinishConnect(NioSocketChannel.java:330)
	at io.netty.channel.nio.AbstractNioChannel$AbstractNioUnsafe.finishConnect(AbstractNioChannel.java:334)
	at io.netty.channel.nio.NioEventLoop.processSelectedKey(NioEventLoop.java:707)
	at io.netty.channel.nio.NioEventLoop.processSelectedKeysOptimized(NioEventLoop.java:655)
	at io.netty.channel.nio.NioEventLoop.processSelectedKeys(NioEventLoop.java:581)
	at io.netty.channel.nio.NioEventLoop.run(NioEventLoop.java:493)
	at io.netty.util.concurrent.SingleThreadEventExecutor$4.run(SingleThreadEventExecutor.java:989)
	at io.netty.util.internal.ThreadExecutorMap$2.run(ThreadExecutorMap.java:74)
	at io.netty.util.concurrent.FastThreadLocalRunnable.run(FastThreadLocalRunnable.java:30)
	at java.base/java.lang.Thread.run(Thread.java:834)
2021-08-18 17:14:28 INFO  SpringContextShutdownHook org.springframework.scheduling.concurrent.ThreadPoolTaskExecutor Shutting down ExecutorService 'applicationTaskExecutor'
2021-08-18 17:14:36 INFO  main com.nstr.admin.NstrAdminApplication No active profile set, falling back to default profiles: default
2021-08-18 17:14:37 INFO  main org.springframework.cloud.context.scope.GenericScope BeanFactory id=3fc2e10e-05ab-3e00-8aea-da16988b2349
2021-08-18 17:14:37 INFO  main org.springframework.boot.web.embedded.tomcat.TomcatWebServer Tomcat initialized with port(s): 1820 (http)
2021-08-18 17:14:37 INFO  main org.apache.coyote.http11.Http11NioProtocol Initializing ProtocolHandler ["http-nio-1820"]
2021-08-18 17:14:37 INFO  main org.apache.catalina.core.StandardService Starting service [Tomcat]
2021-08-18 17:14:37 INFO  main org.apache.catalina.core.StandardEngine Starting Servlet engine: [Apache Tomcat/9.0.41]
2021-08-18 17:14:37 INFO  main org.apache.catalina.core.ContainerBase.[Tomcat].[localhost].[/] Initializing Spring embedded WebApplicationContext
2021-08-18 17:14:37 INFO  main org.springframework.boot.web.servlet.context.ServletWebServerApplicationContext Root WebApplicationContext: initialization completed in 1414 ms
2021-08-18 17:14:37 INFO  main org.springframework.security.web.DefaultSecurityFilterChain Creating filter chain: any request, [org.springframework.security.web.context.request.async.WebAsyncManagerIntegrationFilter@5773d271, org.springframework.security.web.context.SecurityContextPersistenceFilter@52bba91a, org.springframework.security.web.header.HeaderWriterFilter@72224107, org.springframework.security.web.authentication.logout.LogoutFilter@45984654, org.springframework.security.web.authentication.UsernamePasswordAuthenticationFilter@638afcaa, org.springframework.security.web.authentication.www.BasicAuthenticationFilter@675ec28b, org.springframework.security.web.savedrequest.RequestCacheAwareFilter@21516c88, org.springframework.security.web.servletapi.SecurityContextHolderAwareRequestFilter@32da97fd, org.springframework.security.web.authentication.AnonymousAuthenticationFilter@59f45950, org.springframework.security.web.session.SessionManagementFilter@3070f3e6, org.springframework.security.web.access.ExceptionTranslationFilter@5d1a859c, org.springframework.security.web.access.intercept.FilterSecurityInterceptor@394a6d2b]
2021-08-18 17:14:38 INFO  main org.springframework.scheduling.concurrent.ThreadPoolTaskExecutor Initializing ExecutorService 'applicationTaskExecutor'
2021-08-18 17:14:40 INFO  main org.springframework.boot.actuate.endpoint.web.EndpointLinksResolver Exposing 2 endpoint(s) beneath base path '/actuator'
2021-08-18 17:14:40 INFO  main org.apache.coyote.http11.Http11NioProtocol Starting ProtocolHandler ["http-nio-1820"]
2021-08-18 17:14:40 INFO  main org.springframework.boot.web.embedded.tomcat.TomcatWebServer Tomcat started on port(s): 1820 (http) with context path ''
2021-08-18 17:14:40 INFO  main com.nstr.admin.NstrAdminApplication Started NstrAdminApplication in 6.591 seconds (JVM running for 7.98)
2021-08-18 17:14:41 INFO  RMI TCP Connection(3)-192.168.1.216 org.apache.catalina.core.ContainerBase.[Tomcat].[localhost].[/] Initializing Spring DispatcherServlet 'dispatcherServlet'
2021-08-18 17:14:41 INFO  RMI TCP Connection(3)-192.168.1.216 org.springframework.web.servlet.DispatcherServlet Initializing Servlet 'dispatcherServlet'
2021-08-18 17:14:41 INFO  RMI TCP Connection(3)-192.168.1.216 org.springframework.web.servlet.DispatcherServlet Completed initialization in 7 ms
2021-08-18 17:18:28 INFO  parallel-8 de.codecentric.boot.admin.server.services.StatusUpdater Couldn't retrieve status for Instance(id=047dd8f250c1, version=3, registration=Registration(name=nstr-gateway, managementUrl=http://S6P36ZS239I4HZ0:88/actuator, healthUrl=http://S6P36ZS239I4HZ0:88/actuator/health, serviceUrl=http://S6P36ZS239I4HZ0:88/, source=http-api), registered=true, statusInfo=StatusInfo(status=UP, details={reactiveDiscoveryClients={status=UP, details={Simple Reactive Discovery Client={status=UP, details={services=[]}}}}, hystrix={status=UP}, diskSpace={status=UP, details={total=304943722496, free=90775707648, threshold=10485760, exists=true}}, ping={status=UP}, discoveryComposite={status=UP, details={discoveryClient={status=UP, details={services=[nstr-test, nstr-system, nstr-gateway, nstr-auth]}}}}, refreshScope={status=UP}, nacosDiscovery={status=UP}}), statusTimestamp=2021-08-18T09:14:59.314099300Z, info=Info(values={app={name=nstr-gateway, description=仙人球网关配置项目, version=2.2-RELEASE}}), endpoints=Endpoints(endpoints={caches=Endpoint(id=caches, url=http://S6P36ZS239I4HZ0:88/actuator/caches), loggers=Endpoint(id=loggers, url=http://S6P36ZS239I4HZ0:88/actuator/loggers), health=Endpoint(id=health, url=http://S6P36ZS239I4HZ0:88/actuator/health), refresh=Endpoint(id=refresh, url=http://S6P36ZS239I4HZ0:88/actuator/refresh), env=Endpoint(id=env, url=http://S6P36ZS239I4HZ0:88/actuator/env), nacosdiscovery=Endpoint(id=nacosdiscovery, url=http://S6P36ZS239I4HZ0:88/actuator/nacosdiscovery), heapdump=Endpoint(id=heapdump, url=http://S6P36ZS239I4HZ0:88/actuator/heapdump), features=Endpoint(id=features, url=http://S6P36ZS239I4HZ0:88/actuator/features), scheduledtasks=Endpoint(id=scheduledtasks, url=http://S6P36ZS239I4HZ0:88/actuator/scheduledtasks), mappings=Endpoint(id=mappings, url=http://S6P36ZS239I4HZ0:88/actuator/mappings), archaius=Endpoint(id=archaius, url=http://S6P36ZS239I4HZ0:88/actuator/archaius), beans=Endpoint(id=beans, url=http://S6P36ZS239I4HZ0:88/actuator/beans), configprops=Endpoint(id=configprops, url=http://S6P36ZS239I4HZ0:88/actuator/configprops), threaddump=Endpoint(id=threaddump, url=http://S6P36ZS239I4HZ0:88/actuator/threaddump), metrics=Endpoint(id=metrics, url=http://S6P36ZS239I4HZ0:88/actuator/metrics), conditions=Endpoint(id=conditions, url=http://S6P36ZS239I4HZ0:88/actuator/conditions), service-registry=Endpoint(id=service-registry, url=http://S6P36ZS239I4HZ0:88/actuator/service-registry), gateway=Endpoint(id=gateway, url=http://S6P36ZS239I4HZ0:88/actuator/gateway), info=Endpoint(id=info, url=http://S6P36ZS239I4HZ0:88/actuator/info)}), buildVersion=null, tags=Tags(values={}))
java.util.concurrent.TimeoutException: Did not observe any item or terminal signal within 10000ms in 'map' (and no fallback has been configured)
	at reactor.core.publisher.FluxTimeout$TimeoutMainSubscriber.handleTimeout(FluxTimeout.java:288)
	Suppressed: reactor.core.publisher.FluxOnAssembly$OnAssemblyException: 
Error has been observed at the following site(s):
	|_ checkpoint ⇢ Request to GET health [DefaultWebClient]
Stack trace:
		at reactor.core.publisher.FluxTimeout$TimeoutMainSubscriber.handleTimeout(FluxTimeout.java:288)
		at reactor.core.publisher.FluxTimeout$TimeoutMainSubscriber.doTimeout(FluxTimeout.java:273)
		at reactor.core.publisher.FluxTimeout$TimeoutTimeoutSubscriber.onNext(FluxTimeout.java:395)
		at reactor.core.publisher.StrictSubscriber.onNext(StrictSubscriber.java:89)
		at reactor.core.publisher.FluxOnErrorResume$ResumeSubscriber.onNext(FluxOnErrorResume.java:73)
		at reactor.core.publisher.MonoDelay$MonoDelayRunnable.run(MonoDelay.java:117)
		at reactor.core.scheduler.SchedulerTask.call(SchedulerTask.java:68)
		at reactor.core.scheduler.SchedulerTask.call(SchedulerTask.java:28)
		at java.base/java.util.concurrent.FutureTask.run$$$capture(FutureTask.java:264)
		at java.base/java.util.concurrent.FutureTask.run(FutureTask.java)
		at java.base/java.util.concurrent.ScheduledThreadPoolExecutor$ScheduledFutureTask.run(ScheduledThreadPoolExecutor.java:304)
		at java.base/java.util.concurrent.ThreadPoolExecutor.runWorker(ThreadPoolExecutor.java:1128)
		at java.base/java.util.concurrent.ThreadPoolExecutor$Worker.run(ThreadPoolExecutor.java:628)
		at java.base/java.lang.Thread.run(Thread.java:834)
2021-08-18 17:26:30 INFO  reactor-http-nio-2 de.codecentric.boot.admin.server.services.StatusUpdater Couldn't retrieve status for Instance(id=047dd8f250c1, version=6, registration=Registration(name=nstr-gateway, managementUrl=http://S6P36ZS239I4HZ0:88/actuator, healthUrl=http://S6P36ZS239I4HZ0:88/actuator/health, serviceUrl=http://S6P36ZS239I4HZ0:88/, source=http-api), registered=true, statusInfo=StatusInfo(status=UP, details={reactiveDiscoveryClients={status=UP, details={Simple Reactive Discovery Client={status=UP, details={services=[]}}}}, hystrix={status=UP}, diskSpace={status=UP, details={total=304943722496, free=90775400448, threshold=10485760, exists=true}}, ping={status=UP}, discoveryComposite={status=UP, details={discoveryClient={status=UP, details={services=[nstr-test, nstr-system, nstr-gateway, nstr-auth]}}}}, refreshScope={status=UP}, nacosDiscovery={status=UP}}), statusTimestamp=2021-08-18T09:19:15.518642100Z, info=Info(values={app={name=nstr-gateway, description=仙人球网关配置项目, version=2.2-RELEASE}}), endpoints=Endpoints(endpoints={caches=Endpoint(id=caches, url=http://S6P36ZS239I4HZ0:88/actuator/caches), loggers=Endpoint(id=loggers, url=http://S6P36ZS239I4HZ0:88/actuator/loggers), health=Endpoint(id=health, url=http://S6P36ZS239I4HZ0:88/actuator/health), refresh=Endpoint(id=refresh, url=http://S6P36ZS239I4HZ0:88/actuator/refresh), env=Endpoint(id=env, url=http://S6P36ZS239I4HZ0:88/actuator/env), nacosdiscovery=Endpoint(id=nacosdiscovery, url=http://S6P36ZS239I4HZ0:88/actuator/nacosdiscovery), heapdump=Endpoint(id=heapdump, url=http://S6P36ZS239I4HZ0:88/actuator/heapdump), features=Endpoint(id=features, url=http://S6P36ZS239I4HZ0:88/actuator/features), scheduledtasks=Endpoint(id=scheduledtasks, url=http://S6P36ZS239I4HZ0:88/actuator/scheduledtasks), mappings=Endpoint(id=mappings, url=http://S6P36ZS239I4HZ0:88/actuator/mappings), archaius=Endpoint(id=archaius, url=http://S6P36ZS239I4HZ0:88/actuator/archaius), beans=Endpoint(id=beans, url=http://S6P36ZS239I4HZ0:88/actuator/beans), configprops=Endpoint(id=configprops, url=http://S6P36ZS239I4HZ0:88/actuator/configprops), threaddump=Endpoint(id=threaddump, url=http://S6P36ZS239I4HZ0:88/actuator/threaddump), metrics=Endpoint(id=metrics, url=http://S6P36ZS239I4HZ0:88/actuator/metrics), conditions=Endpoint(id=conditions, url=http://S6P36ZS239I4HZ0:88/actuator/conditions), service-registry=Endpoint(id=service-registry, url=http://S6P36ZS239I4HZ0:88/actuator/service-registry), gateway=Endpoint(id=gateway, url=http://S6P36ZS239I4HZ0:88/actuator/gateway), info=Endpoint(id=info, url=http://S6P36ZS239I4HZ0:88/actuator/info)}), buildVersion=null, tags=Tags(values={}))
io.netty.channel.AbstractChannel$AnnotatedConnectException: Connection refused: no further information: S6P36ZS239I4HZ0/192.168.1.216:88
	Suppressed: reactor.core.publisher.FluxOnAssembly$OnAssemblyException: 
Error has been observed at the following site(s):
	|_ checkpoint ⇢ Request to GET health [DefaultWebClient]
Stack trace:
Caused by: java.net.ConnectException: Connection refused: no further information
	at java.base/sun.nio.ch.SocketChannelImpl.checkConnect(Native Method)
	at java.base/sun.nio.ch.SocketChannelImpl.finishConnect(SocketChannelImpl.java:779)
	at io.netty.channel.socket.nio.NioSocketChannel.doFinishConnect(NioSocketChannel.java:330)
	at io.netty.channel.nio.AbstractNioChannel$AbstractNioUnsafe.finishConnect(AbstractNioChannel.java:334)
	at io.netty.channel.nio.NioEventLoop.processSelectedKey(NioEventLoop.java:707)
	at io.netty.channel.nio.NioEventLoop.processSelectedKeysOptimized(NioEventLoop.java:655)
	at io.netty.channel.nio.NioEventLoop.processSelectedKeys(NioEventLoop.java:581)
	at io.netty.channel.nio.NioEventLoop.run(NioEventLoop.java:493)
	at io.netty.util.concurrent.SingleThreadEventExecutor$4.run(SingleThreadEventExecutor.java:989)
	at io.netty.util.internal.ThreadExecutorMap$2.run(ThreadExecutorMap.java:74)
	at io.netty.util.concurrent.FastThreadLocalRunnable.run(FastThreadLocalRunnable.java:30)
	at java.base/java.lang.Thread.run(Thread.java:834)
2021-08-18 17:26:58 INFO  parallel-4 de.codecentric.boot.admin.server.services.StatusUpdater Couldn't retrieve status for Instance(id=20f0d8218f73, version=3, registration=Registration(name=nstr-test, managementUrl=http://S6P36ZS239I4HZ0:1801/actuator, healthUrl=http://S6P36ZS239I4HZ0:1801/actuator/health, serviceUrl=http://S6P36ZS239I4HZ0:1801/, source=http-api), registered=true, statusInfo=StatusInfo(status=UP, details={hystrix={status=UP}, diskSpace={status=UP, details={total=304943722496, free=90775658496, threshold=10485760, exists=true}}, ping={status=UP}, discoveryComposite={status=UP, details={discoveryClient={status=UP, details={services=[nstr-test, nstr-system, nstr-gateway, nstr-auth]}}}}, refreshScope={status=UP}, nacosDiscovery={status=UP}, db={status=UP, details={database=MySQL, validationQuery=isValid()}}}), statusTimestamp=2021-08-18T09:15:09.745256700Z, info=Info(values={app={name=nstr-test, description=仙人球微服务-测试资源服务, version=2.2-RELEASE}}), endpoints=Endpoints(endpoints={caches=Endpoint(id=caches, url=http://S6P36ZS239I4HZ0:1801/actuator/caches), loggers=Endpoint(id=loggers, url=http://S6P36ZS239I4HZ0:1801/actuator/loggers), health=Endpoint(id=health, url=http://S6P36ZS239I4HZ0:1801/actuator/health), refresh=Endpoint(id=refresh, url=http://S6P36ZS239I4HZ0:1801/actuator/refresh), env=Endpoint(id=env, url=http://S6P36ZS239I4HZ0:1801/actuator/env), nacosdiscovery=Endpoint(id=nacosdiscovery, url=http://S6P36ZS239I4HZ0:1801/actuator/nacosdiscovery), heapdump=Endpoint(id=heapdump, url=http://S6P36ZS239I4HZ0:1801/actuator/heapdump), features=Endpoint(id=features, url=http://S6P36ZS239I4HZ0:1801/actuator/features), scheduledtasks=Endpoint(id=scheduledtasks, url=http://S6P36ZS239I4HZ0:1801/actuator/scheduledtasks), mappings=Endpoint(id=mappings, url=http://S6P36ZS239I4HZ0:1801/actuator/mappings), archaius=Endpoint(id=archaius, url=http://S6P36ZS239I4HZ0:1801/actuator/archaius), beans=Endpoint(id=beans, url=http://S6P36ZS239I4HZ0:1801/actuator/beans), configprops=Endpoint(id=configprops, url=http://S6P36ZS239I4HZ0:1801/actuator/configprops), threaddump=Endpoint(id=threaddump, url=http://S6P36ZS239I4HZ0:1801/actuator/threaddump), metrics=Endpoint(id=metrics, url=http://S6P36ZS239I4HZ0:1801/actuator/metrics), conditions=Endpoint(id=conditions, url=http://S6P36ZS239I4HZ0:1801/actuator/conditions), service-registry=Endpoint(id=service-registry, url=http://S6P36ZS239I4HZ0:1801/actuator/service-registry), info=Endpoint(id=info, url=http://S6P36ZS239I4HZ0:1801/actuator/info)}), buildVersion=null, tags=Tags(values={}))
java.util.concurrent.TimeoutException: Did not observe any item or terminal signal within 10000ms in 'map' (and no fallback has been configured)
	at reactor.core.publisher.FluxTimeout$TimeoutMainSubscriber.handleTimeout(FluxTimeout.java:288)
	Suppressed: reactor.core.publisher.FluxOnAssembly$OnAssemblyException: 
Error has been observed at the following site(s):
	|_ checkpoint ⇢ Request to GET health [DefaultWebClient]
Stack trace:
		at reactor.core.publisher.FluxTimeout$TimeoutMainSubscriber.handleTimeout(FluxTimeout.java:288)
		at reactor.core.publisher.FluxTimeout$TimeoutMainSubscriber.doTimeout(FluxTimeout.java:273)
		at reactor.core.publisher.FluxTimeout$TimeoutTimeoutSubscriber.onNext(FluxTimeout.java:395)
		at reactor.core.publisher.StrictSubscriber.onNext(StrictSubscriber.java:89)
		at reactor.core.publisher.FluxOnErrorResume$ResumeSubscriber.onNext(FluxOnErrorResume.java:73)
		at reactor.core.publisher.MonoDelay$MonoDelayRunnable.run(MonoDelay.java:117)
		at reactor.core.scheduler.SchedulerTask.call(SchedulerTask.java:68)
		at reactor.core.scheduler.SchedulerTask.call(SchedulerTask.java:28)
		at java.base/java.util.concurrent.FutureTask.run$$$capture(FutureTask.java:264)
		at java.base/java.util.concurrent.FutureTask.run(FutureTask.java)
		at java.base/java.util.concurrent.ScheduledThreadPoolExecutor$ScheduledFutureTask.run(ScheduledThreadPoolExecutor.java:304)
		at java.base/java.util.concurrent.ThreadPoolExecutor.runWorker(ThreadPoolExecutor.java:1128)
		at java.base/java.util.concurrent.ThreadPoolExecutor$Worker.run(ThreadPoolExecutor.java:628)
		at java.base/java.lang.Thread.run(Thread.java:834)
2021-08-18 17:27:50 INFO  reactor-http-nio-5 de.codecentric.boot.admin.server.services.StatusUpdater Couldn't retrieve status for Instance(id=20f0d8218f73, version=5, registration=Registration(name=nstr-test, managementUrl=http://S6P36ZS239I4HZ0:1801/actuator, healthUrl=http://S6P36ZS239I4HZ0:1801/actuator/health, serviceUrl=http://S6P36ZS239I4HZ0:1801/, source=http-api), registered=true, statusInfo=StatusInfo(status=UP, details={hystrix={status=UP}, diskSpace={status=UP, details={total=304943722496, free=90775302144, threshold=10485760, exists=true}}, ping={status=UP}, discoveryComposite={status=UP, details={discoveryClient={status=UP, details={services=[nstr-test, nstr-system, nstr-gateway, nstr-auth]}}}}, refreshScope={status=UP}, nacosDiscovery={status=UP}, db={status=UP, details={database=MySQL, validationQuery=isValid()}}}), statusTimestamp=2021-08-18T09:27:08.955623600Z, info=Info(values={app={name=nstr-test, description=仙人球微服务-测试资源服务, version=2.2-RELEASE}}), endpoints=Endpoints(endpoints={caches=Endpoint(id=caches, url=http://S6P36ZS239I4HZ0:1801/actuator/caches), loggers=Endpoint(id=loggers, url=http://S6P36ZS239I4HZ0:1801/actuator/loggers), health=Endpoint(id=health, url=http://S6P36ZS239I4HZ0:1801/actuator/health), refresh=Endpoint(id=refresh, url=http://S6P36ZS239I4HZ0:1801/actuator/refresh), env=Endpoint(id=env, url=http://S6P36ZS239I4HZ0:1801/actuator/env), nacosdiscovery=Endpoint(id=nacosdiscovery, url=http://S6P36ZS239I4HZ0:1801/actuator/nacosdiscovery), heapdump=Endpoint(id=heapdump, url=http://S6P36ZS239I4HZ0:1801/actuator/heapdump), features=Endpoint(id=features, url=http://S6P36ZS239I4HZ0:1801/actuator/features), scheduledtasks=Endpoint(id=scheduledtasks, url=http://S6P36ZS239I4HZ0:1801/actuator/scheduledtasks), mappings=Endpoint(id=mappings, url=http://S6P36ZS239I4HZ0:1801/actuator/mappings), archaius=Endpoint(id=archaius, url=http://S6P36ZS239I4HZ0:1801/actuator/archaius), beans=Endpoint(id=beans, url=http://S6P36ZS239I4HZ0:1801/actuator/beans), configprops=Endpoint(id=configprops, url=http://S6P36ZS239I4HZ0:1801/actuator/configprops), threaddump=Endpoint(id=threaddump, url=http://S6P36ZS239I4HZ0:1801/actuator/threaddump), metrics=Endpoint(id=metrics, url=http://S6P36ZS239I4HZ0:1801/actuator/metrics), conditions=Endpoint(id=conditions, url=http://S6P36ZS239I4HZ0:1801/actuator/conditions), service-registry=Endpoint(id=service-registry, url=http://S6P36ZS239I4HZ0:1801/actuator/service-registry), info=Endpoint(id=info, url=http://S6P36ZS239I4HZ0:1801/actuator/info)}), buildVersion=null, tags=Tags(values={}))
io.netty.channel.AbstractChannel$AnnotatedConnectException: Connection refused: no further information: S6P36ZS239I4HZ0/192.168.1.216:1801
	Suppressed: reactor.core.publisher.FluxOnAssembly$OnAssemblyException: 
Error has been observed at the following site(s):
	|_ checkpoint ⇢ Request to GET health [DefaultWebClient]
Stack trace:
Caused by: java.net.ConnectException: Connection refused: no further information
	at java.base/sun.nio.ch.SocketChannelImpl.checkConnect(Native Method)
	at java.base/sun.nio.ch.SocketChannelImpl.finishConnect(SocketChannelImpl.java:779)
	at io.netty.channel.socket.nio.NioSocketChannel.doFinishConnect(NioSocketChannel.java:330)
	at io.netty.channel.nio.AbstractNioChannel$AbstractNioUnsafe.finishConnect(AbstractNioChannel.java:334)
	at io.netty.channel.nio.NioEventLoop.processSelectedKey(NioEventLoop.java:707)
	at io.netty.channel.nio.NioEventLoop.processSelectedKeysOptimized(NioEventLoop.java:655)
	at io.netty.channel.nio.NioEventLoop.processSelectedKeys(NioEventLoop.java:581)
	at io.netty.channel.nio.NioEventLoop.run(NioEventLoop.java:493)
	at io.netty.util.concurrent.SingleThreadEventExecutor$4.run(SingleThreadEventExecutor.java:989)
	at io.netty.util.internal.ThreadExecutorMap$2.run(ThreadExecutorMap.java:74)
	at io.netty.util.concurrent.FastThreadLocalRunnable.run(FastThreadLocalRunnable.java:30)
	at java.base/java.lang.Thread.run(Thread.java:834)
2021-08-18 17:35:15 INFO  SpringContextShutdownHook org.springframework.scheduling.concurrent.ThreadPoolTaskExecutor Shutting down ExecutorService 'applicationTaskExecutor'
2021-08-18 17:35:20 INFO  main com.nstr.admin.NstrAdminApplication No active profile set, falling back to default profiles: default
2021-08-18 17:35:21 INFO  main org.springframework.cloud.context.scope.GenericScope BeanFactory id=3fc2e10e-05ab-3e00-8aea-da16988b2349
2021-08-18 17:35:21 INFO  main org.springframework.boot.web.embedded.tomcat.TomcatWebServer Tomcat initialized with port(s): 1820 (http)
2021-08-18 17:35:21 INFO  main org.apache.coyote.http11.Http11NioProtocol Initializing ProtocolHandler ["http-nio-1820"]
2021-08-18 17:35:21 INFO  main org.apache.catalina.core.StandardService Starting service [Tomcat]
2021-08-18 17:35:21 INFO  main org.apache.catalina.core.StandardEngine Starting Servlet engine: [Apache Tomcat/9.0.41]
2021-08-18 17:35:21 INFO  main org.apache.catalina.core.ContainerBase.[Tomcat].[localhost].[/] Initializing Spring embedded WebApplicationContext
2021-08-18 17:35:21 INFO  main org.springframework.boot.web.servlet.context.ServletWebServerApplicationContext Root WebApplicationContext: initialization completed in 1445 ms
2021-08-18 17:35:22 INFO  main org.springframework.security.web.DefaultSecurityFilterChain Creating filter chain: any request, [org.springframework.security.web.context.request.async.WebAsyncManagerIntegrationFilter@51d8f2f2, org.springframework.security.web.context.SecurityContextPersistenceFilter@6009cd34, org.springframework.security.web.header.HeaderWriterFilter@45b7c97f, org.springframework.security.web.authentication.logout.LogoutFilter@77663cd7, org.springframework.security.web.authentication.UsernamePasswordAuthenticationFilter@12cd129c, org.springframework.security.web.authentication.www.BasicAuthenticationFilter@10e56da9, org.springframework.security.web.savedrequest.RequestCacheAwareFilter@25214797, org.springframework.security.web.servletapi.SecurityContextHolderAwareRequestFilter@305b43ca, org.springframework.security.web.authentication.AnonymousAuthenticationFilter@4b476233, org.springframework.security.web.session.SessionManagementFilter@7b377a53, org.springframework.security.web.access.ExceptionTranslationFilter@d9f5fce, org.springframework.security.web.access.intercept.FilterSecurityInterceptor@6704df84]
2021-08-18 17:35:22 INFO  main org.springframework.scheduling.concurrent.ThreadPoolTaskExecutor Initializing ExecutorService 'applicationTaskExecutor'
2021-08-18 17:35:24 INFO  main org.springframework.boot.actuate.endpoint.web.EndpointLinksResolver Exposing 2 endpoint(s) beneath base path '/actuator'
2021-08-18 17:35:24 INFO  main org.apache.coyote.http11.Http11NioProtocol Starting ProtocolHandler ["http-nio-1820"]
2021-08-18 17:35:24 INFO  main org.springframework.boot.web.embedded.tomcat.TomcatWebServer Tomcat started on port(s): 1820 (http) with context path ''
2021-08-18 17:35:25 INFO  main com.nstr.admin.NstrAdminApplication Started NstrAdminApplication in 6.912 seconds (JVM running for 7.786)
2021-08-18 17:35:25 INFO  RMI TCP Connection(3)-192.168.1.216 org.apache.catalina.core.ContainerBase.[Tomcat].[localhost].[/] Initializing Spring DispatcherServlet 'dispatcherServlet'
2021-08-18 17:35:25 INFO  RMI TCP Connection(3)-192.168.1.216 org.springframework.web.servlet.DispatcherServlet Initializing Servlet 'dispatcherServlet'
2021-08-18 17:35:25 INFO  RMI TCP Connection(3)-192.168.1.216 org.springframework.web.servlet.DispatcherServlet Completed initialization in 9 ms
2021-08-18 17:41:57 INFO  SpringContextShutdownHook org.springframework.scheduling.concurrent.ThreadPoolTaskExecutor Shutting down ExecutorService 'applicationTaskExecutor'
