2021-08-16 09:56:22 INFO  SpringContextShutdownHook org.springframework.scheduling.concurrent.ThreadPoolTaskExecutor Shutting down ExecutorService 'applicationTaskExecutor'
2021-08-16 09:56:35 INFO  main com.nstr.admin.NstrAdminApplication No active profile set, falling back to default profiles: default
2021-08-16 09:56:36 INFO  main org.springframework.cloud.context.scope.GenericScope BeanFactory id=3fc2e10e-05ab-3e00-8aea-da16988b2349
2021-08-16 09:56:37 INFO  main org.springframework.boot.web.embedded.tomcat.TomcatWebServer Tomcat initialized with port(s): 1820 (http)
2021-08-16 09:56:37 INFO  main org.apache.coyote.http11.Http11NioProtocol Initializing ProtocolHandler ["http-nio-1820"]
2021-08-16 09:56:37 INFO  main org.apache.catalina.core.StandardService Starting service [Tomcat]
2021-08-16 09:56:37 INFO  main org.apache.catalina.core.StandardEngine Starting Servlet engine: [Apache Tomcat/9.0.41]
2021-08-16 09:56:37 INFO  main org.apache.catalina.core.ContainerBase.[Tomcat].[localhost].[/] Initializing Spring embedded WebApplicationContext
2021-08-16 09:56:37 INFO  main org.springframework.boot.web.servlet.context.ServletWebServerApplicationContext Root WebApplicationContext: initialization completed in 2139 ms
2021-08-16 09:56:38 INFO  main org.springframework.security.web.DefaultSecurityFilterChain Creating filter chain: any request, [org.springframework.security.web.context.request.async.WebAsyncManagerIntegrationFilter@d9f5fce, org.springframework.security.web.context.SecurityContextPersistenceFilter@77fc19cf, org.springframework.security.web.header.HeaderWriterFilter@7d401cdc, org.springframework.security.web.authentication.logout.LogoutFilter@33627576, org.springframework.security.web.authentication.UsernamePasswordAuthenticationFilter@14d1737a, org.springframework.security.web.authentication.www.BasicAuthenticationFilter@3ef3f661, org.springframework.security.web.savedrequest.RequestCacheAwareFilter@1b31af02, org.springframework.security.web.servletapi.SecurityContextHolderAwareRequestFilter@730bea0, org.springframework.security.web.authentication.AnonymousAuthenticationFilter@49653791, org.springframework.security.web.session.SessionManagementFilter@4217bce6, org.springframework.security.web.access.ExceptionTranslationFilter@120350eb, org.springframework.security.web.access.intercept.FilterSecurityInterceptor@3bd08435]
2021-08-16 09:56:38 INFO  main org.springframework.scheduling.concurrent.ThreadPoolTaskExecutor Initializing ExecutorService 'applicationTaskExecutor'
2021-08-16 09:56:40 INFO  main org.springframework.boot.actuate.endpoint.web.EndpointLinksResolver Exposing 2 endpoint(s) beneath base path '/actuator'
2021-08-16 09:56:40 INFO  main org.apache.coyote.http11.Http11NioProtocol Starting ProtocolHandler ["http-nio-1820"]
2021-08-16 09:56:40 INFO  main org.springframework.boot.web.embedded.tomcat.TomcatWebServer Tomcat started on port(s): 1820 (http) with context path ''
2021-08-16 09:56:41 INFO  main com.nstr.admin.NstrAdminApplication Started NstrAdminApplication in 7.908 seconds (JVM running for 10.475)
2021-08-16 09:56:41 INFO  RMI TCP Connection(2)-192.168.1.216 org.apache.catalina.core.ContainerBase.[Tomcat].[localhost].[/] Initializing Spring DispatcherServlet 'dispatcherServlet'
2021-08-16 09:56:41 INFO  RMI TCP Connection(2)-192.168.1.216 org.springframework.web.servlet.DispatcherServlet Initializing Servlet 'dispatcherServlet'
2021-08-16 09:56:41 INFO  RMI TCP Connection(2)-192.168.1.216 org.springframework.web.servlet.DispatcherServlet Completed initialization in 7 ms
2021-08-16 10:22:58 INFO  SpringContextShutdownHook org.springframework.scheduling.concurrent.ThreadPoolTaskExecutor Shutting down ExecutorService 'applicationTaskExecutor'
2021-08-16 10:23:03 INFO  main com.nstr.admin.NstrAdminApplication No active profile set, falling back to default profiles: default
2021-08-16 10:23:03 INFO  main org.springframework.cloud.context.scope.GenericScope BeanFactory id=3fc2e10e-05ab-3e00-8aea-da16988b2349
2021-08-16 10:23:03 INFO  main org.springframework.boot.web.embedded.tomcat.TomcatWebServer Tomcat initialized with port(s): 1820 (http)
2021-08-16 10:23:04 INFO  main org.apache.coyote.http11.Http11NioProtocol Initializing ProtocolHandler ["http-nio-1820"]
2021-08-16 10:23:04 INFO  main org.apache.catalina.core.StandardService Starting service [Tomcat]
2021-08-16 10:23:04 INFO  main org.apache.catalina.core.StandardEngine Starting Servlet engine: [Apache Tomcat/9.0.41]
2021-08-16 10:23:04 INFO  main org.apache.catalina.core.ContainerBase.[Tomcat].[localhost].[/] Initializing Spring embedded WebApplicationContext
2021-08-16 10:23:04 INFO  main org.springframework.boot.web.servlet.context.ServletWebServerApplicationContext Root WebApplicationContext: initialization completed in 1071 ms
2021-08-16 10:23:04 INFO  main org.springframework.security.web.DefaultSecurityFilterChain Creating filter chain: any request, [org.springframework.security.web.context.request.async.WebAsyncManagerIntegrationFilter@72fb989b, org.springframework.security.web.context.SecurityContextPersistenceFilter@25214797, org.springframework.security.web.header.HeaderWriterFilter@7b377a53, org.springframework.security.web.authentication.logout.LogoutFilter@5c70d7f0, org.springframework.security.web.authentication.UsernamePasswordAuthenticationFilter@4cb00fa5, org.springframework.security.web.authentication.www.BasicAuthenticationFilter@22ae905f, org.springframework.security.web.savedrequest.RequestCacheAwareFilter@60928a61, org.springframework.security.web.servletapi.SecurityContextHolderAwareRequestFilter@25e8e59, org.springframework.security.web.authentication.AnonymousAuthenticationFilter@4f235e8e, org.springframework.security.web.session.SessionManagementFilter@6009cd34, org.springframework.security.web.access.ExceptionTranslationFilter@45b7c97f, org.springframework.security.web.access.intercept.FilterSecurityInterceptor@53bb71e5]
2021-08-16 10:23:04 INFO  main org.springframework.scheduling.concurrent.ThreadPoolTaskExecutor Initializing ExecutorService 'applicationTaskExecutor'
2021-08-16 10:23:06 INFO  main org.springframework.boot.actuate.endpoint.web.EndpointLinksResolver Exposing 2 endpoint(s) beneath base path '/actuator'
2021-08-16 10:23:06 INFO  main org.apache.coyote.http11.Http11NioProtocol Starting ProtocolHandler ["http-nio-1820"]
2021-08-16 10:23:07 INFO  main org.springframework.boot.web.embedded.tomcat.TomcatWebServer Tomcat started on port(s): 1820 (http) with context path ''
2021-08-16 10:23:07 INFO  main com.nstr.admin.NstrAdminApplication Started NstrAdminApplication in 6.157 seconds (JVM running for 7.121)
2021-08-16 10:23:09 INFO  RMI TCP Connection(8)-192.168.1.216 org.apache.catalina.core.ContainerBase.[Tomcat].[localhost].[/] Initializing Spring DispatcherServlet 'dispatcherServlet'
2021-08-16 10:23:09 INFO  RMI TCP Connection(8)-192.168.1.216 org.springframework.web.servlet.DispatcherServlet Initializing Servlet 'dispatcherServlet'
2021-08-16 10:23:09 INFO  RMI TCP Connection(8)-192.168.1.216 org.springframework.web.servlet.DispatcherServlet Completed initialization in 9 ms
2021-08-16 10:31:02 INFO  SpringContextShutdownHook org.springframework.scheduling.concurrent.ThreadPoolTaskExecutor Shutting down ExecutorService 'applicationTaskExecutor'
2021-08-16 10:31:07 INFO  main com.nstr.admin.NstrAdminApplication No active profile set, falling back to default profiles: default
2021-08-16 10:31:08 INFO  main org.springframework.cloud.context.scope.GenericScope BeanFactory id=3fc2e10e-05ab-3e00-8aea-da16988b2349
2021-08-16 10:31:08 INFO  main org.springframework.boot.web.embedded.tomcat.TomcatWebServer Tomcat initialized with port(s): 1820 (http)
2021-08-16 10:31:08 INFO  main org.apache.coyote.http11.Http11NioProtocol Initializing ProtocolHandler ["http-nio-1820"]
2021-08-16 10:31:08 INFO  main org.apache.catalina.core.StandardService Starting service [Tomcat]
2021-08-16 10:31:08 INFO  main org.apache.catalina.core.StandardEngine Starting Servlet engine: [Apache Tomcat/9.0.41]
2021-08-16 10:31:08 INFO  main org.apache.catalina.core.ContainerBase.[Tomcat].[localhost].[/] Initializing Spring embedded WebApplicationContext
2021-08-16 10:31:08 INFO  main org.springframework.boot.web.servlet.context.ServletWebServerApplicationContext Root WebApplicationContext: initialization completed in 1509 ms
2021-08-16 10:31:09 INFO  main org.springframework.security.web.DefaultSecurityFilterChain Creating filter chain: any request, [org.springframework.security.web.context.request.async.WebAsyncManagerIntegrationFilter@6d4a05f7, org.springframework.security.web.context.SecurityContextPersistenceFilter@1b0e031b, org.springframework.security.web.header.HeaderWriterFilter@49653791, org.springframework.security.web.authentication.logout.LogoutFilter@6a5dd083, org.springframework.security.web.authentication.UsernamePasswordAuthenticationFilter@15994b0b, org.springframework.security.web.authentication.www.BasicAuthenticationFilter@19b9f903, org.springframework.security.web.savedrequest.RequestCacheAwareFilter@65844c96, org.springframework.security.web.servletapi.SecurityContextHolderAwareRequestFilter@7e18ced7, org.springframework.security.web.authentication.AnonymousAuthenticationFilter@51d8f2f2, org.springframework.security.web.session.SessionManagementFilter@c212536, org.springframework.security.web.access.ExceptionTranslationFilter@65859b44, org.springframework.security.web.access.intercept.FilterSecurityInterceptor@13d289c7]
2021-08-16 10:31:09 INFO  main org.springframework.scheduling.concurrent.ThreadPoolTaskExecutor Initializing ExecutorService 'applicationTaskExecutor'
2021-08-16 10:31:12 INFO  main org.springframework.boot.actuate.endpoint.web.EndpointLinksResolver Exposing 2 endpoint(s) beneath base path '/actuator'
2021-08-16 10:31:12 INFO  main org.apache.coyote.http11.Http11NioProtocol Starting ProtocolHandler ["http-nio-1820"]
2021-08-16 10:31:12 INFO  main org.springframework.boot.web.embedded.tomcat.TomcatWebServer Tomcat started on port(s): 1820 (http) with context path ''
2021-08-16 10:31:13 INFO  main com.nstr.admin.NstrAdminApplication Started NstrAdminApplication in 8.31 seconds (JVM running for 9.263)
2021-08-16 10:31:13 INFO  RMI TCP Connection(6)-192.168.1.216 org.apache.catalina.core.ContainerBase.[Tomcat].[localhost].[/] Initializing Spring DispatcherServlet 'dispatcherServlet'
2021-08-16 10:31:13 INFO  RMI TCP Connection(6)-192.168.1.216 org.springframework.web.servlet.DispatcherServlet Initializing Servlet 'dispatcherServlet'
2021-08-16 10:31:13 INFO  RMI TCP Connection(6)-192.168.1.216 org.springframework.web.servlet.DispatcherServlet Completed initialization in 8 ms
2021-08-16 10:33:22 INFO  reactor-http-nio-5 de.codecentric.boot.admin.server.services.StatusUpdater Couldn't retrieve status for Instance(id=e0b5ff47633b, version=3, registration=Registration(name=nstr-system, managementUrl=http://S6P36ZS239I4HZ0:1701/actuator, healthUrl=http://S6P36ZS239I4HZ0:1701/actuator/health, serviceUrl=http://S6P36ZS239I4HZ0:1701/, source=http-api), registered=true, statusInfo=StatusInfo(status=UP, details={hystrix={status=UP}, diskSpace={status=UP, details={total=304943722496, free=90285297664, threshold=10485760, exists=true}}, ping={status=UP}, discoveryComposite={status=UP, details={discoveryClient={status=UP, details={services=[nstr-test, nstr-system, nstr-gateway, nstr-auth]}}}}, refreshScope={status=UP}, nacosDiscovery={status=UP}, db={status=UP, details={database=MySQL, validationQuery=isValid()}}}), statusTimestamp=2021-08-16T02:31:26.063385300Z, info=Info(values={app={name=nstr-system, description=仙人球微服务-基础权限系统, version=2.2-RELEASE}}), endpoints=Endpoints(endpoints={caches=Endpoint(id=caches, url=http://S6P36ZS239I4HZ0:1701/actuator/caches), loggers=Endpoint(id=loggers, url=http://S6P36ZS239I4HZ0:1701/actuator/loggers), health=Endpoint(id=health, url=http://S6P36ZS239I4HZ0:1701/actuator/health), refresh=Endpoint(id=refresh, url=http://S6P36ZS239I4HZ0:1701/actuator/refresh), env=Endpoint(id=env, url=http://S6P36ZS239I4HZ0:1701/actuator/env), nacosdiscovery=Endpoint(id=nacosdiscovery, url=http://S6P36ZS239I4HZ0:1701/actuator/nacosdiscovery), heapdump=Endpoint(id=heapdump, url=http://S6P36ZS239I4HZ0:1701/actuator/heapdump), features=Endpoint(id=features, url=http://S6P36ZS239I4HZ0:1701/actuator/features), scheduledtasks=Endpoint(id=scheduledtasks, url=http://S6P36ZS239I4HZ0:1701/actuator/scheduledtasks), mappings=Endpoint(id=mappings, url=http://S6P36ZS239I4HZ0:1701/actuator/mappings), archaius=Endpoint(id=archaius, url=http://S6P36ZS239I4HZ0:1701/actuator/archaius), beans=Endpoint(id=beans, url=http://S6P36ZS239I4HZ0:1701/actuator/beans), configprops=Endpoint(id=configprops, url=http://S6P36ZS239I4HZ0:1701/actuator/configprops), threaddump=Endpoint(id=threaddump, url=http://S6P36ZS239I4HZ0:1701/actuator/threaddump), metrics=Endpoint(id=metrics, url=http://S6P36ZS239I4HZ0:1701/actuator/metrics), conditions=Endpoint(id=conditions, url=http://S6P36ZS239I4HZ0:1701/actuator/conditions), service-registry=Endpoint(id=service-registry, url=http://S6P36ZS239I4HZ0:1701/actuator/service-registry), info=Endpoint(id=info, url=http://S6P36ZS239I4HZ0:1701/actuator/info)}), buildVersion=null, tags=Tags(values={}))
io.netty.channel.AbstractChannel$AnnotatedConnectException: Connection refused: no further information: S6P36ZS239I4HZ0/192.168.1.216:1701
	Suppressed: reactor.core.publisher.FluxOnAssembly$OnAssemblyException: 
Error has been observed at the following site(s):
	|_ checkpoint ⇢ Request to GET health [DefaultWebClient]
Stack trace:
Caused by: java.net.ConnectException: Connection refused: no further information
	at java.base/sun.nio.ch.SocketChannelImpl.checkConnect(Native Method)
	at java.base/sun.nio.ch.SocketChannelImpl.finishConnect(SocketChannelImpl.java:779)
	at io.netty.channel.socket.nio.NioSocketChannel.doFinishConnect(NioSocketChannel.java:330)
	at io.netty.channel.nio.AbstractNioChannel$AbstractNioUnsafe.finishConnect(AbstractNioChannel.java:334)
	at io.netty.channel.nio.NioEventLoop.processSelectedKey(NioEventLoop.java:707)
	at io.netty.channel.nio.NioEventLoop.processSelectedKeysOptimized(NioEventLoop.java:655)
	at io.netty.channel.nio.NioEventLoop.processSelectedKeys(NioEventLoop.java:581)
	at io.netty.channel.nio.NioEventLoop.run(NioEventLoop.java:493)
	at io.netty.util.concurrent.SingleThreadEventExecutor$4.run(SingleThreadEventExecutor.java:989)
	at io.netty.util.internal.ThreadExecutorMap$2.run(ThreadExecutorMap.java:74)
	at io.netty.util.concurrent.FastThreadLocalRunnable.run(FastThreadLocalRunnable.java:30)
	at java.base/java.lang.Thread.run(Thread.java:834)
2021-08-16 10:43:32 INFO  reactor-http-nio-7 de.codecentric.boot.admin.server.services.StatusUpdater Couldn't retrieve status for Instance(id=e0b5ff47633b, version=7, registration=Registration(name=nstr-system, managementUrl=http://S6P36ZS239I4HZ0:1701/actuator, healthUrl=http://S6P36ZS239I4HZ0:1701/actuator/health, serviceUrl=http://S6P36ZS239I4HZ0:1701/, source=http-api), registered=true, statusInfo=StatusInfo(status=UP, details={hystrix={status=UP}, diskSpace={status=UP, details={total=304943722496, free=90285252608, threshold=10485760, exists=true}}, ping={status=UP}, discoveryComposite={status=UP, details={discoveryClient={status=UP, details={services=[nstr-test, nstr-system, nstr-gateway, nstr-auth]}}}}, refreshScope={status=UP}, nacosDiscovery={status=UP}, db={status=UP, details={database=MySQL, validationQuery=isValid()}}}), statusTimestamp=2021-08-16T02:33:38.676437500Z, info=Info(values={}), endpoints=Endpoints(endpoints={caches=Endpoint(id=caches, url=http://S6P36ZS239I4HZ0:1701/actuator/caches), loggers=Endpoint(id=loggers, url=http://S6P36ZS239I4HZ0:1701/actuator/loggers), health=Endpoint(id=health, url=http://S6P36ZS239I4HZ0:1701/actuator/health), refresh=Endpoint(id=refresh, url=http://S6P36ZS239I4HZ0:1701/actuator/refresh), env=Endpoint(id=env, url=http://S6P36ZS239I4HZ0:1701/actuator/env), nacosdiscovery=Endpoint(id=nacosdiscovery, url=http://S6P36ZS239I4HZ0:1701/actuator/nacosdiscovery), heapdump=Endpoint(id=heapdump, url=http://S6P36ZS239I4HZ0:1701/actuator/heapdump), features=Endpoint(id=features, url=http://S6P36ZS239I4HZ0:1701/actuator/features), scheduledtasks=Endpoint(id=scheduledtasks, url=http://S6P36ZS239I4HZ0:1701/actuator/scheduledtasks), mappings=Endpoint(id=mappings, url=http://S6P36ZS239I4HZ0:1701/actuator/mappings), archaius=Endpoint(id=archaius, url=http://S6P36ZS239I4HZ0:1701/actuator/archaius), beans=Endpoint(id=beans, url=http://S6P36ZS239I4HZ0:1701/actuator/beans), configprops=Endpoint(id=configprops, url=http://S6P36ZS239I4HZ0:1701/actuator/configprops), threaddump=Endpoint(id=threaddump, url=http://S6P36ZS239I4HZ0:1701/actuator/threaddump), metrics=Endpoint(id=metrics, url=http://S6P36ZS239I4HZ0:1701/actuator/metrics), conditions=Endpoint(id=conditions, url=http://S6P36ZS239I4HZ0:1701/actuator/conditions), service-registry=Endpoint(id=service-registry, url=http://S6P36ZS239I4HZ0:1701/actuator/service-registry), info=Endpoint(id=info, url=http://S6P36ZS239I4HZ0:1701/actuator/info)}), buildVersion=null, tags=Tags(values={}))
io.netty.channel.AbstractChannel$AnnotatedConnectException: Connection refused: no further information: S6P36ZS239I4HZ0/192.168.1.216:1701
	Suppressed: reactor.core.publisher.FluxOnAssembly$OnAssemblyException: 
Error has been observed at the following site(s):
	|_ checkpoint ⇢ Request to GET health [DefaultWebClient]
Stack trace:
Caused by: java.net.ConnectException: Connection refused: no further information
	at java.base/sun.nio.ch.SocketChannelImpl.checkConnect(Native Method)
	at java.base/sun.nio.ch.SocketChannelImpl.finishConnect(SocketChannelImpl.java:779)
	at io.netty.channel.socket.nio.NioSocketChannel.doFinishConnect(NioSocketChannel.java:330)
	at io.netty.channel.nio.AbstractNioChannel$AbstractNioUnsafe.finishConnect(AbstractNioChannel.java:334)
	at io.netty.channel.nio.NioEventLoop.processSelectedKey(NioEventLoop.java:707)
	at io.netty.channel.nio.NioEventLoop.processSelectedKeysOptimized(NioEventLoop.java:655)
	at io.netty.channel.nio.NioEventLoop.processSelectedKeys(NioEventLoop.java:581)
	at io.netty.channel.nio.NioEventLoop.run(NioEventLoop.java:493)
	at io.netty.util.concurrent.SingleThreadEventExecutor$4.run(SingleThreadEventExecutor.java:989)
	at io.netty.util.internal.ThreadExecutorMap$2.run(ThreadExecutorMap.java:74)
	at io.netty.util.concurrent.FastThreadLocalRunnable.run(FastThreadLocalRunnable.java:30)
	at java.base/java.lang.Thread.run(Thread.java:834)
2021-08-16 10:58:32 INFO  reactor-http-nio-1 de.codecentric.boot.admin.server.services.StatusUpdater Couldn't retrieve status for Instance(id=e0b5ff47633b, version=11, registration=Registration(name=nstr-system, managementUrl=http://S6P36ZS239I4HZ0:1701/actuator, healthUrl=http://S6P36ZS239I4HZ0:1701/actuator/health, serviceUrl=http://S6P36ZS239I4HZ0:1701/, source=http-api), registered=true, statusInfo=StatusInfo(status=UP, details={hystrix={status=UP}, diskSpace={status=UP, details={total=304943722496, free=90285166592, threshold=10485760, exists=true}}, ping={status=UP}, discoveryComposite={status=UP, details={discoveryClient={status=UP, details={services=[nstr-test, nstr-system, nstr-gateway, nstr-auth]}}}}, refreshScope={status=UP}, nacosDiscovery={status=UP}, db={status=UP, details={database=MySQL, validationQuery=isValid()}}}), statusTimestamp=2021-08-16T02:43:39.243943200Z, info=Info(values={app={name=nstr-system, description=仙人球微服务-基础权限系统, version=2.2-RELEASE}}), endpoints=Endpoints(endpoints={caches=Endpoint(id=caches, url=http://S6P36ZS239I4HZ0:1701/actuator/caches), loggers=Endpoint(id=loggers, url=http://S6P36ZS239I4HZ0:1701/actuator/loggers), health=Endpoint(id=health, url=http://S6P36ZS239I4HZ0:1701/actuator/health), refresh=Endpoint(id=refresh, url=http://S6P36ZS239I4HZ0:1701/actuator/refresh), env=Endpoint(id=env, url=http://S6P36ZS239I4HZ0:1701/actuator/env), nacosdiscovery=Endpoint(id=nacosdiscovery, url=http://S6P36ZS239I4HZ0:1701/actuator/nacosdiscovery), heapdump=Endpoint(id=heapdump, url=http://S6P36ZS239I4HZ0:1701/actuator/heapdump), features=Endpoint(id=features, url=http://S6P36ZS239I4HZ0:1701/actuator/features), scheduledtasks=Endpoint(id=scheduledtasks, url=http://S6P36ZS239I4HZ0:1701/actuator/scheduledtasks), mappings=Endpoint(id=mappings, url=http://S6P36ZS239I4HZ0:1701/actuator/mappings), archaius=Endpoint(id=archaius, url=http://S6P36ZS239I4HZ0:1701/actuator/archaius), beans=Endpoint(id=beans, url=http://S6P36ZS239I4HZ0:1701/actuator/beans), configprops=Endpoint(id=configprops, url=http://S6P36ZS239I4HZ0:1701/actuator/configprops), threaddump=Endpoint(id=threaddump, url=http://S6P36ZS239I4HZ0:1701/actuator/threaddump), metrics=Endpoint(id=metrics, url=http://S6P36ZS239I4HZ0:1701/actuator/metrics), conditions=Endpoint(id=conditions, url=http://S6P36ZS239I4HZ0:1701/actuator/conditions), service-registry=Endpoint(id=service-registry, url=http://S6P36ZS239I4HZ0:1701/actuator/service-registry), info=Endpoint(id=info, url=http://S6P36ZS239I4HZ0:1701/actuator/info)}), buildVersion=null, tags=Tags(values={}))
io.netty.channel.AbstractChannel$AnnotatedConnectException: Connection refused: no further information: S6P36ZS239I4HZ0/192.168.1.216:1701
	Suppressed: reactor.core.publisher.FluxOnAssembly$OnAssemblyException: 
Error has been observed at the following site(s):
	|_ checkpoint ⇢ Request to GET health [DefaultWebClient]
Stack trace:
Caused by: java.net.ConnectException: Connection refused: no further information
	at java.base/sun.nio.ch.SocketChannelImpl.checkConnect(Native Method)
	at java.base/sun.nio.ch.SocketChannelImpl.finishConnect(SocketChannelImpl.java:779)
	at io.netty.channel.socket.nio.NioSocketChannel.doFinishConnect(NioSocketChannel.java:330)
	at io.netty.channel.nio.AbstractNioChannel$AbstractNioUnsafe.finishConnect(AbstractNioChannel.java:334)
	at io.netty.channel.nio.NioEventLoop.processSelectedKey(NioEventLoop.java:707)
	at io.netty.channel.nio.NioEventLoop.processSelectedKeysOptimized(NioEventLoop.java:655)
	at io.netty.channel.nio.NioEventLoop.processSelectedKeys(NioEventLoop.java:581)
	at io.netty.channel.nio.NioEventLoop.run(NioEventLoop.java:493)
	at io.netty.util.concurrent.SingleThreadEventExecutor$4.run(SingleThreadEventExecutor.java:989)
	at io.netty.util.internal.ThreadExecutorMap$2.run(ThreadExecutorMap.java:74)
	at io.netty.util.concurrent.FastThreadLocalRunnable.run(FastThreadLocalRunnable.java:30)
	at java.base/java.lang.Thread.run(Thread.java:834)
2021-08-16 11:39:12 INFO  reactor-http-nio-7 de.codecentric.boot.admin.server.services.StatusUpdater Couldn't retrieve status for Instance(id=e0b5ff47633b, version=14, registration=Registration(name=nstr-system, managementUrl=http://S6P36ZS239I4HZ0:1701/actuator, healthUrl=http://S6P36ZS239I4HZ0:1701/actuator/health, serviceUrl=http://S6P36ZS239I4HZ0:1701/, source=http-api), registered=true, statusInfo=StatusInfo(status=UP, details={hystrix={status=UP}, diskSpace={status=UP, details={total=304943722496, free=90285142016, threshold=10485760, exists=true}}, ping={status=UP}, discoveryComposite={status=UP, details={discoveryClient={status=UP, details={services=[nstr-test, nstr-system, nstr-gateway, nstr-auth]}}}}, refreshScope={status=UP}, nacosDiscovery={status=UP}, db={status=UP, details={database=MySQL, validationQuery=isValid()}}}), statusTimestamp=2021-08-16T02:58:39.859251300Z, info=Info(values={app={name=nstr-system, description=仙人球微服务-基础权限系统, version=2.2-RELEASE}}), endpoints=Endpoints(endpoints={caches=Endpoint(id=caches, url=http://S6P36ZS239I4HZ0:1701/actuator/caches), loggers=Endpoint(id=loggers, url=http://S6P36ZS239I4HZ0:1701/actuator/loggers), health=Endpoint(id=health, url=http://S6P36ZS239I4HZ0:1701/actuator/health), refresh=Endpoint(id=refresh, url=http://S6P36ZS239I4HZ0:1701/actuator/refresh), env=Endpoint(id=env, url=http://S6P36ZS239I4HZ0:1701/actuator/env), nacosdiscovery=Endpoint(id=nacosdiscovery, url=http://S6P36ZS239I4HZ0:1701/actuator/nacosdiscovery), heapdump=Endpoint(id=heapdump, url=http://S6P36ZS239I4HZ0:1701/actuator/heapdump), features=Endpoint(id=features, url=http://S6P36ZS239I4HZ0:1701/actuator/features), scheduledtasks=Endpoint(id=scheduledtasks, url=http://S6P36ZS239I4HZ0:1701/actuator/scheduledtasks), mappings=Endpoint(id=mappings, url=http://S6P36ZS239I4HZ0:1701/actuator/mappings), archaius=Endpoint(id=archaius, url=http://S6P36ZS239I4HZ0:1701/actuator/archaius), beans=Endpoint(id=beans, url=http://S6P36ZS239I4HZ0:1701/actuator/beans), configprops=Endpoint(id=configprops, url=http://S6P36ZS239I4HZ0:1701/actuator/configprops), threaddump=Endpoint(id=threaddump, url=http://S6P36ZS239I4HZ0:1701/actuator/threaddump), metrics=Endpoint(id=metrics, url=http://S6P36ZS239I4HZ0:1701/actuator/metrics), conditions=Endpoint(id=conditions, url=http://S6P36ZS239I4HZ0:1701/actuator/conditions), service-registry=Endpoint(id=service-registry, url=http://S6P36ZS239I4HZ0:1701/actuator/service-registry), info=Endpoint(id=info, url=http://S6P36ZS239I4HZ0:1701/actuator/info)}), buildVersion=null, tags=Tags(values={}))
io.netty.channel.AbstractChannel$AnnotatedConnectException: Connection refused: no further information: S6P36ZS239I4HZ0/192.168.1.216:1701
	Suppressed: reactor.core.publisher.FluxOnAssembly$OnAssemblyException: 
Error has been observed at the following site(s):
	|_ checkpoint ⇢ Request to GET health [DefaultWebClient]
Stack trace:
Caused by: java.net.ConnectException: Connection refused: no further information
	at java.base/sun.nio.ch.SocketChannelImpl.checkConnect(Native Method)
	at java.base/sun.nio.ch.SocketChannelImpl.finishConnect(SocketChannelImpl.java:779)
	at io.netty.channel.socket.nio.NioSocketChannel.doFinishConnect(NioSocketChannel.java:330)
	at io.netty.channel.nio.AbstractNioChannel$AbstractNioUnsafe.finishConnect(AbstractNioChannel.java:334)
	at io.netty.channel.nio.NioEventLoop.processSelectedKey(NioEventLoop.java:707)
	at io.netty.channel.nio.NioEventLoop.processSelectedKeysOptimized(NioEventLoop.java:655)
	at io.netty.channel.nio.NioEventLoop.processSelectedKeys(NioEventLoop.java:581)
	at io.netty.channel.nio.NioEventLoop.run(NioEventLoop.java:493)
	at io.netty.util.concurrent.SingleThreadEventExecutor$4.run(SingleThreadEventExecutor.java:989)
	at io.netty.util.internal.ThreadExecutorMap$2.run(ThreadExecutorMap.java:74)
	at io.netty.util.concurrent.FastThreadLocalRunnable.run(FastThreadLocalRunnable.java:30)
	at java.base/java.lang.Thread.run(Thread.java:834)
2021-08-16 16:40:13 INFO  reactor-http-nio-6 de.codecentric.boot.admin.server.services.StatusUpdater Couldn't retrieve status for Instance(id=118aee74b410, version=3, registration=Registration(name=nstr-auth, managementUrl=http://S6P36ZS239I4HZ0:1600/actuator, healthUrl=http://S6P36ZS239I4HZ0:1600/actuator/health, serviceUrl=http://S6P36ZS239I4HZ0:1600/, source=http-api), registered=true, statusInfo=StatusInfo(status=UP, details={hystrix={status=UP}, diskSpace={status=UP, details={total=304943722496, free=90285285376, threshold=10485760, exists=true}}, ping={status=UP}, discoveryComposite={status=UP, details={discoveryClient={status=UP, details={services=[nstr-test, nstr-system, nstr-gateway, nstr-auth]}}}}, refreshScope={status=UP}, nacosDiscovery={status=UP}, db={status=UP, details={database=MySQL, validationQuery=isValid()}}, redis={status=UP, details={version=6.2.4}}}), statusTimestamp=2021-08-16T02:31:32.943674800Z, info=Info(values={app={name=nstr-auth, description=仙人球认证服务器, version=2.2-RELEASE}}), endpoints=Endpoints(endpoints={caches=Endpoint(id=caches, url=http://S6P36ZS239I4HZ0:1600/actuator/caches), loggers=Endpoint(id=loggers, url=http://S6P36ZS239I4HZ0:1600/actuator/loggers), health=Endpoint(id=health, url=http://S6P36ZS239I4HZ0:1600/actuator/health), refresh=Endpoint(id=refresh, url=http://S6P36ZS239I4HZ0:1600/actuator/refresh), env=Endpoint(id=env, url=http://S6P36ZS239I4HZ0:1600/actuator/env), nacosdiscovery=Endpoint(id=nacosdiscovery, url=http://S6P36ZS239I4HZ0:1600/actuator/nacosdiscovery), heapdump=Endpoint(id=heapdump, url=http://S6P36ZS239I4HZ0:1600/actuator/heapdump), features=Endpoint(id=features, url=http://S6P36ZS239I4HZ0:1600/actuator/features), scheduledtasks=Endpoint(id=scheduledtasks, url=http://S6P36ZS239I4HZ0:1600/actuator/scheduledtasks), mappings=Endpoint(id=mappings, url=http://S6P36ZS239I4HZ0:1600/actuator/mappings), archaius=Endpoint(id=archaius, url=http://S6P36ZS239I4HZ0:1600/actuator/archaius), beans=Endpoint(id=beans, url=http://S6P36ZS239I4HZ0:1600/actuator/beans), configprops=Endpoint(id=configprops, url=http://S6P36ZS239I4HZ0:1600/actuator/configprops), threaddump=Endpoint(id=threaddump, url=http://S6P36ZS239I4HZ0:1600/actuator/threaddump), metrics=Endpoint(id=metrics, url=http://S6P36ZS239I4HZ0:1600/actuator/metrics), conditions=Endpoint(id=conditions, url=http://S6P36ZS239I4HZ0:1600/actuator/conditions), service-registry=Endpoint(id=service-registry, url=http://S6P36ZS239I4HZ0:1600/actuator/service-registry), info=Endpoint(id=info, url=http://S6P36ZS239I4HZ0:1600/actuator/info)}), buildVersion=null, tags=Tags(values={}))
io.netty.channel.AbstractChannel$AnnotatedConnectException: Connection refused: no further information: S6P36ZS239I4HZ0/192.168.1.216:1600
	Suppressed: reactor.core.publisher.FluxOnAssembly$OnAssemblyException: 
Error has been observed at the following site(s):
	|_ checkpoint ⇢ Request to GET health [DefaultWebClient]
Stack trace:
Caused by: java.net.ConnectException: Connection refused: no further information
	at java.base/sun.nio.ch.SocketChannelImpl.checkConnect(Native Method)
	at java.base/sun.nio.ch.SocketChannelImpl.finishConnect(SocketChannelImpl.java:779)
	at io.netty.channel.socket.nio.NioSocketChannel.doFinishConnect(NioSocketChannel.java:330)
	at io.netty.channel.nio.AbstractNioChannel$AbstractNioUnsafe.finishConnect(AbstractNioChannel.java:334)
	at io.netty.channel.nio.NioEventLoop.processSelectedKey(NioEventLoop.java:707)
	at io.netty.channel.nio.NioEventLoop.processSelectedKeysOptimized(NioEventLoop.java:655)
	at io.netty.channel.nio.NioEventLoop.processSelectedKeys(NioEventLoop.java:581)
	at io.netty.channel.nio.NioEventLoop.run(NioEventLoop.java:493)
	at io.netty.util.concurrent.SingleThreadEventExecutor$4.run(SingleThreadEventExecutor.java:989)
	at io.netty.util.internal.ThreadExecutorMap$2.run(ThreadExecutorMap.java:74)
	at io.netty.util.concurrent.FastThreadLocalRunnable.run(FastThreadLocalRunnable.java:30)
	at java.base/java.lang.Thread.run(Thread.java:834)
2021-08-16 16:40:13 INFO  reactor-http-nio-7 de.codecentric.boot.admin.server.services.StatusUpdater Couldn't retrieve status for Instance(id=20f0d8218f73, version=3, registration=Registration(name=nstr-test, managementUrl=http://S6P36ZS239I4HZ0:1801/actuator, healthUrl=http://S6P36ZS239I4HZ0:1801/actuator/health, serviceUrl=http://S6P36ZS239I4HZ0:1801/, source=http-api), registered=true, statusInfo=StatusInfo(status=UP, details={hystrix={status=UP}, diskSpace={status=UP, details={total=304943722496, free=90285297664, threshold=10485760, exists=true}}, ping={status=UP}, discoveryComposite={status=UP, details={discoveryClient={status=UP, details={services=[nstr-test, nstr-system, nstr-gateway, nstr-auth]}}}}, refreshScope={status=UP}, nacosDiscovery={status=UP}, db={status=UP, details={database=MySQL, validationQuery=isValid()}}}), statusTimestamp=2021-08-16T02:31:26.811218Z, info=Info(values={app={name=nstr-test, description=仙人球微服务-测试资源服务, version=2.2-RELEASE}}), endpoints=Endpoints(endpoints={caches=Endpoint(id=caches, url=http://S6P36ZS239I4HZ0:1801/actuator/caches), loggers=Endpoint(id=loggers, url=http://S6P36ZS239I4HZ0:1801/actuator/loggers), health=Endpoint(id=health, url=http://S6P36ZS239I4HZ0:1801/actuator/health), refresh=Endpoint(id=refresh, url=http://S6P36ZS239I4HZ0:1801/actuator/refresh), env=Endpoint(id=env, url=http://S6P36ZS239I4HZ0:1801/actuator/env), nacosdiscovery=Endpoint(id=nacosdiscovery, url=http://S6P36ZS239I4HZ0:1801/actuator/nacosdiscovery), heapdump=Endpoint(id=heapdump, url=http://S6P36ZS239I4HZ0:1801/actuator/heapdump), features=Endpoint(id=features, url=http://S6P36ZS239I4HZ0:1801/actuator/features), scheduledtasks=Endpoint(id=scheduledtasks, url=http://S6P36ZS239I4HZ0:1801/actuator/scheduledtasks), mappings=Endpoint(id=mappings, url=http://S6P36ZS239I4HZ0:1801/actuator/mappings), archaius=Endpoint(id=archaius, url=http://S6P36ZS239I4HZ0:1801/actuator/archaius), beans=Endpoint(id=beans, url=http://S6P36ZS239I4HZ0:1801/actuator/beans), configprops=Endpoint(id=configprops, url=http://S6P36ZS239I4HZ0:1801/actuator/configprops), threaddump=Endpoint(id=threaddump, url=http://S6P36ZS239I4HZ0:1801/actuator/threaddump), metrics=Endpoint(id=metrics, url=http://S6P36ZS239I4HZ0:1801/actuator/metrics), conditions=Endpoint(id=conditions, url=http://S6P36ZS239I4HZ0:1801/actuator/conditions), service-registry=Endpoint(id=service-registry, url=http://S6P36ZS239I4HZ0:1801/actuator/service-registry), info=Endpoint(id=info, url=http://S6P36ZS239I4HZ0:1801/actuator/info)}), buildVersion=null, tags=Tags(values={}))
io.netty.channel.AbstractChannel$AnnotatedConnectException: Connection refused: no further information: S6P36ZS239I4HZ0/192.168.1.216:1801
	Suppressed: reactor.core.publisher.FluxOnAssembly$OnAssemblyException: 
Error has been observed at the following site(s):
	|_ checkpoint ⇢ Request to GET health [DefaultWebClient]
Stack trace:
Caused by: java.net.ConnectException: Connection refused: no further information
	at java.base/sun.nio.ch.SocketChannelImpl.checkConnect(Native Method)
	at java.base/sun.nio.ch.SocketChannelImpl.finishConnect(SocketChannelImpl.java:779)
	at io.netty.channel.socket.nio.NioSocketChannel.doFinishConnect(NioSocketChannel.java:330)
	at io.netty.channel.nio.AbstractNioChannel$AbstractNioUnsafe.finishConnect(AbstractNioChannel.java:334)
	at io.netty.channel.nio.NioEventLoop.processSelectedKey(NioEventLoop.java:707)
	at io.netty.channel.nio.NioEventLoop.processSelectedKeysOptimized(NioEventLoop.java:655)
	at io.netty.channel.nio.NioEventLoop.processSelectedKeys(NioEventLoop.java:581)
	at io.netty.channel.nio.NioEventLoop.run(NioEventLoop.java:493)
	at io.netty.util.concurrent.SingleThreadEventExecutor$4.run(SingleThreadEventExecutor.java:989)
	at io.netty.util.internal.ThreadExecutorMap$2.run(ThreadExecutorMap.java:74)
	at io.netty.util.concurrent.FastThreadLocalRunnable.run(FastThreadLocalRunnable.java:30)
	at java.base/java.lang.Thread.run(Thread.java:834)
2021-08-16 16:40:17 INFO  SpringContextShutdownHook org.springframework.scheduling.concurrent.ThreadPoolTaskExecutor Shutting down ExecutorService 'applicationTaskExecutor'
2021-08-16 16:49:16 INFO  main com.nstr.admin.NstrAdminApplication No active profile set, falling back to default profiles: default
2021-08-16 16:49:25 INFO  main org.springframework.cloud.context.scope.GenericScope BeanFactory id=3fc2e10e-05ab-3e00-8aea-da16988b2349
2021-08-16 16:49:27 INFO  main org.springframework.boot.web.embedded.tomcat.TomcatWebServer Tomcat initialized with port(s): 1820 (http)
2021-08-16 16:49:27 INFO  main org.apache.coyote.http11.Http11NioProtocol Initializing ProtocolHandler ["http-nio-1820"]
2021-08-16 16:49:27 INFO  main org.apache.catalina.core.StandardService Starting service [Tomcat]
2021-08-16 16:49:27 INFO  main org.apache.catalina.core.StandardEngine Starting Servlet engine: [Apache Tomcat/9.0.41]
2021-08-16 16:49:28 INFO  main org.apache.catalina.core.ContainerBase.[Tomcat].[localhost].[/] Initializing Spring embedded WebApplicationContext
2021-08-16 16:49:28 INFO  main org.springframework.boot.web.servlet.context.ServletWebServerApplicationContext Root WebApplicationContext: initialization completed in 11758 ms
2021-08-16 16:49:31 INFO  main org.springframework.security.web.DefaultSecurityFilterChain Creating filter chain: any request, [org.springframework.security.web.context.request.async.WebAsyncManagerIntegrationFilter@1e120628, org.springframework.security.web.context.SecurityContextPersistenceFilter@79f5a6ed, org.springframework.security.web.header.HeaderWriterFilter@7de35070, org.springframework.security.web.authentication.logout.LogoutFilter@1b1252c8, org.springframework.security.web.authentication.UsernamePasswordAuthenticationFilter@66b0e207, org.springframework.security.web.authentication.www.BasicAuthenticationFilter@6a96d639, org.springframework.security.web.savedrequest.RequestCacheAwareFilter@edb83f8, org.springframework.security.web.servletapi.SecurityContextHolderAwareRequestFilter@aa752bb, org.springframework.security.web.authentication.AnonymousAuthenticationFilter@4e4894d, org.springframework.security.web.session.SessionManagementFilter@7c901203, org.springframework.security.web.access.ExceptionTranslationFilter@1ccc1026, org.springframework.security.web.access.intercept.FilterSecurityInterceptor@288728e]
2021-08-16 16:49:32 INFO  main org.springframework.scheduling.concurrent.ThreadPoolTaskExecutor Initializing ExecutorService 'applicationTaskExecutor'
2021-08-16 16:49:38 INFO  main org.springframework.boot.actuate.endpoint.web.EndpointLinksResolver Exposing 2 endpoint(s) beneath base path '/actuator'
2021-08-16 16:49:38 INFO  main org.apache.coyote.http11.Http11NioProtocol Starting ProtocolHandler ["http-nio-1820"]
2021-08-16 16:49:38 INFO  main org.springframework.boot.web.embedded.tomcat.TomcatWebServer Tomcat started on port(s): 1820 (http) with context path ''
2021-08-16 16:49:39 INFO  main com.nstr.admin.NstrAdminApplication Started NstrAdminApplication in 37.961 seconds (JVM running for 52.346)
2021-08-16 16:49:40 INFO  RMI TCP Connection(8)-192.168.1.216 org.apache.catalina.core.ContainerBase.[Tomcat].[localhost].[/] Initializing Spring DispatcherServlet 'dispatcherServlet'
2021-08-16 16:49:40 INFO  RMI TCP Connection(8)-192.168.1.216 org.springframework.web.servlet.DispatcherServlet Initializing Servlet 'dispatcherServlet'
2021-08-16 16:49:40 INFO  RMI TCP Connection(8)-192.168.1.216 org.springframework.web.servlet.DispatcherServlet Completed initialization in 36 ms
2021-08-16 17:06:58 INFO  reactor-http-nio-8 de.codecentric.boot.admin.server.services.StatusUpdater Couldn't retrieve status for Instance(id=e0b5ff47633b, version=3, registration=Registration(name=nstr-system, managementUrl=http://S6P36ZS239I4HZ0:1701/actuator, healthUrl=http://S6P36ZS239I4HZ0:1701/actuator/health, serviceUrl=http://S6P36ZS239I4HZ0:1701/, source=http-api), registered=true, statusInfo=StatusInfo(status=UP, details={hystrix={status=UP}, diskSpace={status=UP, details={total=304943722496, free=90284515328, threshold=10485760, exists=true}}, ping={status=UP}, discoveryComposite={status=UP, details={discoveryClient={status=UP, details={services=[nstr-test, nstr-system, nstr-gateway, nstr-auth]}}}}, refreshScope={status=UP}, nacosDiscovery={status=UP}, db={status=UP, details={database=MySQL, validationQuery=isValid()}}}), statusTimestamp=2021-08-16T08:50:04.836966900Z, info=Info(values={app={name=nstr-system, description=仙人球微服务-基础权限系统, version=2.2-RELEASE}}), endpoints=Endpoints(endpoints={caches=Endpoint(id=caches, url=http://S6P36ZS239I4HZ0:1701/actuator/caches), loggers=Endpoint(id=loggers, url=http://S6P36ZS239I4HZ0:1701/actuator/loggers), health=Endpoint(id=health, url=http://S6P36ZS239I4HZ0:1701/actuator/health), refresh=Endpoint(id=refresh, url=http://S6P36ZS239I4HZ0:1701/actuator/refresh), env=Endpoint(id=env, url=http://S6P36ZS239I4HZ0:1701/actuator/env), nacosdiscovery=Endpoint(id=nacosdiscovery, url=http://S6P36ZS239I4HZ0:1701/actuator/nacosdiscovery), heapdump=Endpoint(id=heapdump, url=http://S6P36ZS239I4HZ0:1701/actuator/heapdump), features=Endpoint(id=features, url=http://S6P36ZS239I4HZ0:1701/actuator/features), scheduledtasks=Endpoint(id=scheduledtasks, url=http://S6P36ZS239I4HZ0:1701/actuator/scheduledtasks), mappings=Endpoint(id=mappings, url=http://S6P36ZS239I4HZ0:1701/actuator/mappings), archaius=Endpoint(id=archaius, url=http://S6P36ZS239I4HZ0:1701/actuator/archaius), beans=Endpoint(id=beans, url=http://S6P36ZS239I4HZ0:1701/actuator/beans), configprops=Endpoint(id=configprops, url=http://S6P36ZS239I4HZ0:1701/actuator/configprops), threaddump=Endpoint(id=threaddump, url=http://S6P36ZS239I4HZ0:1701/actuator/threaddump), metrics=Endpoint(id=metrics, url=http://S6P36ZS239I4HZ0:1701/actuator/metrics), conditions=Endpoint(id=conditions, url=http://S6P36ZS239I4HZ0:1701/actuator/conditions), service-registry=Endpoint(id=service-registry, url=http://S6P36ZS239I4HZ0:1701/actuator/service-registry), info=Endpoint(id=info, url=http://S6P36ZS239I4HZ0:1701/actuator/info)}), buildVersion=null, tags=Tags(values={}))
io.netty.channel.AbstractChannel$AnnotatedConnectException: Connection refused: no further information: S6P36ZS239I4HZ0/192.168.1.216:1701
	Suppressed: reactor.core.publisher.FluxOnAssembly$OnAssemblyException: 
Error has been observed at the following site(s):
	|_ checkpoint ⇢ Request to GET health [DefaultWebClient]
Stack trace:
Caused by: java.net.ConnectException: Connection refused: no further information
	at java.base/sun.nio.ch.SocketChannelImpl.checkConnect(Native Method)
	at java.base/sun.nio.ch.SocketChannelImpl.finishConnect(SocketChannelImpl.java:779)
	at io.netty.channel.socket.nio.NioSocketChannel.doFinishConnect(NioSocketChannel.java:330)
	at io.netty.channel.nio.AbstractNioChannel$AbstractNioUnsafe.finishConnect(AbstractNioChannel.java:334)
	at io.netty.channel.nio.NioEventLoop.processSelectedKey(NioEventLoop.java:707)
	at io.netty.channel.nio.NioEventLoop.processSelectedKeysOptimized(NioEventLoop.java:655)
	at io.netty.channel.nio.NioEventLoop.processSelectedKeys(NioEventLoop.java:581)
	at io.netty.channel.nio.NioEventLoop.run(NioEventLoop.java:493)
	at io.netty.util.concurrent.SingleThreadEventExecutor$4.run(SingleThreadEventExecutor.java:989)
	at io.netty.util.internal.ThreadExecutorMap$2.run(ThreadExecutorMap.java:74)
	at io.netty.util.concurrent.FastThreadLocalRunnable.run(FastThreadLocalRunnable.java:30)
	at java.base/java.lang.Thread.run(Thread.java:834)
2021-08-16 17:10:38 INFO  reactor-http-nio-3 de.codecentric.boot.admin.server.services.StatusUpdater Couldn't retrieve status for Instance(id=e0b5ff47633b, version=6, registration=Registration(name=nstr-system, managementUrl=http://S6P36ZS239I4HZ0:1701/actuator, healthUrl=http://S6P36ZS239I4HZ0:1701/actuator/health, serviceUrl=http://S6P36ZS239I4HZ0:1701/, source=http-api), registered=true, statusInfo=StatusInfo(status=UP, details={hystrix={status=UP}, diskSpace={status=UP, details={total=304943722496, free=90284478464, threshold=10485760, exists=true}}, ping={status=UP}, discoveryComposite={status=UP, details={discoveryClient={status=UP, details={services=[nstr-test, nstr-system, nstr-gateway, nstr-auth]}}}}, refreshScope={status=UP}, nacosDiscovery={status=UP}, db={status=UP, details={database=MySQL, validationQuery=isValid()}}}), statusTimestamp=2021-08-16T09:07:21.320966300Z, info=Info(values={app={name=nstr-system, description=仙人球微服务-基础权限系统, version=2.2-RELEASE}}), endpoints=Endpoints(endpoints={caches=Endpoint(id=caches, url=http://S6P36ZS239I4HZ0:1701/actuator/caches), loggers=Endpoint(id=loggers, url=http://S6P36ZS239I4HZ0:1701/actuator/loggers), health=Endpoint(id=health, url=http://S6P36ZS239I4HZ0:1701/actuator/health), refresh=Endpoint(id=refresh, url=http://S6P36ZS239I4HZ0:1701/actuator/refresh), env=Endpoint(id=env, url=http://S6P36ZS239I4HZ0:1701/actuator/env), nacosdiscovery=Endpoint(id=nacosdiscovery, url=http://S6P36ZS239I4HZ0:1701/actuator/nacosdiscovery), heapdump=Endpoint(id=heapdump, url=http://S6P36ZS239I4HZ0:1701/actuator/heapdump), features=Endpoint(id=features, url=http://S6P36ZS239I4HZ0:1701/actuator/features), scheduledtasks=Endpoint(id=scheduledtasks, url=http://S6P36ZS239I4HZ0:1701/actuator/scheduledtasks), mappings=Endpoint(id=mappings, url=http://S6P36ZS239I4HZ0:1701/actuator/mappings), archaius=Endpoint(id=archaius, url=http://S6P36ZS239I4HZ0:1701/actuator/archaius), beans=Endpoint(id=beans, url=http://S6P36ZS239I4HZ0:1701/actuator/beans), configprops=Endpoint(id=configprops, url=http://S6P36ZS239I4HZ0:1701/actuator/configprops), threaddump=Endpoint(id=threaddump, url=http://S6P36ZS239I4HZ0:1701/actuator/threaddump), metrics=Endpoint(id=metrics, url=http://S6P36ZS239I4HZ0:1701/actuator/metrics), conditions=Endpoint(id=conditions, url=http://S6P36ZS239I4HZ0:1701/actuator/conditions), service-registry=Endpoint(id=service-registry, url=http://S6P36ZS239I4HZ0:1701/actuator/service-registry), info=Endpoint(id=info, url=http://S6P36ZS239I4HZ0:1701/actuator/info)}), buildVersion=null, tags=Tags(values={}))
io.netty.channel.AbstractChannel$AnnotatedConnectException: Connection refused: no further information: S6P36ZS239I4HZ0/192.168.1.216:1701
	Suppressed: reactor.core.publisher.FluxOnAssembly$OnAssemblyException: 
Error has been observed at the following site(s):
	|_ checkpoint ⇢ Request to GET health [DefaultWebClient]
Stack trace:
Caused by: java.net.ConnectException: Connection refused: no further information
	at java.base/sun.nio.ch.SocketChannelImpl.checkConnect(Native Method)
	at java.base/sun.nio.ch.SocketChannelImpl.finishConnect(SocketChannelImpl.java:779)
	at io.netty.channel.socket.nio.NioSocketChannel.doFinishConnect(NioSocketChannel.java:330)
	at io.netty.channel.nio.AbstractNioChannel$AbstractNioUnsafe.finishConnect(AbstractNioChannel.java:334)
	at io.netty.channel.nio.NioEventLoop.processSelectedKey(NioEventLoop.java:707)
	at io.netty.channel.nio.NioEventLoop.processSelectedKeysOptimized(NioEventLoop.java:655)
	at io.netty.channel.nio.NioEventLoop.processSelectedKeys(NioEventLoop.java:581)
	at io.netty.channel.nio.NioEventLoop.run(NioEventLoop.java:493)
	at io.netty.util.concurrent.SingleThreadEventExecutor$4.run(SingleThreadEventExecutor.java:989)
	at io.netty.util.internal.ThreadExecutorMap$2.run(ThreadExecutorMap.java:74)
	at io.netty.util.concurrent.FastThreadLocalRunnable.run(FastThreadLocalRunnable.java:30)
	at java.base/java.lang.Thread.run(Thread.java:834)
2021-08-16 18:00:38 INFO  reactor-http-nio-5 de.codecentric.boot.admin.server.services.StatusUpdater Couldn't retrieve status for Instance(id=118aee74b410, version=4, registration=Registration(name=nstr-auth, managementUrl=http://S6P36ZS239I4HZ0:1600/actuator, healthUrl=http://S6P36ZS239I4HZ0:1600/actuator/health, serviceUrl=http://S6P36ZS239I4HZ0:1600/, source=http-api), registered=true, statusInfo=StatusInfo(status=UP, details={hystrix={status=UP}, diskSpace={status=UP, details={total=304943722496, free=90284519424, threshold=10485760, exists=true}}, ping={status=UP}, discoveryComposite={status=UP, details={discoveryClient={status=UP, details={services=[nstr-test, nstr-system, nstr-gateway, nstr-auth]}}}}, refreshScope={status=UP}, nacosDiscovery={status=UP}, db={status=UP, details={database=MySQL, validationQuery=isValid()}}, redis={status=UP, details={version=6.2.4}}}), statusTimestamp=2021-08-16T08:50:04.857954400Z, info=Info(values={app={name=nstr-auth, description=仙人球认证服务器, version=2.2-RELEASE}}), endpoints=Endpoints(endpoints={caches=Endpoint(id=caches, url=http://S6P36ZS239I4HZ0:1600/actuator/caches), loggers=Endpoint(id=loggers, url=http://S6P36ZS239I4HZ0:1600/actuator/loggers), health=Endpoint(id=health, url=http://S6P36ZS239I4HZ0:1600/actuator/health), refresh=Endpoint(id=refresh, url=http://S6P36ZS239I4HZ0:1600/actuator/refresh), env=Endpoint(id=env, url=http://S6P36ZS239I4HZ0:1600/actuator/env), nacosdiscovery=Endpoint(id=nacosdiscovery, url=http://S6P36ZS239I4HZ0:1600/actuator/nacosdiscovery), heapdump=Endpoint(id=heapdump, url=http://S6P36ZS239I4HZ0:1600/actuator/heapdump), features=Endpoint(id=features, url=http://S6P36ZS239I4HZ0:1600/actuator/features), scheduledtasks=Endpoint(id=scheduledtasks, url=http://S6P36ZS239I4HZ0:1600/actuator/scheduledtasks), mappings=Endpoint(id=mappings, url=http://S6P36ZS239I4HZ0:1600/actuator/mappings), archaius=Endpoint(id=archaius, url=http://S6P36ZS239I4HZ0:1600/actuator/archaius), beans=Endpoint(id=beans, url=http://S6P36ZS239I4HZ0:1600/actuator/beans), configprops=Endpoint(id=configprops, url=http://S6P36ZS239I4HZ0:1600/actuator/configprops), threaddump=Endpoint(id=threaddump, url=http://S6P36ZS239I4HZ0:1600/actuator/threaddump), metrics=Endpoint(id=metrics, url=http://S6P36ZS239I4HZ0:1600/actuator/metrics), conditions=Endpoint(id=conditions, url=http://S6P36ZS239I4HZ0:1600/actuator/conditions), service-registry=Endpoint(id=service-registry, url=http://S6P36ZS239I4HZ0:1600/actuator/service-registry), info=Endpoint(id=info, url=http://S6P36ZS239I4HZ0:1600/actuator/info)}), buildVersion=null, tags=Tags(values={}))
io.netty.channel.AbstractChannel$AnnotatedConnectException: Connection refused: no further information: S6P36ZS239I4HZ0/192.168.1.216:1600
	Suppressed: reactor.core.publisher.FluxOnAssembly$OnAssemblyException: 
Error has been observed at the following site(s):
	|_ checkpoint ⇢ Request to GET health [DefaultWebClient]
Stack trace:
Caused by: java.net.ConnectException: Connection refused: no further information
	at java.base/sun.nio.ch.SocketChannelImpl.checkConnect(Native Method)
	at java.base/sun.nio.ch.SocketChannelImpl.finishConnect(SocketChannelImpl.java:779)
	at io.netty.channel.socket.nio.NioSocketChannel.doFinishConnect(NioSocketChannel.java:330)
	at io.netty.channel.nio.AbstractNioChannel$AbstractNioUnsafe.finishConnect(AbstractNioChannel.java:334)
	at io.netty.channel.nio.NioEventLoop.processSelectedKey(NioEventLoop.java:707)
	at io.netty.channel.nio.NioEventLoop.processSelectedKeysOptimized(NioEventLoop.java:655)
	at io.netty.channel.nio.NioEventLoop.processSelectedKeys(NioEventLoop.java:581)
	at io.netty.channel.nio.NioEventLoop.run(NioEventLoop.java:493)
	at io.netty.util.concurrent.SingleThreadEventExecutor$4.run(SingleThreadEventExecutor.java:989)
	at io.netty.util.internal.ThreadExecutorMap$2.run(ThreadExecutorMap.java:74)
	at io.netty.util.concurrent.FastThreadLocalRunnable.run(FastThreadLocalRunnable.java:30)
	at java.base/java.lang.Thread.run(Thread.java:834)
2021-08-16 18:03:20 INFO  SpringContextShutdownHook org.springframework.scheduling.concurrent.ThreadPoolTaskExecutor Shutting down ExecutorService 'applicationTaskExecutor'
2021-08-16 18:03:25 INFO  main com.nstr.admin.NstrAdminApplication No active profile set, falling back to default profiles: default
2021-08-16 18:03:26 INFO  main org.springframework.cloud.context.scope.GenericScope BeanFactory id=3fc2e10e-05ab-3e00-8aea-da16988b2349
2021-08-16 18:03:26 INFO  main org.springframework.boot.web.embedded.tomcat.TomcatWebServer Tomcat initialized with port(s): 1820 (http)
2021-08-16 18:03:26 INFO  main org.apache.coyote.http11.Http11NioProtocol Initializing ProtocolHandler ["http-nio-1820"]
2021-08-16 18:03:26 INFO  main org.apache.catalina.core.StandardService Starting service [Tomcat]
2021-08-16 18:03:26 INFO  main org.apache.catalina.core.StandardEngine Starting Servlet engine: [Apache Tomcat/9.0.41]
2021-08-16 18:03:26 INFO  main org.apache.catalina.core.ContainerBase.[Tomcat].[localhost].[/] Initializing Spring embedded WebApplicationContext
2021-08-16 18:03:26 INFO  main org.springframework.boot.web.servlet.context.ServletWebServerApplicationContext Root WebApplicationContext: initialization completed in 1506 ms
2021-08-16 18:03:27 INFO  main org.springframework.security.web.DefaultSecurityFilterChain Creating filter chain: any request, [org.springframework.security.web.context.request.async.WebAsyncManagerIntegrationFilter@51d8f2f2, org.springframework.security.web.context.SecurityContextPersistenceFilter@6009cd34, org.springframework.security.web.header.HeaderWriterFilter@45b7c97f, org.springframework.security.web.authentication.logout.LogoutFilter@77663cd7, org.springframework.security.web.authentication.UsernamePasswordAuthenticationFilter@12cd129c, org.springframework.security.web.authentication.www.BasicAuthenticationFilter@10e56da9, org.springframework.security.web.savedrequest.RequestCacheAwareFilter@25214797, org.springframework.security.web.servletapi.SecurityContextHolderAwareRequestFilter@305b43ca, org.springframework.security.web.authentication.AnonymousAuthenticationFilter@4b476233, org.springframework.security.web.session.SessionManagementFilter@7b377a53, org.springframework.security.web.access.ExceptionTranslationFilter@d9f5fce, org.springframework.security.web.access.intercept.FilterSecurityInterceptor@6704df84]
2021-08-16 18:03:27 INFO  main org.springframework.scheduling.concurrent.ThreadPoolTaskExecutor Initializing ExecutorService 'applicationTaskExecutor'
2021-08-16 18:03:30 INFO  main org.springframework.boot.actuate.endpoint.web.EndpointLinksResolver Exposing 2 endpoint(s) beneath base path '/actuator'
2021-08-16 18:03:30 INFO  main org.apache.coyote.http11.Http11NioProtocol Starting ProtocolHandler ["http-nio-1820"]
2021-08-16 18:03:31 INFO  main org.springframework.boot.web.embedded.tomcat.TomcatWebServer Tomcat started on port(s): 1820 (http) with context path ''
2021-08-16 18:03:32 INFO  main com.nstr.admin.NstrAdminApplication Started NstrAdminApplication in 9.275 seconds (JVM running for 10.286)
2021-08-16 18:03:32 INFO  RMI TCP Connection(7)-192.168.1.216 org.apache.catalina.core.ContainerBase.[Tomcat].[localhost].[/] Initializing Spring DispatcherServlet 'dispatcherServlet'
2021-08-16 18:03:32 INFO  RMI TCP Connection(7)-192.168.1.216 org.springframework.web.servlet.DispatcherServlet Initializing Servlet 'dispatcherServlet'
2021-08-16 18:03:32 INFO  RMI TCP Connection(7)-192.168.1.216 org.springframework.web.servlet.DispatcherServlet Completed initialization in 8 ms
