2021-08-19 10:01:38 INFO  main com.nstr.admin.NstrAdminApplication No active profile set, falling back to default profiles: default
2021-08-19 10:01:39 INFO  main org.springframework.cloud.context.scope.GenericScope BeanFactory id=3fc2e10e-05ab-3e00-8aea-da16988b2349
2021-08-19 10:01:39 INFO  main org.springframework.boot.web.embedded.tomcat.TomcatWebServer Tomcat initialized with port(s): 8080 (http)
2021-08-19 10:01:39 INFO  main org.apache.coyote.http11.Http11NioProtocol Initializing ProtocolHandler ["http-nio-8080"]
2021-08-19 10:01:39 INFO  main org.apache.catalina.core.StandardService Starting service [Tomcat]
2021-08-19 10:01:39 INFO  main org.apache.catalina.core.StandardEngine Starting Servlet engine: [Apache Tomcat/9.0.41]
2021-08-19 10:01:39 INFO  main org.apache.catalina.core.ContainerBase.[Tomcat].[localhost].[/] Initializing Spring embedded WebApplicationContext
2021-08-19 10:01:39 INFO  main org.springframework.boot.web.servlet.context.ServletWebServerApplicationContext Root WebApplicationContext: initialization completed in 1002 ms
2021-08-19 10:01:39 INFO  main org.springframework.boot.autoconfigure.security.servlet.UserDetailsServiceAutoConfiguration 

Using generated security password: 18a3a55c-c021-47f0-ae11-52593fc51fa7

2021-08-19 10:01:39 INFO  main org.springframework.security.web.DefaultSecurityFilterChain Creating filter chain: any request, [org.springframework.security.web.context.request.async.WebAsyncManagerIntegrationFilter@62735b13, org.springframework.security.web.context.SecurityContextPersistenceFilter@74431b9c, org.springframework.security.web.header.HeaderWriterFilter@795f6681, org.springframework.security.web.authentication.logout.LogoutFilter@64440065, org.springframework.security.web.authentication.UsernamePasswordAuthenticationFilter@d108406, org.springframework.security.web.authentication.www.BasicAuthenticationFilter@394a6d2b, org.springframework.security.web.savedrequest.RequestCacheAwareFilter@1883871b, org.springframework.security.web.servletapi.SecurityContextHolderAwareRequestFilter@394fb736, org.springframework.security.web.authentication.AnonymousAuthenticationFilter@7aae1170, org.springframework.security.web.session.SessionManagementFilter@3a45afd4, org.springframework.security.web.access.ExceptionTranslationFilter@5940b14e, org.springframework.security.web.access.intercept.FilterSecurityInterceptor@221b77d7]
2021-08-19 10:01:40 INFO  main org.springframework.scheduling.concurrent.ThreadPoolTaskExecutor Initializing ExecutorService 'applicationTaskExecutor'
2021-08-19 10:01:41 INFO  main org.springframework.boot.actuate.endpoint.web.EndpointLinksResolver Exposing 2 endpoint(s) beneath base path '/actuator'
2021-08-19 10:01:41 INFO  main org.apache.coyote.http11.Http11NioProtocol Starting ProtocolHandler ["http-nio-8080"]
2021-08-19 10:01:41 INFO  main org.springframework.boot.web.embedded.tomcat.TomcatWebServer Tomcat started on port(s): 8080 (http) with context path ''
2021-08-19 10:01:42 INFO  main com.nstr.admin.NstrAdminApplication Started NstrAdminApplication in 4.904 seconds (JVM running for 5.785)
2021-08-19 10:01:42 INFO  RMI TCP Connection(4)-192.168.1.216 org.apache.catalina.core.ContainerBase.[Tomcat].[localhost].[/] Initializing Spring DispatcherServlet 'dispatcherServlet'
2021-08-19 10:01:42 INFO  RMI TCP Connection(4)-192.168.1.216 org.springframework.web.servlet.DispatcherServlet Initializing Servlet 'dispatcherServlet'
2021-08-19 10:01:42 INFO  RMI TCP Connection(4)-192.168.1.216 org.springframework.web.servlet.DispatcherServlet Completed initialization in 6 ms
2021-08-19 10:10:22 INFO  SpringContextShutdownHook org.springframework.scheduling.concurrent.ThreadPoolTaskExecutor Shutting down ExecutorService 'applicationTaskExecutor'
2021-08-19 10:10:26 INFO  main com.nstr.admin.NstrAdminApplication No active profile set, falling back to default profiles: default
2021-08-19 10:10:27 INFO  main org.springframework.cloud.context.scope.GenericScope BeanFactory id=3fc2e10e-05ab-3e00-8aea-da16988b2349
2021-08-19 10:10:27 INFO  main org.springframework.boot.web.embedded.tomcat.TomcatWebServer Tomcat initialized with port(s): 8080 (http)
2021-08-19 10:10:27 INFO  main org.apache.coyote.http11.Http11NioProtocol Initializing ProtocolHandler ["http-nio-8080"]
2021-08-19 10:10:27 INFO  main org.apache.catalina.core.StandardService Starting service [Tomcat]
2021-08-19 10:10:27 INFO  main org.apache.catalina.core.StandardEngine Starting Servlet engine: [Apache Tomcat/9.0.41]
2021-08-19 10:10:27 INFO  main org.apache.catalina.core.ContainerBase.[Tomcat].[localhost].[/] Initializing Spring embedded WebApplicationContext
2021-08-19 10:10:27 INFO  main org.springframework.boot.web.servlet.context.ServletWebServerApplicationContext Root WebApplicationContext: initialization completed in 925 ms
2021-08-19 10:10:27 INFO  main org.springframework.boot.autoconfigure.security.servlet.UserDetailsServiceAutoConfiguration 

Using generated security password: f0fbc18e-828b-4662-aea5-e9a38fdec680

2021-08-19 10:10:27 INFO  main org.springframework.security.web.DefaultSecurityFilterChain Creating filter chain: any request, [org.springframework.security.web.context.request.async.WebAsyncManagerIntegrationFilter@15994b0b, org.springframework.security.web.context.SecurityContextPersistenceFilter@4e4894d, org.springframework.security.web.header.HeaderWriterFilter@482a58c7, org.springframework.security.web.authentication.logout.LogoutFilter@6e0d16a4, org.springframework.security.web.authentication.UsernamePasswordAuthenticationFilter@6734ff92, org.springframework.security.web.authentication.www.BasicAuthenticationFilter@7c91fe86, org.springframework.security.web.savedrequest.RequestCacheAwareFilter@23e2c1ca, org.springframework.security.web.servletapi.SecurityContextHolderAwareRequestFilter@d9f5fce, org.springframework.security.web.authentication.AnonymousAuthenticationFilter@12cd129c, org.springframework.security.web.session.SessionManagementFilter@147efd9, org.springframework.security.web.access.ExceptionTranslationFilter@3d40498a, org.springframework.security.web.access.intercept.FilterSecurityInterceptor@3af36922]
2021-08-19 10:10:27 INFO  main org.springframework.scheduling.concurrent.ThreadPoolTaskExecutor Initializing ExecutorService 'applicationTaskExecutor'
2021-08-19 10:10:29 INFO  main org.springframework.boot.actuate.endpoint.web.EndpointLinksResolver Exposing 2 endpoint(s) beneath base path '/actuator'
2021-08-19 10:10:29 INFO  main org.apache.coyote.http11.Http11NioProtocol Starting ProtocolHandler ["http-nio-8080"]
2021-08-19 10:10:29 INFO  main org.springframework.boot.web.embedded.tomcat.TomcatWebServer Tomcat started on port(s): 8080 (http) with context path ''
2021-08-19 10:10:29 INFO  main com.nstr.admin.NstrAdminApplication Started NstrAdminApplication in 4.541 seconds (JVM running for 5.391)
2021-08-19 10:10:30 INFO  RMI TCP Connection(5)-192.168.1.216 org.apache.catalina.core.ContainerBase.[Tomcat].[localhost].[/] Initializing Spring DispatcherServlet 'dispatcherServlet'
2021-08-19 10:10:30 INFO  RMI TCP Connection(5)-192.168.1.216 org.springframework.web.servlet.DispatcherServlet Initializing Servlet 'dispatcherServlet'
2021-08-19 10:10:30 INFO  RMI TCP Connection(5)-192.168.1.216 org.springframework.web.servlet.DispatcherServlet Completed initialization in 5 ms
2021-08-19 13:37:25 INFO  SpringContextShutdownHook org.springframework.scheduling.concurrent.ThreadPoolTaskExecutor Shutting down ExecutorService 'applicationTaskExecutor'
2021-08-19 13:37:38 INFO  main com.nstr.admin.NstrAdminApplication No active profile set, falling back to default profiles: default
2021-08-19 13:37:39 INFO  main org.springframework.cloud.context.scope.GenericScope BeanFactory id=3fc2e10e-05ab-3e00-8aea-da16988b2349
2021-08-19 13:37:40 INFO  main org.springframework.boot.web.embedded.tomcat.TomcatWebServer Tomcat initialized with port(s): 8080 (http)
2021-08-19 13:37:40 INFO  main org.apache.coyote.http11.Http11NioProtocol Initializing ProtocolHandler ["http-nio-8080"]
2021-08-19 13:37:40 INFO  main org.apache.catalina.core.StandardService Starting service [Tomcat]
2021-08-19 13:37:40 INFO  main org.apache.catalina.core.StandardEngine Starting Servlet engine: [Apache Tomcat/9.0.41]
2021-08-19 13:37:42 INFO  main org.apache.catalina.core.ContainerBase.[Tomcat].[localhost].[/] Initializing Spring embedded WebApplicationContext
2021-08-19 13:37:42 INFO  main org.springframework.boot.web.servlet.context.ServletWebServerApplicationContext Root WebApplicationContext: initialization completed in 3591 ms
2021-08-19 13:37:42 INFO  main org.springframework.boot.autoconfigure.security.servlet.UserDetailsServiceAutoConfiguration 

Using generated security password: 185ece70-506d-4981-a330-39b014b73942

2021-08-19 13:37:42 INFO  main org.springframework.security.web.DefaultSecurityFilterChain Creating filter chain: any request, [org.springframework.security.web.context.request.async.WebAsyncManagerIntegrationFilter@5d601832, org.springframework.security.web.context.SecurityContextPersistenceFilter@5fd8dd66, org.springframework.security.web.header.HeaderWriterFilter@19ae36f4, org.springframework.security.web.authentication.logout.LogoutFilter@643ecfef, org.springframework.security.web.authentication.UsernamePasswordAuthenticationFilter@464aeb09, org.springframework.security.web.authentication.www.BasicAuthenticationFilter@b7d2d51, org.springframework.security.web.savedrequest.RequestCacheAwareFilter@6df11e91, org.springframework.security.web.servletapi.SecurityContextHolderAwareRequestFilter@7c901203, org.springframework.security.web.authentication.AnonymousAuthenticationFilter@3ca17943, org.springframework.security.web.session.SessionManagementFilter@4567fb2b, org.springframework.security.web.access.ExceptionTranslationFilter@6bd92538, org.springframework.security.web.access.intercept.FilterSecurityInterceptor@314b7945]
2021-08-19 13:37:42 INFO  main org.springframework.scheduling.concurrent.ThreadPoolTaskExecutor Initializing ExecutorService 'applicationTaskExecutor'
2021-08-19 13:37:46 INFO  main org.springframework.boot.actuate.endpoint.web.EndpointLinksResolver Exposing 2 endpoint(s) beneath base path '/actuator'
2021-08-19 13:37:46 INFO  main org.apache.coyote.http11.Http11NioProtocol Starting ProtocolHandler ["http-nio-8080"]
2021-08-19 13:37:46 INFO  main org.springframework.boot.web.embedded.tomcat.TomcatWebServer Tomcat started on port(s): 8080 (http) with context path ''
2021-08-19 13:37:47 INFO  main com.nstr.admin.NstrAdminApplication Started NstrAdminApplication in 11.319 seconds (JVM running for 14.57)
2021-08-19 13:37:48 INFO  RMI TCP Connection(9)-192.168.1.216 org.apache.catalina.core.ContainerBase.[Tomcat].[localhost].[/] Initializing Spring DispatcherServlet 'dispatcherServlet'
2021-08-19 13:37:48 INFO  RMI TCP Connection(9)-192.168.1.216 org.springframework.web.servlet.DispatcherServlet Initializing Servlet 'dispatcherServlet'
2021-08-19 13:37:48 INFO  RMI TCP Connection(9)-192.168.1.216 org.springframework.web.servlet.DispatcherServlet Completed initialization in 10 ms
2021-08-19 13:38:14 INFO  SpringContextShutdownHook org.springframework.scheduling.concurrent.ThreadPoolTaskExecutor Shutting down ExecutorService 'applicationTaskExecutor'
2021-08-19 13:38:18 INFO  main com.nstr.admin.NstrAdminApplication No active profile set, falling back to default profiles: default
2021-08-19 13:38:19 INFO  main org.springframework.cloud.context.scope.GenericScope BeanFactory id=3fc2e10e-05ab-3e00-8aea-da16988b2349
2021-08-19 13:38:19 INFO  main org.springframework.boot.web.embedded.tomcat.TomcatWebServer Tomcat initialized with port(s): 8080 (http)
2021-08-19 13:38:19 INFO  main org.apache.coyote.http11.Http11NioProtocol Initializing ProtocolHandler ["http-nio-8080"]
2021-08-19 13:38:19 INFO  main org.apache.catalina.core.StandardService Starting service [Tomcat]
2021-08-19 13:38:19 INFO  main org.apache.catalina.core.StandardEngine Starting Servlet engine: [Apache Tomcat/9.0.41]
2021-08-19 13:38:19 INFO  main org.apache.catalina.core.ContainerBase.[Tomcat].[localhost].[/] Initializing Spring embedded WebApplicationContext
2021-08-19 13:38:19 INFO  main org.springframework.boot.web.servlet.context.ServletWebServerApplicationContext Root WebApplicationContext: initialization completed in 1082 ms
2021-08-19 13:38:20 INFO  main org.springframework.boot.autoconfigure.security.servlet.UserDetailsServiceAutoConfiguration 

Using generated security password: 2ca4dda0-11d9-43c5-b347-b4a717f2fb33

2021-08-19 13:38:20 INFO  main org.springframework.security.web.DefaultSecurityFilterChain Creating filter chain: any request, [org.springframework.security.web.context.request.async.WebAsyncManagerIntegrationFilter@698d6d30, org.springframework.security.web.context.SecurityContextPersistenceFilter@3ef3f661, org.springframework.security.web.header.HeaderWriterFilter@1de5cc88, org.springframework.security.web.authentication.logout.LogoutFilter@3a0896b3, org.springframework.security.web.authentication.UsernamePasswordAuthenticationFilter@6775c0d1, org.springframework.security.web.authentication.www.BasicAuthenticationFilter@53bb71e5, org.springframework.security.web.savedrequest.RequestCacheAwareFilter@5b332439, org.springframework.security.web.servletapi.SecurityContextHolderAwareRequestFilter@1b0e031b, org.springframework.security.web.authentication.AnonymousAuthenticationFilter@78065fcd, org.springframework.security.web.session.SessionManagementFilter@2d4fb0d8, org.springframework.security.web.access.ExceptionTranslationFilter@1e120628, org.springframework.security.web.access.intercept.FilterSecurityInterceptor@6734ff92]
2021-08-19 13:38:20 INFO  main org.springframework.scheduling.concurrent.ThreadPoolTaskExecutor Initializing ExecutorService 'applicationTaskExecutor'
2021-08-19 13:38:22 INFO  main org.springframework.boot.actuate.endpoint.web.EndpointLinksResolver Exposing 2 endpoint(s) beneath base path '/actuator'
2021-08-19 13:38:22 INFO  main org.apache.coyote.http11.Http11NioProtocol Starting ProtocolHandler ["http-nio-8080"]
2021-08-19 13:38:22 INFO  main org.springframework.boot.web.embedded.tomcat.TomcatWebServer Tomcat started on port(s): 8080 (http) with context path ''
2021-08-19 13:38:23 INFO  main com.nstr.admin.NstrAdminApplication Started NstrAdminApplication in 6.215 seconds (JVM running for 7.018)
2021-08-19 13:38:24 INFO  RMI TCP Connection(5)-192.168.1.216 org.apache.catalina.core.ContainerBase.[Tomcat].[localhost].[/] Initializing Spring DispatcherServlet 'dispatcherServlet'
2021-08-19 13:38:24 INFO  RMI TCP Connection(5)-192.168.1.216 org.springframework.web.servlet.DispatcherServlet Initializing Servlet 'dispatcherServlet'
2021-08-19 13:38:24 INFO  RMI TCP Connection(5)-192.168.1.216 org.springframework.web.servlet.DispatcherServlet Completed initialization in 9 ms
2021-08-19 13:54:18 INFO  SpringContextShutdownHook org.springframework.scheduling.concurrent.ThreadPoolTaskExecutor Shutting down ExecutorService 'applicationTaskExecutor'
2021-08-19 13:56:05 INFO  main com.nstr.admin.NstrAdminApplication No active profile set, falling back to default profiles: default
2021-08-19 13:56:06 INFO  main org.springframework.cloud.context.scope.GenericScope BeanFactory id=3fc2e10e-05ab-3e00-8aea-da16988b2349
2021-08-19 13:56:06 INFO  main org.springframework.boot.web.embedded.tomcat.TomcatWebServer Tomcat initialized with port(s): 8080 (http)
2021-08-19 13:56:06 INFO  main org.apache.coyote.http11.Http11NioProtocol Initializing ProtocolHandler ["http-nio-8080"]
2021-08-19 13:56:06 INFO  main org.apache.catalina.core.StandardService Starting service [Tomcat]
2021-08-19 13:56:06 INFO  main org.apache.catalina.core.StandardEngine Starting Servlet engine: [Apache Tomcat/9.0.41]
2021-08-19 13:56:06 INFO  main org.apache.catalina.core.ContainerBase.[Tomcat].[localhost].[/] Initializing Spring embedded WebApplicationContext
2021-08-19 13:56:06 INFO  main org.springframework.boot.web.servlet.context.ServletWebServerApplicationContext Root WebApplicationContext: initialization completed in 1576 ms
2021-08-19 13:56:07 INFO  main org.springframework.boot.autoconfigure.security.servlet.UserDetailsServiceAutoConfiguration 

Using generated security password: 95d3530a-1115-4334-a3de-f60bf03a5830

2021-08-19 13:56:07 INFO  main org.springframework.security.web.DefaultSecurityFilterChain Creating filter chain: any request, [org.springframework.security.web.context.request.async.WebAsyncManagerIntegrationFilter@4ef5dd23, org.springframework.security.web.context.SecurityContextPersistenceFilter@1883871b, org.springframework.security.web.header.HeaderWriterFilter@3a45afd4, org.springframework.security.web.authentication.logout.LogoutFilter@2049e582, org.springframework.security.web.authentication.UsernamePasswordAuthenticationFilter@6e00837f, org.springframework.security.web.authentication.www.BasicAuthenticationFilter@55adcf9e, org.springframework.security.web.savedrequest.RequestCacheAwareFilter@52f9e8bb, org.springframework.security.web.servletapi.SecurityContextHolderAwareRequestFilter@3271ec2a, org.springframework.security.web.authentication.AnonymousAuthenticationFilter@163e8949, org.springframework.security.web.session.SessionManagementFilter@74431b9c, org.springframework.security.web.access.ExceptionTranslationFilter@795f6681, org.springframework.security.web.access.intercept.FilterSecurityInterceptor@32a8ca06]
2021-08-19 13:56:07 INFO  main org.springframework.scheduling.concurrent.ThreadPoolTaskExecutor Initializing ExecutorService 'applicationTaskExecutor'
2021-08-19 13:56:09 INFO  main org.springframework.boot.actuate.endpoint.web.EndpointLinksResolver Exposing 2 endpoint(s) beneath base path '/actuator'
2021-08-19 13:56:10 INFO  main org.apache.coyote.http11.Http11NioProtocol Starting ProtocolHandler ["http-nio-8080"]
2021-08-19 13:56:10 INFO  main org.springframework.boot.web.embedded.tomcat.TomcatWebServer Tomcat started on port(s): 8080 (http) with context path ''
2021-08-19 13:56:11 INFO  main com.nstr.admin.NstrAdminApplication Started NstrAdminApplication in 7.484 seconds (JVM running for 8.424)
2021-08-19 13:56:11 INFO  RMI TCP Connection(7)-192.168.1.216 org.apache.catalina.core.ContainerBase.[Tomcat].[localhost].[/] Initializing Spring DispatcherServlet 'dispatcherServlet'
2021-08-19 13:56:11 INFO  RMI TCP Connection(7)-192.168.1.216 org.springframework.web.servlet.DispatcherServlet Initializing Servlet 'dispatcherServlet'
2021-08-19 13:56:11 INFO  RMI TCP Connection(7)-192.168.1.216 org.springframework.web.servlet.DispatcherServlet Completed initialization in 11 ms
2021-08-19 16:34:29 INFO  SpringContextShutdownHook org.springframework.scheduling.concurrent.ThreadPoolTaskExecutor Shutting down ExecutorService 'applicationTaskExecutor'
2021-08-19 16:34:36 INFO  main com.nstr.admin.NstrAdminApplication No active profile set, falling back to default profiles: default
2021-08-19 16:34:37 INFO  main org.springframework.cloud.context.scope.GenericScope BeanFactory id=3fc2e10e-05ab-3e00-8aea-da16988b2349
2021-08-19 16:34:38 INFO  main org.springframework.boot.web.embedded.tomcat.TomcatWebServer Tomcat initialized with port(s): 8080 (http)
2021-08-19 16:34:38 INFO  main org.apache.coyote.http11.Http11NioProtocol Initializing ProtocolHandler ["http-nio-8080"]
2021-08-19 16:34:38 INFO  main org.apache.catalina.core.StandardService Starting service [Tomcat]
2021-08-19 16:34:38 INFO  main org.apache.catalina.core.StandardEngine Starting Servlet engine: [Apache Tomcat/9.0.41]
2021-08-19 16:34:38 INFO  main org.apache.catalina.core.ContainerBase.[Tomcat].[localhost].[/] Initializing Spring embedded WebApplicationContext
2021-08-19 16:34:38 INFO  main org.springframework.boot.web.servlet.context.ServletWebServerApplicationContext Root WebApplicationContext: initialization completed in 1538 ms
2021-08-19 16:34:38 INFO  main org.springframework.boot.autoconfigure.security.servlet.UserDetailsServiceAutoConfiguration 

Using generated security password: e4c9e02b-a495-439e-89c5-40b0b56278ad

2021-08-19 16:34:38 INFO  main org.springframework.security.web.DefaultSecurityFilterChain Creating filter chain: any request, [org.springframework.security.web.context.request.async.WebAsyncManagerIntegrationFilter@4ef5dd23, org.springframework.security.web.context.SecurityContextPersistenceFilter@1883871b, org.springframework.security.web.header.HeaderWriterFilter@3a45afd4, org.springframework.security.web.authentication.logout.LogoutFilter@2049e582, org.springframework.security.web.authentication.UsernamePasswordAuthenticationFilter@6e00837f, org.springframework.security.web.authentication.www.BasicAuthenticationFilter@55adcf9e, org.springframework.security.web.savedrequest.RequestCacheAwareFilter@52f9e8bb, org.springframework.security.web.servletapi.SecurityContextHolderAwareRequestFilter@3271ec2a, org.springframework.security.web.authentication.AnonymousAuthenticationFilter@163e8949, org.springframework.security.web.session.SessionManagementFilter@74431b9c, org.springframework.security.web.access.ExceptionTranslationFilter@795f6681, org.springframework.security.web.access.intercept.FilterSecurityInterceptor@32a8ca06]
2021-08-19 16:34:38 INFO  main org.springframework.scheduling.concurrent.ThreadPoolTaskExecutor Initializing ExecutorService 'applicationTaskExecutor'
2021-08-19 16:34:40 INFO  main org.springframework.boot.actuate.endpoint.web.EndpointLinksResolver Exposing 2 endpoint(s) beneath base path '/actuator'
2021-08-19 16:34:40 INFO  main org.apache.coyote.http11.Http11NioProtocol Starting ProtocolHandler ["http-nio-8080"]
2021-08-19 16:34:40 INFO  main org.springframework.boot.web.embedded.tomcat.TomcatWebServer Tomcat started on port(s): 8080 (http) with context path ''
2021-08-19 16:34:41 INFO  main com.nstr.admin.NstrAdminApplication Started NstrAdminApplication in 6.369 seconds (JVM running for 7.271)
2021-08-19 16:34:42 INFO  RMI TCP Connection(8)-192.168.1.216 org.apache.catalina.core.ContainerBase.[Tomcat].[localhost].[/] Initializing Spring DispatcherServlet 'dispatcherServlet'
2021-08-19 16:34:42 INFO  RMI TCP Connection(8)-192.168.1.216 org.springframework.web.servlet.DispatcherServlet Initializing Servlet 'dispatcherServlet'
2021-08-19 16:34:42 INFO  RMI TCP Connection(8)-192.168.1.216 org.springframework.web.servlet.DispatcherServlet Completed initialization in 9 ms
