2021-08-23 09:58:41 INFO  reactor-http-nio-5 de.codecentric.boot.admin.server.services.StatusUpdater Couldn't retrieve status for Instance(id=e0b5ff47633b, version=3, registration=Registration(name=nstr-system, managementUrl=http://S6P36ZS239I4HZ0:1701/actuator, healthUrl=http://S6P36ZS239I4HZ0:1701/actuator/health, serviceUrl=http://S6P36ZS239I4HZ0:1701/, source=http-api), registered=true, statusInfo=StatusInfo(status=UP, details={hystrix={status=UP}, diskSpace={status=UP, details={total=304943722496, free=91919532032, threshold=10485760, exists=true}}, ping={status=UP}, discoveryComposite={status=UP, details={discoveryClient={status=UP, details={services=[nstr-test, nstr-system, nstr-gateway, nstr-auth]}}}}, refreshScope={status=UP}, nacosDiscovery={status=UP}, db={status=UP, details={database=MySQL, validationQuery=isValid()}}}), statusTimestamp=2021-08-23T01:57:46.070132300Z, info=Info(values={app={name=nstr-system, description=@project.description@, version=@project.version@}}), endpoints=Endpoints(endpoints={caches=Endpoint(id=caches, url=http://S6P36ZS239I4HZ0:1701/actuator/caches), loggers=Endpoint(id=loggers, url=http://S6P36ZS239I4HZ0:1701/actuator/loggers), health=Endpoint(id=health, url=http://S6P36ZS239I4HZ0:1701/actuator/health), refresh=Endpoint(id=refresh, url=http://S6P36ZS239I4HZ0:1701/actuator/refresh), env=Endpoint(id=env, url=http://S6P36ZS239I4HZ0:1701/actuator/env), nacosdiscovery=Endpoint(id=nacosdiscovery, url=http://S6P36ZS239I4HZ0:1701/actuator/nacosdiscovery), heapdump=Endpoint(id=heapdump, url=http://S6P36ZS239I4HZ0:1701/actuator/heapdump), features=Endpoint(id=features, url=http://S6P36ZS239I4HZ0:1701/actuator/features), scheduledtasks=Endpoint(id=scheduledtasks, url=http://S6P36ZS239I4HZ0:1701/actuator/scheduledtasks), mappings=Endpoint(id=mappings, url=http://S6P36ZS239I4HZ0:1701/actuator/mappings), archaius=Endpoint(id=archaius, url=http://S6P36ZS239I4HZ0:1701/actuator/archaius), beans=Endpoint(id=beans, url=http://S6P36ZS239I4HZ0:1701/actuator/beans), configprops=Endpoint(id=configprops, url=http://S6P36ZS239I4HZ0:1701/actuator/configprops), threaddump=Endpoint(id=threaddump, url=http://S6P36ZS239I4HZ0:1701/actuator/threaddump), prometheus=Endpoint(id=prometheus, url=http://S6P36ZS239I4HZ0:1701/actuator/prometheus), metrics=Endpoint(id=metrics, url=http://S6P36ZS239I4HZ0:1701/actuator/metrics), conditions=Endpoint(id=conditions, url=http://S6P36ZS239I4HZ0:1701/actuator/conditions), service-registry=Endpoint(id=service-registry, url=http://S6P36ZS239I4HZ0:1701/actuator/service-registry), info=Endpoint(id=info, url=http://S6P36ZS239I4HZ0:1701/actuator/info)}), buildVersion=null, tags=Tags(values={}))
io.netty.channel.AbstractChannel$AnnotatedConnectException: Connection refused: no further information: S6P36ZS239I4HZ0/192.168.1.216:1701
	Suppressed: reactor.core.publisher.FluxOnAssembly$OnAssemblyException: 
Error has been observed at the following site(s):
	|_ checkpoint ⇢ Request to GET health [DefaultWebClient]
Stack trace:
Caused by: java.net.ConnectException: Connection refused: no further information
	at java.base/sun.nio.ch.SocketChannelImpl.checkConnect(Native Method)
	at java.base/sun.nio.ch.SocketChannelImpl.finishConnect(SocketChannelImpl.java:779)
	at io.netty.channel.socket.nio.NioSocketChannel.doFinishConnect(NioSocketChannel.java:330)
	at io.netty.channel.nio.AbstractNioChannel$AbstractNioUnsafe.finishConnect(AbstractNioChannel.java:334)
	at io.netty.channel.nio.NioEventLoop.processSelectedKey(NioEventLoop.java:707)
	at io.netty.channel.nio.NioEventLoop.processSelectedKeysOptimized(NioEventLoop.java:655)
	at io.netty.channel.nio.NioEventLoop.processSelectedKeys(NioEventLoop.java:581)
	at io.netty.channel.nio.NioEventLoop.run(NioEventLoop.java:493)
	at io.netty.util.concurrent.SingleThreadEventExecutor$4.run(SingleThreadEventExecutor.java:989)
	at io.netty.util.internal.ThreadExecutorMap$2.run(ThreadExecutorMap.java:74)
	at io.netty.util.concurrent.FastThreadLocalRunnable.run(FastThreadLocalRunnable.java:30)
	at java.base/java.lang.Thread.run(Thread.java:834)
2021-08-23 15:59:45 INFO  parallel-1 de.codecentric.boot.admin.server.services.StatusUpdater Couldn't retrieve status for Instance(id=e0b5ff47633b, version=6, registration=Registration(name=nstr-system, managementUrl=http://S6P36ZS239I4HZ0:1701/actuator, healthUrl=http://S6P36ZS239I4HZ0:1701/actuator/health, serviceUrl=http://S6P36ZS239I4HZ0:1701/, source=http-api), registered=true, statusInfo=StatusInfo(status=UP, details={hystrix={status=UP}, diskSpace={status=UP, details={total=304943722496, free=91919310848, threshold=10485760, exists=true}}, ping={status=UP}, discoveryComposite={status=UP, details={discoveryClient={status=UP, details={services=[nstr-test, nstr-system, nstr-gateway, nstr-auth]}}}}, refreshScope={status=UP}, nacosDiscovery={status=UP}, db={status=UP, details={database=MySQL, validationQuery=isValid()}}}), statusTimestamp=2021-08-23T01:59:46.057906600Z, info=Info(values={app={name=nstr-system, description=@project.description@, version=@project.version@}}), endpoints=Endpoints(endpoints={caches=Endpoint(id=caches, url=http://S6P36ZS239I4HZ0:1701/actuator/caches), loggers=Endpoint(id=loggers, url=http://S6P36ZS239I4HZ0:1701/actuator/loggers), health=Endpoint(id=health, url=http://S6P36ZS239I4HZ0:1701/actuator/health), refresh=Endpoint(id=refresh, url=http://S6P36ZS239I4HZ0:1701/actuator/refresh), env=Endpoint(id=env, url=http://S6P36ZS239I4HZ0:1701/actuator/env), nacosdiscovery=Endpoint(id=nacosdiscovery, url=http://S6P36ZS239I4HZ0:1701/actuator/nacosdiscovery), heapdump=Endpoint(id=heapdump, url=http://S6P36ZS239I4HZ0:1701/actuator/heapdump), features=Endpoint(id=features, url=http://S6P36ZS239I4HZ0:1701/actuator/features), scheduledtasks=Endpoint(id=scheduledtasks, url=http://S6P36ZS239I4HZ0:1701/actuator/scheduledtasks), mappings=Endpoint(id=mappings, url=http://S6P36ZS239I4HZ0:1701/actuator/mappings), archaius=Endpoint(id=archaius, url=http://S6P36ZS239I4HZ0:1701/actuator/archaius), beans=Endpoint(id=beans, url=http://S6P36ZS239I4HZ0:1701/actuator/beans), configprops=Endpoint(id=configprops, url=http://S6P36ZS239I4HZ0:1701/actuator/configprops), threaddump=Endpoint(id=threaddump, url=http://S6P36ZS239I4HZ0:1701/actuator/threaddump), prometheus=Endpoint(id=prometheus, url=http://S6P36ZS239I4HZ0:1701/actuator/prometheus), metrics=Endpoint(id=metrics, url=http://S6P36ZS239I4HZ0:1701/actuator/metrics), conditions=Endpoint(id=conditions, url=http://S6P36ZS239I4HZ0:1701/actuator/conditions), service-registry=Endpoint(id=service-registry, url=http://S6P36ZS239I4HZ0:1701/actuator/service-registry), info=Endpoint(id=info, url=http://S6P36ZS239I4HZ0:1701/actuator/info)}), buildVersion=null, tags=Tags(values={}))
java.util.concurrent.TimeoutException: Did not observe any item or terminal signal within 10000ms in 'doFinally' (and no fallback has been configured)
	at reactor.core.publisher.FluxTimeout$TimeoutMainSubscriber.handleTimeout(FluxTimeout.java:288)
	Suppressed: reactor.core.publisher.FluxOnAssembly$OnAssemblyException: 
Error has been observed at the following site(s):
	|_ checkpoint ⇢ Request to GET health [DefaultWebClient]
Stack trace:
		at reactor.core.publisher.FluxTimeout$TimeoutMainSubscriber.handleTimeout(FluxTimeout.java:288)
		at reactor.core.publisher.FluxTimeout$TimeoutMainSubscriber.doTimeout(FluxTimeout.java:273)
		at reactor.core.publisher.FluxTimeout$TimeoutTimeoutSubscriber.onNext(FluxTimeout.java:395)
		at reactor.core.publisher.StrictSubscriber.onNext(StrictSubscriber.java:89)
		at reactor.core.publisher.FluxOnErrorResume$ResumeSubscriber.onNext(FluxOnErrorResume.java:73)
		at reactor.core.publisher.MonoDelay$MonoDelayRunnable.run(MonoDelay.java:117)
		at reactor.core.scheduler.SchedulerTask.call(SchedulerTask.java:68)
		at reactor.core.scheduler.SchedulerTask.call(SchedulerTask.java:28)
		at java.base/java.util.concurrent.FutureTask.run(FutureTask.java:264)
		at java.base/java.util.concurrent.ScheduledThreadPoolExecutor$ScheduledFutureTask.run(ScheduledThreadPoolExecutor.java:304)
		at java.base/java.util.concurrent.ThreadPoolExecutor.runWorker(ThreadPoolExecutor.java:1128)
		at java.base/java.util.concurrent.ThreadPoolExecutor$Worker.run(ThreadPoolExecutor.java:628)
		at java.base/java.lang.Thread.run(Thread.java:834)
2021-08-23 15:59:45 INFO  parallel-2 de.codecentric.boot.admin.server.services.StatusUpdater Couldn't retrieve status for Instance(id=20f0d8218f73, version=3, registration=Registration(name=nstr-test, managementUrl=http://S6P36ZS239I4HZ0:1801/actuator, healthUrl=http://S6P36ZS239I4HZ0:1801/actuator/health, serviceUrl=http://S6P36ZS239I4HZ0:1801/, source=http-api), registered=true, statusInfo=StatusInfo(status=UP, details={hystrix={status=UP}, diskSpace={status=UP, details={total=304943722496, free=91919544320, threshold=10485760, exists=true}}, ping={status=UP}, discoveryComposite={status=UP, details={discoveryClient={status=UP, details={services=[nstr-test, nstr-system, nstr-gateway, nstr-auth]}}}}, refreshScope={status=UP}, nacosDiscovery={status=UP}, db={status=UP, details={database=MySQL, validationQuery=isValid()}}}), statusTimestamp=2021-08-23T01:57:39.102206200Z, info=Info(values={app={name=nstr-test, description=@project.description@, version=@project.version@}}), endpoints=Endpoints(endpoints={caches=Endpoint(id=caches, url=http://S6P36ZS239I4HZ0:1801/actuator/caches), loggers=Endpoint(id=loggers, url=http://S6P36ZS239I4HZ0:1801/actuator/loggers), health=Endpoint(id=health, url=http://S6P36ZS239I4HZ0:1801/actuator/health), refresh=Endpoint(id=refresh, url=http://S6P36ZS239I4HZ0:1801/actuator/refresh), env=Endpoint(id=env, url=http://S6P36ZS239I4HZ0:1801/actuator/env), nacosdiscovery=Endpoint(id=nacosdiscovery, url=http://S6P36ZS239I4HZ0:1801/actuator/nacosdiscovery), heapdump=Endpoint(id=heapdump, url=http://S6P36ZS239I4HZ0:1801/actuator/heapdump), features=Endpoint(id=features, url=http://S6P36ZS239I4HZ0:1801/actuator/features), scheduledtasks=Endpoint(id=scheduledtasks, url=http://S6P36ZS239I4HZ0:1801/actuator/scheduledtasks), mappings=Endpoint(id=mappings, url=http://S6P36ZS239I4HZ0:1801/actuator/mappings), archaius=Endpoint(id=archaius, url=http://S6P36ZS239I4HZ0:1801/actuator/archaius), beans=Endpoint(id=beans, url=http://S6P36ZS239I4HZ0:1801/actuator/beans), configprops=Endpoint(id=configprops, url=http://S6P36ZS239I4HZ0:1801/actuator/configprops), threaddump=Endpoint(id=threaddump, url=http://S6P36ZS239I4HZ0:1801/actuator/threaddump), prometheus=Endpoint(id=prometheus, url=http://S6P36ZS239I4HZ0:1801/actuator/prometheus), metrics=Endpoint(id=metrics, url=http://S6P36ZS239I4HZ0:1801/actuator/metrics), conditions=Endpoint(id=conditions, url=http://S6P36ZS239I4HZ0:1801/actuator/conditions), service-registry=Endpoint(id=service-registry, url=http://S6P36ZS239I4HZ0:1801/actuator/service-registry), info=Endpoint(id=info, url=http://S6P36ZS239I4HZ0:1801/actuator/info)}), buildVersion=null, tags=Tags(values={}))
java.util.concurrent.TimeoutException: Did not observe any item or terminal signal within 10000ms in 'doFinally' (and no fallback has been configured)
	at reactor.core.publisher.FluxTimeout$TimeoutMainSubscriber.handleTimeout(FluxTimeout.java:288)
	Suppressed: reactor.core.publisher.FluxOnAssembly$OnAssemblyException: 
Error has been observed at the following site(s):
	|_ checkpoint ⇢ Request to GET health [DefaultWebClient]
Stack trace:
		at reactor.core.publisher.FluxTimeout$TimeoutMainSubscriber.handleTimeout(FluxTimeout.java:288)
		at reactor.core.publisher.FluxTimeout$TimeoutMainSubscriber.doTimeout(FluxTimeout.java:273)
		at reactor.core.publisher.FluxTimeout$TimeoutTimeoutSubscriber.onNext(FluxTimeout.java:395)
		at reactor.core.publisher.StrictSubscriber.onNext(StrictSubscriber.java:89)
		at reactor.core.publisher.FluxOnErrorResume$ResumeSubscriber.onNext(FluxOnErrorResume.java:73)
		at reactor.core.publisher.MonoDelay$MonoDelayRunnable.run(MonoDelay.java:117)
		at reactor.core.scheduler.SchedulerTask.call(SchedulerTask.java:68)
		at reactor.core.scheduler.SchedulerTask.call(SchedulerTask.java:28)
		at java.base/java.util.concurrent.FutureTask.run(FutureTask.java:264)
		at java.base/java.util.concurrent.ScheduledThreadPoolExecutor$ScheduledFutureTask.run(ScheduledThreadPoolExecutor.java:304)
		at java.base/java.util.concurrent.ThreadPoolExecutor.runWorker(ThreadPoolExecutor.java:1128)
		at java.base/java.util.concurrent.ThreadPoolExecutor$Worker.run(ThreadPoolExecutor.java:628)
		at java.base/java.lang.Thread.run(Thread.java:834)
2021-08-23 15:59:45 INFO  parallel-8 de.codecentric.boot.admin.server.services.StatusUpdater Couldn't retrieve status for Instance(id=047dd8f250c1, version=3, registration=Registration(name=nstr-gateway, managementUrl=http://S6P36ZS239I4HZ0:88/actuator, healthUrl=http://S6P36ZS239I4HZ0:88/actuator/health, serviceUrl=http://S6P36ZS239I4HZ0:88/, source=http-api), registered=true, statusInfo=StatusInfo(status=UP, details={reactiveDiscoveryClients={status=UP, details={Simple Reactive Discovery Client={status=UP, details={services=[]}}}}, hystrix={status=UP}, nacosConfig={status=UP}, diskSpace={status=UP, details={total=304943722496, free=92001828864, threshold=10485760, exists=true}}, ping={status=UP}, discoveryComposite={status=UP, details={discoveryClient={status=UP, details={services=[nstr-test, nstr-system, nstr-gateway, nstr-auth]}}}}, refreshScope={status=UP}, nacosDiscovery={status=UP}}), statusTimestamp=2021-08-20T08:36:55.926696700Z, info=Info(values={app={name=nstr-gateway, description=@project.description@, version=@project.version@}}), endpoints=Endpoints(endpoints={caches=Endpoint(id=caches, url=http://S6P36ZS239I4HZ0:88/actuator/caches), loggers=Endpoint(id=loggers, url=http://S6P36ZS239I4HZ0:88/actuator/loggers), nacosconfig=Endpoint(id=nacosconfig, url=http://S6P36ZS239I4HZ0:88/actuator/nacosconfig), health=Endpoint(id=health, url=http://S6P36ZS239I4HZ0:88/actuator/health), refresh=Endpoint(id=refresh, url=http://S6P36ZS239I4HZ0:88/actuator/refresh), env=Endpoint(id=env, url=http://S6P36ZS239I4HZ0:88/actuator/env), nacosdiscovery=Endpoint(id=nacosdiscovery, url=http://S6P36ZS239I4HZ0:88/actuator/nacosdiscovery), heapdump=Endpoint(id=heapdump, url=http://S6P36ZS239I4HZ0:88/actuator/heapdump), features=Endpoint(id=features, url=http://S6P36ZS239I4HZ0:88/actuator/features), scheduledtasks=Endpoint(id=scheduledtasks, url=http://S6P36ZS239I4HZ0:88/actuator/scheduledtasks), mappings=Endpoint(id=mappings, url=http://S6P36ZS239I4HZ0:88/actuator/mappings), archaius=Endpoint(id=archaius, url=http://S6P36ZS239I4HZ0:88/actuator/archaius), beans=Endpoint(id=beans, url=http://S6P36ZS239I4HZ0:88/actuator/beans), configprops=Endpoint(id=configprops, url=http://S6P36ZS239I4HZ0:88/actuator/configprops), threaddump=Endpoint(id=threaddump, url=http://S6P36ZS239I4HZ0:88/actuator/threaddump), prometheus=Endpoint(id=prometheus, url=http://S6P36ZS239I4HZ0:88/actuator/prometheus), metrics=Endpoint(id=metrics, url=http://S6P36ZS239I4HZ0:88/actuator/metrics), conditions=Endpoint(id=conditions, url=http://S6P36ZS239I4HZ0:88/actuator/conditions), service-registry=Endpoint(id=service-registry, url=http://S6P36ZS239I4HZ0:88/actuator/service-registry), gateway=Endpoint(id=gateway, url=http://S6P36ZS239I4HZ0:88/actuator/gateway), info=Endpoint(id=info, url=http://S6P36ZS239I4HZ0:88/actuator/info)}), buildVersion=null, tags=Tags(values={}))
java.util.concurrent.TimeoutException: Did not observe any item or terminal signal within 10000ms in 'doFinally' (and no fallback has been configured)
	at reactor.core.publisher.FluxTimeout$TimeoutMainSubscriber.handleTimeout(FluxTimeout.java:288)
	Suppressed: reactor.core.publisher.FluxOnAssembly$OnAssemblyException: 
Error has been observed at the following site(s):
	|_ checkpoint ⇢ Request to GET health [DefaultWebClient]
Stack trace:
		at reactor.core.publisher.FluxTimeout$TimeoutMainSubscriber.handleTimeout(FluxTimeout.java:288)
		at reactor.core.publisher.FluxTimeout$TimeoutMainSubscriber.doTimeout(FluxTimeout.java:273)
		at reactor.core.publisher.FluxTimeout$TimeoutTimeoutSubscriber.onNext(FluxTimeout.java:395)
		at reactor.core.publisher.StrictSubscriber.onNext(StrictSubscriber.java:89)
		at reactor.core.publisher.FluxOnErrorResume$ResumeSubscriber.onNext(FluxOnErrorResume.java:73)
		at reactor.core.publisher.MonoDelay$MonoDelayRunnable.run(MonoDelay.java:117)
		at reactor.core.scheduler.SchedulerTask.call(SchedulerTask.java:68)
		at reactor.core.scheduler.SchedulerTask.call(SchedulerTask.java:28)
		at java.base/java.util.concurrent.FutureTask.run(FutureTask.java:264)
		at java.base/java.util.concurrent.ScheduledThreadPoolExecutor$ScheduledFutureTask.run(ScheduledThreadPoolExecutor.java:304)
		at java.base/java.util.concurrent.ThreadPoolExecutor.runWorker(ThreadPoolExecutor.java:1128)
		at java.base/java.util.concurrent.ThreadPoolExecutor$Worker.run(ThreadPoolExecutor.java:628)
		at java.base/java.lang.Thread.run(Thread.java:834)
2021-08-23 15:59:45 INFO  parallel-7 de.codecentric.boot.admin.server.services.StatusUpdater Couldn't retrieve status for Instance(id=118aee74b410, version=3, registration=Registration(name=nstr-auth, managementUrl=http://S6P36ZS239I4HZ0:1600/actuator, healthUrl=http://S6P36ZS239I4HZ0:1600/actuator/health, serviceUrl=http://S6P36ZS239I4HZ0:1600/, source=http-api), registered=true, statusInfo=StatusInfo(status=UP, details={hystrix={status=UP}, nacosConfig={status=UP}, diskSpace={status=UP, details={total=304943722496, free=92001828864, threshold=10485760, exists=true}}, ping={status=UP}, discoveryComposite={status=UP, details={discoveryClient={status=UP, details={services=[nstr-test, nstr-system, nstr-gateway, nstr-auth]}}}}, refreshScope={status=UP}, nacosDiscovery={status=UP}, db={status=UP, details={database=MySQL, validationQuery=isValid()}}, redis={status=UP, details={version=6.2.4}}}), statusTimestamp=2021-08-20T08:36:57.721456500Z, info=Info(values={app={name=nstr-auth, description=@project.description@, version=@project.version@}}), endpoints=Endpoints(endpoints={caches=Endpoint(id=caches, url=http://S6P36ZS239I4HZ0:1600/actuator/caches), loggers=Endpoint(id=loggers, url=http://S6P36ZS239I4HZ0:1600/actuator/loggers), nacosconfig=Endpoint(id=nacosconfig, url=http://S6P36ZS239I4HZ0:1600/actuator/nacosconfig), health=Endpoint(id=health, url=http://S6P36ZS239I4HZ0:1600/actuator/health), refresh=Endpoint(id=refresh, url=http://S6P36ZS239I4HZ0:1600/actuator/refresh), env=Endpoint(id=env, url=http://S6P36ZS239I4HZ0:1600/actuator/env), nacosdiscovery=Endpoint(id=nacosdiscovery, url=http://S6P36ZS239I4HZ0:1600/actuator/nacosdiscovery), heapdump=Endpoint(id=heapdump, url=http://S6P36ZS239I4HZ0:1600/actuator/heapdump), features=Endpoint(id=features, url=http://S6P36ZS239I4HZ0:1600/actuator/features), scheduledtasks=Endpoint(id=scheduledtasks, url=http://S6P36ZS239I4HZ0:1600/actuator/scheduledtasks), mappings=Endpoint(id=mappings, url=http://S6P36ZS239I4HZ0:1600/actuator/mappings), archaius=Endpoint(id=archaius, url=http://S6P36ZS239I4HZ0:1600/actuator/archaius), beans=Endpoint(id=beans, url=http://S6P36ZS239I4HZ0:1600/actuator/beans), configprops=Endpoint(id=configprops, url=http://S6P36ZS239I4HZ0:1600/actuator/configprops), threaddump=Endpoint(id=threaddump, url=http://S6P36ZS239I4HZ0:1600/actuator/threaddump), prometheus=Endpoint(id=prometheus, url=http://S6P36ZS239I4HZ0:1600/actuator/prometheus), metrics=Endpoint(id=metrics, url=http://S6P36ZS239I4HZ0:1600/actuator/metrics), conditions=Endpoint(id=conditions, url=http://S6P36ZS239I4HZ0:1600/actuator/conditions), service-registry=Endpoint(id=service-registry, url=http://S6P36ZS239I4HZ0:1600/actuator/service-registry), info=Endpoint(id=info, url=http://S6P36ZS239I4HZ0:1600/actuator/info)}), buildVersion=null, tags=Tags(values={}))
java.util.concurrent.TimeoutException: Did not observe any item or terminal signal within 10000ms in 'doFinally' (and no fallback has been configured)
	at reactor.core.publisher.FluxTimeout$TimeoutMainSubscriber.handleTimeout(FluxTimeout.java:288)
	Suppressed: reactor.core.publisher.FluxOnAssembly$OnAssemblyException: 
Error has been observed at the following site(s):
	|_ checkpoint ⇢ Request to GET health [DefaultWebClient]
Stack trace:
		at reactor.core.publisher.FluxTimeout$TimeoutMainSubscriber.handleTimeout(FluxTimeout.java:288)
		at reactor.core.publisher.FluxTimeout$TimeoutMainSubscriber.doTimeout(FluxTimeout.java:273)
		at reactor.core.publisher.FluxTimeout$TimeoutTimeoutSubscriber.onNext(FluxTimeout.java:395)
		at reactor.core.publisher.StrictSubscriber.onNext(StrictSubscriber.java:89)
		at reactor.core.publisher.FluxOnErrorResume$ResumeSubscriber.onNext(FluxOnErrorResume.java:73)
		at reactor.core.publisher.MonoDelay$MonoDelayRunnable.run(MonoDelay.java:117)
		at reactor.core.scheduler.SchedulerTask.call(SchedulerTask.java:68)
		at reactor.core.scheduler.SchedulerTask.call(SchedulerTask.java:28)
		at java.base/java.util.concurrent.FutureTask.run(FutureTask.java:264)
		at java.base/java.util.concurrent.ScheduledThreadPoolExecutor$ScheduledFutureTask.run(ScheduledThreadPoolExecutor.java:304)
		at java.base/java.util.concurrent.ThreadPoolExecutor.runWorker(ThreadPoolExecutor.java:1128)
		at java.base/java.util.concurrent.ThreadPoolExecutor$Worker.run(ThreadPoolExecutor.java:628)
		at java.base/java.lang.Thread.run(Thread.java:834)
2021-08-23 16:01:09 INFO  parallel-6 de.codecentric.boot.admin.server.services.StatusUpdater Couldn't retrieve status for Instance(id=047dd8f250c1, version=5, registration=Registration(name=nstr-gateway, managementUrl=http://S6P36ZS239I4HZ0:88/actuator, healthUrl=http://S6P36ZS239I4HZ0:88/actuator/health, serviceUrl=http://S6P36ZS239I4HZ0:88/, source=http-api), registered=true, statusInfo=StatusInfo(status=DOWN, details={reactiveDiscoveryClients={status=UP, details={Simple Reactive Discovery Client={status=UP, details={services=[]}}}}, hystrix={status=UP}, nacosConfig={status=DOWN}, diskSpace={status=UP, details={total=304943722496, free=91911016448, threshold=10485760, exists=true}}, ping={status=UP}, discoveryComposite={status=UP, details={discoveryClient={status=UP, details={services=[]}}}}, refreshScope={status=UP}, nacosDiscovery={status=DOWN}}), statusTimestamp=2021-08-23T08:00:07.660706900Z, info=Info(values={app={name=nstr-gateway, description=@project.description@, version=@project.version@}}), endpoints=Endpoints(endpoints={caches=Endpoint(id=caches, url=http://S6P36ZS239I4HZ0:88/actuator/caches), loggers=Endpoint(id=loggers, url=http://S6P36ZS239I4HZ0:88/actuator/loggers), nacosconfig=Endpoint(id=nacosconfig, url=http://S6P36ZS239I4HZ0:88/actuator/nacosconfig), health=Endpoint(id=health, url=http://S6P36ZS239I4HZ0:88/actuator/health), refresh=Endpoint(id=refresh, url=http://S6P36ZS239I4HZ0:88/actuator/refresh), env=Endpoint(id=env, url=http://S6P36ZS239I4HZ0:88/actuator/env), nacosdiscovery=Endpoint(id=nacosdiscovery, url=http://S6P36ZS239I4HZ0:88/actuator/nacosdiscovery), heapdump=Endpoint(id=heapdump, url=http://S6P36ZS239I4HZ0:88/actuator/heapdump), features=Endpoint(id=features, url=http://S6P36ZS239I4HZ0:88/actuator/features), scheduledtasks=Endpoint(id=scheduledtasks, url=http://S6P36ZS239I4HZ0:88/actuator/scheduledtasks), mappings=Endpoint(id=mappings, url=http://S6P36ZS239I4HZ0:88/actuator/mappings), archaius=Endpoint(id=archaius, url=http://S6P36ZS239I4HZ0:88/actuator/archaius), beans=Endpoint(id=beans, url=http://S6P36ZS239I4HZ0:88/actuator/beans), configprops=Endpoint(id=configprops, url=http://S6P36ZS239I4HZ0:88/actuator/configprops), threaddump=Endpoint(id=threaddump, url=http://S6P36ZS239I4HZ0:88/actuator/threaddump), prometheus=Endpoint(id=prometheus, url=http://S6P36ZS239I4HZ0:88/actuator/prometheus), metrics=Endpoint(id=metrics, url=http://S6P36ZS239I4HZ0:88/actuator/metrics), conditions=Endpoint(id=conditions, url=http://S6P36ZS239I4HZ0:88/actuator/conditions), service-registry=Endpoint(id=service-registry, url=http://S6P36ZS239I4HZ0:88/actuator/service-registry), gateway=Endpoint(id=gateway, url=http://S6P36ZS239I4HZ0:88/actuator/gateway), info=Endpoint(id=info, url=http://S6P36ZS239I4HZ0:88/actuator/info)}), buildVersion=null, tags=Tags(values={}))
java.util.concurrent.TimeoutException: Did not observe any item or terminal signal within 10000ms in 'doFinally' (and no fallback has been configured)
	at reactor.core.publisher.FluxTimeout$TimeoutMainSubscriber.handleTimeout(FluxTimeout.java:288)
	Suppressed: reactor.core.publisher.FluxOnAssembly$OnAssemblyException: 
Error has been observed at the following site(s):
	|_ checkpoint ⇢ Request to GET health [DefaultWebClient]
Stack trace:
		at reactor.core.publisher.FluxTimeout$TimeoutMainSubscriber.handleTimeout(FluxTimeout.java:288)
		at reactor.core.publisher.FluxTimeout$TimeoutMainSubscriber.doTimeout(FluxTimeout.java:273)
		at reactor.core.publisher.FluxTimeout$TimeoutTimeoutSubscriber.onNext(FluxTimeout.java:395)
		at reactor.core.publisher.StrictSubscriber.onNext(StrictSubscriber.java:89)
		at reactor.core.publisher.FluxOnErrorResume$ResumeSubscriber.onNext(FluxOnErrorResume.java:73)
		at reactor.core.publisher.MonoDelay$MonoDelayRunnable.run(MonoDelay.java:117)
		at reactor.core.scheduler.SchedulerTask.call(SchedulerTask.java:68)
		at reactor.core.scheduler.SchedulerTask.call(SchedulerTask.java:28)
		at java.base/java.util.concurrent.FutureTask.run(FutureTask.java:264)
		at java.base/java.util.concurrent.ScheduledThreadPoolExecutor$ScheduledFutureTask.run(ScheduledThreadPoolExecutor.java:304)
		at java.base/java.util.concurrent.ThreadPoolExecutor.runWorker(ThreadPoolExecutor.java:1128)
		at java.base/java.util.concurrent.ThreadPoolExecutor$Worker.run(ThreadPoolExecutor.java:628)
		at java.base/java.lang.Thread.run(Thread.java:834)
2021-08-23 16:04:19 INFO  parallel-7 de.codecentric.boot.admin.server.services.StatusUpdater Couldn't retrieve status for Instance(id=047dd8f250c1, version=7, registration=Registration(name=nstr-gateway, managementUrl=http://S6P36ZS239I4HZ0:88/actuator, healthUrl=http://S6P36ZS239I4HZ0:88/actuator/health, serviceUrl=http://S6P36ZS239I4HZ0:88/, source=http-api), registered=true, statusInfo=StatusInfo(status=DOWN, details={reactiveDiscoveryClients={status=UP, details={Simple Reactive Discovery Client={status=UP, details={services=[]}}}}, hystrix={status=UP}, nacosConfig={status=DOWN}, diskSpace={status=UP, details={total=304943722496, free=91907055616, threshold=10485760, exists=true}}, ping={status=UP}, discoveryComposite={status=UP, details={discoveryClient={status=UP, details={services=[]}}}}, refreshScope={status=UP}, nacosDiscovery={status=DOWN}}), statusTimestamp=2021-08-23T08:03:58.708094300Z, info=Info(values={app={name=nstr-gateway, description=@project.description@, version=@project.version@}}), endpoints=Endpoints(endpoints={caches=Endpoint(id=caches, url=http://S6P36ZS239I4HZ0:88/actuator/caches), loggers=Endpoint(id=loggers, url=http://S6P36ZS239I4HZ0:88/actuator/loggers), nacosconfig=Endpoint(id=nacosconfig, url=http://S6P36ZS239I4HZ0:88/actuator/nacosconfig), health=Endpoint(id=health, url=http://S6P36ZS239I4HZ0:88/actuator/health), refresh=Endpoint(id=refresh, url=http://S6P36ZS239I4HZ0:88/actuator/refresh), env=Endpoint(id=env, url=http://S6P36ZS239I4HZ0:88/actuator/env), nacosdiscovery=Endpoint(id=nacosdiscovery, url=http://S6P36ZS239I4HZ0:88/actuator/nacosdiscovery), heapdump=Endpoint(id=heapdump, url=http://S6P36ZS239I4HZ0:88/actuator/heapdump), features=Endpoint(id=features, url=http://S6P36ZS239I4HZ0:88/actuator/features), scheduledtasks=Endpoint(id=scheduledtasks, url=http://S6P36ZS239I4HZ0:88/actuator/scheduledtasks), mappings=Endpoint(id=mappings, url=http://S6P36ZS239I4HZ0:88/actuator/mappings), archaius=Endpoint(id=archaius, url=http://S6P36ZS239I4HZ0:88/actuator/archaius), beans=Endpoint(id=beans, url=http://S6P36ZS239I4HZ0:88/actuator/beans), configprops=Endpoint(id=configprops, url=http://S6P36ZS239I4HZ0:88/actuator/configprops), threaddump=Endpoint(id=threaddump, url=http://S6P36ZS239I4HZ0:88/actuator/threaddump), prometheus=Endpoint(id=prometheus, url=http://S6P36ZS239I4HZ0:88/actuator/prometheus), metrics=Endpoint(id=metrics, url=http://S6P36ZS239I4HZ0:88/actuator/metrics), conditions=Endpoint(id=conditions, url=http://S6P36ZS239I4HZ0:88/actuator/conditions), service-registry=Endpoint(id=service-registry, url=http://S6P36ZS239I4HZ0:88/actuator/service-registry), gateway=Endpoint(id=gateway, url=http://S6P36ZS239I4HZ0:88/actuator/gateway), info=Endpoint(id=info, url=http://S6P36ZS239I4HZ0:88/actuator/info)}), buildVersion=null, tags=Tags(values={}))
java.util.concurrent.TimeoutException: Did not observe any item or terminal signal within 10000ms in 'doFinally' (and no fallback has been configured)
	at reactor.core.publisher.FluxTimeout$TimeoutMainSubscriber.handleTimeout(FluxTimeout.java:288)
	Suppressed: reactor.core.publisher.FluxOnAssembly$OnAssemblyException: 
Error has been observed at the following site(s):
	|_ checkpoint ⇢ Request to GET health [DefaultWebClient]
Stack trace:
		at reactor.core.publisher.FluxTimeout$TimeoutMainSubscriber.handleTimeout(FluxTimeout.java:288)
		at reactor.core.publisher.FluxTimeout$TimeoutMainSubscriber.doTimeout(FluxTimeout.java:273)
		at reactor.core.publisher.FluxTimeout$TimeoutTimeoutSubscriber.onNext(FluxTimeout.java:395)
		at reactor.core.publisher.StrictSubscriber.onNext(StrictSubscriber.java:89)
		at reactor.core.publisher.FluxOnErrorResume$ResumeSubscriber.onNext(FluxOnErrorResume.java:73)
		at reactor.core.publisher.MonoDelay$MonoDelayRunnable.run(MonoDelay.java:117)
		at reactor.core.scheduler.SchedulerTask.call(SchedulerTask.java:68)
		at reactor.core.scheduler.SchedulerTask.call(SchedulerTask.java:28)
		at java.base/java.util.concurrent.FutureTask.run(FutureTask.java:264)
		at java.base/java.util.concurrent.ScheduledThreadPoolExecutor$ScheduledFutureTask.run(ScheduledThreadPoolExecutor.java:304)
		at java.base/java.util.concurrent.ThreadPoolExecutor.runWorker(ThreadPoolExecutor.java:1128)
		at java.base/java.util.concurrent.ThreadPoolExecutor$Worker.run(ThreadPoolExecutor.java:628)
		at java.base/java.lang.Thread.run(Thread.java:834)
2021-08-23 16:06:20 INFO  parallel-7 de.codecentric.boot.admin.server.services.StatusUpdater Couldn't retrieve status for Instance(id=047dd8f250c1, version=9, registration=Registration(name=nstr-gateway, managementUrl=http://S6P36ZS239I4HZ0:88/actuator, healthUrl=http://S6P36ZS239I4HZ0:88/actuator/health, serviceUrl=http://S6P36ZS239I4HZ0:88/, source=http-api), registered=true, statusInfo=StatusInfo(status=DOWN, details={reactiveDiscoveryClients={status=UP, details={Simple Reactive Discovery Client={status=UP, details={services=[]}}}}, hystrix={status=UP}, nacosConfig={status=DOWN}, diskSpace={status=UP, details={total=304943722496, free=91904401408, threshold=10485760, exists=true}}, ping={status=UP}, discoveryComposite={status=UP, details={discoveryClient={status=UP, details={services=[]}}}}, refreshScope={status=UP}, nacosDiscovery={status=DOWN}}), statusTimestamp=2021-08-23T08:05:59.275350200Z, info=Info(values={app={name=nstr-gateway, description=@project.description@, version=@project.version@}}), endpoints=Endpoints(endpoints={caches=Endpoint(id=caches, url=http://S6P36ZS239I4HZ0:88/actuator/caches), loggers=Endpoint(id=loggers, url=http://S6P36ZS239I4HZ0:88/actuator/loggers), nacosconfig=Endpoint(id=nacosconfig, url=http://S6P36ZS239I4HZ0:88/actuator/nacosconfig), health=Endpoint(id=health, url=http://S6P36ZS239I4HZ0:88/actuator/health), refresh=Endpoint(id=refresh, url=http://S6P36ZS239I4HZ0:88/actuator/refresh), env=Endpoint(id=env, url=http://S6P36ZS239I4HZ0:88/actuator/env), nacosdiscovery=Endpoint(id=nacosdiscovery, url=http://S6P36ZS239I4HZ0:88/actuator/nacosdiscovery), heapdump=Endpoint(id=heapdump, url=http://S6P36ZS239I4HZ0:88/actuator/heapdump), features=Endpoint(id=features, url=http://S6P36ZS239I4HZ0:88/actuator/features), scheduledtasks=Endpoint(id=scheduledtasks, url=http://S6P36ZS239I4HZ0:88/actuator/scheduledtasks), mappings=Endpoint(id=mappings, url=http://S6P36ZS239I4HZ0:88/actuator/mappings), archaius=Endpoint(id=archaius, url=http://S6P36ZS239I4HZ0:88/actuator/archaius), beans=Endpoint(id=beans, url=http://S6P36ZS239I4HZ0:88/actuator/beans), configprops=Endpoint(id=configprops, url=http://S6P36ZS239I4HZ0:88/actuator/configprops), threaddump=Endpoint(id=threaddump, url=http://S6P36ZS239I4HZ0:88/actuator/threaddump), prometheus=Endpoint(id=prometheus, url=http://S6P36ZS239I4HZ0:88/actuator/prometheus), metrics=Endpoint(id=metrics, url=http://S6P36ZS239I4HZ0:88/actuator/metrics), conditions=Endpoint(id=conditions, url=http://S6P36ZS239I4HZ0:88/actuator/conditions), service-registry=Endpoint(id=service-registry, url=http://S6P36ZS239I4HZ0:88/actuator/service-registry), gateway=Endpoint(id=gateway, url=http://S6P36ZS239I4HZ0:88/actuator/gateway), info=Endpoint(id=info, url=http://S6P36ZS239I4HZ0:88/actuator/info)}), buildVersion=null, tags=Tags(values={}))
java.util.concurrent.TimeoutException: Did not observe any item or terminal signal within 10000ms in 'doFinally' (and no fallback has been configured)
	at reactor.core.publisher.FluxTimeout$TimeoutMainSubscriber.handleTimeout(FluxTimeout.java:288)
	Suppressed: reactor.core.publisher.FluxOnAssembly$OnAssemblyException: 
Error has been observed at the following site(s):
	|_ checkpoint ⇢ Request to GET health [DefaultWebClient]
Stack trace:
		at reactor.core.publisher.FluxTimeout$TimeoutMainSubscriber.handleTimeout(FluxTimeout.java:288)
		at reactor.core.publisher.FluxTimeout$TimeoutMainSubscriber.doTimeout(FluxTimeout.java:273)
		at reactor.core.publisher.FluxTimeout$TimeoutTimeoutSubscriber.onNext(FluxTimeout.java:395)
		at reactor.core.publisher.StrictSubscriber.onNext(StrictSubscriber.java:89)
		at reactor.core.publisher.FluxOnErrorResume$ResumeSubscriber.onNext(FluxOnErrorResume.java:73)
		at reactor.core.publisher.MonoDelay$MonoDelayRunnable.run(MonoDelay.java:117)
		at reactor.core.scheduler.SchedulerTask.call(SchedulerTask.java:68)
		at reactor.core.scheduler.SchedulerTask.call(SchedulerTask.java:28)
		at java.base/java.util.concurrent.FutureTask.run(FutureTask.java:264)
		at java.base/java.util.concurrent.ScheduledThreadPoolExecutor$ScheduledFutureTask.run(ScheduledThreadPoolExecutor.java:304)
		at java.base/java.util.concurrent.ThreadPoolExecutor.runWorker(ThreadPoolExecutor.java:1128)
		at java.base/java.util.concurrent.ThreadPoolExecutor$Worker.run(ThreadPoolExecutor.java:628)
		at java.base/java.lang.Thread.run(Thread.java:834)
2021-08-23 16:12:01 INFO  parallel-5 de.codecentric.boot.admin.server.services.StatusUpdater Couldn't retrieve status for Instance(id=047dd8f250c1, version=11, registration=Registration(name=nstr-gateway, managementUrl=http://S6P36ZS239I4HZ0:88/actuator, healthUrl=http://S6P36ZS239I4HZ0:88/actuator/health, serviceUrl=http://S6P36ZS239I4HZ0:88/, source=http-api), registered=true, statusInfo=StatusInfo(status=DOWN, details={reactiveDiscoveryClients={status=UP, details={Simple Reactive Discovery Client={status=UP, details={services=[]}}}}, hystrix={status=UP}, nacosConfig={status=DOWN}, diskSpace={status=UP, details={total=304943722496, free=91897749504, threshold=10485760, exists=true}}, ping={status=UP}, discoveryComposite={status=UP, details={discoveryClient={status=UP, details={services=[]}}}}, refreshScope={status=UP}, nacosDiscovery={status=DOWN}}), statusTimestamp=2021-08-23T08:11:40.341954700Z, info=Info(values={app={name=nstr-gateway, description=@project.description@, version=@project.version@}}), endpoints=Endpoints(endpoints={caches=Endpoint(id=caches, url=http://S6P36ZS239I4HZ0:88/actuator/caches), loggers=Endpoint(id=loggers, url=http://S6P36ZS239I4HZ0:88/actuator/loggers), nacosconfig=Endpoint(id=nacosconfig, url=http://S6P36ZS239I4HZ0:88/actuator/nacosconfig), health=Endpoint(id=health, url=http://S6P36ZS239I4HZ0:88/actuator/health), refresh=Endpoint(id=refresh, url=http://S6P36ZS239I4HZ0:88/actuator/refresh), env=Endpoint(id=env, url=http://S6P36ZS239I4HZ0:88/actuator/env), nacosdiscovery=Endpoint(id=nacosdiscovery, url=http://S6P36ZS239I4HZ0:88/actuator/nacosdiscovery), heapdump=Endpoint(id=heapdump, url=http://S6P36ZS239I4HZ0:88/actuator/heapdump), features=Endpoint(id=features, url=http://S6P36ZS239I4HZ0:88/actuator/features), scheduledtasks=Endpoint(id=scheduledtasks, url=http://S6P36ZS239I4HZ0:88/actuator/scheduledtasks), mappings=Endpoint(id=mappings, url=http://S6P36ZS239I4HZ0:88/actuator/mappings), archaius=Endpoint(id=archaius, url=http://S6P36ZS239I4HZ0:88/actuator/archaius), beans=Endpoint(id=beans, url=http://S6P36ZS239I4HZ0:88/actuator/beans), configprops=Endpoint(id=configprops, url=http://S6P36ZS239I4HZ0:88/actuator/configprops), threaddump=Endpoint(id=threaddump, url=http://S6P36ZS239I4HZ0:88/actuator/threaddump), prometheus=Endpoint(id=prometheus, url=http://S6P36ZS239I4HZ0:88/actuator/prometheus), metrics=Endpoint(id=metrics, url=http://S6P36ZS239I4HZ0:88/actuator/metrics), conditions=Endpoint(id=conditions, url=http://S6P36ZS239I4HZ0:88/actuator/conditions), service-registry=Endpoint(id=service-registry, url=http://S6P36ZS239I4HZ0:88/actuator/service-registry), gateway=Endpoint(id=gateway, url=http://S6P36ZS239I4HZ0:88/actuator/gateway), info=Endpoint(id=info, url=http://S6P36ZS239I4HZ0:88/actuator/info)}), buildVersion=null, tags=Tags(values={}))
java.util.concurrent.TimeoutException: Did not observe any item or terminal signal within 10000ms in 'doFinally' (and no fallback has been configured)
	at reactor.core.publisher.FluxTimeout$TimeoutMainSubscriber.handleTimeout(FluxTimeout.java:288)
	Suppressed: reactor.core.publisher.FluxOnAssembly$OnAssemblyException: 
Error has been observed at the following site(s):
	|_ checkpoint ⇢ Request to GET health [DefaultWebClient]
Stack trace:
		at reactor.core.publisher.FluxTimeout$TimeoutMainSubscriber.handleTimeout(FluxTimeout.java:288)
		at reactor.core.publisher.FluxTimeout$TimeoutMainSubscriber.doTimeout(FluxTimeout.java:273)
		at reactor.core.publisher.FluxTimeout$TimeoutTimeoutSubscriber.onNext(FluxTimeout.java:395)
		at reactor.core.publisher.StrictSubscriber.onNext(StrictSubscriber.java:89)
		at reactor.core.publisher.FluxOnErrorResume$ResumeSubscriber.onNext(FluxOnErrorResume.java:73)
		at reactor.core.publisher.MonoDelay$MonoDelayRunnable.run(MonoDelay.java:117)
		at reactor.core.scheduler.SchedulerTask.call(SchedulerTask.java:68)
		at reactor.core.scheduler.SchedulerTask.call(SchedulerTask.java:28)
		at java.base/java.util.concurrent.FutureTask.run(FutureTask.java:264)
		at java.base/java.util.concurrent.ScheduledThreadPoolExecutor$ScheduledFutureTask.run(ScheduledThreadPoolExecutor.java:304)
		at java.base/java.util.concurrent.ThreadPoolExecutor.runWorker(ThreadPoolExecutor.java:1128)
		at java.base/java.util.concurrent.ThreadPoolExecutor$Worker.run(ThreadPoolExecutor.java:628)
		at java.base/java.lang.Thread.run(Thread.java:834)
2021-08-23 16:16:22 INFO  parallel-1 de.codecentric.boot.admin.server.services.StatusUpdater Couldn't retrieve status for Instance(id=047dd8f250c1, version=13, registration=Registration(name=nstr-gateway, managementUrl=http://S6P36ZS239I4HZ0:88/actuator, healthUrl=http://S6P36ZS239I4HZ0:88/actuator/health, serviceUrl=http://S6P36ZS239I4HZ0:88/, source=http-api), registered=true, statusInfo=StatusInfo(status=DOWN, details={reactiveDiscoveryClients={status=UP, details={Simple Reactive Discovery Client={status=UP, details={services=[]}}}}, hystrix={status=UP}, nacosConfig={status=DOWN}, diskSpace={status=UP, details={total=304943722496, free=91893420032, threshold=10485760, exists=true}}, ping={status=UP}, discoveryComposite={status=UP, details={discoveryClient={status=UP, details={services=[]}}}}, refreshScope={status=UP}, nacosDiscovery={status=DOWN}}), statusTimestamp=2021-08-23T08:15:20.895760400Z, info=Info(values={app={name=nstr-gateway, description=@project.description@, version=@project.version@}}), endpoints=Endpoints(endpoints={caches=Endpoint(id=caches, url=http://S6P36ZS239I4HZ0:88/actuator/caches), loggers=Endpoint(id=loggers, url=http://S6P36ZS239I4HZ0:88/actuator/loggers), nacosconfig=Endpoint(id=nacosconfig, url=http://S6P36ZS239I4HZ0:88/actuator/nacosconfig), health=Endpoint(id=health, url=http://S6P36ZS239I4HZ0:88/actuator/health), refresh=Endpoint(id=refresh, url=http://S6P36ZS239I4HZ0:88/actuator/refresh), env=Endpoint(id=env, url=http://S6P36ZS239I4HZ0:88/actuator/env), nacosdiscovery=Endpoint(id=nacosdiscovery, url=http://S6P36ZS239I4HZ0:88/actuator/nacosdiscovery), heapdump=Endpoint(id=heapdump, url=http://S6P36ZS239I4HZ0:88/actuator/heapdump), features=Endpoint(id=features, url=http://S6P36ZS239I4HZ0:88/actuator/features), scheduledtasks=Endpoint(id=scheduledtasks, url=http://S6P36ZS239I4HZ0:88/actuator/scheduledtasks), mappings=Endpoint(id=mappings, url=http://S6P36ZS239I4HZ0:88/actuator/mappings), archaius=Endpoint(id=archaius, url=http://S6P36ZS239I4HZ0:88/actuator/archaius), beans=Endpoint(id=beans, url=http://S6P36ZS239I4HZ0:88/actuator/beans), configprops=Endpoint(id=configprops, url=http://S6P36ZS239I4HZ0:88/actuator/configprops), threaddump=Endpoint(id=threaddump, url=http://S6P36ZS239I4HZ0:88/actuator/threaddump), prometheus=Endpoint(id=prometheus, url=http://S6P36ZS239I4HZ0:88/actuator/prometheus), metrics=Endpoint(id=metrics, url=http://S6P36ZS239I4HZ0:88/actuator/metrics), conditions=Endpoint(id=conditions, url=http://S6P36ZS239I4HZ0:88/actuator/conditions), service-registry=Endpoint(id=service-registry, url=http://S6P36ZS239I4HZ0:88/actuator/service-registry), gateway=Endpoint(id=gateway, url=http://S6P36ZS239I4HZ0:88/actuator/gateway), info=Endpoint(id=info, url=http://S6P36ZS239I4HZ0:88/actuator/info)}), buildVersion=null, tags=Tags(values={}))
java.util.concurrent.TimeoutException: Did not observe any item or terminal signal within 10000ms in 'doFinally' (and no fallback has been configured)
	at reactor.core.publisher.FluxTimeout$TimeoutMainSubscriber.handleTimeout(FluxTimeout.java:288)
	Suppressed: reactor.core.publisher.FluxOnAssembly$OnAssemblyException: 
Error has been observed at the following site(s):
	|_ checkpoint ⇢ Request to GET health [DefaultWebClient]
Stack trace:
		at reactor.core.publisher.FluxTimeout$TimeoutMainSubscriber.handleTimeout(FluxTimeout.java:288)
		at reactor.core.publisher.FluxTimeout$TimeoutMainSubscriber.doTimeout(FluxTimeout.java:273)
		at reactor.core.publisher.FluxTimeout$TimeoutTimeoutSubscriber.onNext(FluxTimeout.java:395)
		at reactor.core.publisher.StrictSubscriber.onNext(StrictSubscriber.java:89)
		at reactor.core.publisher.FluxOnErrorResume$ResumeSubscriber.onNext(FluxOnErrorResume.java:73)
		at reactor.core.publisher.MonoDelay$MonoDelayRunnable.run(MonoDelay.java:117)
		at reactor.core.scheduler.SchedulerTask.call(SchedulerTask.java:68)
		at reactor.core.scheduler.SchedulerTask.call(SchedulerTask.java:28)
		at java.base/java.util.concurrent.FutureTask.run(FutureTask.java:264)
		at java.base/java.util.concurrent.ScheduledThreadPoolExecutor$ScheduledFutureTask.run(ScheduledThreadPoolExecutor.java:304)
		at java.base/java.util.concurrent.ThreadPoolExecutor.runWorker(ThreadPoolExecutor.java:1128)
		at java.base/java.util.concurrent.ThreadPoolExecutor$Worker.run(ThreadPoolExecutor.java:628)
		at java.base/java.lang.Thread.run(Thread.java:834)
2021-08-23 16:21:21 INFO  parallel-3 de.codecentric.boot.admin.server.services.StatusUpdater Couldn't retrieve status for Instance(id=20f0d8218f73, version=5, registration=Registration(name=nstr-test, managementUrl=http://S6P36ZS239I4HZ0:1801/actuator, healthUrl=http://S6P36ZS239I4HZ0:1801/actuator/health, serviceUrl=http://S6P36ZS239I4HZ0:1801/, source=http-api), registered=true, statusInfo=StatusInfo(status=UP, details={hystrix={status=UP}, diskSpace={status=UP, details={total=304943722496, free=91888959488, threshold=10485760, exists=true}}, ping={status=UP}, discoveryComposite={status=UP, details={discoveryClient={status=UP, details={services=[]}}}}, refreshScope={status=UP}, nacosDiscovery={status=UP}, db={status=UP, details={database=MySQL, validationQuery=isValid()}}}), statusTimestamp=2021-08-23T08:17:20.792497Z, info=Info(values={app={name=nstr-test, description=@project.description@, version=@project.version@}}), endpoints=Endpoints(endpoints={caches=Endpoint(id=caches, url=http://S6P36ZS239I4HZ0:1801/actuator/caches), loggers=Endpoint(id=loggers, url=http://S6P36ZS239I4HZ0:1801/actuator/loggers), health=Endpoint(id=health, url=http://S6P36ZS239I4HZ0:1801/actuator/health), refresh=Endpoint(id=refresh, url=http://S6P36ZS239I4HZ0:1801/actuator/refresh), env=Endpoint(id=env, url=http://S6P36ZS239I4HZ0:1801/actuator/env), nacosdiscovery=Endpoint(id=nacosdiscovery, url=http://S6P36ZS239I4HZ0:1801/actuator/nacosdiscovery), heapdump=Endpoint(id=heapdump, url=http://S6P36ZS239I4HZ0:1801/actuator/heapdump), features=Endpoint(id=features, url=http://S6P36ZS239I4HZ0:1801/actuator/features), scheduledtasks=Endpoint(id=scheduledtasks, url=http://S6P36ZS239I4HZ0:1801/actuator/scheduledtasks), mappings=Endpoint(id=mappings, url=http://S6P36ZS239I4HZ0:1801/actuator/mappings), archaius=Endpoint(id=archaius, url=http://S6P36ZS239I4HZ0:1801/actuator/archaius), beans=Endpoint(id=beans, url=http://S6P36ZS239I4HZ0:1801/actuator/beans), configprops=Endpoint(id=configprops, url=http://S6P36ZS239I4HZ0:1801/actuator/configprops), threaddump=Endpoint(id=threaddump, url=http://S6P36ZS239I4HZ0:1801/actuator/threaddump), prometheus=Endpoint(id=prometheus, url=http://S6P36ZS239I4HZ0:1801/actuator/prometheus), metrics=Endpoint(id=metrics, url=http://S6P36ZS239I4HZ0:1801/actuator/metrics), conditions=Endpoint(id=conditions, url=http://S6P36ZS239I4HZ0:1801/actuator/conditions), service-registry=Endpoint(id=service-registry, url=http://S6P36ZS239I4HZ0:1801/actuator/service-registry), info=Endpoint(id=info, url=http://S6P36ZS239I4HZ0:1801/actuator/info)}), buildVersion=null, tags=Tags(values={}))
java.util.concurrent.TimeoutException: Did not observe any item or terminal signal within 10000ms in 'doFinally' (and no fallback has been configured)
	at reactor.core.publisher.FluxTimeout$TimeoutMainSubscriber.handleTimeout(FluxTimeout.java:288)
	Suppressed: reactor.core.publisher.FluxOnAssembly$OnAssemblyException: 
Error has been observed at the following site(s):
	|_ checkpoint ⇢ Request to GET health [DefaultWebClient]
Stack trace:
		at reactor.core.publisher.FluxTimeout$TimeoutMainSubscriber.handleTimeout(FluxTimeout.java:288)
		at reactor.core.publisher.FluxTimeout$TimeoutMainSubscriber.doTimeout(FluxTimeout.java:273)
		at reactor.core.publisher.FluxTimeout$TimeoutTimeoutSubscriber.onNext(FluxTimeout.java:395)
		at reactor.core.publisher.StrictSubscriber.onNext(StrictSubscriber.java:89)
		at reactor.core.publisher.FluxOnErrorResume$ResumeSubscriber.onNext(FluxOnErrorResume.java:73)
		at reactor.core.publisher.MonoDelay$MonoDelayRunnable.run(MonoDelay.java:117)
		at reactor.core.scheduler.SchedulerTask.call(SchedulerTask.java:68)
		at reactor.core.scheduler.SchedulerTask.call(SchedulerTask.java:28)
		at java.base/java.util.concurrent.FutureTask.run(FutureTask.java:264)
		at java.base/java.util.concurrent.ScheduledThreadPoolExecutor$ScheduledFutureTask.run(ScheduledThreadPoolExecutor.java:304)
		at java.base/java.util.concurrent.ThreadPoolExecutor.runWorker(ThreadPoolExecutor.java:1128)
		at java.base/java.util.concurrent.ThreadPoolExecutor$Worker.run(ThreadPoolExecutor.java:628)
		at java.base/java.lang.Thread.run(Thread.java:834)
2021-08-23 16:22:01 INFO  parallel-5 de.codecentric.boot.admin.server.services.StatusUpdater Couldn't retrieve status for Instance(id=047dd8f250c1, version=16, registration=Registration(name=nstr-gateway, managementUrl=http://S6P36ZS239I4HZ0:88/actuator, healthUrl=http://S6P36ZS239I4HZ0:88/actuator/health, serviceUrl=http://S6P36ZS239I4HZ0:88/, source=http-api), registered=true, statusInfo=StatusInfo(status=UP, details={reactiveDiscoveryClients={status=UP, details={Simple Reactive Discovery Client={status=UP, details={services=[]}}}}, hystrix={status=UP}, nacosConfig={status=UP}, diskSpace={status=UP, details={total=304943722496, free=91888934912, threshold=10485760, exists=true}}, ping={status=UP}, discoveryComposite={status=UP, details={discoveryClient={status=UP, details={services=[nstr-test, nstr-system, nstr-gateway, nstr-auth]}}}}, refreshScope={status=UP}, nacosDiscovery={status=UP}}), statusTimestamp=2021-08-23T08:18:14.378658500Z, info=Info(values={app={name=nstr-gateway, description=@project.description@, version=@project.version@}}), endpoints=Endpoints(endpoints={caches=Endpoint(id=caches, url=http://S6P36ZS239I4HZ0:88/actuator/caches), loggers=Endpoint(id=loggers, url=http://S6P36ZS239I4HZ0:88/actuator/loggers), nacosconfig=Endpoint(id=nacosconfig, url=http://S6P36ZS239I4HZ0:88/actuator/nacosconfig), health=Endpoint(id=health, url=http://S6P36ZS239I4HZ0:88/actuator/health), refresh=Endpoint(id=refresh, url=http://S6P36ZS239I4HZ0:88/actuator/refresh), env=Endpoint(id=env, url=http://S6P36ZS239I4HZ0:88/actuator/env), nacosdiscovery=Endpoint(id=nacosdiscovery, url=http://S6P36ZS239I4HZ0:88/actuator/nacosdiscovery), heapdump=Endpoint(id=heapdump, url=http://S6P36ZS239I4HZ0:88/actuator/heapdump), features=Endpoint(id=features, url=http://S6P36ZS239I4HZ0:88/actuator/features), scheduledtasks=Endpoint(id=scheduledtasks, url=http://S6P36ZS239I4HZ0:88/actuator/scheduledtasks), mappings=Endpoint(id=mappings, url=http://S6P36ZS239I4HZ0:88/actuator/mappings), archaius=Endpoint(id=archaius, url=http://S6P36ZS239I4HZ0:88/actuator/archaius), beans=Endpoint(id=beans, url=http://S6P36ZS239I4HZ0:88/actuator/beans), configprops=Endpoint(id=configprops, url=http://S6P36ZS239I4HZ0:88/actuator/configprops), threaddump=Endpoint(id=threaddump, url=http://S6P36ZS239I4HZ0:88/actuator/threaddump), prometheus=Endpoint(id=prometheus, url=http://S6P36ZS239I4HZ0:88/actuator/prometheus), metrics=Endpoint(id=metrics, url=http://S6P36ZS239I4HZ0:88/actuator/metrics), conditions=Endpoint(id=conditions, url=http://S6P36ZS239I4HZ0:88/actuator/conditions), service-registry=Endpoint(id=service-registry, url=http://S6P36ZS239I4HZ0:88/actuator/service-registry), gateway=Endpoint(id=gateway, url=http://S6P36ZS239I4HZ0:88/actuator/gateway), info=Endpoint(id=info, url=http://S6P36ZS239I4HZ0:88/actuator/info)}), buildVersion=null, tags=Tags(values={}))
java.util.concurrent.TimeoutException: Did not observe any item or terminal signal within 10000ms in 'doFinally' (and no fallback has been configured)
	at reactor.core.publisher.FluxTimeout$TimeoutMainSubscriber.handleTimeout(FluxTimeout.java:288)
	Suppressed: reactor.core.publisher.FluxOnAssembly$OnAssemblyException: 
Error has been observed at the following site(s):
	|_ checkpoint ⇢ Request to GET health [DefaultWebClient]
Stack trace:
		at reactor.core.publisher.FluxTimeout$TimeoutMainSubscriber.handleTimeout(FluxTimeout.java:288)
		at reactor.core.publisher.FluxTimeout$TimeoutMainSubscriber.doTimeout(FluxTimeout.java:273)
		at reactor.core.publisher.FluxTimeout$TimeoutTimeoutSubscriber.onNext(FluxTimeout.java:395)
		at reactor.core.publisher.StrictSubscriber.onNext(StrictSubscriber.java:89)
		at reactor.core.publisher.FluxOnErrorResume$ResumeSubscriber.onNext(FluxOnErrorResume.java:73)
		at reactor.core.publisher.MonoDelay$MonoDelayRunnable.run(MonoDelay.java:117)
		at reactor.core.scheduler.SchedulerTask.call(SchedulerTask.java:68)
		at reactor.core.scheduler.SchedulerTask.call(SchedulerTask.java:28)
		at java.base/java.util.concurrent.FutureTask.run(FutureTask.java:264)
		at java.base/java.util.concurrent.ScheduledThreadPoolExecutor$ScheduledFutureTask.run(ScheduledThreadPoolExecutor.java:304)
		at java.base/java.util.concurrent.ThreadPoolExecutor.runWorker(ThreadPoolExecutor.java:1128)
		at java.base/java.util.concurrent.ThreadPoolExecutor$Worker.run(ThreadPoolExecutor.java:628)
		at java.base/java.lang.Thread.run(Thread.java:834)
