2021-08-13 17:37:48 INFO  reactor-http-nio-6 de.codecentric.boot.admin.server.services.StatusUpdater Couldn't retrieve status for Instance(id=118aee74b410, version=8, registration=Registration(name=nstr-auth, managementUrl=http://S6P36ZS239I4HZ0:1600/actuator, healthUrl=http://S6P36ZS239I4HZ0:1600/actuator/health, serviceUrl=http://S6P36ZS239I4HZ0:1600/, source=http-api), registered=true, statusInfo=StatusInfo(status=UP, details={hystrix={status=UP}, diskSpace={status=UP, details={total=304943722496, free=90286497792, threshold=10485760, exists=true}}, ping={status=UP}, discoveryComposite={status=UP, details={discoveryClient={status=UP, details={services=[nstr-test, nstr-system, nstr-gateway, nstr-auth]}}}}, refreshScope={status=UP}, nacosDiscovery={status=UP}, db={status=UP, details={database=MySQL, validationQuery=isValid()}}, redis={status=UP, details={version=6.2.4}}}), statusTimestamp=2021-08-11T09:59:17.542313200Z, info=Info(values={app={name=nstr-auth, description=仙人球认证服务器, version=2.2-RELEASE}}), endpoints=Endpoints(endpoints={caches=Endpoint(id=caches, url=http://S6P36ZS239I4HZ0:1600/actuator/caches), loggers=Endpoint(id=loggers, url=http://S6P36ZS239I4HZ0:1600/actuator/loggers), health=Endpoint(id=health, url=http://S6P36ZS239I4HZ0:1600/actuator/health), refresh=Endpoint(id=refresh, url=http://S6P36ZS239I4HZ0:1600/actuator/refresh), env=Endpoint(id=env, url=http://S6P36ZS239I4HZ0:1600/actuator/env), nacosdiscovery=Endpoint(id=nacosdiscovery, url=http://S6P36ZS239I4HZ0:1600/actuator/nacosdiscovery), heapdump=Endpoint(id=heapdump, url=http://S6P36ZS239I4HZ0:1600/actuator/heapdump), features=Endpoint(id=features, url=http://S6P36ZS239I4HZ0:1600/actuator/features), scheduledtasks=Endpoint(id=scheduledtasks, url=http://S6P36ZS239I4HZ0:1600/actuator/scheduledtasks), mappings=Endpoint(id=mappings, url=http://S6P36ZS239I4HZ0:1600/actuator/mappings), archaius=Endpoint(id=archaius, url=http://S6P36ZS239I4HZ0:1600/actuator/archaius), beans=Endpoint(id=beans, url=http://S6P36ZS239I4HZ0:1600/actuator/beans), configprops=Endpoint(id=configprops, url=http://S6P36ZS239I4HZ0:1600/actuator/configprops), threaddump=Endpoint(id=threaddump, url=http://S6P36ZS239I4HZ0:1600/actuator/threaddump), metrics=Endpoint(id=metrics, url=http://S6P36ZS239I4HZ0:1600/actuator/metrics), conditions=Endpoint(id=conditions, url=http://S6P36ZS239I4HZ0:1600/actuator/conditions), service-registry=Endpoint(id=service-registry, url=http://S6P36ZS239I4HZ0:1600/actuator/service-registry), info=Endpoint(id=info, url=http://S6P36ZS239I4HZ0:1600/actuator/info)}), buildVersion=null, tags=Tags(values={}))
reactor.netty.http.client.PrematureCloseException: Connection prematurely closed BEFORE response
	Suppressed: reactor.core.publisher.FluxOnAssembly$OnAssemblyException: 
Error has been observed at the following site(s):
	|_ checkpoint ⇢ Request to GET health [DefaultWebClient]
Stack trace:
2021-08-13 17:37:51 INFO  SpringContextShutdownHook org.springframework.scheduling.concurrent.ThreadPoolTaskExecutor Shutting down ExecutorService 'applicationTaskExecutor'
2021-08-13 17:38:16 INFO  main com.nstr.admin.NstrAdminApplication No active profile set, falling back to default profiles: default
2021-08-13 17:38:17 INFO  main org.springframework.cloud.context.scope.GenericScope BeanFactory id=3fc2e10e-05ab-3e00-8aea-da16988b2349
2021-08-13 17:38:20 INFO  main org.springframework.boot.web.embedded.tomcat.TomcatWebServer Tomcat initialized with port(s): 1820 (http)
2021-08-13 17:38:20 INFO  main org.apache.coyote.http11.Http11NioProtocol Initializing ProtocolHandler ["http-nio-1820"]
2021-08-13 17:38:20 INFO  main org.apache.catalina.core.StandardService Starting service [Tomcat]
2021-08-13 17:38:20 INFO  main org.apache.catalina.core.StandardEngine Starting Servlet engine: [Apache Tomcat/9.0.41]
2021-08-13 17:38:21 INFO  main org.apache.catalina.core.ContainerBase.[Tomcat].[localhost].[/] Initializing Spring embedded WebApplicationContext
2021-08-13 17:38:21 INFO  main org.springframework.boot.web.servlet.context.ServletWebServerApplicationContext Root WebApplicationContext: initialization completed in 5114 ms
2021-08-13 17:38:21 INFO  main org.springframework.security.web.DefaultSecurityFilterChain Creating filter chain: any request, [org.springframework.security.web.context.request.async.WebAsyncManagerIntegrationFilter@d9f5fce, org.springframework.security.web.context.SecurityContextPersistenceFilter@77fc19cf, org.springframework.security.web.header.HeaderWriterFilter@7d401cdc, org.springframework.security.web.authentication.logout.LogoutFilter@33627576, org.springframework.security.web.authentication.UsernamePasswordAuthenticationFilter@14d1737a, org.springframework.security.web.authentication.www.BasicAuthenticationFilter@3ef3f661, org.springframework.security.web.savedrequest.RequestCacheAwareFilter@1b31af02, org.springframework.security.web.servletapi.SecurityContextHolderAwareRequestFilter@730bea0, org.springframework.security.web.authentication.AnonymousAuthenticationFilter@49653791, org.springframework.security.web.session.SessionManagementFilter@4217bce6, org.springframework.security.web.access.ExceptionTranslationFilter@120350eb, org.springframework.security.web.access.intercept.FilterSecurityInterceptor@3bd08435]
2021-08-13 17:38:22 INFO  main org.springframework.scheduling.concurrent.ThreadPoolTaskExecutor Initializing ExecutorService 'applicationTaskExecutor'
2021-08-13 17:38:24 INFO  main org.springframework.boot.actuate.endpoint.web.EndpointLinksResolver Exposing 2 endpoint(s) beneath base path '/actuator'
2021-08-13 17:38:24 INFO  main org.apache.coyote.http11.Http11NioProtocol Starting ProtocolHandler ["http-nio-1820"]
2021-08-13 17:38:24 INFO  main org.springframework.boot.web.embedded.tomcat.TomcatWebServer Tomcat started on port(s): 1820 (http) with context path ''
2021-08-13 17:38:24 INFO  main com.nstr.admin.NstrAdminApplication Started NstrAdminApplication in 14.066 seconds (JVM running for 19.543)
2021-08-13 17:38:25 INFO  RMI TCP Connection(1)-192.168.1.216 org.apache.catalina.core.ContainerBase.[Tomcat].[localhost].[/] Initializing Spring DispatcherServlet 'dispatcherServlet'
2021-08-13 17:38:25 INFO  RMI TCP Connection(1)-192.168.1.216 org.springframework.web.servlet.DispatcherServlet Initializing Servlet 'dispatcherServlet'
2021-08-13 17:38:25 INFO  RMI TCP Connection(1)-192.168.1.216 org.springframework.web.servlet.DispatcherServlet Completed initialization in 7 ms
2021-08-13 17:52:30 INFO  SpringContextShutdownHook org.springframework.scheduling.concurrent.ThreadPoolTaskExecutor Shutting down ExecutorService 'applicationTaskExecutor'
2021-08-13 17:52:37 INFO  main com.nstr.admin.NstrAdminApplication No active profile set, falling back to default profiles: default
2021-08-13 17:52:38 INFO  main org.springframework.cloud.context.scope.GenericScope BeanFactory id=3fc2e10e-05ab-3e00-8aea-da16988b2349
2021-08-13 17:52:38 INFO  main org.springframework.boot.web.embedded.tomcat.TomcatWebServer Tomcat initialized with port(s): 1820 (http)
2021-08-13 17:52:38 INFO  main org.apache.coyote.http11.Http11NioProtocol Initializing ProtocolHandler ["http-nio-1820"]
2021-08-13 17:52:38 INFO  main org.apache.catalina.core.StandardService Starting service [Tomcat]
2021-08-13 17:52:38 INFO  main org.apache.catalina.core.StandardEngine Starting Servlet engine: [Apache Tomcat/9.0.41]
2021-08-13 17:52:38 INFO  main org.apache.catalina.core.ContainerBase.[Tomcat].[localhost].[/] Initializing Spring embedded WebApplicationContext
2021-08-13 17:52:38 INFO  main org.springframework.boot.web.servlet.context.ServletWebServerApplicationContext Root WebApplicationContext: initialization completed in 1633 ms
2021-08-13 17:52:39 INFO  main org.springframework.security.web.DefaultSecurityFilterChain Creating filter chain: any request, [org.springframework.security.web.context.request.async.WebAsyncManagerIntegrationFilter@16a6dc21, org.springframework.security.web.context.SecurityContextPersistenceFilter@3271ec2a, org.springframework.security.web.header.HeaderWriterFilter@28554ac8, org.springframework.security.web.authentication.logout.LogoutFilter@641ed324, org.springframework.security.web.authentication.UsernamePasswordAuthenticationFilter@7f5ce33e, org.springframework.security.web.authentication.www.BasicAuthenticationFilter@66a82a13, org.springframework.security.web.savedrequest.RequestCacheAwareFilter@1689527c, org.springframework.security.web.servletapi.SecurityContextHolderAwareRequestFilter@314b7945, org.springframework.security.web.authentication.AnonymousAuthenticationFilter@5773d271, org.springframework.security.web.session.SessionManagementFilter@394fb736, org.springframework.security.web.access.ExceptionTranslationFilter@539316bb, org.springframework.security.web.access.intercept.FilterSecurityInterceptor@1e6bd263]
2021-08-13 17:52:39 INFO  main org.springframework.scheduling.concurrent.ThreadPoolTaskExecutor Initializing ExecutorService 'applicationTaskExecutor'
2021-08-13 17:52:42 INFO  main org.springframework.boot.actuate.endpoint.web.EndpointLinksResolver Exposing 2 endpoint(s) beneath base path '/actuator'
2021-08-13 17:52:42 INFO  main org.apache.coyote.http11.Http11NioProtocol Starting ProtocolHandler ["http-nio-1820"]
2021-08-13 17:52:42 INFO  main org.springframework.boot.web.embedded.tomcat.TomcatWebServer Tomcat started on port(s): 1820 (http) with context path ''
2021-08-13 17:52:43 INFO  main com.nstr.admin.NstrAdminApplication Started NstrAdminApplication in 8.367 seconds (JVM running for 9.472)
2021-08-13 17:52:43 INFO  RMI TCP Connection(3)-192.168.1.216 org.apache.catalina.core.ContainerBase.[Tomcat].[localhost].[/] Initializing Spring DispatcherServlet 'dispatcherServlet'
2021-08-13 17:52:43 INFO  RMI TCP Connection(3)-192.168.1.216 org.springframework.web.servlet.DispatcherServlet Initializing Servlet 'dispatcherServlet'
2021-08-13 17:52:43 INFO  RMI TCP Connection(3)-192.168.1.216 org.springframework.web.servlet.DispatcherServlet Completed initialization in 8 ms
