2021-08-16 09:56:20 INFO  SpringContextShutdownHook org.springframework.scheduling.concurrent.ThreadPoolTaskScheduler Shutting down ExecutorService 'Nacos-Watch-Task-Scheduler'
2021-08-16 09:56:20 INFO  SpringContextShutdownHook org.springframework.scheduling.concurrent.ThreadPoolTaskScheduler Shutting down ExecutorService
2021-08-16 09:56:20 INFO  SpringContextShutdownHook com.alibaba.cloud.nacos.registry.NacosServiceRegistry De-registering from Nacos Server now...
2021-08-16 09:56:20 INFO  SpringContextShutdownHook com.alibaba.cloud.nacos.registry.NacosServiceRegistry De-registration finished.
2021-08-16 09:56:28 INFO  SpringContextShutdownHook org.springframework.scheduling.concurrent.ThreadPoolTaskExecutor Shutting down ExecutorService 'applicationTaskExecutor'
2021-08-16 09:56:28 INFO  SpringContextShutdownHook com.baomidou.dynamic.datasource.DynamicRoutingDataSource dynamic-datasource start closing ....
2021-08-16 09:56:28 INFO  SpringContextShutdownHook com.zaxxer.hikari.HikariDataSource base - Shutdown initiated...
2021-08-16 09:56:28 INFO  SpringContextShutdownHook com.zaxxer.hikari.HikariDataSource base - Shutdown completed.
2021-08-16 09:56:28 INFO  SpringContextShutdownHook com.baomidou.dynamic.datasource.DynamicRoutingDataSource dynamic-datasource all closed success,bye
2021-08-16 09:56:49 INFO  main com.nstr.auth.NstrAuthApplication No active profile set, falling back to default profiles: default
2021-08-16 09:56:51 INFO  main org.springframework.data.repository.config.RepositoryConfigurationDelegate Multiple Spring Data modules found, entering strict repository configuration mode!
2021-08-16 09:56:51 INFO  main org.springframework.data.repository.config.RepositoryConfigurationDelegate Bootstrapping Spring Data Redis repositories in DEFAULT mode.
2021-08-16 09:56:51 INFO  main org.springframework.data.repository.config.RepositoryConfigurationDelegate Finished Spring Data repository scanning in 22ms. Found 0 Redis repository interfaces.
2021-08-16 09:56:52 INFO  main org.springframework.cloud.context.scope.GenericScope BeanFactory id=9f656190-4519-3c4e-a84e-94ab8cd8f135
2021-08-16 09:56:52 INFO  main org.springframework.context.support.PostProcessorRegistrationDelegate$BeanPostProcessorChecker Bean 'spring.datasource.dynamic-com.baomidou.dynamic.datasource.spring.boot.autoconfigure.DynamicDataSourceProperties' of type [com.baomidou.dynamic.datasource.spring.boot.autoconfigure.DynamicDataSourceProperties] is not eligible for getting processed by all BeanPostProcessors (for example: not eligible for auto-proxying)
2021-08-16 09:56:52 INFO  main org.springframework.context.support.PostProcessorRegistrationDelegate$BeanPostProcessorChecker Bean 'com.baomidou.dynamic.datasource.spring.boot.autoconfigure.DynamicDataSourceAutoConfiguration' of type [com.baomidou.dynamic.datasource.spring.boot.autoconfigure.DynamicDataSourceAutoConfiguration$$EnhancerBySpringCGLIB$$10609c34] is not eligible for getting processed by all BeanPostProcessors (for example: not eligible for auto-proxying)
2021-08-16 09:56:53 INFO  main org.springframework.context.support.PostProcessorRegistrationDelegate$BeanPostProcessorChecker Bean 'dsProcessor' of type [com.baomidou.dynamic.datasource.processor.DsHeaderProcessor] is not eligible for getting processed by all BeanPostProcessors (for example: not eligible for auto-proxying)
2021-08-16 09:56:53 INFO  main org.springframework.boot.web.embedded.tomcat.TomcatWebServer Tomcat initialized with port(s): 1600 (http)
2021-08-16 09:56:53 INFO  main org.apache.coyote.http11.Http11NioProtocol Initializing ProtocolHandler ["http-nio-1600"]
2021-08-16 09:56:53 INFO  main org.apache.catalina.core.StandardService Starting service [Tomcat]
2021-08-16 09:56:53 INFO  main org.apache.catalina.core.StandardEngine Starting Servlet engine: [Apache Tomcat/9.0.41]
2021-08-16 09:56:53 INFO  main org.apache.catalina.core.ContainerBase.[Tomcat].[localhost].[/] Initializing Spring embedded WebApplicationContext
2021-08-16 09:56:53 INFO  main org.springframework.boot.web.servlet.context.ServletWebServerApplicationContext Root WebApplicationContext: initialization completed in 4113 ms
2021-08-16 09:56:54 INFO  main com.netflix.config.sources.URLConfigurationSource To enable URLs as dynamic configuration sources, define System property archaius.configurationSource.additionalUrls or make config.properties available on classpath.
2021-08-16 09:56:54 INFO  main com.netflix.config.DynamicPropertyFactory DynamicPropertyFactory is initialized with configuration sources: com.netflix.config.ConcurrentCompositeConfiguration@76134b9b
2021-08-16 09:56:55 INFO  main com.zaxxer.hikari.HikariDataSource base - Starting...
2021-08-16 09:56:55 INFO  main com.zaxxer.hikari.HikariDataSource base - Start completed.
2021-08-16 09:56:55 INFO  main com.baomidou.dynamic.datasource.DynamicRoutingDataSource dynamic-datasource - add a datasource named [base] success
2021-08-16 09:56:55 INFO  main com.baomidou.dynamic.datasource.DynamicRoutingDataSource dynamic-datasource initial loaded [1] datasource,primary datasource named [base]
2021-08-16 09:56:57 INFO  main org.springframework.security.web.DefaultSecurityFilterChain Creating filter chain: OrRequestMatcher [requestMatchers=[Ant [pattern='/oauth/token'], Ant [pattern='/oauth/token_key'], Ant [pattern='/oauth/check_token']]], [org.springframework.security.web.context.request.async.WebAsyncManagerIntegrationFilter@8942ece, org.springframework.security.web.context.SecurityContextPersistenceFilter@6b35b0f4, org.springframework.security.web.header.HeaderWriterFilter@6f12b637, org.springframework.security.web.authentication.logout.LogoutFilter@1892865f, org.springframework.security.web.authentication.www.BasicAuthenticationFilter@46573cfe, org.springframework.security.web.savedrequest.RequestCacheAwareFilter@1dd6e400, org.springframework.security.web.servletapi.SecurityContextHolderAwareRequestFilter@5bbc033f, org.springframework.security.web.authentication.AnonymousAuthenticationFilter@3a89226e, org.springframework.security.web.session.SessionManagementFilter@641ab175, org.springframework.security.web.access.ExceptionTranslationFilter@65b69ccb, org.springframework.security.web.access.intercept.FilterSecurityInterceptor@3e0e3048]
2021-08-16 09:56:57 INFO  main org.springframework.security.web.DefaultSecurityFilterChain Creating filter chain: OrRequestMatcher [requestMatchers=[Ant [pattern='/oauth/**']]], [org.springframework.security.web.context.request.async.WebAsyncManagerIntegrationFilter@6fa2d0b2, org.springframework.security.web.context.SecurityContextPersistenceFilter@7e1953f7, org.springframework.security.web.header.HeaderWriterFilter@5d8a1456, org.springframework.security.web.authentication.logout.LogoutFilter@57df93c1, com.nstr.auth.filter.ValidateCodeFilter@d271a54, org.springframework.security.web.savedrequest.RequestCacheAwareFilter@26f07261, org.springframework.security.web.servletapi.SecurityContextHolderAwareRequestFilter@2b55ea4d, org.springframework.security.web.authentication.AnonymousAuthenticationFilter@49c37918, org.springframework.security.web.session.SessionManagementFilter@351fadfa, org.springframework.security.web.access.ExceptionTranslationFilter@24b4f4a, org.springframework.security.web.access.intercept.FilterSecurityInterceptor@5184da2b]
2021-08-16 09:56:57 INFO  main org.springframework.security.web.DefaultSecurityFilterChain Creating filter chain: OrRequestMatcher [requestMatchers=[Ant [pattern='/**']]], [org.springframework.security.web.context.request.async.WebAsyncManagerIntegrationFilter@13868c41, org.springframework.security.web.context.SecurityContextPersistenceFilter@5f1db390, org.springframework.security.web.header.HeaderWriterFilter@2178d296, org.springframework.security.web.authentication.logout.LogoutFilter@35e7fcf2, org.springframework.security.oauth2.provider.authentication.OAuth2AuthenticationProcessingFilter@477d6f66, org.springframework.security.web.authentication.www.BasicAuthenticationFilter@10ffe32f, org.springframework.security.web.savedrequest.RequestCacheAwareFilter@78c5ef58, org.springframework.security.web.servletapi.SecurityContextHolderAwareRequestFilter@1fce6eb4, org.springframework.security.web.authentication.AnonymousAuthenticationFilter@67d55a46, org.springframework.security.web.session.SessionManagementFilter@58c80957, org.springframework.security.web.access.ExceptionTranslationFilter@7a7bb083, org.springframework.security.web.access.intercept.FilterSecurityInterceptor@70ccb3bf]
2021-08-16 09:56:57 INFO  main com.netflix.config.sources.URLConfigurationSource To enable URLs as dynamic configuration sources, define System property archaius.configurationSource.additionalUrls or make config.properties available on classpath.
2021-08-16 09:56:57 INFO  main org.springframework.scheduling.concurrent.ThreadPoolTaskExecutor Initializing ExecutorService 'applicationTaskExecutor'
2021-08-16 09:56:58 INFO  main org.springframework.scheduling.concurrent.ThreadPoolTaskScheduler Initializing ExecutorService 'Nacos-Watch-Task-Scheduler'
2021-08-16 09:56:59 INFO  main org.springframework.scheduling.concurrent.ThreadPoolTaskScheduler Initializing ExecutorService
2021-08-16 09:57:00 INFO  main org.springframework.boot.actuate.endpoint.web.EndpointLinksResolver Exposing 18 endpoint(s) beneath base path '/actuator'
2021-08-16 09:57:00 INFO  main org.apache.coyote.http11.Http11NioProtocol Starting ProtocolHandler ["http-nio-1600"]
2021-08-16 09:57:00 INFO  main org.springframework.boot.web.embedded.tomcat.TomcatWebServer Tomcat started on port(s): 1600 (http) with context path ''
2021-08-16 09:57:00 INFO  main com.alibaba.cloud.nacos.registry.NacosServiceRegistry nacos registry, DEFAULT_GROUP nstr-auth 192.168.1.216:1600 register finished
2021-08-16 09:57:01 INFO  main com.nstr.auth.NstrAuthApplication Started NstrAuthApplication in 13.876 seconds (JVM running for 15.327)
2021-08-16 09:57:01 INFO  registrationTask1 de.codecentric.boot.admin.client.registration.ApplicationRegistrator Application registered itself as 118aee74b410
2021-08-16 09:57:01 INFO  http-nio-1600-exec-5 org.apache.catalina.core.ContainerBase.[Tomcat].[localhost].[/] Initializing Spring DispatcherServlet 'dispatcherServlet'
2021-08-16 09:57:01 INFO  http-nio-1600-exec-5 org.springframework.web.servlet.DispatcherServlet Initializing Servlet 'dispatcherServlet'
2021-08-16 09:57:01 INFO  http-nio-1600-exec-5 org.springframework.web.servlet.DispatcherServlet Completed initialization in 10 ms
2021-08-16 10:22:56 INFO  SpringContextShutdownHook org.springframework.scheduling.concurrent.ThreadPoolTaskScheduler Shutting down ExecutorService 'Nacos-Watch-Task-Scheduler'
2021-08-16 10:22:56 INFO  SpringContextShutdownHook org.springframework.scheduling.concurrent.ThreadPoolTaskScheduler Shutting down ExecutorService
2021-08-16 10:22:56 INFO  SpringContextShutdownHook com.alibaba.cloud.nacos.registry.NacosServiceRegistry De-registering from Nacos Server now...
2021-08-16 10:22:56 INFO  SpringContextShutdownHook com.alibaba.cloud.nacos.registry.NacosServiceRegistry De-registration finished.
2021-08-16 10:23:05 INFO  SpringContextShutdownHook org.springframework.scheduling.concurrent.ThreadPoolTaskExecutor Shutting down ExecutorService 'applicationTaskExecutor'
2021-08-16 10:23:05 INFO  SpringContextShutdownHook com.baomidou.dynamic.datasource.DynamicRoutingDataSource dynamic-datasource start closing ....
2021-08-16 10:23:05 INFO  SpringContextShutdownHook com.zaxxer.hikari.HikariDataSource base - Shutdown initiated...
2021-08-16 10:23:05 INFO  SpringContextShutdownHook com.zaxxer.hikari.HikariDataSource base - Shutdown completed.
2021-08-16 10:23:05 INFO  SpringContextShutdownHook com.baomidou.dynamic.datasource.DynamicRoutingDataSource dynamic-datasource all closed success,bye
2021-08-16 10:23:26 INFO  main com.nstr.auth.NstrAuthApplication No active profile set, falling back to default profiles: default
2021-08-16 10:23:28 INFO  main org.springframework.data.repository.config.RepositoryConfigurationDelegate Multiple Spring Data modules found, entering strict repository configuration mode!
2021-08-16 10:23:28 INFO  main org.springframework.data.repository.config.RepositoryConfigurationDelegate Bootstrapping Spring Data Redis repositories in DEFAULT mode.
2021-08-16 10:23:28 INFO  main org.springframework.data.repository.config.RepositoryConfigurationDelegate Finished Spring Data repository scanning in 32ms. Found 0 Redis repository interfaces.
2021-08-16 10:23:29 INFO  main org.springframework.cloud.context.scope.GenericScope BeanFactory id=9f656190-4519-3c4e-a84e-94ab8cd8f135
2021-08-16 10:23:29 INFO  main org.springframework.context.support.PostProcessorRegistrationDelegate$BeanPostProcessorChecker Bean 'spring.datasource.dynamic-com.baomidou.dynamic.datasource.spring.boot.autoconfigure.DynamicDataSourceProperties' of type [com.baomidou.dynamic.datasource.spring.boot.autoconfigure.DynamicDataSourceProperties] is not eligible for getting processed by all BeanPostProcessors (for example: not eligible for auto-proxying)
2021-08-16 10:23:29 INFO  main org.springframework.context.support.PostProcessorRegistrationDelegate$BeanPostProcessorChecker Bean 'com.baomidou.dynamic.datasource.spring.boot.autoconfigure.DynamicDataSourceAutoConfiguration' of type [com.baomidou.dynamic.datasource.spring.boot.autoconfigure.DynamicDataSourceAutoConfiguration$$EnhancerBySpringCGLIB$$10609c34] is not eligible for getting processed by all BeanPostProcessors (for example: not eligible for auto-proxying)
2021-08-16 10:23:29 INFO  main org.springframework.context.support.PostProcessorRegistrationDelegate$BeanPostProcessorChecker Bean 'dsProcessor' of type [com.baomidou.dynamic.datasource.processor.DsHeaderProcessor] is not eligible for getting processed by all BeanPostProcessors (for example: not eligible for auto-proxying)
2021-08-16 10:23:30 INFO  main org.springframework.boot.web.embedded.tomcat.TomcatWebServer Tomcat initialized with port(s): 1600 (http)
2021-08-16 10:23:30 INFO  main org.apache.coyote.http11.Http11NioProtocol Initializing ProtocolHandler ["http-nio-1600"]
2021-08-16 10:23:30 INFO  main org.apache.catalina.core.StandardService Starting service [Tomcat]
2021-08-16 10:23:30 INFO  main org.apache.catalina.core.StandardEngine Starting Servlet engine: [Apache Tomcat/9.0.41]
2021-08-16 10:23:31 INFO  main org.apache.catalina.core.ContainerBase.[Tomcat].[localhost].[/] Initializing Spring embedded WebApplicationContext
2021-08-16 10:23:31 INFO  main org.springframework.boot.web.servlet.context.ServletWebServerApplicationContext Root WebApplicationContext: initialization completed in 4354 ms
2021-08-16 10:23:31 INFO  main com.netflix.config.sources.URLConfigurationSource To enable URLs as dynamic configuration sources, define System property archaius.configurationSource.additionalUrls or make config.properties available on classpath.
2021-08-16 10:23:31 INFO  main com.netflix.config.DynamicPropertyFactory DynamicPropertyFactory is initialized with configuration sources: com.netflix.config.ConcurrentCompositeConfiguration@76134b9b
2021-08-16 10:23:31 INFO  main com.zaxxer.hikari.HikariDataSource base - Starting...
2021-08-16 10:23:32 INFO  main com.zaxxer.hikari.HikariDataSource base - Start completed.
2021-08-16 10:23:32 INFO  main com.baomidou.dynamic.datasource.DynamicRoutingDataSource dynamic-datasource - add a datasource named [base] success
2021-08-16 10:23:32 INFO  main com.baomidou.dynamic.datasource.DynamicRoutingDataSource dynamic-datasource initial loaded [1] datasource,primary datasource named [base]
2021-08-16 10:23:33 INFO  main org.springframework.security.web.DefaultSecurityFilterChain Creating filter chain: OrRequestMatcher [requestMatchers=[Ant [pattern='/oauth/token'], Ant [pattern='/oauth/token_key'], Ant [pattern='/oauth/check_token']]], [org.springframework.security.web.context.request.async.WebAsyncManagerIntegrationFilter@4daead88, org.springframework.security.web.context.SecurityContextPersistenceFilter@4af6839c, org.springframework.security.web.header.HeaderWriterFilter@b0c4905, org.springframework.security.web.authentication.logout.LogoutFilter@4220468, org.springframework.security.web.authentication.www.BasicAuthenticationFilter@6b04689e, org.springframework.security.web.savedrequest.RequestCacheAwareFilter@7d1cfe97, org.springframework.security.web.servletapi.SecurityContextHolderAwareRequestFilter@1dd6e400, org.springframework.security.web.authentication.AnonymousAuthenticationFilter@43aa767, org.springframework.security.web.session.SessionManagementFilter@1784a296, org.springframework.security.web.access.ExceptionTranslationFilter@62ec4146, org.springframework.security.web.access.intercept.FilterSecurityInterceptor@7f08c343]
2021-08-16 10:23:33 INFO  main org.springframework.security.web.DefaultSecurityFilterChain Creating filter chain: OrRequestMatcher [requestMatchers=[Ant [pattern='/oauth/**']]], [org.springframework.security.web.context.request.async.WebAsyncManagerIntegrationFilter@351fadfa, org.springframework.security.web.context.SecurityContextPersistenceFilter@3a89226e, org.springframework.security.web.header.HeaderWriterFilter@3e371088, org.springframework.security.web.authentication.logout.LogoutFilter@4932d580, com.nstr.auth.filter.ValidateCodeFilter@79ec57b8, org.springframework.security.web.savedrequest.RequestCacheAwareFilter@15254569, org.springframework.security.web.servletapi.SecurityContextHolderAwareRequestFilter@1390a415, org.springframework.security.web.authentication.AnonymousAuthenticationFilter@7e1953f7, org.springframework.security.web.session.SessionManagementFilter@8942ece, org.springframework.security.web.access.ExceptionTranslationFilter@7dda5b25, org.springframework.security.web.access.intercept.FilterSecurityInterceptor@5d8a1456]
2021-08-16 10:23:33 INFO  main org.springframework.security.web.DefaultSecurityFilterChain Creating filter chain: OrRequestMatcher [requestMatchers=[Ant [pattern='/**']]], [org.springframework.security.web.context.request.async.WebAsyncManagerIntegrationFilter@477d6f66, org.springframework.security.web.context.SecurityContextPersistenceFilter@28551755, org.springframework.security.web.header.HeaderWriterFilter@4d22265c, org.springframework.security.web.authentication.logout.LogoutFilter@61375dff, org.springframework.security.oauth2.provider.authentication.OAuth2AuthenticationProcessingFilter@2f025e9e, org.springframework.security.web.authentication.www.BasicAuthenticationFilter@4df13b7e, org.springframework.security.web.savedrequest.RequestCacheAwareFilter@7ec68821, org.springframework.security.web.servletapi.SecurityContextHolderAwareRequestFilter@220a5163, org.springframework.security.web.authentication.AnonymousAuthenticationFilter@12b66c89, org.springframework.security.web.session.SessionManagementFilter@1f7b8d59, org.springframework.security.web.access.ExceptionTranslationFilter@347c5721, org.springframework.security.web.access.intercept.FilterSecurityInterceptor@242c4a94]
2021-08-16 10:23:33 INFO  main com.netflix.config.sources.URLConfigurationSource To enable URLs as dynamic configuration sources, define System property archaius.configurationSource.additionalUrls or make config.properties available on classpath.
2021-08-16 10:23:33 INFO  main org.springframework.scheduling.concurrent.ThreadPoolTaskExecutor Initializing ExecutorService 'applicationTaskExecutor'
2021-08-16 10:23:34 INFO  main org.springframework.scheduling.concurrent.ThreadPoolTaskScheduler Initializing ExecutorService 'Nacos-Watch-Task-Scheduler'
2021-08-16 10:23:34 INFO  main org.springframework.scheduling.concurrent.ThreadPoolTaskScheduler Initializing ExecutorService
2021-08-16 10:23:35 INFO  main org.springframework.boot.actuate.endpoint.web.EndpointLinksResolver Exposing 18 endpoint(s) beneath base path '/actuator'
2021-08-16 10:23:35 INFO  main org.apache.coyote.http11.Http11NioProtocol Starting ProtocolHandler ["http-nio-1600"]
2021-08-16 10:23:35 INFO  main org.springframework.boot.web.embedded.tomcat.TomcatWebServer Tomcat started on port(s): 1600 (http) with context path ''
2021-08-16 10:23:35 INFO  main com.alibaba.cloud.nacos.registry.NacosServiceRegistry nacos registry, DEFAULT_GROUP nstr-auth 192.168.1.216:1600 register finished
2021-08-16 10:23:35 INFO  main com.nstr.auth.NstrAuthApplication Started NstrAuthApplication in 11.699 seconds (JVM running for 13.253)
2021-08-16 10:23:35 INFO  registrationTask1 de.codecentric.boot.admin.client.registration.ApplicationRegistrator Application registered itself as 118aee74b410
2021-08-16 10:23:35 INFO  http-nio-1600-exec-1 org.apache.catalina.core.ContainerBase.[Tomcat].[localhost].[/] Initializing Spring DispatcherServlet 'dispatcherServlet'
2021-08-16 10:23:35 INFO  http-nio-1600-exec-1 org.springframework.web.servlet.DispatcherServlet Initializing Servlet 'dispatcherServlet'
2021-08-16 10:23:35 INFO  http-nio-1600-exec-1 org.springframework.web.servlet.DispatcherServlet Completed initialization in 14 ms
2021-08-16 10:31:00 INFO  SpringContextShutdownHook org.springframework.scheduling.concurrent.ThreadPoolTaskScheduler Shutting down ExecutorService 'Nacos-Watch-Task-Scheduler'
2021-08-16 10:31:00 INFO  SpringContextShutdownHook org.springframework.scheduling.concurrent.ThreadPoolTaskScheduler Shutting down ExecutorService
2021-08-16 10:31:00 INFO  SpringContextShutdownHook com.alibaba.cloud.nacos.registry.NacosServiceRegistry De-registering from Nacos Server now...
2021-08-16 10:31:00 INFO  SpringContextShutdownHook com.alibaba.cloud.nacos.registry.NacosServiceRegistry De-registration finished.
2021-08-16 10:31:09 INFO  SpringContextShutdownHook org.springframework.scheduling.concurrent.ThreadPoolTaskExecutor Shutting down ExecutorService 'applicationTaskExecutor'
2021-08-16 10:31:09 INFO  SpringContextShutdownHook com.baomidou.dynamic.datasource.DynamicRoutingDataSource dynamic-datasource start closing ....
2021-08-16 10:31:09 INFO  SpringContextShutdownHook com.zaxxer.hikari.HikariDataSource base - Shutdown initiated...
2021-08-16 10:31:09 INFO  SpringContextShutdownHook com.zaxxer.hikari.HikariDataSource base - Shutdown completed.
2021-08-16 10:31:09 INFO  SpringContextShutdownHook com.baomidou.dynamic.datasource.DynamicRoutingDataSource dynamic-datasource all closed success,bye
2021-08-16 10:31:23 INFO  main com.nstr.auth.NstrAuthApplication No active profile set, falling back to default profiles: default
2021-08-16 10:31:25 INFO  main org.springframework.data.repository.config.RepositoryConfigurationDelegate Multiple Spring Data modules found, entering strict repository configuration mode!
2021-08-16 10:31:25 INFO  main org.springframework.data.repository.config.RepositoryConfigurationDelegate Bootstrapping Spring Data Redis repositories in DEFAULT mode.
2021-08-16 10:31:25 INFO  main org.springframework.data.repository.config.RepositoryConfigurationDelegate Finished Spring Data repository scanning in 25ms. Found 0 Redis repository interfaces.
2021-08-16 10:31:25 INFO  main org.springframework.cloud.context.scope.GenericScope BeanFactory id=9f656190-4519-3c4e-a84e-94ab8cd8f135
2021-08-16 10:31:26 INFO  main org.springframework.context.support.PostProcessorRegistrationDelegate$BeanPostProcessorChecker Bean 'spring.datasource.dynamic-com.baomidou.dynamic.datasource.spring.boot.autoconfigure.DynamicDataSourceProperties' of type [com.baomidou.dynamic.datasource.spring.boot.autoconfigure.DynamicDataSourceProperties] is not eligible for getting processed by all BeanPostProcessors (for example: not eligible for auto-proxying)
2021-08-16 10:31:26 INFO  main org.springframework.context.support.PostProcessorRegistrationDelegate$BeanPostProcessorChecker Bean 'com.baomidou.dynamic.datasource.spring.boot.autoconfigure.DynamicDataSourceAutoConfiguration' of type [com.baomidou.dynamic.datasource.spring.boot.autoconfigure.DynamicDataSourceAutoConfiguration$$EnhancerBySpringCGLIB$$c2aa8103] is not eligible for getting processed by all BeanPostProcessors (for example: not eligible for auto-proxying)
2021-08-16 10:31:26 INFO  main org.springframework.context.support.PostProcessorRegistrationDelegate$BeanPostProcessorChecker Bean 'dsProcessor' of type [com.baomidou.dynamic.datasource.processor.DsHeaderProcessor] is not eligible for getting processed by all BeanPostProcessors (for example: not eligible for auto-proxying)
2021-08-16 10:31:27 INFO  main org.springframework.boot.web.embedded.tomcat.TomcatWebServer Tomcat initialized with port(s): 1600 (http)
2021-08-16 10:31:27 INFO  main org.apache.coyote.http11.Http11NioProtocol Initializing ProtocolHandler ["http-nio-1600"]
2021-08-16 10:31:27 INFO  main org.apache.catalina.core.StandardService Starting service [Tomcat]
2021-08-16 10:31:27 INFO  main org.apache.catalina.core.StandardEngine Starting Servlet engine: [Apache Tomcat/9.0.41]
2021-08-16 10:31:27 INFO  main org.apache.catalina.core.ContainerBase.[Tomcat].[localhost].[/] Initializing Spring embedded WebApplicationContext
2021-08-16 10:31:27 INFO  main org.springframework.boot.web.servlet.context.ServletWebServerApplicationContext Root WebApplicationContext: initialization completed in 3822 ms
2021-08-16 10:31:27 INFO  main com.netflix.config.sources.URLConfigurationSource To enable URLs as dynamic configuration sources, define System property archaius.configurationSource.additionalUrls or make config.properties available on classpath.
2021-08-16 10:31:27 INFO  main com.netflix.config.DynamicPropertyFactory DynamicPropertyFactory is initialized with configuration sources: com.netflix.config.ConcurrentCompositeConfiguration@5af38a4a
2021-08-16 10:31:28 INFO  main com.zaxxer.hikari.HikariDataSource base - Starting...
2021-08-16 10:31:28 INFO  main com.zaxxer.hikari.HikariDataSource base - Start completed.
2021-08-16 10:31:28 INFO  main com.baomidou.dynamic.datasource.DynamicRoutingDataSource dynamic-datasource - add a datasource named [base] success
2021-08-16 10:31:28 INFO  main com.baomidou.dynamic.datasource.DynamicRoutingDataSource dynamic-datasource initial loaded [1] datasource,primary datasource named [base]
2021-08-16 10:31:29 INFO  main org.springframework.security.web.DefaultSecurityFilterChain Creating filter chain: OrRequestMatcher [requestMatchers=[Ant [pattern='/oauth/token'], Ant [pattern='/oauth/token_key'], Ant [pattern='/oauth/check_token']]], [org.springframework.security.web.context.request.async.WebAsyncManagerIntegrationFilter@408b2ae2, org.springframework.security.web.context.SecurityContextPersistenceFilter@3555d804, org.springframework.security.web.header.HeaderWriterFilter@45494046, org.springframework.security.web.authentication.logout.LogoutFilter@362e709e, org.springframework.security.web.authentication.www.BasicAuthenticationFilter@1e366f0f, org.springframework.security.web.savedrequest.RequestCacheAwareFilter@46a9c368, org.springframework.security.web.servletapi.SecurityContextHolderAwareRequestFilter@4c4be9d8, org.springframework.security.web.authentication.AnonymousAuthenticationFilter@74e1d60b, org.springframework.security.web.session.SessionManagementFilter@4f72078d, org.springframework.security.web.access.ExceptionTranslationFilter@4faaff61, org.springframework.security.web.access.intercept.FilterSecurityInterceptor@5bc1903]
2021-08-16 10:31:29 INFO  main org.springframework.security.web.DefaultSecurityFilterChain Creating filter chain: OrRequestMatcher [requestMatchers=[Ant [pattern='/oauth/**']]], [org.springframework.security.web.context.request.async.WebAsyncManagerIntegrationFilter@46c19350, org.springframework.security.web.context.SecurityContextPersistenceFilter@2210af14, org.springframework.security.web.header.HeaderWriterFilter@7bdf8c92, org.springframework.security.web.authentication.logout.LogoutFilter@147c4523, com.nstr.auth.filter.ValidateCodeFilter@7e1762e6, org.springframework.security.web.savedrequest.RequestCacheAwareFilter@136a4800, org.springframework.security.web.servletapi.SecurityContextHolderAwareRequestFilter@14d6ede3, org.springframework.security.web.authentication.AnonymousAuthenticationFilter@5b4b6f3b, org.springframework.security.web.session.SessionManagementFilter@7c0b792e, org.springframework.security.web.access.ExceptionTranslationFilter@7388486e, org.springframework.security.web.access.intercept.FilterSecurityInterceptor@2a15bbf3]
2021-08-16 10:31:29 INFO  main org.springframework.security.web.DefaultSecurityFilterChain Creating filter chain: OrRequestMatcher [requestMatchers=[Ant [pattern='/**']]], [org.springframework.security.web.context.request.async.WebAsyncManagerIntegrationFilter@7e1953f7, org.springframework.security.web.context.SecurityContextPersistenceFilter@504274c1, org.springframework.security.web.header.HeaderWriterFilter@3e0e3048, org.springframework.security.web.authentication.logout.LogoutFilter@447a557b, org.springframework.security.oauth2.provider.authentication.OAuth2AuthenticationProcessingFilter@3a89226e, org.springframework.security.web.authentication.www.BasicAuthenticationFilter@351fadfa, org.springframework.security.web.savedrequest.RequestCacheAwareFilter@16e5c19f, org.springframework.security.web.servletapi.SecurityContextHolderAwareRequestFilter@59263f7b, org.springframework.security.web.authentication.AnonymousAuthenticationFilter@26f07261, org.springframework.security.web.session.SessionManagementFilter@7bc4ac3e, org.springframework.security.web.access.ExceptionTranslationFilter@4e111e08, org.springframework.security.web.access.intercept.FilterSecurityInterceptor@5d8a1456]
2021-08-16 10:31:29 INFO  main com.netflix.config.sources.URLConfigurationSource To enable URLs as dynamic configuration sources, define System property archaius.configurationSource.additionalUrls or make config.properties available on classpath.
2021-08-16 10:31:29 INFO  main org.springframework.scheduling.concurrent.ThreadPoolTaskExecutor Initializing ExecutorService 'applicationTaskExecutor'
2021-08-16 10:31:30 INFO  main org.springframework.scheduling.concurrent.ThreadPoolTaskScheduler Initializing ExecutorService 'Nacos-Watch-Task-Scheduler'
2021-08-16 10:31:30 INFO  main org.springframework.scheduling.concurrent.ThreadPoolTaskScheduler Initializing ExecutorService
2021-08-16 10:31:31 INFO  main org.springframework.boot.actuate.endpoint.web.EndpointLinksResolver Exposing 18 endpoint(s) beneath base path '/actuator'
2021-08-16 10:31:31 INFO  main org.apache.coyote.http11.Http11NioProtocol Starting ProtocolHandler ["http-nio-1600"]
2021-08-16 10:31:31 INFO  main org.springframework.boot.web.embedded.tomcat.TomcatWebServer Tomcat started on port(s): 1600 (http) with context path ''
2021-08-16 10:31:31 INFO  main com.alibaba.cloud.nacos.registry.NacosServiceRegistry nacos registry, DEFAULT_GROUP nstr-auth 192.168.1.216:1600 register finished
2021-08-16 10:31:31 INFO  main com.nstr.auth.NstrAuthApplication Started NstrAuthApplication in 10.833 seconds (JVM running for 12.505)
2021-08-16 10:31:32 INFO  registrationTask1 de.codecentric.boot.admin.client.registration.ApplicationRegistrator Application registered itself as 118aee74b410
2021-08-16 10:31:32 INFO  http-nio-1600-exec-1 org.apache.catalina.core.ContainerBase.[Tomcat].[localhost].[/] Initializing Spring DispatcherServlet 'dispatcherServlet'
2021-08-16 10:31:32 INFO  http-nio-1600-exec-1 org.springframework.web.servlet.DispatcherServlet Initializing Servlet 'dispatcherServlet'
2021-08-16 10:31:32 INFO  http-nio-1600-exec-1 org.springframework.web.servlet.DispatcherServlet Completed initialization in 21 ms
2021-08-16 16:40:07 INFO  SpringContextShutdownHook org.springframework.scheduling.concurrent.ThreadPoolTaskScheduler Shutting down ExecutorService 'Nacos-Watch-Task-Scheduler'
2021-08-16 16:40:09 INFO  SpringContextShutdownHook org.springframework.scheduling.concurrent.ThreadPoolTaskScheduler Shutting down ExecutorService
2021-08-16 16:40:09 INFO  SpringContextShutdownHook com.alibaba.cloud.nacos.registry.NacosServiceRegistry De-registering from Nacos Server now...
2021-08-16 16:40:10 INFO  SpringContextShutdownHook com.alibaba.cloud.nacos.registry.NacosServiceRegistry De-registration finished.
2021-08-16 16:40:20 INFO  SpringContextShutdownHook org.springframework.scheduling.concurrent.ThreadPoolTaskExecutor Shutting down ExecutorService 'applicationTaskExecutor'
2021-08-16 16:40:20 INFO  SpringContextShutdownHook com.baomidou.dynamic.datasource.DynamicRoutingDataSource dynamic-datasource start closing ....
2021-08-16 16:40:20 INFO  SpringContextShutdownHook com.zaxxer.hikari.HikariDataSource base - Shutdown initiated...
2021-08-16 16:40:20 INFO  SpringContextShutdownHook com.zaxxer.hikari.HikariDataSource base - Shutdown completed.
2021-08-16 16:40:20 INFO  SpringContextShutdownHook com.baomidou.dynamic.datasource.DynamicRoutingDataSource dynamic-datasource all closed success,bye
2021-08-16 16:49:34 INFO  main com.nstr.auth.NstrAuthApplication No active profile set, falling back to default profiles: default
2021-08-16 16:49:39 INFO  main org.springframework.data.repository.config.RepositoryConfigurationDelegate Multiple Spring Data modules found, entering strict repository configuration mode!
2021-08-16 16:49:39 INFO  main org.springframework.data.repository.config.RepositoryConfigurationDelegate Bootstrapping Spring Data Redis repositories in DEFAULT mode.
2021-08-16 16:49:39 INFO  main org.springframework.data.repository.config.RepositoryConfigurationDelegate Finished Spring Data repository scanning in 68ms. Found 0 Redis repository interfaces.
2021-08-16 16:49:41 INFO  main org.springframework.cloud.context.scope.GenericScope BeanFactory id=9f656190-4519-3c4e-a84e-94ab8cd8f135
2021-08-16 16:49:41 INFO  main org.springframework.context.support.PostProcessorRegistrationDelegate$BeanPostProcessorChecker Bean 'spring.datasource.dynamic-com.baomidou.dynamic.datasource.spring.boot.autoconfigure.DynamicDataSourceProperties' of type [com.baomidou.dynamic.datasource.spring.boot.autoconfigure.DynamicDataSourceProperties] is not eligible for getting processed by all BeanPostProcessors (for example: not eligible for auto-proxying)
2021-08-16 16:49:41 INFO  main org.springframework.context.support.PostProcessorRegistrationDelegate$BeanPostProcessorChecker Bean 'com.baomidou.dynamic.datasource.spring.boot.autoconfigure.DynamicDataSourceAutoConfiguration' of type [com.baomidou.dynamic.datasource.spring.boot.autoconfigure.DynamicDataSourceAutoConfiguration$$EnhancerBySpringCGLIB$$fbd93774] is not eligible for getting processed by all BeanPostProcessors (for example: not eligible for auto-proxying)
2021-08-16 16:49:42 INFO  main org.springframework.context.support.PostProcessorRegistrationDelegate$BeanPostProcessorChecker Bean 'dsProcessor' of type [com.baomidou.dynamic.datasource.processor.DsHeaderProcessor] is not eligible for getting processed by all BeanPostProcessors (for example: not eligible for auto-proxying)
2021-08-16 16:49:43 INFO  main org.springframework.boot.web.embedded.tomcat.TomcatWebServer Tomcat initialized with port(s): 1600 (http)
2021-08-16 16:49:43 INFO  main org.apache.coyote.http11.Http11NioProtocol Initializing ProtocolHandler ["http-nio-1600"]
2021-08-16 16:49:43 INFO  main org.apache.catalina.core.StandardService Starting service [Tomcat]
2021-08-16 16:49:43 INFO  main org.apache.catalina.core.StandardEngine Starting Servlet engine: [Apache Tomcat/9.0.41]
2021-08-16 16:49:43 INFO  main org.apache.catalina.core.ContainerBase.[Tomcat].[localhost].[/] Initializing Spring embedded WebApplicationContext
2021-08-16 16:49:43 INFO  main org.springframework.boot.web.servlet.context.ServletWebServerApplicationContext Root WebApplicationContext: initialization completed in 9043 ms
2021-08-16 16:49:43 INFO  main com.netflix.config.sources.URLConfigurationSource To enable URLs as dynamic configuration sources, define System property archaius.configurationSource.additionalUrls or make config.properties available on classpath.
2021-08-16 16:49:43 INFO  main com.netflix.config.DynamicPropertyFactory DynamicPropertyFactory is initialized with configuration sources: com.netflix.config.ConcurrentCompositeConfiguration@37d3aa8c
2021-08-16 16:49:48 INFO  main com.zaxxer.hikari.HikariDataSource base - Starting...
2021-08-16 16:49:55 INFO  main com.zaxxer.hikari.HikariDataSource base - Start completed.
2021-08-16 16:49:55 INFO  main com.baomidou.dynamic.datasource.DynamicRoutingDataSource dynamic-datasource - add a datasource named [base] success
2021-08-16 16:49:55 INFO  main com.baomidou.dynamic.datasource.DynamicRoutingDataSource dynamic-datasource initial loaded [1] datasource,primary datasource named [base]
2021-08-16 16:50:00 INFO  main org.springframework.security.web.DefaultSecurityFilterChain Creating filter chain: OrRequestMatcher [requestMatchers=[Ant [pattern='/oauth/token'], Ant [pattern='/oauth/token_key'], Ant [pattern='/oauth/check_token']]], [org.springframework.security.web.context.request.async.WebAsyncManagerIntegrationFilter@7f08c343, org.springframework.security.web.context.SecurityContextPersistenceFilter@2b85edc7, org.springframework.security.web.header.HeaderWriterFilter@47cf65f1, org.springframework.security.web.authentication.logout.LogoutFilter@6905d030, org.springframework.security.web.authentication.www.BasicAuthenticationFilter@760d6350, org.springframework.security.web.savedrequest.RequestCacheAwareFilter@2559f65c, org.springframework.security.web.servletapi.SecurityContextHolderAwareRequestFilter@7d3a2459, org.springframework.security.web.authentication.AnonymousAuthenticationFilter@7fba492e, org.springframework.security.web.session.SessionManagementFilter@47393345, org.springframework.security.web.access.ExceptionTranslationFilter@2fa4888c, org.springframework.security.web.access.intercept.FilterSecurityInterceptor@75882ac2]
2021-08-16 16:50:00 INFO  main org.springframework.security.web.DefaultSecurityFilterChain Creating filter chain: OrRequestMatcher [requestMatchers=[Ant [pattern='/oauth/**']]], [org.springframework.security.web.context.request.async.WebAsyncManagerIntegrationFilter@6b04689e, org.springframework.security.web.context.SecurityContextPersistenceFilter@7bc4ac3e, org.springframework.security.web.header.HeaderWriterFilter@4e111e08, org.springframework.security.web.authentication.logout.LogoutFilter@7ddcd3d, com.nstr.auth.filter.ValidateCodeFilter@38923cfe, org.springframework.security.web.savedrequest.RequestCacheAwareFilter@504274c1, org.springframework.security.web.servletapi.SecurityContextHolderAwareRequestFilter@16e5c19f, org.springframework.security.web.authentication.AnonymousAuthenticationFilter@4be5b9b1, org.springframework.security.web.session.SessionManagementFilter@3e0e3048, org.springframework.security.web.access.ExceptionTranslationFilter@7f3a92fd, org.springframework.security.web.access.intercept.FilterSecurityInterceptor@7d432bc0]
2021-08-16 16:50:00 INFO  main org.springframework.security.web.DefaultSecurityFilterChain Creating filter chain: OrRequestMatcher [requestMatchers=[Ant [pattern='/**']]], [org.springframework.security.web.context.request.async.WebAsyncManagerIntegrationFilter@58c80957, org.springframework.security.web.context.SecurityContextPersistenceFilter@3e371088, org.springframework.security.web.header.HeaderWriterFilter@6bbb3280, org.springframework.security.web.authentication.logout.LogoutFilter@1390a415, org.springframework.security.oauth2.provider.authentication.OAuth2AuthenticationProcessingFilter@1f7b8d59, org.springframework.security.web.authentication.www.BasicAuthenticationFilter@2178d296, org.springframework.security.web.savedrequest.RequestCacheAwareFilter@8942ece, org.springframework.security.web.servletapi.SecurityContextHolderAwareRequestFilter@3a89226e, org.springframework.security.web.authentication.AnonymousAuthenticationFilter@5f1db390, org.springframework.security.web.session.SessionManagementFilter@7dda5b25, org.springframework.security.web.access.ExceptionTranslationFilter@14745c3c, org.springframework.security.web.access.intercept.FilterSecurityInterceptor@7a7bb083]
2021-08-16 16:50:00 INFO  main com.netflix.config.sources.URLConfigurationSource To enable URLs as dynamic configuration sources, define System property archaius.configurationSource.additionalUrls or make config.properties available on classpath.
2021-08-16 16:50:00 INFO  main org.springframework.scheduling.concurrent.ThreadPoolTaskExecutor Initializing ExecutorService 'applicationTaskExecutor'
2021-08-16 16:50:00 INFO  main org.springframework.scheduling.concurrent.ThreadPoolTaskScheduler Initializing ExecutorService 'Nacos-Watch-Task-Scheduler'
2021-08-16 16:50:01 INFO  main org.springframework.scheduling.concurrent.ThreadPoolTaskScheduler Initializing ExecutorService
2021-08-16 16:50:02 INFO  main org.springframework.boot.actuate.endpoint.web.EndpointLinksResolver Exposing 18 endpoint(s) beneath base path '/actuator'
2021-08-16 16:50:02 INFO  main org.apache.coyote.http11.Http11NioProtocol Starting ProtocolHandler ["http-nio-1600"]
2021-08-16 16:50:02 INFO  main org.springframework.boot.web.embedded.tomcat.TomcatWebServer Tomcat started on port(s): 1600 (http) with context path ''
2021-08-16 16:50:02 INFO  main com.alibaba.cloud.nacos.registry.NacosServiceRegistry nacos registry, DEFAULT_GROUP nstr-auth 192.168.1.216:1600 register finished
2021-08-16 16:50:02 INFO  main com.nstr.auth.NstrAuthApplication Started NstrAuthApplication in 30.997 seconds (JVM running for 33.634)
2021-08-16 16:50:02 INFO  registrationTask1 de.codecentric.boot.admin.client.registration.ApplicationRegistrator Application registered itself as 118aee74b410
2021-08-16 16:50:03 INFO  http-nio-1600-exec-1 org.apache.catalina.core.ContainerBase.[Tomcat].[localhost].[/] Initializing Spring DispatcherServlet 'dispatcherServlet'
2021-08-16 16:50:03 INFO  http-nio-1600-exec-1 org.springframework.web.servlet.DispatcherServlet Initializing Servlet 'dispatcherServlet'
2021-08-16 16:50:03 INFO  http-nio-1600-exec-1 org.springframework.web.servlet.DispatcherServlet Completed initialization in 7 ms
2021-08-16 17:36:17 INFO  SpringContextShutdownHook org.springframework.scheduling.concurrent.ThreadPoolTaskScheduler Shutting down ExecutorService 'Nacos-Watch-Task-Scheduler'
2021-08-16 17:36:17 INFO  SpringContextShutdownHook org.springframework.scheduling.concurrent.ThreadPoolTaskScheduler Shutting down ExecutorService
2021-08-16 17:36:17 INFO  SpringContextShutdownHook com.alibaba.cloud.nacos.registry.NacosServiceRegistry De-registering from Nacos Server now...
2021-08-16 17:36:17 INFO  SpringContextShutdownHook com.alibaba.cloud.nacos.registry.NacosServiceRegistry De-registration finished.
2021-08-16 17:36:24 INFO  SpringContextShutdownHook org.springframework.scheduling.concurrent.ThreadPoolTaskExecutor Shutting down ExecutorService 'applicationTaskExecutor'
2021-08-16 17:36:24 INFO  SpringContextShutdownHook com.baomidou.dynamic.datasource.DynamicRoutingDataSource dynamic-datasource start closing ....
2021-08-16 17:36:24 INFO  SpringContextShutdownHook com.zaxxer.hikari.HikariDataSource base - Shutdown initiated...
2021-08-16 17:36:24 INFO  SpringContextShutdownHook com.zaxxer.hikari.HikariDataSource base - Shutdown completed.
2021-08-16 17:36:24 INFO  SpringContextShutdownHook com.baomidou.dynamic.datasource.DynamicRoutingDataSource dynamic-datasource all closed success,bye
2021-08-16 17:36:32 INFO  main com.nstr.auth.NstrAuthApplication No active profile set, falling back to default profiles: default
2021-08-16 17:36:33 INFO  main org.springframework.data.repository.config.RepositoryConfigurationDelegate Multiple Spring Data modules found, entering strict repository configuration mode!
2021-08-16 17:36:33 INFO  main org.springframework.data.repository.config.RepositoryConfigurationDelegate Bootstrapping Spring Data Redis repositories in DEFAULT mode.
2021-08-16 17:36:33 INFO  main org.springframework.data.repository.config.RepositoryConfigurationDelegate Finished Spring Data repository scanning in 16ms. Found 0 Redis repository interfaces.
2021-08-16 17:36:34 INFO  main org.springframework.cloud.context.scope.GenericScope BeanFactory id=9f656190-4519-3c4e-a84e-94ab8cd8f135
2021-08-16 17:36:34 INFO  main org.springframework.context.support.PostProcessorRegistrationDelegate$BeanPostProcessorChecker Bean 'spring.datasource.dynamic-com.baomidou.dynamic.datasource.spring.boot.autoconfigure.DynamicDataSourceProperties' of type [com.baomidou.dynamic.datasource.spring.boot.autoconfigure.DynamicDataSourceProperties] is not eligible for getting processed by all BeanPostProcessors (for example: not eligible for auto-proxying)
2021-08-16 17:36:34 INFO  main org.springframework.context.support.PostProcessorRegistrationDelegate$BeanPostProcessorChecker Bean 'com.baomidou.dynamic.datasource.spring.boot.autoconfigure.DynamicDataSourceAutoConfiguration' of type [com.baomidou.dynamic.datasource.spring.boot.autoconfigure.DynamicDataSourceAutoConfiguration$$EnhancerBySpringCGLIB$$10609c34] is not eligible for getting processed by all BeanPostProcessors (for example: not eligible for auto-proxying)
2021-08-16 17:36:34 INFO  main org.springframework.context.support.PostProcessorRegistrationDelegate$BeanPostProcessorChecker Bean 'dsProcessor' of type [com.baomidou.dynamic.datasource.processor.DsHeaderProcessor] is not eligible for getting processed by all BeanPostProcessors (for example: not eligible for auto-proxying)
2021-08-16 17:36:34 INFO  main org.springframework.boot.web.embedded.tomcat.TomcatWebServer Tomcat initialized with port(s): 1600 (http)
2021-08-16 17:36:34 INFO  main org.apache.coyote.http11.Http11NioProtocol Initializing ProtocolHandler ["http-nio-1600"]
2021-08-16 17:36:34 INFO  main org.apache.catalina.core.StandardService Starting service [Tomcat]
2021-08-16 17:36:34 INFO  main org.apache.catalina.core.StandardEngine Starting Servlet engine: [Apache Tomcat/9.0.41]
2021-08-16 17:36:34 INFO  main org.apache.catalina.core.ContainerBase.[Tomcat].[localhost].[/] Initializing Spring embedded WebApplicationContext
2021-08-16 17:36:34 INFO  main org.springframework.boot.web.servlet.context.ServletWebServerApplicationContext Root WebApplicationContext: initialization completed in 1939 ms
2021-08-16 17:36:34 INFO  main com.netflix.config.sources.URLConfigurationSource To enable URLs as dynamic configuration sources, define System property archaius.configurationSource.additionalUrls or make config.properties available on classpath.
2021-08-16 17:36:34 INFO  main com.netflix.config.DynamicPropertyFactory DynamicPropertyFactory is initialized with configuration sources: com.netflix.config.ConcurrentCompositeConfiguration@76134b9b
2021-08-16 17:36:35 INFO  main com.zaxxer.hikari.HikariDataSource base - Starting...
2021-08-16 17:36:35 INFO  main com.zaxxer.hikari.HikariDataSource base - Start completed.
2021-08-16 17:36:35 INFO  main com.baomidou.dynamic.datasource.DynamicRoutingDataSource dynamic-datasource - add a datasource named [base] success
2021-08-16 17:36:35 INFO  main com.baomidou.dynamic.datasource.DynamicRoutingDataSource dynamic-datasource initial loaded [1] datasource,primary datasource named [base]
2021-08-16 17:36:36 INFO  main org.springframework.security.web.DefaultSecurityFilterChain Creating filter chain: OrRequestMatcher [requestMatchers=[Ant [pattern='/oauth/token'], Ant [pattern='/oauth/token_key'], Ant [pattern='/oauth/check_token']]], [org.springframework.security.web.context.request.async.WebAsyncManagerIntegrationFilter@2b5a04b0, org.springframework.security.web.context.SecurityContextPersistenceFilter@5fd5d6d1, org.springframework.security.web.header.HeaderWriterFilter@62f73b0c, org.springframework.security.web.authentication.logout.LogoutFilter@29693b1d, org.springframework.security.web.authentication.www.BasicAuthenticationFilter@118f2486, org.springframework.security.web.savedrequest.RequestCacheAwareFilter@ff12b53, org.springframework.security.web.servletapi.SecurityContextHolderAwareRequestFilter@12925d2, org.springframework.security.web.authentication.AnonymousAuthenticationFilter@41a3c6f5, org.springframework.security.web.session.SessionManagementFilter@6406b84d, org.springframework.security.web.access.ExceptionTranslationFilter@4fc8163, org.springframework.security.web.access.intercept.FilterSecurityInterceptor@50e4d8cd]
2021-08-16 17:36:36 INFO  main org.springframework.security.web.DefaultSecurityFilterChain Creating filter chain: OrRequestMatcher [requestMatchers=[Ant [pattern='/oauth/**']]], [org.springframework.security.web.context.request.async.WebAsyncManagerIntegrationFilter@54fffa5a, org.springframework.security.web.context.SecurityContextPersistenceFilter@7a85454b, org.springframework.security.web.header.HeaderWriterFilter@1a99692, org.springframework.security.web.authentication.logout.LogoutFilter@4d0d568f, com.nstr.auth.filter.ValidateCodeFilter@79ec57b8, org.springframework.security.web.savedrequest.RequestCacheAwareFilter@3ecbfba1, org.springframework.security.web.servletapi.SecurityContextHolderAwareRequestFilter@739be7ec, org.springframework.security.web.authentication.AnonymousAuthenticationFilter@407d2a01, org.springframework.security.web.session.SessionManagementFilter@2a0881f1, org.springframework.security.web.access.ExceptionTranslationFilter@5192b301, org.springframework.security.web.access.intercept.FilterSecurityInterceptor@2daf0cc9]
2021-08-16 17:36:36 INFO  main org.springframework.security.web.DefaultSecurityFilterChain Creating filter chain: OrRequestMatcher [requestMatchers=[Ant [pattern='/**']]], [org.springframework.security.web.context.request.async.WebAsyncManagerIntegrationFilter@20706e70, org.springframework.security.web.context.SecurityContextPersistenceFilter@16eb93af, org.springframework.security.web.header.HeaderWriterFilter@5c945ee7, org.springframework.security.web.authentication.logout.LogoutFilter@8f8717b, org.springframework.security.oauth2.provider.authentication.OAuth2AuthenticationProcessingFilter@68dbe225, org.springframework.security.web.authentication.www.BasicAuthenticationFilter@628f0936, org.springframework.security.web.savedrequest.RequestCacheAwareFilter@404566e7, org.springframework.security.web.servletapi.SecurityContextHolderAwareRequestFilter@3ed87b6e, org.springframework.security.web.authentication.AnonymousAuthenticationFilter@6e5fba90, org.springframework.security.web.session.SessionManagementFilter@51a5a8ba, org.springframework.security.web.access.ExceptionTranslationFilter@74844f8a, org.springframework.security.web.access.intercept.FilterSecurityInterceptor@47bfde21]
2021-08-16 17:36:36 INFO  main com.netflix.config.sources.URLConfigurationSource To enable URLs as dynamic configuration sources, define System property archaius.configurationSource.additionalUrls or make config.properties available on classpath.
2021-08-16 17:36:37 INFO  main org.springframework.scheduling.concurrent.ThreadPoolTaskExecutor Initializing ExecutorService 'applicationTaskExecutor'
2021-08-16 17:36:37 INFO  main org.springframework.scheduling.concurrent.ThreadPoolTaskScheduler Initializing ExecutorService 'Nacos-Watch-Task-Scheduler'
2021-08-16 17:36:37 INFO  main org.springframework.scheduling.concurrent.ThreadPoolTaskScheduler Initializing ExecutorService
2021-08-16 17:36:38 INFO  main org.springframework.boot.actuate.endpoint.web.EndpointLinksResolver Exposing 18 endpoint(s) beneath base path '/actuator'
2021-08-16 17:36:38 INFO  main org.apache.coyote.http11.Http11NioProtocol Starting ProtocolHandler ["http-nio-1600"]
2021-08-16 17:36:38 INFO  main org.springframework.boot.web.embedded.tomcat.TomcatWebServer Tomcat started on port(s): 1600 (http) with context path ''
2021-08-16 17:36:38 INFO  main com.alibaba.cloud.nacos.registry.NacosServiceRegistry nacos registry, DEFAULT_GROUP nstr-auth 192.168.1.216:1600 register finished
2021-08-16 17:36:38 INFO  main com.nstr.auth.NstrAuthApplication Started NstrAuthApplication in 7.738 seconds (JVM running for 8.97)
2021-08-16 17:36:38 INFO  RMI TCP Connection(1)-192.168.1.216 org.apache.catalina.core.ContainerBase.[Tomcat].[localhost].[/] Initializing Spring DispatcherServlet 'dispatcherServlet'
2021-08-16 17:36:38 INFO  RMI TCP Connection(1)-192.168.1.216 org.springframework.web.servlet.DispatcherServlet Initializing Servlet 'dispatcherServlet'
2021-08-16 17:36:38 INFO  RMI TCP Connection(1)-192.168.1.216 org.springframework.web.servlet.DispatcherServlet Completed initialization in 15 ms
2021-08-16 17:36:38 INFO  registrationTask1 de.codecentric.boot.admin.client.registration.ApplicationRegistrator Application registered itself as 118aee74b410
2021-08-16 17:38:15 INFO  http-nio-1600-exec-5 org.springframework.security.oauth2.provider.token.store.JdbcTokenStore Failed to find access token for token 1b4c7440-d148-4e4c-bc28-5ca75e3d9b17
2021-08-16 17:38:28 INFO  http-nio-1600-exec-1 org.springframework.security.oauth2.provider.token.store.JdbcTokenStore Failed to find access token for token 1b4c7440-d148-4e4c-bc28-5ca75e3d9b17
2021-08-16 17:39:17 INFO  http-nio-1600-exec-9 org.springframework.security.oauth2.provider.token.store.JdbcTokenStore Failed to find access token for token 47a75365-1e55-4a37-a953-df914fef84fd
2021-08-16 18:00:34 INFO  SpringContextShutdownHook org.springframework.scheduling.concurrent.ThreadPoolTaskScheduler Shutting down ExecutorService 'Nacos-Watch-Task-Scheduler'
2021-08-16 18:00:34 INFO  SpringContextShutdownHook org.springframework.scheduling.concurrent.ThreadPoolTaskScheduler Shutting down ExecutorService
2021-08-16 18:00:34 INFO  SpringContextShutdownHook com.alibaba.cloud.nacos.registry.NacosServiceRegistry De-registering from Nacos Server now...
2021-08-16 18:00:34 INFO  SpringContextShutdownHook com.alibaba.cloud.nacos.registry.NacosServiceRegistry De-registration finished.
2021-08-16 18:00:42 INFO  SpringContextShutdownHook org.springframework.scheduling.concurrent.ThreadPoolTaskExecutor Shutting down ExecutorService 'applicationTaskExecutor'
2021-08-16 18:00:42 INFO  SpringContextShutdownHook com.baomidou.dynamic.datasource.DynamicRoutingDataSource dynamic-datasource start closing ....
2021-08-16 18:00:42 INFO  SpringContextShutdownHook com.zaxxer.hikari.HikariDataSource base - Shutdown initiated...
2021-08-16 18:00:42 INFO  SpringContextShutdownHook com.zaxxer.hikari.HikariDataSource base - Shutdown completed.
2021-08-16 18:00:42 INFO  SpringContextShutdownHook com.baomidou.dynamic.datasource.DynamicRoutingDataSource dynamic-datasource all closed success,bye
2021-08-16 18:00:50 INFO  main com.nstr.auth.NstrAuthApplication No active profile set, falling back to default profiles: default
2021-08-16 18:00:51 INFO  main org.springframework.data.repository.config.RepositoryConfigurationDelegate Multiple Spring Data modules found, entering strict repository configuration mode!
2021-08-16 18:00:51 INFO  main org.springframework.data.repository.config.RepositoryConfigurationDelegate Bootstrapping Spring Data Redis repositories in DEFAULT mode.
2021-08-16 18:00:51 INFO  main org.springframework.data.repository.config.RepositoryConfigurationDelegate Finished Spring Data repository scanning in 17ms. Found 0 Redis repository interfaces.
2021-08-16 18:00:51 INFO  main org.springframework.cloud.context.scope.GenericScope BeanFactory id=08c3d646-9ac9-37c5-8086-bc96365882bd
2021-08-16 18:00:51 INFO  main org.springframework.context.support.PostProcessorRegistrationDelegate$BeanPostProcessorChecker Bean 'spring.datasource.dynamic-com.baomidou.dynamic.datasource.spring.boot.autoconfigure.DynamicDataSourceProperties' of type [com.baomidou.dynamic.datasource.spring.boot.autoconfigure.DynamicDataSourceProperties] is not eligible for getting processed by all BeanPostProcessors (for example: not eligible for auto-proxying)
2021-08-16 18:00:51 INFO  main org.springframework.context.support.PostProcessorRegistrationDelegate$BeanPostProcessorChecker Bean 'com.baomidou.dynamic.datasource.spring.boot.autoconfigure.DynamicDataSourceAutoConfiguration' of type [com.baomidou.dynamic.datasource.spring.boot.autoconfigure.DynamicDataSourceAutoConfiguration$$EnhancerBySpringCGLIB$$4d466dff] is not eligible for getting processed by all BeanPostProcessors (for example: not eligible for auto-proxying)
2021-08-16 18:00:51 INFO  main org.springframework.context.support.PostProcessorRegistrationDelegate$BeanPostProcessorChecker Bean 'dsProcessor' of type [com.baomidou.dynamic.datasource.processor.DsHeaderProcessor] is not eligible for getting processed by all BeanPostProcessors (for example: not eligible for auto-proxying)
2021-08-16 18:00:52 INFO  main org.springframework.boot.web.embedded.tomcat.TomcatWebServer Tomcat initialized with port(s): 1600 (http)
2021-08-16 18:00:52 INFO  main org.apache.coyote.http11.Http11NioProtocol Initializing ProtocolHandler ["http-nio-1600"]
2021-08-16 18:00:52 INFO  main org.apache.catalina.core.StandardService Starting service [Tomcat]
2021-08-16 18:00:52 INFO  main org.apache.catalina.core.StandardEngine Starting Servlet engine: [Apache Tomcat/9.0.41]
2021-08-16 18:00:52 INFO  main org.apache.catalina.core.ContainerBase.[Tomcat].[localhost].[/] Initializing Spring embedded WebApplicationContext
2021-08-16 18:00:52 INFO  main org.springframework.boot.web.servlet.context.ServletWebServerApplicationContext Root WebApplicationContext: initialization completed in 1742 ms
2021-08-16 18:00:52 INFO  main com.netflix.config.sources.URLConfigurationSource To enable URLs as dynamic configuration sources, define System property archaius.configurationSource.additionalUrls or make config.properties available on classpath.
2021-08-16 18:00:52 INFO  main com.netflix.config.DynamicPropertyFactory DynamicPropertyFactory is initialized with configuration sources: com.netflix.config.ConcurrentCompositeConfiguration@48af5f38
2021-08-16 18:00:52 INFO  main com.zaxxer.hikari.HikariDataSource base - Starting...
2021-08-16 18:00:53 INFO  main com.zaxxer.hikari.HikariDataSource base - Start completed.
2021-08-16 18:00:53 INFO  main com.baomidou.dynamic.datasource.DynamicRoutingDataSource dynamic-datasource - add a datasource named [base] success
2021-08-16 18:00:53 INFO  main com.baomidou.dynamic.datasource.DynamicRoutingDataSource dynamic-datasource initial loaded [1] datasource,primary datasource named [base]
2021-08-16 18:00:54 INFO  main org.springframework.security.web.DefaultSecurityFilterChain Creating filter chain: OrRequestMatcher [requestMatchers=[Ant [pattern='/oauth/token'], Ant [pattern='/oauth/token_key'], Ant [pattern='/oauth/check_token']]], [org.springframework.security.web.context.request.async.WebAsyncManagerIntegrationFilter@4587f0f9, org.springframework.security.web.context.SecurityContextPersistenceFilter@7505dcab, org.springframework.security.web.header.HeaderWriterFilter@3a225534, org.springframework.security.web.authentication.logout.LogoutFilter@16f62062, org.springframework.security.web.authentication.www.BasicAuthenticationFilter@30a5a58d, org.springframework.security.web.savedrequest.RequestCacheAwareFilter@24bdd996, org.springframework.security.web.servletapi.SecurityContextHolderAwareRequestFilter@2d399e88, org.springframework.security.web.authentication.AnonymousAuthenticationFilter@22a22f1, org.springframework.security.web.session.SessionManagementFilter@3ace65df, org.springframework.security.web.access.ExceptionTranslationFilter@341889a1, org.springframework.security.web.access.intercept.FilterSecurityInterceptor@3881b884]
2021-08-16 18:00:54 INFO  main org.springframework.security.web.DefaultSecurityFilterChain Creating filter chain: OrRequestMatcher [requestMatchers=[Ant [pattern='/oauth/**']]], [org.springframework.security.web.context.request.async.WebAsyncManagerIntegrationFilter@628f0936, org.springframework.security.web.context.SecurityContextPersistenceFilter@68dbe225, org.springframework.security.web.header.HeaderWriterFilter@527d1fe1, org.springframework.security.web.authentication.logout.LogoutFilter@66b62ebd, com.nstr.auth.filter.ValidateCodeFilter@d271a54, org.springframework.security.web.savedrequest.RequestCacheAwareFilter@145ef9e8, org.springframework.security.web.servletapi.SecurityContextHolderAwareRequestFilter@2e667e95, org.springframework.security.web.authentication.AnonymousAuthenticationFilter@20706e70, org.springframework.security.web.session.SessionManagementFilter@24fb752f, org.springframework.security.web.access.ExceptionTranslationFilter@7940b729, org.springframework.security.web.access.intercept.FilterSecurityInterceptor@47bfde21]
2021-08-16 18:00:54 INFO  main org.springframework.security.web.DefaultSecurityFilterChain Creating filter chain: OrRequestMatcher [requestMatchers=[Ant [pattern='/**']]], [org.springframework.security.web.context.request.async.WebAsyncManagerIntegrationFilter@2bf45b7c, org.springframework.security.web.context.SecurityContextPersistenceFilter@5315210d, org.springframework.security.web.header.HeaderWriterFilter@6560f387, org.springframework.security.web.authentication.logout.LogoutFilter@6b6e2c83, org.springframework.security.oauth2.provider.authentication.OAuth2AuthenticationProcessingFilter@502b9399, org.springframework.security.web.authentication.www.BasicAuthenticationFilter@2b85edc7, org.springframework.security.web.savedrequest.RequestCacheAwareFilter@3f5f79d8, org.springframework.security.web.servletapi.SecurityContextHolderAwareRequestFilter@5dc1597f, org.springframework.security.web.authentication.AnonymousAuthenticationFilter@2559f65c, org.springframework.security.web.session.SessionManagementFilter@6a24c41d, org.springframework.security.web.access.ExceptionTranslationFilter@4bc4ec43, org.springframework.security.web.access.intercept.FilterSecurityInterceptor@5b16e486]
2021-08-16 18:00:54 INFO  main com.netflix.config.sources.URLConfigurationSource To enable URLs as dynamic configuration sources, define System property archaius.configurationSource.additionalUrls or make config.properties available on classpath.
2021-08-16 18:00:54 INFO  main org.springframework.scheduling.concurrent.ThreadPoolTaskExecutor Initializing ExecutorService 'applicationTaskExecutor'
2021-08-16 18:00:54 INFO  main org.springframework.scheduling.concurrent.ThreadPoolTaskScheduler Initializing ExecutorService 'Nacos-Watch-Task-Scheduler'
2021-08-16 18:00:55 INFO  main org.springframework.scheduling.concurrent.ThreadPoolTaskScheduler Initializing ExecutorService
2021-08-16 18:00:55 INFO  main org.springframework.boot.actuate.endpoint.web.EndpointLinksResolver Exposing 18 endpoint(s) beneath base path '/actuator'
2021-08-16 18:00:55 INFO  main org.apache.coyote.http11.Http11NioProtocol Starting ProtocolHandler ["http-nio-1600"]
2021-08-16 18:00:55 INFO  main org.springframework.boot.web.embedded.tomcat.TomcatWebServer Tomcat started on port(s): 1600 (http) with context path ''
2021-08-16 18:00:55 INFO  main com.alibaba.cloud.nacos.registry.NacosServiceRegistry nacos registry, DEFAULT_GROUP nstr-auth 192.168.1.216:1600 register finished
2021-08-16 18:00:56 INFO  main com.nstr.auth.NstrAuthApplication Started NstrAuthApplication in 7.439 seconds (JVM running for 8.686)
2021-08-16 18:00:56 INFO  registrationTask1 de.codecentric.boot.admin.client.registration.ApplicationRegistrator Application registered itself as 118aee74b410
2021-08-16 18:00:56 INFO  http-nio-1600-exec-1 org.apache.catalina.core.ContainerBase.[Tomcat].[localhost].[/] Initializing Spring DispatcherServlet 'dispatcherServlet'
2021-08-16 18:00:56 INFO  http-nio-1600-exec-1 org.springframework.web.servlet.DispatcherServlet Initializing Servlet 'dispatcherServlet'
2021-08-16 18:00:56 INFO  http-nio-1600-exec-1 org.springframework.web.servlet.DispatcherServlet Completed initialization in 9 ms
2021-08-16 18:03:15 INFO  SpringContextShutdownHook org.springframework.scheduling.concurrent.ThreadPoolTaskScheduler Shutting down ExecutorService 'Nacos-Watch-Task-Scheduler'
2021-08-16 18:03:15 INFO  SpringContextShutdownHook org.springframework.scheduling.concurrent.ThreadPoolTaskScheduler Shutting down ExecutorService
2021-08-16 18:03:15 INFO  SpringContextShutdownHook com.alibaba.cloud.nacos.registry.NacosServiceRegistry De-registering from Nacos Server now...
2021-08-16 18:03:15 INFO  SpringContextShutdownHook com.alibaba.cloud.nacos.registry.NacosServiceRegistry De-registration finished.
2021-08-16 18:03:20 INFO  SpringContextShutdownHook org.springframework.scheduling.concurrent.ThreadPoolTaskExecutor Shutting down ExecutorService 'applicationTaskExecutor'
2021-08-16 18:03:20 INFO  SpringContextShutdownHook com.baomidou.dynamic.datasource.DynamicRoutingDataSource dynamic-datasource start closing ....
2021-08-16 18:03:20 INFO  SpringContextShutdownHook com.zaxxer.hikari.HikariDataSource base - Shutdown initiated...
2021-08-16 18:03:20 INFO  SpringContextShutdownHook com.zaxxer.hikari.HikariDataSource base - Shutdown completed.
2021-08-16 18:03:20 INFO  SpringContextShutdownHook com.baomidou.dynamic.datasource.DynamicRoutingDataSource dynamic-datasource all closed success,bye
2021-08-16 18:03:34 INFO  main com.nstr.auth.NstrAuthApplication No active profile set, falling back to default profiles: default
2021-08-16 18:03:35 INFO  main org.springframework.data.repository.config.RepositoryConfigurationDelegate Multiple Spring Data modules found, entering strict repository configuration mode!
2021-08-16 18:03:35 INFO  main org.springframework.data.repository.config.RepositoryConfigurationDelegate Bootstrapping Spring Data Redis repositories in DEFAULT mode.
2021-08-16 18:03:35 INFO  main org.springframework.data.repository.config.RepositoryConfigurationDelegate Finished Spring Data repository scanning in 18ms. Found 0 Redis repository interfaces.
2021-08-16 18:03:35 INFO  main org.springframework.cloud.context.scope.GenericScope BeanFactory id=08c3d646-9ac9-37c5-8086-bc96365882bd
2021-08-16 18:03:35 INFO  main org.springframework.context.support.PostProcessorRegistrationDelegate$BeanPostProcessorChecker Bean 'spring.datasource.dynamic-com.baomidou.dynamic.datasource.spring.boot.autoconfigure.DynamicDataSourceProperties' of type [com.baomidou.dynamic.datasource.spring.boot.autoconfigure.DynamicDataSourceProperties] is not eligible for getting processed by all BeanPostProcessors (for example: not eligible for auto-proxying)
2021-08-16 18:03:35 INFO  main org.springframework.context.support.PostProcessorRegistrationDelegate$BeanPostProcessorChecker Bean 'com.baomidou.dynamic.datasource.spring.boot.autoconfigure.DynamicDataSourceAutoConfiguration' of type [com.baomidou.dynamic.datasource.spring.boot.autoconfigure.DynamicDataSourceAutoConfiguration$$EnhancerBySpringCGLIB$$c2aa8103] is not eligible for getting processed by all BeanPostProcessors (for example: not eligible for auto-proxying)
2021-08-16 18:03:35 INFO  main org.springframework.context.support.PostProcessorRegistrationDelegate$BeanPostProcessorChecker Bean 'dsProcessor' of type [com.baomidou.dynamic.datasource.processor.DsHeaderProcessor] is not eligible for getting processed by all BeanPostProcessors (for example: not eligible for auto-proxying)
2021-08-16 18:03:36 INFO  main org.springframework.boot.web.embedded.tomcat.TomcatWebServer Tomcat initialized with port(s): 1600 (http)
2021-08-16 18:03:36 INFO  main org.apache.coyote.http11.Http11NioProtocol Initializing ProtocolHandler ["http-nio-1600"]
2021-08-16 18:03:36 INFO  main org.apache.catalina.core.StandardService Starting service [Tomcat]
2021-08-16 18:03:36 INFO  main org.apache.catalina.core.StandardEngine Starting Servlet engine: [Apache Tomcat/9.0.41]
2021-08-16 18:03:36 INFO  main org.apache.catalina.core.ContainerBase.[Tomcat].[localhost].[/] Initializing Spring embedded WebApplicationContext
2021-08-16 18:03:36 INFO  main org.springframework.boot.web.servlet.context.ServletWebServerApplicationContext Root WebApplicationContext: initialization completed in 2034 ms
2021-08-16 18:03:36 INFO  main com.netflix.config.sources.URLConfigurationSource To enable URLs as dynamic configuration sources, define System property archaius.configurationSource.additionalUrls or make config.properties available on classpath.
2021-08-16 18:03:36 INFO  main com.netflix.config.DynamicPropertyFactory DynamicPropertyFactory is initialized with configuration sources: com.netflix.config.ConcurrentCompositeConfiguration@636e4bf8
2021-08-16 18:03:37 INFO  main com.zaxxer.hikari.HikariDataSource base - Starting...
2021-08-16 18:03:38 INFO  main com.zaxxer.hikari.HikariDataSource base - Start completed.
2021-08-16 18:03:38 INFO  main com.baomidou.dynamic.datasource.DynamicRoutingDataSource dynamic-datasource - add a datasource named [base] success
2021-08-16 18:03:38 INFO  main com.baomidou.dynamic.datasource.DynamicRoutingDataSource dynamic-datasource initial loaded [1] datasource,primary datasource named [base]
2021-08-16 18:03:39 INFO  main org.springframework.security.web.DefaultSecurityFilterChain Creating filter chain: OrRequestMatcher [requestMatchers=[Ant [pattern='/oauth/token'], Ant [pattern='/oauth/token_key'], Ant [pattern='/oauth/check_token']]], [org.springframework.security.web.context.request.async.WebAsyncManagerIntegrationFilter@37c762aa, org.springframework.security.web.context.SecurityContextPersistenceFilter@78141c58, org.springframework.security.web.header.HeaderWriterFilter@46146832, org.springframework.security.web.authentication.logout.LogoutFilter@34f32575, org.springframework.security.web.authentication.www.BasicAuthenticationFilter@22f7bf36, org.springframework.security.web.savedrequest.RequestCacheAwareFilter@763ddfc3, org.springframework.security.web.servletapi.SecurityContextHolderAwareRequestFilter@6b9fc5c7, org.springframework.security.web.authentication.AnonymousAuthenticationFilter@4c438f66, org.springframework.security.web.session.SessionManagementFilter@5e643402, org.springframework.security.web.access.ExceptionTranslationFilter@7dd2a5f7, org.springframework.security.web.access.intercept.FilterSecurityInterceptor@73c6ae15]
2021-08-16 18:03:39 INFO  main org.springframework.security.web.DefaultSecurityFilterChain Creating filter chain: OrRequestMatcher [requestMatchers=[Ant [pattern='/oauth/**']]], [org.springframework.security.web.context.request.async.WebAsyncManagerIntegrationFilter@1387bd84, org.springframework.security.web.context.SecurityContextPersistenceFilter@1df2e767, org.springframework.security.web.header.HeaderWriterFilter@3ecbfba1, org.springframework.security.web.authentication.logout.LogoutFilter@a319a2e, com.nstr.auth.filter.ValidateCodeFilter@3cb173db, org.springframework.security.web.savedrequest.RequestCacheAwareFilter@4d0d568f, org.springframework.security.web.servletapi.SecurityContextHolderAwareRequestFilter@2c7aba7c, org.springframework.security.web.authentication.AnonymousAuthenticationFilter@3881b884, org.springframework.security.web.session.SessionManagementFilter@739be7ec, org.springframework.security.web.access.ExceptionTranslationFilter@7a85454b, org.springframework.security.web.access.intercept.FilterSecurityInterceptor@461b38ca]
2021-08-16 18:03:39 INFO  main org.springframework.security.web.DefaultSecurityFilterChain Creating filter chain: OrRequestMatcher [requestMatchers=[Ant [pattern='/**']]], [org.springframework.security.web.context.request.async.WebAsyncManagerIntegrationFilter@4d745ac6, org.springframework.security.web.context.SecurityContextPersistenceFilter@4244e477, org.springframework.security.web.header.HeaderWriterFilter@404566e7, org.springframework.security.web.authentication.logout.LogoutFilter@7b9d602c, org.springframework.security.oauth2.provider.authentication.OAuth2AuthenticationProcessingFilter@514b247b, org.springframework.security.web.authentication.www.BasicAuthenticationFilter@57283fac, org.springframework.security.web.savedrequest.RequestCacheAwareFilter@8f8717b, org.springframework.security.web.servletapi.SecurityContextHolderAwareRequestFilter@63614cdd, org.springframework.security.web.authentication.AnonymousAuthenticationFilter@6e54bef6, org.springframework.security.web.session.SessionManagementFilter@3ed87b6e, org.springframework.security.web.access.ExceptionTranslationFilter@16eb93af, org.springframework.security.web.access.intercept.FilterSecurityInterceptor@6e5fba90]
2021-08-16 18:03:39 INFO  main com.netflix.config.sources.URLConfigurationSource To enable URLs as dynamic configuration sources, define System property archaius.configurationSource.additionalUrls or make config.properties available on classpath.
2021-08-16 18:03:40 INFO  main org.springframework.scheduling.concurrent.ThreadPoolTaskExecutor Initializing ExecutorService 'applicationTaskExecutor'
2021-08-16 18:03:40 INFO  main org.springframework.scheduling.concurrent.ThreadPoolTaskScheduler Initializing ExecutorService 'Nacos-Watch-Task-Scheduler'
2021-08-16 18:03:41 INFO  main org.springframework.scheduling.concurrent.ThreadPoolTaskScheduler Initializing ExecutorService
2021-08-16 18:03:41 INFO  main org.springframework.boot.actuate.endpoint.web.EndpointLinksResolver Exposing 18 endpoint(s) beneath base path '/actuator'
2021-08-16 18:03:42 INFO  main org.apache.coyote.http11.Http11NioProtocol Starting ProtocolHandler ["http-nio-1600"]
2021-08-16 18:03:42 INFO  main org.springframework.boot.web.embedded.tomcat.TomcatWebServer Tomcat started on port(s): 1600 (http) with context path ''
2021-08-16 18:03:42 INFO  main com.alibaba.cloud.nacos.registry.NacosServiceRegistry nacos registry, DEFAULT_GROUP nstr-auth 192.168.1.216:1600 register finished
2021-08-16 18:03:42 INFO  main com.nstr.auth.NstrAuthApplication Started NstrAuthApplication in 10.417 seconds (JVM running for 13.052)
2021-08-16 18:03:44 INFO  registrationTask1 de.codecentric.boot.admin.client.registration.ApplicationRegistrator Application registered itself as 118aee74b410
2021-08-16 18:03:44 INFO  http-nio-1600-exec-1 org.apache.catalina.core.ContainerBase.[Tomcat].[localhost].[/] Initializing Spring DispatcherServlet 'dispatcherServlet'
2021-08-16 18:03:44 INFO  http-nio-1600-exec-1 org.springframework.web.servlet.DispatcherServlet Initializing Servlet 'dispatcherServlet'
2021-08-16 18:03:44 INFO  http-nio-1600-exec-1 org.springframework.web.servlet.DispatcherServlet Completed initialization in 65 ms
