2021-08-13 17:37:48 INFO  SpringContextShutdownHook org.springframework.scheduling.concurrent.ThreadPoolTaskScheduler Shutting down ExecutorService 'Nacos-Watch-Task-Scheduler'
2021-08-13 17:37:49 INFO  SpringContextShutdownHook org.springframework.scheduling.concurrent.ThreadPoolTaskScheduler Shutting down ExecutorService
2021-08-13 17:37:49 INFO  SpringContextShutdownHook com.alibaba.cloud.nacos.registry.NacosServiceRegistry De-registering from Nacos Server now...
2021-08-13 17:37:49 INFO  SpringContextShutdownHook com.alibaba.cloud.nacos.registry.NacosServiceRegistry De-registration finished.
2021-08-13 17:37:55 INFO  SpringContextShutdownHook org.springframework.scheduling.concurrent.ThreadPoolTaskExecutor Shutting down ExecutorService 'applicationTaskExecutor'
2021-08-13 17:37:55 INFO  SpringContextShutdownHook com.baomidou.dynamic.datasource.DynamicRoutingDataSource dynamic-datasource start closing ....
2021-08-13 17:37:55 INFO  SpringContextShutdownHook com.zaxxer.hikari.HikariDataSource base - Shutdown initiated...
2021-08-13 17:37:56 INFO  SpringContextShutdownHook com.zaxxer.hikari.HikariDataSource base - Shutdown completed.
2021-08-13 17:37:56 INFO  SpringContextShutdownHook com.baomidou.dynamic.datasource.DynamicRoutingDataSource dynamic-datasource all closed success,bye
2021-08-13 17:38:39 INFO  main com.nstr.auth.NstrAuthApplication No active profile set, falling back to default profiles: default
2021-08-13 17:38:41 INFO  main org.springframework.data.repository.config.RepositoryConfigurationDelegate Multiple Spring Data modules found, entering strict repository configuration mode!
2021-08-13 17:38:41 INFO  main org.springframework.data.repository.config.RepositoryConfigurationDelegate Bootstrapping Spring Data Redis repositories in DEFAULT mode.
2021-08-13 17:38:41 INFO  main org.springframework.data.repository.config.RepositoryConfigurationDelegate Finished Spring Data repository scanning in 26ms. Found 0 Redis repository interfaces.
2021-08-13 17:38:41 INFO  main org.springframework.cloud.context.scope.GenericScope BeanFactory id=9f656190-4519-3c4e-a84e-94ab8cd8f135
2021-08-13 17:38:42 INFO  main org.springframework.context.support.PostProcessorRegistrationDelegate$BeanPostProcessorChecker Bean 'spring.datasource.dynamic-com.baomidou.dynamic.datasource.spring.boot.autoconfigure.DynamicDataSourceProperties' of type [com.baomidou.dynamic.datasource.spring.boot.autoconfigure.DynamicDataSourceProperties] is not eligible for getting processed by all BeanPostProcessors (for example: not eligible for auto-proxying)
2021-08-13 17:38:42 INFO  main org.springframework.context.support.PostProcessorRegistrationDelegate$BeanPostProcessorChecker Bean 'com.baomidou.dynamic.datasource.spring.boot.autoconfigure.DynamicDataSourceAutoConfiguration' of type [com.baomidou.dynamic.datasource.spring.boot.autoconfigure.DynamicDataSourceAutoConfiguration$$EnhancerBySpringCGLIB$$ff945b6b] is not eligible for getting processed by all BeanPostProcessors (for example: not eligible for auto-proxying)
2021-08-13 17:38:42 INFO  main org.springframework.context.support.PostProcessorRegistrationDelegate$BeanPostProcessorChecker Bean 'dsProcessor' of type [com.baomidou.dynamic.datasource.processor.DsHeaderProcessor] is not eligible for getting processed by all BeanPostProcessors (for example: not eligible for auto-proxying)
2021-08-13 17:38:42 INFO  main org.springframework.boot.web.embedded.tomcat.TomcatWebServer Tomcat initialized with port(s): 1600 (http)
2021-08-13 17:38:42 INFO  main org.apache.coyote.http11.Http11NioProtocol Initializing ProtocolHandler ["http-nio-1600"]
2021-08-13 17:38:42 INFO  main org.apache.catalina.core.StandardService Starting service [Tomcat]
2021-08-13 17:38:42 INFO  main org.apache.catalina.core.StandardEngine Starting Servlet engine: [Apache Tomcat/9.0.41]
2021-08-13 17:38:43 INFO  main org.apache.catalina.core.ContainerBase.[Tomcat].[localhost].[/] Initializing Spring embedded WebApplicationContext
2021-08-13 17:38:43 INFO  main org.springframework.boot.web.servlet.context.ServletWebServerApplicationContext Root WebApplicationContext: initialization completed in 3808 ms
2021-08-13 17:38:43 INFO  main com.netflix.config.sources.URLConfigurationSource To enable URLs as dynamic configuration sources, define System property archaius.configurationSource.additionalUrls or make config.properties available on classpath.
2021-08-13 17:38:43 INFO  main com.netflix.config.DynamicPropertyFactory DynamicPropertyFactory is initialized with configuration sources: com.netflix.config.ConcurrentCompositeConfiguration@3b33fff9
2021-08-13 17:38:44 INFO  main com.zaxxer.hikari.HikariDataSource base - Starting...
2021-08-13 17:38:45 INFO  main com.zaxxer.hikari.HikariDataSource base - Start completed.
2021-08-13 17:38:45 INFO  main com.baomidou.dynamic.datasource.DynamicRoutingDataSource dynamic-datasource - add a datasource named [base] success
2021-08-13 17:38:45 INFO  main com.baomidou.dynamic.datasource.DynamicRoutingDataSource dynamic-datasource initial loaded [1] datasource,primary datasource named [base]
2021-08-13 17:38:46 INFO  main org.springframework.security.web.DefaultSecurityFilterChain Creating filter chain: OrRequestMatcher [requestMatchers=[Ant [pattern='/oauth/token'], Ant [pattern='/oauth/token_key'], Ant [pattern='/oauth/check_token']]], [org.springframework.security.web.context.request.async.WebAsyncManagerIntegrationFilter@198524ec, org.springframework.security.web.context.SecurityContextPersistenceFilter@68dbe225, org.springframework.security.web.header.HeaderWriterFilter@3d763ae5, org.springframework.security.web.authentication.logout.LogoutFilter@4f72078d, org.springframework.security.web.authentication.www.BasicAuthenticationFilter@727e61ed, org.springframework.security.web.savedrequest.RequestCacheAwareFilter@2e667e95, org.springframework.security.web.servletapi.SecurityContextHolderAwareRequestFilter@57283fac, org.springframework.security.web.authentication.AnonymousAuthenticationFilter@5edaa572, org.springframework.security.web.session.SessionManagementFilter@527d1fe1, org.springframework.security.web.access.ExceptionTranslationFilter@30a5a58d, org.springframework.security.web.access.intercept.FilterSecurityInterceptor@66b3eab0]
2021-08-13 17:38:46 INFO  main org.springframework.security.web.DefaultSecurityFilterChain Creating filter chain: OrRequestMatcher [requestMatchers=[Ant [pattern='/oauth/**']]], [org.springframework.security.web.context.request.async.WebAsyncManagerIntegrationFilter@3efd3302, org.springframework.security.web.context.SecurityContextPersistenceFilter@1ecd09d5, org.springframework.security.web.header.HeaderWriterFilter@5bc1903, org.springframework.security.web.authentication.logout.LogoutFilter@33478a2f, com.nstr.auth.filter.ValidateCodeFilter@173cfb01, org.springframework.security.web.savedrequest.RequestCacheAwareFilter@36f438f1, org.springframework.security.web.servletapi.SecurityContextHolderAwareRequestFilter@53654b2d, org.springframework.security.web.authentication.AnonymousAuthenticationFilter@531292ed, org.springframework.security.web.session.SessionManagementFilter@3cc5408c, org.springframework.security.web.access.ExceptionTranslationFilter@568fd3de, org.springframework.security.web.access.intercept.FilterSecurityInterceptor@2da0770]
2021-08-13 17:38:46 INFO  main org.springframework.security.web.DefaultSecurityFilterChain Creating filter chain: OrRequestMatcher [requestMatchers=[Ant [pattern='/**']]], [org.springframework.security.web.context.request.async.WebAsyncManagerIntegrationFilter@504274c1, org.springframework.security.web.context.SecurityContextPersistenceFilter@408b2ae2, org.springframework.security.web.header.HeaderWriterFilter@48b01607, org.springframework.security.web.authentication.logout.LogoutFilter@4c5c0306, org.springframework.security.oauth2.provider.authentication.OAuth2AuthenticationProcessingFilter@6eeeb9da, org.springframework.security.web.authentication.www.BasicAuthenticationFilter@7bc4ac3e, org.springframework.security.web.savedrequest.RequestCacheAwareFilter@74e1d60b, org.springframework.security.web.servletapi.SecurityContextHolderAwareRequestFilter@3c29f6be, org.springframework.security.web.authentication.AnonymousAuthenticationFilter@16e5c19f, org.springframework.security.web.session.SessionManagementFilter@43255f91, org.springframework.security.web.access.ExceptionTranslationFilter@75882ac2, org.springframework.security.web.access.intercept.FilterSecurityInterceptor@3e0e3048]
2021-08-13 17:38:46 INFO  main com.netflix.config.sources.URLConfigurationSource To enable URLs as dynamic configuration sources, define System property archaius.configurationSource.additionalUrls or make config.properties available on classpath.
2021-08-13 17:38:47 INFO  main org.springframework.scheduling.concurrent.ThreadPoolTaskExecutor Initializing ExecutorService 'applicationTaskExecutor'
2021-08-13 17:38:47 INFO  main org.springframework.scheduling.concurrent.ThreadPoolTaskScheduler Initializing ExecutorService 'Nacos-Watch-Task-Scheduler'
2021-08-13 17:38:48 INFO  main org.springframework.scheduling.concurrent.ThreadPoolTaskScheduler Initializing ExecutorService
2021-08-13 17:38:48 INFO  main org.springframework.boot.actuate.endpoint.web.EndpointLinksResolver Exposing 18 endpoint(s) beneath base path '/actuator'
2021-08-13 17:38:49 INFO  main org.apache.coyote.http11.Http11NioProtocol Starting ProtocolHandler ["http-nio-1600"]
2021-08-13 17:38:49 INFO  main org.springframework.boot.web.embedded.tomcat.TomcatWebServer Tomcat started on port(s): 1600 (http) with context path ''
2021-08-13 17:38:49 INFO  main com.alibaba.cloud.nacos.registry.NacosServiceRegistry nacos registry, DEFAULT_GROUP nstr-auth 192.168.1.216:1600 register finished
2021-08-13 17:38:49 INFO  main com.nstr.auth.NstrAuthApplication Started NstrAuthApplication in 12.979 seconds (JVM running for 14.793)
2021-08-13 17:38:49 INFO  registrationTask1 de.codecentric.boot.admin.client.registration.ApplicationRegistrator Application registered itself as 118aee74b410
2021-08-13 17:38:49 INFO  http-nio-1600-exec-1 org.apache.catalina.core.ContainerBase.[Tomcat].[localhost].[/] Initializing Spring DispatcherServlet 'dispatcherServlet'
2021-08-13 17:38:49 INFO  http-nio-1600-exec-1 org.springframework.web.servlet.DispatcherServlet Initializing Servlet 'dispatcherServlet'
2021-08-13 17:38:49 INFO  http-nio-1600-exec-1 org.springframework.web.servlet.DispatcherServlet Completed initialization in 13 ms
2021-08-13 17:52:28 INFO  SpringContextShutdownHook org.springframework.scheduling.concurrent.ThreadPoolTaskScheduler Shutting down ExecutorService 'Nacos-Watch-Task-Scheduler'
2021-08-13 17:52:28 INFO  SpringContextShutdownHook org.springframework.scheduling.concurrent.ThreadPoolTaskScheduler Shutting down ExecutorService
2021-08-13 17:52:28 INFO  SpringContextShutdownHook com.alibaba.cloud.nacos.registry.NacosServiceRegistry De-registering from Nacos Server now...
2021-08-13 17:52:28 INFO  SpringContextShutdownHook com.alibaba.cloud.nacos.registry.NacosServiceRegistry De-registration finished.
2021-08-13 17:52:34 INFO  SpringContextShutdownHook org.springframework.scheduling.concurrent.ThreadPoolTaskExecutor Shutting down ExecutorService 'applicationTaskExecutor'
2021-08-13 17:52:34 INFO  SpringContextShutdownHook com.baomidou.dynamic.datasource.DynamicRoutingDataSource dynamic-datasource start closing ....
2021-08-13 17:52:34 INFO  SpringContextShutdownHook com.zaxxer.hikari.HikariDataSource base - Shutdown initiated...
2021-08-13 17:52:34 INFO  SpringContextShutdownHook com.zaxxer.hikari.HikariDataSource base - Shutdown completed.
2021-08-13 17:52:34 INFO  SpringContextShutdownHook com.baomidou.dynamic.datasource.DynamicRoutingDataSource dynamic-datasource all closed success,bye
2021-08-13 17:52:43 INFO  main com.nstr.auth.NstrAuthApplication No active profile set, falling back to default profiles: default
2021-08-13 17:52:44 INFO  main org.springframework.data.repository.config.RepositoryConfigurationDelegate Multiple Spring Data modules found, entering strict repository configuration mode!
2021-08-13 17:52:44 INFO  main org.springframework.data.repository.config.RepositoryConfigurationDelegate Bootstrapping Spring Data Redis repositories in DEFAULT mode.
2021-08-13 17:52:44 INFO  main org.springframework.data.repository.config.RepositoryConfigurationDelegate Finished Spring Data repository scanning in 26ms. Found 0 Redis repository interfaces.
2021-08-13 17:52:45 INFO  main org.springframework.cloud.context.scope.GenericScope BeanFactory id=9f656190-4519-3c4e-a84e-94ab8cd8f135
2021-08-13 17:52:45 INFO  main org.springframework.context.support.PostProcessorRegistrationDelegate$BeanPostProcessorChecker Bean 'spring.datasource.dynamic-com.baomidou.dynamic.datasource.spring.boot.autoconfigure.DynamicDataSourceProperties' of type [com.baomidou.dynamic.datasource.spring.boot.autoconfigure.DynamicDataSourceProperties] is not eligible for getting processed by all BeanPostProcessors (for example: not eligible for auto-proxying)
2021-08-13 17:52:45 INFO  main org.springframework.context.support.PostProcessorRegistrationDelegate$BeanPostProcessorChecker Bean 'com.baomidou.dynamic.datasource.spring.boot.autoconfigure.DynamicDataSourceAutoConfiguration' of type [com.baomidou.dynamic.datasource.spring.boot.autoconfigure.DynamicDataSourceAutoConfiguration$$EnhancerBySpringCGLIB$$7ea513ae] is not eligible for getting processed by all BeanPostProcessors (for example: not eligible for auto-proxying)
2021-08-13 17:52:45 INFO  main org.springframework.context.support.PostProcessorRegistrationDelegate$BeanPostProcessorChecker Bean 'dsProcessor' of type [com.baomidou.dynamic.datasource.processor.DsHeaderProcessor] is not eligible for getting processed by all BeanPostProcessors (for example: not eligible for auto-proxying)
2021-08-13 17:52:45 INFO  main org.springframework.boot.web.embedded.tomcat.TomcatWebServer Tomcat initialized with port(s): 1600 (http)
2021-08-13 17:52:45 INFO  main org.apache.coyote.http11.Http11NioProtocol Initializing ProtocolHandler ["http-nio-1600"]
2021-08-13 17:52:45 INFO  main org.apache.catalina.core.StandardService Starting service [Tomcat]
2021-08-13 17:52:45 INFO  main org.apache.catalina.core.StandardEngine Starting Servlet engine: [Apache Tomcat/9.0.41]
2021-08-13 17:52:46 INFO  main org.apache.catalina.core.ContainerBase.[Tomcat].[localhost].[/] Initializing Spring embedded WebApplicationContext
2021-08-13 17:52:46 INFO  main org.springframework.boot.web.servlet.context.ServletWebServerApplicationContext Root WebApplicationContext: initialization completed in 2913 ms
2021-08-13 17:52:46 INFO  main com.netflix.config.sources.URLConfigurationSource To enable URLs as dynamic configuration sources, define System property archaius.configurationSource.additionalUrls or make config.properties available on classpath.
2021-08-13 17:52:46 INFO  main com.netflix.config.DynamicPropertyFactory DynamicPropertyFactory is initialized with configuration sources: com.netflix.config.ConcurrentCompositeConfiguration@35ab4260
2021-08-13 17:52:47 INFO  main com.zaxxer.hikari.HikariDataSource base - Starting...
2021-08-13 17:52:47 INFO  main com.zaxxer.hikari.HikariDataSource base - Start completed.
2021-08-13 17:52:47 INFO  main com.baomidou.dynamic.datasource.DynamicRoutingDataSource dynamic-datasource - add a datasource named [base] success
2021-08-13 17:52:47 INFO  main com.baomidou.dynamic.datasource.DynamicRoutingDataSource dynamic-datasource initial loaded [1] datasource,primary datasource named [base]
2021-08-13 17:52:49 INFO  main org.springframework.security.web.DefaultSecurityFilterChain Creating filter chain: OrRequestMatcher [requestMatchers=[Ant [pattern='/oauth/token'], Ant [pattern='/oauth/token_key'], Ant [pattern='/oauth/check_token']]], [org.springframework.security.web.context.request.async.WebAsyncManagerIntegrationFilter@4e212f46, org.springframework.security.web.context.SecurityContextPersistenceFilter@5feb8e9a, org.springframework.security.web.header.HeaderWriterFilter@5f1c406e, org.springframework.security.web.authentication.logout.LogoutFilter@159408a7, org.springframework.security.web.authentication.www.BasicAuthenticationFilter@447a557b, org.springframework.security.web.savedrequest.RequestCacheAwareFilter@1784a296, org.springframework.security.web.servletapi.SecurityContextHolderAwareRequestFilter@641ab175, org.springframework.security.web.authentication.AnonymousAuthenticationFilter@629fe84, org.springframework.security.web.session.SessionManagementFilter@6f12b637, org.springframework.security.web.access.ExceptionTranslationFilter@444ebefd, org.springframework.security.web.access.intercept.FilterSecurityInterceptor@46c19350]
2021-08-13 17:52:49 INFO  main org.springframework.security.web.DefaultSecurityFilterChain Creating filter chain: OrRequestMatcher [requestMatchers=[Ant [pattern='/oauth/**']]], [org.springframework.security.web.context.request.async.WebAsyncManagerIntegrationFilter@7603cfc2, org.springframework.security.web.context.SecurityContextPersistenceFilter@6bbb3280, org.springframework.security.web.header.HeaderWriterFilter@2f7d8a7c, org.springframework.security.web.authentication.logout.LogoutFilter@3a89226e, com.nstr.auth.filter.ValidateCodeFilter@4e9ea32f, org.springframework.security.web.savedrequest.RequestCacheAwareFilter@7dda5b25, org.springframework.security.web.servletapi.SecurityContextHolderAwareRequestFilter@3e371088, org.springframework.security.web.authentication.AnonymousAuthenticationFilter@60256d1b, org.springframework.security.web.session.SessionManagementFilter@14745c3c, org.springframework.security.web.access.ExceptionTranslationFilter@7ead0b51, org.springframework.security.web.access.intercept.FilterSecurityInterceptor@4932d580]
2021-08-13 17:52:49 INFO  main org.springframework.security.web.DefaultSecurityFilterChain Creating filter chain: OrRequestMatcher [requestMatchers=[Ant [pattern='/**']]], [org.springframework.security.web.context.request.async.WebAsyncManagerIntegrationFilter@431923ed, org.springframework.security.web.context.SecurityContextPersistenceFilter@43de88f3, org.springframework.security.web.header.HeaderWriterFilter@6fa2d0b2, org.springframework.security.web.authentication.logout.LogoutFilter@28551755, org.springframework.security.oauth2.provider.authentication.OAuth2AuthenticationProcessingFilter@2f03fdc0, org.springframework.security.web.authentication.www.BasicAuthenticationFilter@20b921be, org.springframework.security.web.savedrequest.RequestCacheAwareFilter@347c5721, org.springframework.security.web.servletapi.SecurityContextHolderAwareRequestFilter@4d22265c, org.springframework.security.web.authentication.AnonymousAuthenticationFilter@44723d95, org.springframework.security.web.session.SessionManagementFilter@49c37918, org.springframework.security.web.access.ExceptionTranslationFilter@5184da2b, org.springframework.security.web.access.intercept.FilterSecurityInterceptor@6530a1de]
2021-08-13 17:52:49 INFO  main com.netflix.config.sources.URLConfigurationSource To enable URLs as dynamic configuration sources, define System property archaius.configurationSource.additionalUrls or make config.properties available on classpath.
2021-08-13 17:52:49 INFO  main org.springframework.scheduling.concurrent.ThreadPoolTaskExecutor Initializing ExecutorService 'applicationTaskExecutor'
2021-08-13 17:52:50 INFO  main org.springframework.scheduling.concurrent.ThreadPoolTaskScheduler Initializing ExecutorService 'Nacos-Watch-Task-Scheduler'
2021-08-13 17:52:50 INFO  main org.springframework.scheduling.concurrent.ThreadPoolTaskScheduler Initializing ExecutorService
2021-08-13 17:52:51 INFO  main org.springframework.boot.actuate.endpoint.web.EndpointLinksResolver Exposing 18 endpoint(s) beneath base path '/actuator'
2021-08-13 17:52:51 INFO  main org.apache.coyote.http11.Http11NioProtocol Starting ProtocolHandler ["http-nio-1600"]
2021-08-13 17:52:51 INFO  main org.springframework.boot.web.embedded.tomcat.TomcatWebServer Tomcat started on port(s): 1600 (http) with context path ''
2021-08-13 17:52:51 INFO  main com.alibaba.cloud.nacos.registry.NacosServiceRegistry nacos registry, DEFAULT_GROUP nstr-auth 192.168.1.216:1600 register finished
2021-08-13 17:52:52 INFO  main com.nstr.auth.NstrAuthApplication Started NstrAuthApplication in 11.626 seconds (JVM running for 13.154)
2021-08-13 17:52:52 INFO  RMI TCP Connection(4)-192.168.1.216 org.apache.catalina.core.ContainerBase.[Tomcat].[localhost].[/] Initializing Spring DispatcherServlet 'dispatcherServlet'
2021-08-13 17:52:52 INFO  RMI TCP Connection(4)-192.168.1.216 org.springframework.web.servlet.DispatcherServlet Initializing Servlet 'dispatcherServlet'
2021-08-13 17:52:52 INFO  RMI TCP Connection(4)-192.168.1.216 org.springframework.web.servlet.DispatcherServlet Completed initialization in 18 ms
2021-08-13 17:52:53 INFO  registrationTask1 de.codecentric.boot.admin.client.registration.ApplicationRegistrator Application registered itself as 118aee74b410
