2021-08-17 09:35:24 INFO  SpringContextShutdownHook org.springframework.scheduling.concurrent.ThreadPoolTaskScheduler Shutting down ExecutorService 'Nacos-Watch-Task-Scheduler'
2021-08-17 09:35:24 INFO  SpringContextShutdownHook org.springframework.scheduling.concurrent.ThreadPoolTaskScheduler Shutting down ExecutorService
2021-08-17 09:35:24 INFO  SpringContextShutdownHook com.alibaba.cloud.nacos.registry.NacosServiceRegistry De-registering from Nacos Server now...
2021-08-17 09:35:24 INFO  SpringContextShutdownHook com.alibaba.cloud.nacos.registry.NacosServiceRegistry De-registration finished.
2021-08-17 09:35:53 INFO  main com.nstr.gateway.NstrGatewayApplication No active profile set, falling back to default profiles: default
2021-08-17 09:35:55 INFO  main org.springframework.cloud.context.scope.GenericScope BeanFactory id=2ecaacd9-b9ec-3c1b-80e9-75152b85d753
2021-08-17 09:35:55 INFO  main org.springframework.context.support.PostProcessorRegistrationDelegate$BeanPostProcessorChecker Bean 'org.springframework.cloud.client.loadbalancer.reactive.LoadBalancerBeanPostProcessorAutoConfiguration' of type [org.springframework.cloud.client.loadbalancer.reactive.LoadBalancerBeanPostProcessorAutoConfiguration] is not eligible for getting processed by all BeanPostProcessors (for example: not eligible for auto-proxying)
2021-08-17 09:35:55 INFO  main org.springframework.context.support.PostProcessorRegistrationDelegate$BeanPostProcessorChecker Bean 'org.springframework.cloud.client.loadbalancer.reactive.LoadBalancerBeanPostProcessorAutoConfiguration$ReactiveLoadBalancerConfig' of type [org.springframework.cloud.client.loadbalancer.reactive.LoadBalancerBeanPostProcessorAutoConfiguration$ReactiveLoadBalancerConfig] is not eligible for getting processed by all BeanPostProcessors (for example: not eligible for auto-proxying)
2021-08-17 09:35:55 INFO  main org.springframework.context.support.PostProcessorRegistrationDelegate$BeanPostProcessorChecker Bean 'deferringLoadBalancerExchangeFilterFunction' of type [org.springframework.cloud.client.loadbalancer.reactive.DeferringLoadBalancerExchangeFilterFunction] is not eligible for getting processed by all BeanPostProcessors (for example: not eligible for auto-proxying)
2021-08-17 09:35:55 INFO  main com.netflix.config.sources.URLConfigurationSource To enable URLs as dynamic configuration sources, define System property archaius.configurationSource.additionalUrls or make config.properties available on classpath.
2021-08-17 09:35:55 INFO  main com.netflix.config.sources.URLConfigurationSource To enable URLs as dynamic configuration sources, define System property archaius.configurationSource.additionalUrls or make config.properties available on classpath.
2021-08-17 09:35:57 INFO  main org.springframework.cloud.gateway.route.RouteDefinitionRouteLocator Loaded RoutePredicateFactory [After]
2021-08-17 09:35:57 INFO  main org.springframework.cloud.gateway.route.RouteDefinitionRouteLocator Loaded RoutePredicateFactory [Before]
2021-08-17 09:35:57 INFO  main org.springframework.cloud.gateway.route.RouteDefinitionRouteLocator Loaded RoutePredicateFactory [Between]
2021-08-17 09:35:57 INFO  main org.springframework.cloud.gateway.route.RouteDefinitionRouteLocator Loaded RoutePredicateFactory [Cookie]
2021-08-17 09:35:57 INFO  main org.springframework.cloud.gateway.route.RouteDefinitionRouteLocator Loaded RoutePredicateFactory [Header]
2021-08-17 09:35:57 INFO  main org.springframework.cloud.gateway.route.RouteDefinitionRouteLocator Loaded RoutePredicateFactory [Host]
2021-08-17 09:35:57 INFO  main org.springframework.cloud.gateway.route.RouteDefinitionRouteLocator Loaded RoutePredicateFactory [Method]
2021-08-17 09:35:57 INFO  main org.springframework.cloud.gateway.route.RouteDefinitionRouteLocator Loaded RoutePredicateFactory [Path]
2021-08-17 09:35:57 INFO  main org.springframework.cloud.gateway.route.RouteDefinitionRouteLocator Loaded RoutePredicateFactory [Query]
2021-08-17 09:35:57 INFO  main org.springframework.cloud.gateway.route.RouteDefinitionRouteLocator Loaded RoutePredicateFactory [ReadBody]
2021-08-17 09:35:57 INFO  main org.springframework.cloud.gateway.route.RouteDefinitionRouteLocator Loaded RoutePredicateFactory [RemoteAddr]
2021-08-17 09:35:57 INFO  main org.springframework.cloud.gateway.route.RouteDefinitionRouteLocator Loaded RoutePredicateFactory [Weight]
2021-08-17 09:35:57 INFO  main org.springframework.cloud.gateway.route.RouteDefinitionRouteLocator Loaded RoutePredicateFactory [CloudFoundryRouteService]
2021-08-17 09:35:58 INFO  main org.springframework.boot.actuate.endpoint.web.EndpointLinksResolver Exposing 19 endpoint(s) beneath base path '/actuator'
2021-08-17 09:35:58 INFO  main org.springframework.scheduling.concurrent.ThreadPoolTaskScheduler Initializing ExecutorService 'Nacos-Watch-Task-Scheduler'
2021-08-17 09:35:58 INFO  main org.springframework.scheduling.concurrent.ThreadPoolTaskScheduler Initializing ExecutorService
2021-08-17 09:36:00 INFO  main org.springframework.boot.web.embedded.netty.NettyWebServer Netty started on port(s): 88
2021-08-17 09:36:01 INFO  main com.alibaba.cloud.nacos.registry.NacosServiceRegistry nacos registry, DEFAULT_GROUP nstr-gateway 192.168.1.216:88 register finished
2021-08-17 09:36:01 INFO  main com.nstr.gateway.NstrGatewayApplication Started NstrGatewayApplication in 9.467 seconds (JVM running for 11.025)
2021-08-17 09:36:01 INFO  registrationTask1 de.codecentric.boot.admin.client.registration.ApplicationRegistrator Application registered itself as 047dd8f250c1
2021-08-17 09:37:20 INFO  reactor-http-nio-6 com.netflix.config.ChainedDynamicProperty Flipping property: nstr-auth.ribbon.ActiveConnectionsLimit to use NEXT property: niws.loadbalancer.availabilityFilteringRule.activeConnectionsLimit = 2147483647
2021-08-17 09:37:20 INFO  reactor-http-nio-6 com.netflix.loadbalancer.BaseLoadBalancer Client: nstr-auth instantiated a LoadBalancer: DynamicServerListLoadBalancer:{NFLoadBalancer:name=nstr-auth,current list of Servers=[],Load balancer stats=Zone stats: {},Server stats: []}ServerList:null
2021-08-17 09:37:20 INFO  reactor-http-nio-6 com.netflix.loadbalancer.DynamicServerListLoadBalancer Using serverListUpdater PollingServerListUpdater
2021-08-17 09:37:20 INFO  reactor-http-nio-6 com.netflix.config.ChainedDynamicProperty Flipping property: nstr-auth.ribbon.ActiveConnectionsLimit to use NEXT property: niws.loadbalancer.availabilityFilteringRule.activeConnectionsLimit = 2147483647
2021-08-17 09:37:20 INFO  reactor-http-nio-6 com.netflix.loadbalancer.DynamicServerListLoadBalancer DynamicServerListLoadBalancer for client nstr-auth initialized: DynamicServerListLoadBalancer:{NFLoadBalancer:name=nstr-auth,current list of Servers=[192.168.1.216:1600],Load balancer stats=Zone stats: {unknown=[Zone:unknown;	Instance count:1;	Active connections count: 0;	Circuit breaker tripped count: 0;	Active connections per server: 0.0;]
},Server stats: [[Server:192.168.1.216:1600;	Zone:UNKNOWN;	Total Requests:0;	Successive connection failure:0;	Total blackout seconds:0;	Last connection made:Thu Jan 01 08:00:00 CST 1970;	First connection made: Thu Jan 01 08:00:00 CST 1970;	Active Connections:0;	total failure count in last (1000) msecs:0;	average resp time:0.0;	90 percentile resp time:0.0;	95 percentile resp time:0.0;	min resp time:0.0;	max resp time:0.0;	stddev resp time:0.0]
]}ServerList:com.alibaba.cloud.nacos.ribbon.NacosServerList@353f7ab
2021-08-17 09:37:20 INFO  reactor-http-nio-6 com.nstr.gateway.filter.NstrGatewayRequestFilter 转发请求：http://localhost:88/auth/captcha --> 目标服务：auth_routh，目标地址：http://192.168.1.216:1600/captcha，转发时间：2021-08-17T09:37:20.299879
2021-08-17 09:37:21 INFO  PollingServerListUpdater-0 com.netflix.config.ChainedDynamicProperty Flipping property: nstr-auth.ribbon.ActiveConnectionsLimit to use NEXT property: niws.loadbalancer.availabilityFilteringRule.activeConnectionsLimit = 2147483647
2021-08-17 09:37:30 INFO  reactor-http-nio-6 com.nstr.gateway.filter.NstrGatewayRequestFilter 转发请求：http://localhost:88/auth/oauth/token --> 目标服务：auth_routh，目标地址：http://192.168.1.216:1600/oauth/token，转发时间：2021-08-17T09:37:30.299970100
2021-08-17 09:39:16 INFO  reactor-http-nio-6 com.netflix.config.ChainedDynamicProperty Flipping property: nstr-system.ribbon.ActiveConnectionsLimit to use NEXT property: niws.loadbalancer.availabilityFilteringRule.activeConnectionsLimit = 2147483647
2021-08-17 09:39:16 INFO  reactor-http-nio-6 com.netflix.loadbalancer.BaseLoadBalancer Client: nstr-system instantiated a LoadBalancer: DynamicServerListLoadBalancer:{NFLoadBalancer:name=nstr-system,current list of Servers=[],Load balancer stats=Zone stats: {},Server stats: []}ServerList:null
2021-08-17 09:39:16 INFO  reactor-http-nio-6 com.netflix.loadbalancer.DynamicServerListLoadBalancer Using serverListUpdater PollingServerListUpdater
2021-08-17 09:39:16 INFO  reactor-http-nio-6 com.netflix.config.ChainedDynamicProperty Flipping property: nstr-system.ribbon.ActiveConnectionsLimit to use NEXT property: niws.loadbalancer.availabilityFilteringRule.activeConnectionsLimit = 2147483647
2021-08-17 09:39:16 INFO  reactor-http-nio-6 com.netflix.loadbalancer.DynamicServerListLoadBalancer DynamicServerListLoadBalancer for client nstr-system initialized: DynamicServerListLoadBalancer:{NFLoadBalancer:name=nstr-system,current list of Servers=[192.168.1.216:1701],Load balancer stats=Zone stats: {unknown=[Zone:unknown;	Instance count:1;	Active connections count: 0;	Circuit breaker tripped count: 0;	Active connections per server: 0.0;]
},Server stats: [[Server:192.168.1.216:1701;	Zone:UNKNOWN;	Total Requests:0;	Successive connection failure:0;	Total blackout seconds:0;	Last connection made:Thu Jan 01 08:00:00 CST 1970;	First connection made: Thu Jan 01 08:00:00 CST 1970;	Active Connections:0;	total failure count in last (1000) msecs:0;	average resp time:0.0;	90 percentile resp time:0.0;	95 percentile resp time:0.0;	min resp time:0.0;	max resp time:0.0;	stddev resp time:0.0]
]}ServerList:com.alibaba.cloud.nacos.ribbon.NacosServerList@6272b26f
2021-08-17 09:39:16 INFO  reactor-http-nio-6 com.nstr.gateway.filter.NstrGatewayRequestFilter 转发请求：http://localhost:88/system/user --> 目标服务：system_routh，目标地址：http://192.168.1.216:1701/user，转发时间：2021-08-17T09:39:16.465279
2021-08-17 09:39:16 INFO  reactor-http-nio-7 com.nstr.gateway.filter.NstrGatewayRequestFilter 转发请求：http://localhost:88/auth/user --> 目标服务：auth_routh，目标地址：http://192.168.1.216:1600/user，转发时间：2021-08-17T09:39:16.481269900
2021-08-17 09:39:17 INFO  PollingServerListUpdater-0 com.netflix.config.ChainedDynamicProperty Flipping property: nstr-system.ribbon.ActiveConnectionsLimit to use NEXT property: niws.loadbalancer.availabilityFilteringRule.activeConnectionsLimit = 2147483647
2021-08-17 09:43:15 INFO  reactor-http-nio-2 com.nstr.gateway.filter.NstrGatewayRequestFilter 转发请求：http://localhost:88/auth/user --> 目标服务：auth_routh，目标地址：http://192.168.1.216:1600/user，转发时间：2021-08-17T09:43:15.956999900
2021-08-17 09:43:29 INFO  reactor-http-nio-3 com.nstr.gateway.filter.NstrGatewayRequestFilter 转发请求：http://localhost:88/auth/user --> 目标服务：auth_routh，目标地址：http://192.168.1.216:1600/user，转发时间：2021-08-17T09:43:29.258639
2021-08-17 10:01:44 INFO  Thread-33 com.netflix.loadbalancer.PollingServerListUpdater Shutting down the Executor Pool for PollingServerListUpdater
2021-08-17 10:01:44 INFO  SpringContextShutdownHook org.springframework.scheduling.concurrent.ThreadPoolTaskScheduler Shutting down ExecutorService 'Nacos-Watch-Task-Scheduler'
2021-08-17 10:01:44 INFO  SpringContextShutdownHook org.springframework.scheduling.concurrent.ThreadPoolTaskScheduler Shutting down ExecutorService
2021-08-17 10:01:44 INFO  SpringContextShutdownHook com.alibaba.cloud.nacos.registry.NacosServiceRegistry De-registering from Nacos Server now...
2021-08-17 10:01:44 INFO  SpringContextShutdownHook com.alibaba.cloud.nacos.registry.NacosServiceRegistry De-registration finished.
2021-08-17 11:24:17 INFO  main com.nstr.gateway.NstrGatewayApplication No active profile set, falling back to default profiles: default
2021-08-17 11:24:18 INFO  main org.springframework.cloud.context.scope.GenericScope BeanFactory id=2ecaacd9-b9ec-3c1b-80e9-75152b85d753
2021-08-17 11:24:19 INFO  main org.springframework.context.support.PostProcessorRegistrationDelegate$BeanPostProcessorChecker Bean 'org.springframework.cloud.client.loadbalancer.reactive.LoadBalancerBeanPostProcessorAutoConfiguration' of type [org.springframework.cloud.client.loadbalancer.reactive.LoadBalancerBeanPostProcessorAutoConfiguration] is not eligible for getting processed by all BeanPostProcessors (for example: not eligible for auto-proxying)
2021-08-17 11:24:19 INFO  main org.springframework.context.support.PostProcessorRegistrationDelegate$BeanPostProcessorChecker Bean 'org.springframework.cloud.client.loadbalancer.reactive.LoadBalancerBeanPostProcessorAutoConfiguration$ReactiveLoadBalancerConfig' of type [org.springframework.cloud.client.loadbalancer.reactive.LoadBalancerBeanPostProcessorAutoConfiguration$ReactiveLoadBalancerConfig] is not eligible for getting processed by all BeanPostProcessors (for example: not eligible for auto-proxying)
2021-08-17 11:24:19 INFO  main org.springframework.context.support.PostProcessorRegistrationDelegate$BeanPostProcessorChecker Bean 'deferringLoadBalancerExchangeFilterFunction' of type [org.springframework.cloud.client.loadbalancer.reactive.DeferringLoadBalancerExchangeFilterFunction] is not eligible for getting processed by all BeanPostProcessors (for example: not eligible for auto-proxying)
2021-08-17 11:24:19 INFO  main com.netflix.config.sources.URLConfigurationSource To enable URLs as dynamic configuration sources, define System property archaius.configurationSource.additionalUrls or make config.properties available on classpath.
2021-08-17 11:24:19 INFO  main com.netflix.config.sources.URLConfigurationSource To enable URLs as dynamic configuration sources, define System property archaius.configurationSource.additionalUrls or make config.properties available on classpath.
2021-08-17 11:24:21 INFO  main org.springframework.cloud.gateway.route.RouteDefinitionRouteLocator Loaded RoutePredicateFactory [After]
2021-08-17 11:24:21 INFO  main org.springframework.cloud.gateway.route.RouteDefinitionRouteLocator Loaded RoutePredicateFactory [Before]
2021-08-17 11:24:21 INFO  main org.springframework.cloud.gateway.route.RouteDefinitionRouteLocator Loaded RoutePredicateFactory [Between]
2021-08-17 11:24:21 INFO  main org.springframework.cloud.gateway.route.RouteDefinitionRouteLocator Loaded RoutePredicateFactory [Cookie]
2021-08-17 11:24:21 INFO  main org.springframework.cloud.gateway.route.RouteDefinitionRouteLocator Loaded RoutePredicateFactory [Header]
2021-08-17 11:24:21 INFO  main org.springframework.cloud.gateway.route.RouteDefinitionRouteLocator Loaded RoutePredicateFactory [Host]
2021-08-17 11:24:21 INFO  main org.springframework.cloud.gateway.route.RouteDefinitionRouteLocator Loaded RoutePredicateFactory [Method]
2021-08-17 11:24:21 INFO  main org.springframework.cloud.gateway.route.RouteDefinitionRouteLocator Loaded RoutePredicateFactory [Path]
2021-08-17 11:24:21 INFO  main org.springframework.cloud.gateway.route.RouteDefinitionRouteLocator Loaded RoutePredicateFactory [Query]
2021-08-17 11:24:21 INFO  main org.springframework.cloud.gateway.route.RouteDefinitionRouteLocator Loaded RoutePredicateFactory [ReadBody]
2021-08-17 11:24:21 INFO  main org.springframework.cloud.gateway.route.RouteDefinitionRouteLocator Loaded RoutePredicateFactory [RemoteAddr]
2021-08-17 11:24:21 INFO  main org.springframework.cloud.gateway.route.RouteDefinitionRouteLocator Loaded RoutePredicateFactory [Weight]
2021-08-17 11:24:21 INFO  main org.springframework.cloud.gateway.route.RouteDefinitionRouteLocator Loaded RoutePredicateFactory [CloudFoundryRouteService]
2021-08-17 11:24:21 INFO  main org.springframework.boot.actuate.endpoint.web.EndpointLinksResolver Exposing 19 endpoint(s) beneath base path '/actuator'
2021-08-17 11:24:21 INFO  main org.springframework.scheduling.concurrent.ThreadPoolTaskScheduler Initializing ExecutorService 'Nacos-Watch-Task-Scheduler'
2021-08-17 11:24:21 INFO  main org.springframework.scheduling.concurrent.ThreadPoolTaskScheduler Initializing ExecutorService
2021-08-17 11:24:23 INFO  main org.springframework.boot.web.embedded.netty.NettyWebServer Netty started on port(s): 88
2021-08-17 11:24:24 INFO  main com.alibaba.cloud.nacos.registry.NacosServiceRegistry nacos registry, DEFAULT_GROUP nstr-gateway 192.168.1.216:88 register finished
2021-08-17 11:24:24 INFO  main com.nstr.gateway.NstrGatewayApplication Started NstrGatewayApplication in 8.493 seconds (JVM running for 9.707)
2021-08-17 11:24:25 INFO  registrationTask1 de.codecentric.boot.admin.client.registration.ApplicationRegistrator Application registered itself as 047dd8f250c1
2021-08-17 14:23:30 INFO  SpringContextShutdownHook org.springframework.scheduling.concurrent.ThreadPoolTaskScheduler Shutting down ExecutorService 'Nacos-Watch-Task-Scheduler'
2021-08-17 14:23:30 INFO  SpringContextShutdownHook org.springframework.scheduling.concurrent.ThreadPoolTaskScheduler Shutting down ExecutorService
2021-08-17 14:23:30 INFO  SpringContextShutdownHook com.alibaba.cloud.nacos.registry.NacosServiceRegistry De-registering from Nacos Server now...
2021-08-17 14:23:30 INFO  SpringContextShutdownHook com.alibaba.cloud.nacos.registry.NacosServiceRegistry De-registration finished.
2021-08-17 15:17:55 INFO  main com.nstr.gateway.NstrGatewayApplication No active profile set, falling back to default profiles: default
2021-08-17 15:17:57 INFO  main org.springframework.cloud.context.scope.GenericScope BeanFactory id=2ecaacd9-b9ec-3c1b-80e9-75152b85d753
2021-08-17 15:17:57 INFO  main org.springframework.context.support.PostProcessorRegistrationDelegate$BeanPostProcessorChecker Bean 'org.springframework.cloud.client.loadbalancer.reactive.LoadBalancerBeanPostProcessorAutoConfiguration' of type [org.springframework.cloud.client.loadbalancer.reactive.LoadBalancerBeanPostProcessorAutoConfiguration] is not eligible for getting processed by all BeanPostProcessors (for example: not eligible for auto-proxying)
2021-08-17 15:17:57 INFO  main org.springframework.context.support.PostProcessorRegistrationDelegate$BeanPostProcessorChecker Bean 'org.springframework.cloud.client.loadbalancer.reactive.LoadBalancerBeanPostProcessorAutoConfiguration$ReactiveLoadBalancerConfig' of type [org.springframework.cloud.client.loadbalancer.reactive.LoadBalancerBeanPostProcessorAutoConfiguration$ReactiveLoadBalancerConfig] is not eligible for getting processed by all BeanPostProcessors (for example: not eligible for auto-proxying)
2021-08-17 15:17:57 INFO  main org.springframework.context.support.PostProcessorRegistrationDelegate$BeanPostProcessorChecker Bean 'deferringLoadBalancerExchangeFilterFunction' of type [org.springframework.cloud.client.loadbalancer.reactive.DeferringLoadBalancerExchangeFilterFunction] is not eligible for getting processed by all BeanPostProcessors (for example: not eligible for auto-proxying)
2021-08-17 15:17:57 INFO  main com.netflix.config.sources.URLConfigurationSource To enable URLs as dynamic configuration sources, define System property archaius.configurationSource.additionalUrls or make config.properties available on classpath.
2021-08-17 15:17:57 INFO  main com.netflix.config.sources.URLConfigurationSource To enable URLs as dynamic configuration sources, define System property archaius.configurationSource.additionalUrls or make config.properties available on classpath.
2021-08-17 15:17:59 INFO  main org.springframework.cloud.gateway.route.RouteDefinitionRouteLocator Loaded RoutePredicateFactory [After]
2021-08-17 15:17:59 INFO  main org.springframework.cloud.gateway.route.RouteDefinitionRouteLocator Loaded RoutePredicateFactory [Before]
2021-08-17 15:17:59 INFO  main org.springframework.cloud.gateway.route.RouteDefinitionRouteLocator Loaded RoutePredicateFactory [Between]
2021-08-17 15:17:59 INFO  main org.springframework.cloud.gateway.route.RouteDefinitionRouteLocator Loaded RoutePredicateFactory [Cookie]
2021-08-17 15:17:59 INFO  main org.springframework.cloud.gateway.route.RouteDefinitionRouteLocator Loaded RoutePredicateFactory [Header]
2021-08-17 15:17:59 INFO  main org.springframework.cloud.gateway.route.RouteDefinitionRouteLocator Loaded RoutePredicateFactory [Host]
2021-08-17 15:17:59 INFO  main org.springframework.cloud.gateway.route.RouteDefinitionRouteLocator Loaded RoutePredicateFactory [Method]
2021-08-17 15:17:59 INFO  main org.springframework.cloud.gateway.route.RouteDefinitionRouteLocator Loaded RoutePredicateFactory [Path]
2021-08-17 15:17:59 INFO  main org.springframework.cloud.gateway.route.RouteDefinitionRouteLocator Loaded RoutePredicateFactory [Query]
2021-08-17 15:17:59 INFO  main org.springframework.cloud.gateway.route.RouteDefinitionRouteLocator Loaded RoutePredicateFactory [ReadBody]
2021-08-17 15:17:59 INFO  main org.springframework.cloud.gateway.route.RouteDefinitionRouteLocator Loaded RoutePredicateFactory [RemoteAddr]
2021-08-17 15:17:59 INFO  main org.springframework.cloud.gateway.route.RouteDefinitionRouteLocator Loaded RoutePredicateFactory [Weight]
2021-08-17 15:17:59 INFO  main org.springframework.cloud.gateway.route.RouteDefinitionRouteLocator Loaded RoutePredicateFactory [CloudFoundryRouteService]
2021-08-17 15:17:59 INFO  main org.springframework.boot.actuate.endpoint.web.EndpointLinksResolver Exposing 19 endpoint(s) beneath base path '/actuator'
2021-08-17 15:18:00 INFO  main org.springframework.scheduling.concurrent.ThreadPoolTaskScheduler Initializing ExecutorService 'Nacos-Watch-Task-Scheduler'
2021-08-17 15:18:00 INFO  main org.springframework.scheduling.concurrent.ThreadPoolTaskScheduler Initializing ExecutorService
2021-08-17 15:18:01 INFO  main org.springframework.boot.web.embedded.netty.NettyWebServer Netty started on port(s): 88
2021-08-17 15:18:01 INFO  main com.alibaba.cloud.nacos.registry.NacosServiceRegistry nacos registry, DEFAULT_GROUP nstr-gateway 192.168.1.216:88 register finished
2021-08-17 15:18:01 INFO  main com.nstr.gateway.NstrGatewayApplication Started NstrGatewayApplication in 8.71 seconds (JVM running for 10.396)
2021-08-17 15:18:02 INFO  registrationTask1 de.codecentric.boot.admin.client.registration.ApplicationRegistrator Application registered itself as 047dd8f250c1
2021-08-17 15:24:54 INFO  SpringContextShutdownHook org.springframework.scheduling.concurrent.ThreadPoolTaskScheduler Shutting down ExecutorService 'Nacos-Watch-Task-Scheduler'
2021-08-17 15:24:54 INFO  SpringContextShutdownHook org.springframework.scheduling.concurrent.ThreadPoolTaskScheduler Shutting down ExecutorService
2021-08-17 15:24:54 INFO  SpringContextShutdownHook com.alibaba.cloud.nacos.registry.NacosServiceRegistry De-registering from Nacos Server now...
2021-08-17 15:24:54 INFO  SpringContextShutdownHook com.alibaba.cloud.nacos.registry.NacosServiceRegistry De-registration finished.
2021-08-17 15:27:13 INFO  main com.nstr.gateway.NstrGatewayApplication No active profile set, falling back to default profiles: default
2021-08-17 15:27:14 INFO  main org.springframework.cloud.context.scope.GenericScope BeanFactory id=2ecaacd9-b9ec-3c1b-80e9-75152b85d753
2021-08-17 15:27:14 INFO  main org.springframework.context.support.PostProcessorRegistrationDelegate$BeanPostProcessorChecker Bean 'org.springframework.cloud.client.loadbalancer.reactive.LoadBalancerBeanPostProcessorAutoConfiguration' of type [org.springframework.cloud.client.loadbalancer.reactive.LoadBalancerBeanPostProcessorAutoConfiguration] is not eligible for getting processed by all BeanPostProcessors (for example: not eligible for auto-proxying)
2021-08-17 15:27:14 INFO  main org.springframework.context.support.PostProcessorRegistrationDelegate$BeanPostProcessorChecker Bean 'org.springframework.cloud.client.loadbalancer.reactive.LoadBalancerBeanPostProcessorAutoConfiguration$ReactiveLoadBalancerConfig' of type [org.springframework.cloud.client.loadbalancer.reactive.LoadBalancerBeanPostProcessorAutoConfiguration$ReactiveLoadBalancerConfig] is not eligible for getting processed by all BeanPostProcessors (for example: not eligible for auto-proxying)
2021-08-17 15:27:14 INFO  main org.springframework.context.support.PostProcessorRegistrationDelegate$BeanPostProcessorChecker Bean 'deferringLoadBalancerExchangeFilterFunction' of type [org.springframework.cloud.client.loadbalancer.reactive.DeferringLoadBalancerExchangeFilterFunction] is not eligible for getting processed by all BeanPostProcessors (for example: not eligible for auto-proxying)
2021-08-17 15:27:14 INFO  main com.netflix.config.sources.URLConfigurationSource To enable URLs as dynamic configuration sources, define System property archaius.configurationSource.additionalUrls or make config.properties available on classpath.
2021-08-17 15:27:14 INFO  main com.netflix.config.sources.URLConfigurationSource To enable URLs as dynamic configuration sources, define System property archaius.configurationSource.additionalUrls or make config.properties available on classpath.
2021-08-17 15:27:15 INFO  main org.springframework.cloud.gateway.route.RouteDefinitionRouteLocator Loaded RoutePredicateFactory [After]
2021-08-17 15:27:15 INFO  main org.springframework.cloud.gateway.route.RouteDefinitionRouteLocator Loaded RoutePredicateFactory [Before]
2021-08-17 15:27:15 INFO  main org.springframework.cloud.gateway.route.RouteDefinitionRouteLocator Loaded RoutePredicateFactory [Between]
2021-08-17 15:27:15 INFO  main org.springframework.cloud.gateway.route.RouteDefinitionRouteLocator Loaded RoutePredicateFactory [Cookie]
2021-08-17 15:27:15 INFO  main org.springframework.cloud.gateway.route.RouteDefinitionRouteLocator Loaded RoutePredicateFactory [Header]
2021-08-17 15:27:15 INFO  main org.springframework.cloud.gateway.route.RouteDefinitionRouteLocator Loaded RoutePredicateFactory [Host]
2021-08-17 15:27:15 INFO  main org.springframework.cloud.gateway.route.RouteDefinitionRouteLocator Loaded RoutePredicateFactory [Method]
2021-08-17 15:27:15 INFO  main org.springframework.cloud.gateway.route.RouteDefinitionRouteLocator Loaded RoutePredicateFactory [Path]
2021-08-17 15:27:15 INFO  main org.springframework.cloud.gateway.route.RouteDefinitionRouteLocator Loaded RoutePredicateFactory [Query]
2021-08-17 15:27:15 INFO  main org.springframework.cloud.gateway.route.RouteDefinitionRouteLocator Loaded RoutePredicateFactory [ReadBody]
2021-08-17 15:27:15 INFO  main org.springframework.cloud.gateway.route.RouteDefinitionRouteLocator Loaded RoutePredicateFactory [RemoteAddr]
2021-08-17 15:27:15 INFO  main org.springframework.cloud.gateway.route.RouteDefinitionRouteLocator Loaded RoutePredicateFactory [Weight]
2021-08-17 15:27:15 INFO  main org.springframework.cloud.gateway.route.RouteDefinitionRouteLocator Loaded RoutePredicateFactory [CloudFoundryRouteService]
2021-08-17 15:27:16 INFO  main org.springframework.boot.actuate.endpoint.web.EndpointLinksResolver Exposing 19 endpoint(s) beneath base path '/actuator'
2021-08-17 15:27:16 INFO  main org.springframework.scheduling.concurrent.ThreadPoolTaskScheduler Initializing ExecutorService 'Nacos-Watch-Task-Scheduler'
2021-08-17 15:27:16 INFO  main org.springframework.scheduling.concurrent.ThreadPoolTaskScheduler Initializing ExecutorService
2021-08-17 15:27:16 INFO  main org.springframework.boot.web.embedded.netty.NettyWebServer Netty started on port(s): 88
2021-08-17 15:27:17 INFO  main com.alibaba.cloud.nacos.registry.NacosServiceRegistry nacos registry, DEFAULT_GROUP nstr-gateway 192.168.1.216:88 register finished
2021-08-17 15:27:17 INFO  main com.nstr.gateway.NstrGatewayApplication Started NstrGatewayApplication in 5.45 seconds (JVM running for 6.52)
2021-08-17 15:27:37 INFO  registrationTask1 de.codecentric.boot.admin.client.registration.ApplicationRegistrator Application registered itself as 047dd8f250c1
2021-08-17 16:24:58 INFO  SpringContextShutdownHook org.springframework.scheduling.concurrent.ThreadPoolTaskScheduler Shutting down ExecutorService 'Nacos-Watch-Task-Scheduler'
2021-08-17 16:24:58 INFO  SpringContextShutdownHook org.springframework.scheduling.concurrent.ThreadPoolTaskScheduler Shutting down ExecutorService
2021-08-17 16:24:58 INFO  SpringContextShutdownHook com.alibaba.cloud.nacos.registry.NacosServiceRegistry De-registering from Nacos Server now...
2021-08-17 16:24:58 INFO  SpringContextShutdownHook com.alibaba.cloud.nacos.registry.NacosServiceRegistry De-registration finished.
2021-08-17 16:25:14 INFO  main com.nstr.gateway.NstrGatewayApplication No active profile set, falling back to default profiles: default
2021-08-17 16:25:15 INFO  main org.springframework.cloud.context.scope.GenericScope BeanFactory id=2ecaacd9-b9ec-3c1b-80e9-75152b85d753
2021-08-17 16:25:15 INFO  main org.springframework.context.support.PostProcessorRegistrationDelegate$BeanPostProcessorChecker Bean 'org.springframework.cloud.client.loadbalancer.reactive.LoadBalancerBeanPostProcessorAutoConfiguration' of type [org.springframework.cloud.client.loadbalancer.reactive.LoadBalancerBeanPostProcessorAutoConfiguration] is not eligible for getting processed by all BeanPostProcessors (for example: not eligible for auto-proxying)
2021-08-17 16:25:15 INFO  main org.springframework.context.support.PostProcessorRegistrationDelegate$BeanPostProcessorChecker Bean 'org.springframework.cloud.client.loadbalancer.reactive.LoadBalancerBeanPostProcessorAutoConfiguration$ReactiveLoadBalancerConfig' of type [org.springframework.cloud.client.loadbalancer.reactive.LoadBalancerBeanPostProcessorAutoConfiguration$ReactiveLoadBalancerConfig] is not eligible for getting processed by all BeanPostProcessors (for example: not eligible for auto-proxying)
2021-08-17 16:25:15 INFO  main org.springframework.context.support.PostProcessorRegistrationDelegate$BeanPostProcessorChecker Bean 'deferringLoadBalancerExchangeFilterFunction' of type [org.springframework.cloud.client.loadbalancer.reactive.DeferringLoadBalancerExchangeFilterFunction] is not eligible for getting processed by all BeanPostProcessors (for example: not eligible for auto-proxying)
2021-08-17 16:25:15 INFO  main com.netflix.config.sources.URLConfigurationSource To enable URLs as dynamic configuration sources, define System property archaius.configurationSource.additionalUrls or make config.properties available on classpath.
2021-08-17 16:25:15 INFO  main com.netflix.config.sources.URLConfigurationSource To enable URLs as dynamic configuration sources, define System property archaius.configurationSource.additionalUrls or make config.properties available on classpath.
2021-08-17 16:25:16 INFO  main org.springframework.cloud.gateway.route.RouteDefinitionRouteLocator Loaded RoutePredicateFactory [After]
2021-08-17 16:25:16 INFO  main org.springframework.cloud.gateway.route.RouteDefinitionRouteLocator Loaded RoutePredicateFactory [Before]
2021-08-17 16:25:16 INFO  main org.springframework.cloud.gateway.route.RouteDefinitionRouteLocator Loaded RoutePredicateFactory [Between]
2021-08-17 16:25:16 INFO  main org.springframework.cloud.gateway.route.RouteDefinitionRouteLocator Loaded RoutePredicateFactory [Cookie]
2021-08-17 16:25:16 INFO  main org.springframework.cloud.gateway.route.RouteDefinitionRouteLocator Loaded RoutePredicateFactory [Header]
2021-08-17 16:25:16 INFO  main org.springframework.cloud.gateway.route.RouteDefinitionRouteLocator Loaded RoutePredicateFactory [Host]
2021-08-17 16:25:16 INFO  main org.springframework.cloud.gateway.route.RouteDefinitionRouteLocator Loaded RoutePredicateFactory [Method]
2021-08-17 16:25:16 INFO  main org.springframework.cloud.gateway.route.RouteDefinitionRouteLocator Loaded RoutePredicateFactory [Path]
2021-08-17 16:25:16 INFO  main org.springframework.cloud.gateway.route.RouteDefinitionRouteLocator Loaded RoutePredicateFactory [Query]
2021-08-17 16:25:16 INFO  main org.springframework.cloud.gateway.route.RouteDefinitionRouteLocator Loaded RoutePredicateFactory [ReadBody]
2021-08-17 16:25:16 INFO  main org.springframework.cloud.gateway.route.RouteDefinitionRouteLocator Loaded RoutePredicateFactory [RemoteAddr]
2021-08-17 16:25:16 INFO  main org.springframework.cloud.gateway.route.RouteDefinitionRouteLocator Loaded RoutePredicateFactory [Weight]
2021-08-17 16:25:16 INFO  main org.springframework.cloud.gateway.route.RouteDefinitionRouteLocator Loaded RoutePredicateFactory [CloudFoundryRouteService]
2021-08-17 16:25:17 INFO  main org.springframework.boot.actuate.endpoint.web.EndpointLinksResolver Exposing 19 endpoint(s) beneath base path '/actuator'
2021-08-17 16:25:17 INFO  main org.springframework.scheduling.concurrent.ThreadPoolTaskScheduler Initializing ExecutorService 'Nacos-Watch-Task-Scheduler'
2021-08-17 16:25:17 INFO  main org.springframework.scheduling.concurrent.ThreadPoolTaskScheduler Initializing ExecutorService
2021-08-17 16:25:19 INFO  main org.springframework.boot.web.embedded.netty.NettyWebServer Netty started on port(s): 88
2021-08-17 16:25:19 INFO  main com.alibaba.cloud.nacos.registry.NacosServiceRegistry nacos registry, DEFAULT_GROUP nstr-gateway 192.168.1.216:88 register finished
2021-08-17 16:25:19 INFO  main com.nstr.gateway.NstrGatewayApplication Started NstrGatewayApplication in 7.535 seconds (JVM running for 8.618)
2021-08-17 16:25:20 INFO  registrationTask1 de.codecentric.boot.admin.client.registration.ApplicationRegistrator Application registered itself as 047dd8f250c1
2021-08-17 16:35:40 INFO  SpringContextShutdownHook org.springframework.scheduling.concurrent.ThreadPoolTaskScheduler Shutting down ExecutorService 'Nacos-Watch-Task-Scheduler'
2021-08-17 16:35:40 INFO  SpringContextShutdownHook org.springframework.scheduling.concurrent.ThreadPoolTaskScheduler Shutting down ExecutorService
2021-08-17 16:35:40 INFO  SpringContextShutdownHook com.alibaba.cloud.nacos.registry.NacosServiceRegistry De-registering from Nacos Server now...
2021-08-17 16:35:40 INFO  SpringContextShutdownHook com.alibaba.cloud.nacos.registry.NacosServiceRegistry De-registration finished.
2021-08-17 16:35:57 INFO  main com.nstr.gateway.NstrGatewayApplication No active profile set, falling back to default profiles: default
2021-08-17 16:35:58 INFO  main org.springframework.cloud.context.scope.GenericScope BeanFactory id=2ecaacd9-b9ec-3c1b-80e9-75152b85d753
2021-08-17 16:35:58 INFO  main org.springframework.context.support.PostProcessorRegistrationDelegate$BeanPostProcessorChecker Bean 'org.springframework.cloud.client.loadbalancer.reactive.LoadBalancerBeanPostProcessorAutoConfiguration' of type [org.springframework.cloud.client.loadbalancer.reactive.LoadBalancerBeanPostProcessorAutoConfiguration] is not eligible for getting processed by all BeanPostProcessors (for example: not eligible for auto-proxying)
2021-08-17 16:35:58 INFO  main org.springframework.context.support.PostProcessorRegistrationDelegate$BeanPostProcessorChecker Bean 'org.springframework.cloud.client.loadbalancer.reactive.LoadBalancerBeanPostProcessorAutoConfiguration$ReactiveLoadBalancerConfig' of type [org.springframework.cloud.client.loadbalancer.reactive.LoadBalancerBeanPostProcessorAutoConfiguration$ReactiveLoadBalancerConfig] is not eligible for getting processed by all BeanPostProcessors (for example: not eligible for auto-proxying)
2021-08-17 16:35:58 INFO  main org.springframework.context.support.PostProcessorRegistrationDelegate$BeanPostProcessorChecker Bean 'deferringLoadBalancerExchangeFilterFunction' of type [org.springframework.cloud.client.loadbalancer.reactive.DeferringLoadBalancerExchangeFilterFunction] is not eligible for getting processed by all BeanPostProcessors (for example: not eligible for auto-proxying)
2021-08-17 16:35:59 INFO  main com.netflix.config.sources.URLConfigurationSource To enable URLs as dynamic configuration sources, define System property archaius.configurationSource.additionalUrls or make config.properties available on classpath.
2021-08-17 16:35:59 INFO  main com.netflix.config.sources.URLConfigurationSource To enable URLs as dynamic configuration sources, define System property archaius.configurationSource.additionalUrls or make config.properties available on classpath.
2021-08-17 16:36:00 INFO  main org.springframework.cloud.gateway.route.RouteDefinitionRouteLocator Loaded RoutePredicateFactory [After]
2021-08-17 16:36:00 INFO  main org.springframework.cloud.gateway.route.RouteDefinitionRouteLocator Loaded RoutePredicateFactory [Before]
2021-08-17 16:36:00 INFO  main org.springframework.cloud.gateway.route.RouteDefinitionRouteLocator Loaded RoutePredicateFactory [Between]
2021-08-17 16:36:00 INFO  main org.springframework.cloud.gateway.route.RouteDefinitionRouteLocator Loaded RoutePredicateFactory [Cookie]
2021-08-17 16:36:00 INFO  main org.springframework.cloud.gateway.route.RouteDefinitionRouteLocator Loaded RoutePredicateFactory [Header]
2021-08-17 16:36:00 INFO  main org.springframework.cloud.gateway.route.RouteDefinitionRouteLocator Loaded RoutePredicateFactory [Host]
2021-08-17 16:36:00 INFO  main org.springframework.cloud.gateway.route.RouteDefinitionRouteLocator Loaded RoutePredicateFactory [Method]
2021-08-17 16:36:00 INFO  main org.springframework.cloud.gateway.route.RouteDefinitionRouteLocator Loaded RoutePredicateFactory [Path]
2021-08-17 16:36:00 INFO  main org.springframework.cloud.gateway.route.RouteDefinitionRouteLocator Loaded RoutePredicateFactory [Query]
2021-08-17 16:36:00 INFO  main org.springframework.cloud.gateway.route.RouteDefinitionRouteLocator Loaded RoutePredicateFactory [ReadBody]
2021-08-17 16:36:00 INFO  main org.springframework.cloud.gateway.route.RouteDefinitionRouteLocator Loaded RoutePredicateFactory [RemoteAddr]
2021-08-17 16:36:00 INFO  main org.springframework.cloud.gateway.route.RouteDefinitionRouteLocator Loaded RoutePredicateFactory [Weight]
2021-08-17 16:36:00 INFO  main org.springframework.cloud.gateway.route.RouteDefinitionRouteLocator Loaded RoutePredicateFactory [CloudFoundryRouteService]
2021-08-17 16:36:00 INFO  main org.springframework.boot.actuate.endpoint.web.EndpointLinksResolver Exposing 19 endpoint(s) beneath base path '/actuator'
2021-08-17 16:36:00 INFO  main org.springframework.scheduling.concurrent.ThreadPoolTaskScheduler Initializing ExecutorService 'Nacos-Watch-Task-Scheduler'
2021-08-17 16:36:00 INFO  main org.springframework.scheduling.concurrent.ThreadPoolTaskScheduler Initializing ExecutorService
2021-08-17 16:36:01 INFO  main org.springframework.boot.web.embedded.netty.NettyWebServer Netty started on port(s): 88
2021-08-17 16:36:02 INFO  main com.alibaba.cloud.nacos.registry.NacosServiceRegistry nacos registry, DEFAULT_GROUP nstr-gateway 192.168.1.216:88 register finished
2021-08-17 16:36:02 INFO  main com.nstr.gateway.NstrGatewayApplication Started NstrGatewayApplication in 6.789 seconds (JVM running for 7.971)
2021-08-17 16:37:23 INFO  registrationTask1 de.codecentric.boot.admin.client.registration.ApplicationRegistrator Application registered itself as 047dd8f250c1
2021-08-17 16:43:32 INFO  SpringContextShutdownHook org.springframework.scheduling.concurrent.ThreadPoolTaskScheduler Shutting down ExecutorService 'Nacos-Watch-Task-Scheduler'
2021-08-17 16:43:32 INFO  SpringContextShutdownHook org.springframework.scheduling.concurrent.ThreadPoolTaskScheduler Shutting down ExecutorService
2021-08-17 16:43:32 INFO  SpringContextShutdownHook com.alibaba.cloud.nacos.registry.NacosServiceRegistry De-registering from Nacos Server now...
2021-08-17 16:43:32 INFO  SpringContextShutdownHook com.alibaba.cloud.nacos.registry.NacosServiceRegistry De-registration finished.
2021-08-17 16:43:53 INFO  main com.nstr.gateway.NstrGatewayApplication No active profile set, falling back to default profiles: default
2021-08-17 16:43:54 INFO  main org.springframework.cloud.context.scope.GenericScope BeanFactory id=2ecaacd9-b9ec-3c1b-80e9-75152b85d753
2021-08-17 16:43:54 INFO  main org.springframework.context.support.PostProcessorRegistrationDelegate$BeanPostProcessorChecker Bean 'org.springframework.cloud.client.loadbalancer.reactive.LoadBalancerBeanPostProcessorAutoConfiguration' of type [org.springframework.cloud.client.loadbalancer.reactive.LoadBalancerBeanPostProcessorAutoConfiguration] is not eligible for getting processed by all BeanPostProcessors (for example: not eligible for auto-proxying)
2021-08-17 16:43:54 INFO  main org.springframework.context.support.PostProcessorRegistrationDelegate$BeanPostProcessorChecker Bean 'org.springframework.cloud.client.loadbalancer.reactive.LoadBalancerBeanPostProcessorAutoConfiguration$ReactiveLoadBalancerConfig' of type [org.springframework.cloud.client.loadbalancer.reactive.LoadBalancerBeanPostProcessorAutoConfiguration$ReactiveLoadBalancerConfig] is not eligible for getting processed by all BeanPostProcessors (for example: not eligible for auto-proxying)
2021-08-17 16:43:54 INFO  main org.springframework.context.support.PostProcessorRegistrationDelegate$BeanPostProcessorChecker Bean 'deferringLoadBalancerExchangeFilterFunction' of type [org.springframework.cloud.client.loadbalancer.reactive.DeferringLoadBalancerExchangeFilterFunction] is not eligible for getting processed by all BeanPostProcessors (for example: not eligible for auto-proxying)
2021-08-17 16:43:54 INFO  main com.netflix.config.sources.URLConfigurationSource To enable URLs as dynamic configuration sources, define System property archaius.configurationSource.additionalUrls or make config.properties available on classpath.
2021-08-17 16:43:54 INFO  main com.netflix.config.sources.URLConfigurationSource To enable URLs as dynamic configuration sources, define System property archaius.configurationSource.additionalUrls or make config.properties available on classpath.
2021-08-17 16:43:55 INFO  main org.springframework.cloud.gateway.route.RouteDefinitionRouteLocator Loaded RoutePredicateFactory [After]
2021-08-17 16:43:55 INFO  main org.springframework.cloud.gateway.route.RouteDefinitionRouteLocator Loaded RoutePredicateFactory [Before]
2021-08-17 16:43:55 INFO  main org.springframework.cloud.gateway.route.RouteDefinitionRouteLocator Loaded RoutePredicateFactory [Between]
2021-08-17 16:43:55 INFO  main org.springframework.cloud.gateway.route.RouteDefinitionRouteLocator Loaded RoutePredicateFactory [Cookie]
2021-08-17 16:43:55 INFO  main org.springframework.cloud.gateway.route.RouteDefinitionRouteLocator Loaded RoutePredicateFactory [Header]
2021-08-17 16:43:55 INFO  main org.springframework.cloud.gateway.route.RouteDefinitionRouteLocator Loaded RoutePredicateFactory [Host]
2021-08-17 16:43:55 INFO  main org.springframework.cloud.gateway.route.RouteDefinitionRouteLocator Loaded RoutePredicateFactory [Method]
2021-08-17 16:43:55 INFO  main org.springframework.cloud.gateway.route.RouteDefinitionRouteLocator Loaded RoutePredicateFactory [Path]
2021-08-17 16:43:55 INFO  main org.springframework.cloud.gateway.route.RouteDefinitionRouteLocator Loaded RoutePredicateFactory [Query]
2021-08-17 16:43:55 INFO  main org.springframework.cloud.gateway.route.RouteDefinitionRouteLocator Loaded RoutePredicateFactory [ReadBody]
2021-08-17 16:43:55 INFO  main org.springframework.cloud.gateway.route.RouteDefinitionRouteLocator Loaded RoutePredicateFactory [RemoteAddr]
2021-08-17 16:43:55 INFO  main org.springframework.cloud.gateway.route.RouteDefinitionRouteLocator Loaded RoutePredicateFactory [Weight]
2021-08-17 16:43:55 INFO  main org.springframework.cloud.gateway.route.RouteDefinitionRouteLocator Loaded RoutePredicateFactory [CloudFoundryRouteService]
2021-08-17 16:43:56 INFO  main org.springframework.boot.actuate.endpoint.web.EndpointLinksResolver Exposing 19 endpoint(s) beneath base path '/actuator'
2021-08-17 16:43:56 INFO  main org.springframework.scheduling.concurrent.ThreadPoolTaskScheduler Initializing ExecutorService 'Nacos-Watch-Task-Scheduler'
2021-08-17 16:43:56 INFO  main org.springframework.scheduling.concurrent.ThreadPoolTaskScheduler Initializing ExecutorService
2021-08-17 16:43:57 INFO  main org.springframework.boot.web.embedded.netty.NettyWebServer Netty started on port(s): 88
2021-08-17 16:43:57 INFO  main com.alibaba.cloud.nacos.registry.NacosServiceRegistry nacos registry, DEFAULT_GROUP nstr-gateway 192.168.1.216:88 register finished
2021-08-17 16:43:57 INFO  main com.nstr.gateway.NstrGatewayApplication Started NstrGatewayApplication in 6.476 seconds (JVM running for 7.862)
2021-08-17 16:44:07 INFO  registrationTask1 de.codecentric.boot.admin.client.registration.ApplicationRegistrator Application registered itself as 047dd8f250c1
2021-08-17 16:44:47 INFO  reactor-http-nio-7 com.netflix.config.ChainedDynamicProperty Flipping property: nstr-system.ribbon.ActiveConnectionsLimit to use NEXT property: niws.loadbalancer.availabilityFilteringRule.activeConnectionsLimit = 2147483647
2021-08-17 16:44:47 INFO  reactor-http-nio-7 com.netflix.loadbalancer.BaseLoadBalancer Client: nstr-system instantiated a LoadBalancer: DynamicServerListLoadBalancer:{NFLoadBalancer:name=nstr-system,current list of Servers=[],Load balancer stats=Zone stats: {},Server stats: []}ServerList:null
2021-08-17 16:44:47 INFO  reactor-http-nio-7 com.netflix.loadbalancer.DynamicServerListLoadBalancer Using serverListUpdater PollingServerListUpdater
2021-08-17 16:44:47 INFO  reactor-http-nio-7 com.netflix.loadbalancer.DynamicServerListLoadBalancer DynamicServerListLoadBalancer for client nstr-system initialized: DynamicServerListLoadBalancer:{NFLoadBalancer:name=nstr-system,current list of Servers=[],Load balancer stats=Zone stats: {},Server stats: []}ServerList:com.alibaba.cloud.nacos.ribbon.NacosServerList@566bca5f
2021-08-17 16:46:16 INFO  Thread-33 com.netflix.loadbalancer.PollingServerListUpdater Shutting down the Executor Pool for PollingServerListUpdater
2021-08-17 16:46:16 INFO  SpringContextShutdownHook org.springframework.scheduling.concurrent.ThreadPoolTaskScheduler Shutting down ExecutorService 'Nacos-Watch-Task-Scheduler'
2021-08-17 16:46:16 INFO  SpringContextShutdownHook org.springframework.scheduling.concurrent.ThreadPoolTaskScheduler Shutting down ExecutorService
2021-08-17 16:46:16 INFO  SpringContextShutdownHook com.alibaba.cloud.nacos.registry.NacosServiceRegistry De-registering from Nacos Server now...
2021-08-17 16:46:16 INFO  SpringContextShutdownHook com.alibaba.cloud.nacos.registry.NacosServiceRegistry De-registration finished.
2021-08-17 16:46:35 INFO  main com.nstr.gateway.NstrGatewayApplication No active profile set, falling back to default profiles: default
2021-08-17 16:46:36 INFO  main org.springframework.cloud.context.scope.GenericScope BeanFactory id=2ecaacd9-b9ec-3c1b-80e9-75152b85d753
2021-08-17 16:46:36 INFO  main org.springframework.context.support.PostProcessorRegistrationDelegate$BeanPostProcessorChecker Bean 'org.springframework.cloud.client.loadbalancer.reactive.LoadBalancerBeanPostProcessorAutoConfiguration' of type [org.springframework.cloud.client.loadbalancer.reactive.LoadBalancerBeanPostProcessorAutoConfiguration] is not eligible for getting processed by all BeanPostProcessors (for example: not eligible for auto-proxying)
2021-08-17 16:46:36 INFO  main org.springframework.context.support.PostProcessorRegistrationDelegate$BeanPostProcessorChecker Bean 'org.springframework.cloud.client.loadbalancer.reactive.LoadBalancerBeanPostProcessorAutoConfiguration$ReactiveLoadBalancerConfig' of type [org.springframework.cloud.client.loadbalancer.reactive.LoadBalancerBeanPostProcessorAutoConfiguration$ReactiveLoadBalancerConfig] is not eligible for getting processed by all BeanPostProcessors (for example: not eligible for auto-proxying)
2021-08-17 16:46:36 INFO  main org.springframework.context.support.PostProcessorRegistrationDelegate$BeanPostProcessorChecker Bean 'deferringLoadBalancerExchangeFilterFunction' of type [org.springframework.cloud.client.loadbalancer.reactive.DeferringLoadBalancerExchangeFilterFunction] is not eligible for getting processed by all BeanPostProcessors (for example: not eligible for auto-proxying)
2021-08-17 16:46:37 INFO  main com.netflix.config.sources.URLConfigurationSource To enable URLs as dynamic configuration sources, define System property archaius.configurationSource.additionalUrls or make config.properties available on classpath.
2021-08-17 16:46:37 INFO  main com.netflix.config.sources.URLConfigurationSource To enable URLs as dynamic configuration sources, define System property archaius.configurationSource.additionalUrls or make config.properties available on classpath.
2021-08-17 16:46:38 INFO  main org.springframework.cloud.gateway.route.RouteDefinitionRouteLocator Loaded RoutePredicateFactory [After]
2021-08-17 16:46:38 INFO  main org.springframework.cloud.gateway.route.RouteDefinitionRouteLocator Loaded RoutePredicateFactory [Before]
2021-08-17 16:46:38 INFO  main org.springframework.cloud.gateway.route.RouteDefinitionRouteLocator Loaded RoutePredicateFactory [Between]
2021-08-17 16:46:38 INFO  main org.springframework.cloud.gateway.route.RouteDefinitionRouteLocator Loaded RoutePredicateFactory [Cookie]
2021-08-17 16:46:38 INFO  main org.springframework.cloud.gateway.route.RouteDefinitionRouteLocator Loaded RoutePredicateFactory [Header]
2021-08-17 16:46:38 INFO  main org.springframework.cloud.gateway.route.RouteDefinitionRouteLocator Loaded RoutePredicateFactory [Host]
2021-08-17 16:46:38 INFO  main org.springframework.cloud.gateway.route.RouteDefinitionRouteLocator Loaded RoutePredicateFactory [Method]
2021-08-17 16:46:38 INFO  main org.springframework.cloud.gateway.route.RouteDefinitionRouteLocator Loaded RoutePredicateFactory [Path]
2021-08-17 16:46:38 INFO  main org.springframework.cloud.gateway.route.RouteDefinitionRouteLocator Loaded RoutePredicateFactory [Query]
2021-08-17 16:46:38 INFO  main org.springframework.cloud.gateway.route.RouteDefinitionRouteLocator Loaded RoutePredicateFactory [ReadBody]
2021-08-17 16:46:38 INFO  main org.springframework.cloud.gateway.route.RouteDefinitionRouteLocator Loaded RoutePredicateFactory [RemoteAddr]
2021-08-17 16:46:38 INFO  main org.springframework.cloud.gateway.route.RouteDefinitionRouteLocator Loaded RoutePredicateFactory [Weight]
2021-08-17 16:46:38 INFO  main org.springframework.cloud.gateway.route.RouteDefinitionRouteLocator Loaded RoutePredicateFactory [CloudFoundryRouteService]
2021-08-17 16:46:39 INFO  main org.springframework.boot.actuate.endpoint.web.EndpointLinksResolver Exposing 19 endpoint(s) beneath base path '/actuator'
2021-08-17 16:46:39 INFO  main org.springframework.scheduling.concurrent.ThreadPoolTaskScheduler Initializing ExecutorService 'Nacos-Watch-Task-Scheduler'
2021-08-17 16:46:39 INFO  main org.springframework.scheduling.concurrent.ThreadPoolTaskScheduler Initializing ExecutorService
2021-08-17 16:46:40 INFO  main org.springframework.boot.web.embedded.netty.NettyWebServer Netty started on port(s): 88
2021-08-17 16:46:40 INFO  main com.alibaba.cloud.nacos.registry.NacosServiceRegistry nacos registry, DEFAULT_GROUP nstr-gateway 192.168.1.216:88 register finished
2021-08-17 16:46:40 INFO  main com.nstr.gateway.NstrGatewayApplication Started NstrGatewayApplication in 7.068 seconds (JVM running for 8.244)
2021-08-17 16:46:41 INFO  registrationTask1 de.codecentric.boot.admin.client.registration.ApplicationRegistrator Application registered itself as 047dd8f250c1
2021-08-17 16:53:19 INFO  SpringContextShutdownHook org.springframework.scheduling.concurrent.ThreadPoolTaskScheduler Shutting down ExecutorService 'Nacos-Watch-Task-Scheduler'
2021-08-17 16:53:19 INFO  SpringContextShutdownHook org.springframework.scheduling.concurrent.ThreadPoolTaskScheduler Shutting down ExecutorService
2021-08-17 16:53:19 INFO  SpringContextShutdownHook com.alibaba.cloud.nacos.registry.NacosServiceRegistry De-registering from Nacos Server now...
2021-08-17 16:53:19 INFO  SpringContextShutdownHook com.alibaba.cloud.nacos.registry.NacosServiceRegistry De-registration finished.
2021-08-17 16:53:45 INFO  main com.nstr.gateway.NstrGatewayApplication No active profile set, falling back to default profiles: default
2021-08-17 16:53:46 INFO  main org.springframework.cloud.context.scope.GenericScope BeanFactory id=2ecaacd9-b9ec-3c1b-80e9-75152b85d753
2021-08-17 16:53:46 INFO  main org.springframework.context.support.PostProcessorRegistrationDelegate$BeanPostProcessorChecker Bean 'org.springframework.cloud.client.loadbalancer.reactive.LoadBalancerBeanPostProcessorAutoConfiguration' of type [org.springframework.cloud.client.loadbalancer.reactive.LoadBalancerBeanPostProcessorAutoConfiguration] is not eligible for getting processed by all BeanPostProcessors (for example: not eligible for auto-proxying)
2021-08-17 16:53:46 INFO  main org.springframework.context.support.PostProcessorRegistrationDelegate$BeanPostProcessorChecker Bean 'org.springframework.cloud.client.loadbalancer.reactive.LoadBalancerBeanPostProcessorAutoConfiguration$ReactiveLoadBalancerConfig' of type [org.springframework.cloud.client.loadbalancer.reactive.LoadBalancerBeanPostProcessorAutoConfiguration$ReactiveLoadBalancerConfig] is not eligible for getting processed by all BeanPostProcessors (for example: not eligible for auto-proxying)
2021-08-17 16:53:46 INFO  main org.springframework.context.support.PostProcessorRegistrationDelegate$BeanPostProcessorChecker Bean 'deferringLoadBalancerExchangeFilterFunction' of type [org.springframework.cloud.client.loadbalancer.reactive.DeferringLoadBalancerExchangeFilterFunction] is not eligible for getting processed by all BeanPostProcessors (for example: not eligible for auto-proxying)
2021-08-17 16:53:46 INFO  main com.netflix.config.sources.URLConfigurationSource To enable URLs as dynamic configuration sources, define System property archaius.configurationSource.additionalUrls or make config.properties available on classpath.
2021-08-17 16:53:46 INFO  main com.netflix.config.sources.URLConfigurationSource To enable URLs as dynamic configuration sources, define System property archaius.configurationSource.additionalUrls or make config.properties available on classpath.
2021-08-17 16:53:48 INFO  main org.springframework.cloud.gateway.route.RouteDefinitionRouteLocator Loaded RoutePredicateFactory [After]
2021-08-17 16:53:48 INFO  main org.springframework.cloud.gateway.route.RouteDefinitionRouteLocator Loaded RoutePredicateFactory [Before]
2021-08-17 16:53:48 INFO  main org.springframework.cloud.gateway.route.RouteDefinitionRouteLocator Loaded RoutePredicateFactory [Between]
2021-08-17 16:53:48 INFO  main org.springframework.cloud.gateway.route.RouteDefinitionRouteLocator Loaded RoutePredicateFactory [Cookie]
2021-08-17 16:53:48 INFO  main org.springframework.cloud.gateway.route.RouteDefinitionRouteLocator Loaded RoutePredicateFactory [Header]
2021-08-17 16:53:48 INFO  main org.springframework.cloud.gateway.route.RouteDefinitionRouteLocator Loaded RoutePredicateFactory [Host]
2021-08-17 16:53:48 INFO  main org.springframework.cloud.gateway.route.RouteDefinitionRouteLocator Loaded RoutePredicateFactory [Method]
2021-08-17 16:53:48 INFO  main org.springframework.cloud.gateway.route.RouteDefinitionRouteLocator Loaded RoutePredicateFactory [Path]
2021-08-17 16:53:48 INFO  main org.springframework.cloud.gateway.route.RouteDefinitionRouteLocator Loaded RoutePredicateFactory [Query]
2021-08-17 16:53:48 INFO  main org.springframework.cloud.gateway.route.RouteDefinitionRouteLocator Loaded RoutePredicateFactory [ReadBody]
2021-08-17 16:53:48 INFO  main org.springframework.cloud.gateway.route.RouteDefinitionRouteLocator Loaded RoutePredicateFactory [RemoteAddr]
2021-08-17 16:53:48 INFO  main org.springframework.cloud.gateway.route.RouteDefinitionRouteLocator Loaded RoutePredicateFactory [Weight]
2021-08-17 16:53:48 INFO  main org.springframework.cloud.gateway.route.RouteDefinitionRouteLocator Loaded RoutePredicateFactory [CloudFoundryRouteService]
2021-08-17 16:53:48 INFO  main org.springframework.boot.actuate.endpoint.web.EndpointLinksResolver Exposing 19 endpoint(s) beneath base path '/actuator'
2021-08-17 16:53:48 INFO  main org.springframework.scheduling.concurrent.ThreadPoolTaskScheduler Initializing ExecutorService 'Nacos-Watch-Task-Scheduler'
2021-08-17 16:53:48 INFO  main org.springframework.scheduling.concurrent.ThreadPoolTaskScheduler Initializing ExecutorService
2021-08-17 16:53:49 INFO  main org.springframework.boot.web.embedded.netty.NettyWebServer Netty started on port(s): 88
2021-08-17 16:53:49 INFO  main com.alibaba.cloud.nacos.registry.NacosServiceRegistry nacos registry, DEFAULT_GROUP nstr-gateway 192.168.1.216:88 register finished
2021-08-17 16:53:49 INFO  main com.nstr.gateway.NstrGatewayApplication Started NstrGatewayApplication in 6.139 seconds (JVM running for 7.328)
2021-08-17 16:53:50 INFO  registrationTask1 de.codecentric.boot.admin.client.registration.ApplicationRegistrator Application registered itself as 047dd8f250c1
2021-08-17 16:58:28 INFO  reactor-http-nio-5 com.netflix.config.ChainedDynamicProperty Flipping property: nstr-system.ribbon.ActiveConnectionsLimit to use NEXT property: niws.loadbalancer.availabilityFilteringRule.activeConnectionsLimit = 2147483647
2021-08-17 16:58:28 INFO  reactor-http-nio-5 com.netflix.loadbalancer.BaseLoadBalancer Client: nstr-system instantiated a LoadBalancer: DynamicServerListLoadBalancer:{NFLoadBalancer:name=nstr-system,current list of Servers=[],Load balancer stats=Zone stats: {},Server stats: []}ServerList:null
2021-08-17 16:58:28 INFO  reactor-http-nio-5 com.netflix.loadbalancer.DynamicServerListLoadBalancer Using serverListUpdater PollingServerListUpdater
2021-08-17 16:58:28 INFO  reactor-http-nio-5 com.netflix.config.ChainedDynamicProperty Flipping property: nstr-system.ribbon.ActiveConnectionsLimit to use NEXT property: niws.loadbalancer.availabilityFilteringRule.activeConnectionsLimit = 2147483647
2021-08-17 16:58:28 INFO  reactor-http-nio-5 com.netflix.loadbalancer.DynamicServerListLoadBalancer DynamicServerListLoadBalancer for client nstr-system initialized: DynamicServerListLoadBalancer:{NFLoadBalancer:name=nstr-system,current list of Servers=[192.168.1.216:1701],Load balancer stats=Zone stats: {unknown=[Zone:unknown;	Instance count:1;	Active connections count: 0;	Circuit breaker tripped count: 0;	Active connections per server: 0.0;]
},Server stats: [[Server:192.168.1.216:1701;	Zone:UNKNOWN;	Total Requests:0;	Successive connection failure:0;	Total blackout seconds:0;	Last connection made:Thu Jan 01 08:00:00 CST 1970;	First connection made: Thu Jan 01 08:00:00 CST 1970;	Active Connections:0;	total failure count in last (1000) msecs:0;	average resp time:0.0;	90 percentile resp time:0.0;	95 percentile resp time:0.0;	min resp time:0.0;	max resp time:0.0;	stddev resp time:0.0]
]}ServerList:com.alibaba.cloud.nacos.ribbon.NacosServerList@26278d6f
2021-08-17 16:58:28 INFO  reactor-http-nio-5 com.nstr.gateway.filter.NstrGatewayRequestFilter 转发请求：http://localhost:88/system/menu/MrBird --> 目标服务：system_routh，目标地址：http://192.168.1.216:1701/menu/MrBird，转发时间：2021-08-17T16:58:28.989953600
2021-08-17 16:58:29 INFO  reactor-http-nio-6 com.netflix.config.ChainedDynamicProperty Flipping property: nstr-auth.ribbon.ActiveConnectionsLimit to use NEXT property: niws.loadbalancer.availabilityFilteringRule.activeConnectionsLimit = 2147483647
2021-08-17 16:58:29 INFO  reactor-http-nio-6 com.netflix.loadbalancer.BaseLoadBalancer Client: nstr-auth instantiated a LoadBalancer: DynamicServerListLoadBalancer:{NFLoadBalancer:name=nstr-auth,current list of Servers=[],Load balancer stats=Zone stats: {},Server stats: []}ServerList:null
2021-08-17 16:58:29 INFO  reactor-http-nio-6 com.netflix.loadbalancer.DynamicServerListLoadBalancer Using serverListUpdater PollingServerListUpdater
2021-08-17 16:58:29 INFO  reactor-http-nio-6 com.netflix.config.ChainedDynamicProperty Flipping property: nstr-auth.ribbon.ActiveConnectionsLimit to use NEXT property: niws.loadbalancer.availabilityFilteringRule.activeConnectionsLimit = 2147483647
2021-08-17 16:58:29 INFO  reactor-http-nio-6 com.netflix.loadbalancer.DynamicServerListLoadBalancer DynamicServerListLoadBalancer for client nstr-auth initialized: DynamicServerListLoadBalancer:{NFLoadBalancer:name=nstr-auth,current list of Servers=[192.168.1.216:1600],Load balancer stats=Zone stats: {unknown=[Zone:unknown;	Instance count:1;	Active connections count: 0;	Circuit breaker tripped count: 0;	Active connections per server: 0.0;]
},Server stats: [[Server:192.168.1.216:1600;	Zone:UNKNOWN;	Total Requests:0;	Successive connection failure:0;	Total blackout seconds:0;	Last connection made:Thu Jan 01 08:00:00 CST 1970;	First connection made: Thu Jan 01 08:00:00 CST 1970;	Active Connections:0;	total failure count in last (1000) msecs:0;	average resp time:0.0;	90 percentile resp time:0.0;	95 percentile resp time:0.0;	min resp time:0.0;	max resp time:0.0;	stddev resp time:0.0]
]}ServerList:com.alibaba.cloud.nacos.ribbon.NacosServerList@1a5286e5
2021-08-17 16:58:29 INFO  reactor-http-nio-6 com.nstr.gateway.filter.NstrGatewayRequestFilter 转发请求：http://localhost:88/auth/user --> 目标服务：auth_routh，目标地址：http://192.168.1.216:1600/user，转发时间：2021-08-17T16:58:29.294809
2021-08-17 16:58:29 INFO  PollingServerListUpdater-0 com.netflix.config.ChainedDynamicProperty Flipping property: nstr-system.ribbon.ActiveConnectionsLimit to use NEXT property: niws.loadbalancer.availabilityFilteringRule.activeConnectionsLimit = 2147483647
2021-08-17 16:58:30 INFO  PollingServerListUpdater-1 com.netflix.config.ChainedDynamicProperty Flipping property: nstr-auth.ribbon.ActiveConnectionsLimit to use NEXT property: niws.loadbalancer.availabilityFilteringRule.activeConnectionsLimit = 2147483647
2021-08-17 16:58:31 INFO  reactor-http-nio-7 com.nstr.gateway.filter.NstrGatewayRequestFilter 转发请求：http://localhost:88/system/menu/MrBird --> 目标服务：system_routh，目标地址：http://192.168.1.216:1701/menu/MrBird，转发时间：2021-08-17T16:58:31.785890200
2021-08-17 16:58:31 INFO  reactor-http-nio-6 com.nstr.gateway.filter.NstrGatewayRequestFilter 转发请求：http://localhost:88/auth/user --> 目标服务：auth_routh，目标地址：http://192.168.1.216:1600/user，转发时间：2021-08-17T16:58:31.795898400
2021-08-17 16:59:05 INFO  reactor-http-nio-8 com.nstr.gateway.filter.NstrGatewayRequestFilter 转发请求：http://localhost:88/system/menu/MrBird --> 目标服务：system_routh，目标地址：http://192.168.1.216:1701/menu/MrBird，转发时间：2021-08-17T16:59:05.897861300
2021-08-17 16:59:05 INFO  reactor-http-nio-1 com.nstr.gateway.filter.NstrGatewayRequestFilter 转发请求：http://localhost:88/auth/user --> 目标服务：auth_routh，目标地址：http://192.168.1.216:1600/user，转发时间：2021-08-17T16:59:05.913852200
2021-08-17 16:59:29 INFO  reactor-http-nio-2 com.nstr.gateway.filter.NstrGatewayRequestFilter 转发请求：http://localhost:88/auth/captcha --> 目标服务：auth_routh，目标地址：http://192.168.1.216:1600/captcha，转发时间：2021-08-17T16:59:29.412365800
2021-08-17 17:04:16 INFO  reactor-http-nio-3 com.nstr.gateway.filter.NstrGatewayRequestFilter 转发请求：http://localhost:88/auth/oauth/token --> 目标服务：auth_routh，目标地址：http://192.168.1.216:1600/oauth/token，转发时间：2021-08-17T17:04:16.070172600
2021-08-17 17:04:16 INFO  reactor-http-nio-4 com.nstr.gateway.filter.NstrGatewayRequestFilter 转发请求：http://localhost:88/auth/captcha --> 目标服务：auth_routh，目标地址：http://192.168.1.216:1600/captcha，转发时间：2021-08-17T17:04:16.366865200
2021-08-17 17:06:50 INFO  Thread-33 com.netflix.loadbalancer.PollingServerListUpdater Shutting down the Executor Pool for PollingServerListUpdater
2021-08-17 17:06:50 INFO  SpringContextShutdownHook org.springframework.scheduling.concurrent.ThreadPoolTaskScheduler Shutting down ExecutorService 'Nacos-Watch-Task-Scheduler'
2021-08-17 17:06:50 INFO  SpringContextShutdownHook org.springframework.scheduling.concurrent.ThreadPoolTaskScheduler Shutting down ExecutorService
2021-08-17 17:06:50 INFO  SpringContextShutdownHook com.alibaba.cloud.nacos.registry.NacosServiceRegistry De-registering from Nacos Server now...
2021-08-17 17:06:50 INFO  SpringContextShutdownHook com.alibaba.cloud.nacos.registry.NacosServiceRegistry De-registration finished.
2021-08-17 17:11:56 INFO  main com.nstr.gateway.NstrGatewayApplication No active profile set, falling back to default profiles: default
2021-08-17 17:11:57 INFO  main org.springframework.cloud.context.scope.GenericScope BeanFactory id=2ecaacd9-b9ec-3c1b-80e9-75152b85d753
2021-08-17 17:11:57 INFO  main org.springframework.context.support.PostProcessorRegistrationDelegate$BeanPostProcessorChecker Bean 'org.springframework.cloud.client.loadbalancer.reactive.LoadBalancerBeanPostProcessorAutoConfiguration' of type [org.springframework.cloud.client.loadbalancer.reactive.LoadBalancerBeanPostProcessorAutoConfiguration] is not eligible for getting processed by all BeanPostProcessors (for example: not eligible for auto-proxying)
2021-08-17 17:11:57 INFO  main org.springframework.context.support.PostProcessorRegistrationDelegate$BeanPostProcessorChecker Bean 'org.springframework.cloud.client.loadbalancer.reactive.LoadBalancerBeanPostProcessorAutoConfiguration$ReactiveLoadBalancerConfig' of type [org.springframework.cloud.client.loadbalancer.reactive.LoadBalancerBeanPostProcessorAutoConfiguration$ReactiveLoadBalancerConfig] is not eligible for getting processed by all BeanPostProcessors (for example: not eligible for auto-proxying)
2021-08-17 17:11:57 INFO  main org.springframework.context.support.PostProcessorRegistrationDelegate$BeanPostProcessorChecker Bean 'deferringLoadBalancerExchangeFilterFunction' of type [org.springframework.cloud.client.loadbalancer.reactive.DeferringLoadBalancerExchangeFilterFunction] is not eligible for getting processed by all BeanPostProcessors (for example: not eligible for auto-proxying)
2021-08-17 17:11:58 INFO  main com.netflix.config.sources.URLConfigurationSource To enable URLs as dynamic configuration sources, define System property archaius.configurationSource.additionalUrls or make config.properties available on classpath.
2021-08-17 17:11:58 INFO  main com.netflix.config.sources.URLConfigurationSource To enable URLs as dynamic configuration sources, define System property archaius.configurationSource.additionalUrls or make config.properties available on classpath.
2021-08-17 17:12:00 INFO  main org.springframework.cloud.gateway.route.RouteDefinitionRouteLocator Loaded RoutePredicateFactory [After]
2021-08-17 17:12:00 INFO  main org.springframework.cloud.gateway.route.RouteDefinitionRouteLocator Loaded RoutePredicateFactory [Before]
2021-08-17 17:12:00 INFO  main org.springframework.cloud.gateway.route.RouteDefinitionRouteLocator Loaded RoutePredicateFactory [Between]
2021-08-17 17:12:00 INFO  main org.springframework.cloud.gateway.route.RouteDefinitionRouteLocator Loaded RoutePredicateFactory [Cookie]
2021-08-17 17:12:00 INFO  main org.springframework.cloud.gateway.route.RouteDefinitionRouteLocator Loaded RoutePredicateFactory [Header]
2021-08-17 17:12:00 INFO  main org.springframework.cloud.gateway.route.RouteDefinitionRouteLocator Loaded RoutePredicateFactory [Host]
2021-08-17 17:12:00 INFO  main org.springframework.cloud.gateway.route.RouteDefinitionRouteLocator Loaded RoutePredicateFactory [Method]
2021-08-17 17:12:00 INFO  main org.springframework.cloud.gateway.route.RouteDefinitionRouteLocator Loaded RoutePredicateFactory [Path]
2021-08-17 17:12:00 INFO  main org.springframework.cloud.gateway.route.RouteDefinitionRouteLocator Loaded RoutePredicateFactory [Query]
2021-08-17 17:12:00 INFO  main org.springframework.cloud.gateway.route.RouteDefinitionRouteLocator Loaded RoutePredicateFactory [ReadBody]
2021-08-17 17:12:00 INFO  main org.springframework.cloud.gateway.route.RouteDefinitionRouteLocator Loaded RoutePredicateFactory [RemoteAddr]
2021-08-17 17:12:00 INFO  main org.springframework.cloud.gateway.route.RouteDefinitionRouteLocator Loaded RoutePredicateFactory [Weight]
2021-08-17 17:12:00 INFO  main org.springframework.cloud.gateway.route.RouteDefinitionRouteLocator Loaded RoutePredicateFactory [CloudFoundryRouteService]
2021-08-17 17:12:01 INFO  main org.springframework.boot.actuate.endpoint.web.EndpointLinksResolver Exposing 19 endpoint(s) beneath base path '/actuator'
2021-08-17 17:12:01 INFO  main org.springframework.scheduling.concurrent.ThreadPoolTaskScheduler Initializing ExecutorService 'Nacos-Watch-Task-Scheduler'
2021-08-17 17:12:01 INFO  main org.springframework.scheduling.concurrent.ThreadPoolTaskScheduler Initializing ExecutorService
2021-08-17 17:12:02 INFO  main org.springframework.boot.web.embedded.netty.NettyWebServer Netty started on port(s): 88
2021-08-17 17:12:03 INFO  main com.alibaba.cloud.nacos.registry.NacosServiceRegistry nacos registry, DEFAULT_GROUP nstr-gateway 192.168.1.216:88 register finished
2021-08-17 17:12:03 INFO  main com.nstr.gateway.NstrGatewayApplication Started NstrGatewayApplication in 9.78 seconds (JVM running for 11.128)
2021-08-17 17:12:04 INFO  registrationTask1 de.codecentric.boot.admin.client.registration.ApplicationRegistrator Application registered itself as 047dd8f250c1
2021-08-17 17:12:31 INFO  reactor-http-nio-5 com.netflix.config.ChainedDynamicProperty Flipping property: nstr-auth.ribbon.ActiveConnectionsLimit to use NEXT property: niws.loadbalancer.availabilityFilteringRule.activeConnectionsLimit = 2147483647
2021-08-17 17:12:31 INFO  reactor-http-nio-5 com.netflix.loadbalancer.BaseLoadBalancer Client: nstr-auth instantiated a LoadBalancer: DynamicServerListLoadBalancer:{NFLoadBalancer:name=nstr-auth,current list of Servers=[],Load balancer stats=Zone stats: {},Server stats: []}ServerList:null
2021-08-17 17:12:31 INFO  reactor-http-nio-5 com.netflix.loadbalancer.DynamicServerListLoadBalancer Using serverListUpdater PollingServerListUpdater
2021-08-17 17:12:31 INFO  reactor-http-nio-5 com.netflix.config.ChainedDynamicProperty Flipping property: nstr-auth.ribbon.ActiveConnectionsLimit to use NEXT property: niws.loadbalancer.availabilityFilteringRule.activeConnectionsLimit = 2147483647
2021-08-17 17:12:31 INFO  reactor-http-nio-5 com.netflix.loadbalancer.DynamicServerListLoadBalancer DynamicServerListLoadBalancer for client nstr-auth initialized: DynamicServerListLoadBalancer:{NFLoadBalancer:name=nstr-auth,current list of Servers=[192.168.1.216:1600],Load balancer stats=Zone stats: {unknown=[Zone:unknown;	Instance count:1;	Active connections count: 0;	Circuit breaker tripped count: 0;	Active connections per server: 0.0;]
},Server stats: [[Server:192.168.1.216:1600;	Zone:UNKNOWN;	Total Requests:0;	Successive connection failure:0;	Total blackout seconds:0;	Last connection made:Thu Jan 01 08:00:00 CST 1970;	First connection made: Thu Jan 01 08:00:00 CST 1970;	Active Connections:0;	total failure count in last (1000) msecs:0;	average resp time:0.0;	90 percentile resp time:0.0;	95 percentile resp time:0.0;	min resp time:0.0;	max resp time:0.0;	stddev resp time:0.0]
]}ServerList:com.alibaba.cloud.nacos.ribbon.NacosServerList@1d2b7f87
2021-08-17 17:12:31 INFO  reactor-http-nio-5 com.nstr.gateway.filter.NstrGatewayRequestFilter 转发请求：http://localhost:88/auth/captcha --> 目标服务：auth_routh，目标地址：http://192.168.1.216:1600/captcha，转发时间：2021-08-17T17:12:31.986815400
2021-08-17 17:12:32 INFO  PollingServerListUpdater-0 com.netflix.config.ChainedDynamicProperty Flipping property: nstr-auth.ribbon.ActiveConnectionsLimit to use NEXT property: niws.loadbalancer.availabilityFilteringRule.activeConnectionsLimit = 2147483647
2021-08-17 17:12:53 INFO  reactor-http-nio-6 com.nstr.gateway.filter.NstrGatewayRequestFilter 转发请求：http://localhost:88/auth/oauth/token --> 目标服务：auth_routh，目标地址：http://192.168.1.216:1600/oauth/token，转发时间：2021-08-17T17:12:53.037141700
2021-08-17 17:12:53 INFO  reactor-http-nio-7 com.nstr.gateway.filter.NstrGatewayRequestFilter 转发请求：http://localhost:88/auth/user --> 目标服务：auth_routh，目标地址：http://192.168.1.216:1600/user，转发时间：2021-08-17T17:12:53.858667500
2021-08-17 17:12:54 INFO  reactor-http-nio-8 com.netflix.config.ChainedDynamicProperty Flipping property: nstr-system.ribbon.ActiveConnectionsLimit to use NEXT property: niws.loadbalancer.availabilityFilteringRule.activeConnectionsLimit = 2147483647
2021-08-17 17:12:54 INFO  reactor-http-nio-8 com.netflix.loadbalancer.BaseLoadBalancer Client: nstr-system instantiated a LoadBalancer: DynamicServerListLoadBalancer:{NFLoadBalancer:name=nstr-system,current list of Servers=[],Load balancer stats=Zone stats: {},Server stats: []}ServerList:null
2021-08-17 17:12:54 INFO  reactor-http-nio-8 com.netflix.loadbalancer.DynamicServerListLoadBalancer Using serverListUpdater PollingServerListUpdater
2021-08-17 17:12:54 INFO  reactor-http-nio-8 com.netflix.config.ChainedDynamicProperty Flipping property: nstr-system.ribbon.ActiveConnectionsLimit to use NEXT property: niws.loadbalancer.availabilityFilteringRule.activeConnectionsLimit = 2147483647
2021-08-17 17:12:54 INFO  reactor-http-nio-8 com.netflix.loadbalancer.DynamicServerListLoadBalancer DynamicServerListLoadBalancer for client nstr-system initialized: DynamicServerListLoadBalancer:{NFLoadBalancer:name=nstr-system,current list of Servers=[192.168.1.216:1701],Load balancer stats=Zone stats: {unknown=[Zone:unknown;	Instance count:1;	Active connections count: 0;	Circuit breaker tripped count: 0;	Active connections per server: 0.0;]
},Server stats: [[Server:192.168.1.216:1701;	Zone:UNKNOWN;	Total Requests:0;	Successive connection failure:0;	Total blackout seconds:0;	Last connection made:Thu Jan 01 08:00:00 CST 1970;	First connection made: Thu Jan 01 08:00:00 CST 1970;	Active Connections:0;	total failure count in last (1000) msecs:0;	average resp time:0.0;	90 percentile resp time:0.0;	95 percentile resp time:0.0;	min resp time:0.0;	max resp time:0.0;	stddev resp time:0.0]
]}ServerList:com.alibaba.cloud.nacos.ribbon.NacosServerList@61a68cbe
2021-08-17 17:12:54 INFO  reactor-http-nio-8 com.nstr.gateway.filter.NstrGatewayRequestFilter 转发请求：http://localhost:88/system/user/success --> 目标服务：system_routh，目标地址：http://192.168.1.216:1701/user/success，转发时间：2021-08-17T17:12:54.171104100
2021-08-17 17:12:54 INFO  reactor-http-nio-1 com.nstr.gateway.filter.NstrGatewayRequestFilter 转发请求：http://localhost:88/auth/user --> 目标服务：auth_routh，目标地址：http://192.168.1.216:1600/user，转发时间：2021-08-17T17:12:54.193108800
2021-08-17 17:12:54 INFO  reactor-http-nio-2 com.nstr.gateway.filter.NstrGatewayRequestFilter 转发请求：http://localhost:88/system/menu/MrBird --> 目标服务：system_routh，目标地址：http://192.168.1.216:1701/menu/MrBird，转发时间：2021-08-17T17:12:54.245064500
2021-08-17 17:12:54 INFO  reactor-http-nio-1 com.nstr.gateway.filter.NstrGatewayRequestFilter 转发请求：http://localhost:88/auth/user --> 目标服务：auth_routh，目标地址：http://192.168.1.216:1600/user，转发时间：2021-08-17T17:12:54.275044200
2021-08-17 17:12:55 INFO  PollingServerListUpdater-0 com.netflix.config.ChainedDynamicProperty Flipping property: nstr-system.ribbon.ActiveConnectionsLimit to use NEXT property: niws.loadbalancer.availabilityFilteringRule.activeConnectionsLimit = 2147483647
2021-08-17 17:12:55 INFO  reactor-http-nio-3 com.nstr.gateway.filter.NstrGatewayRequestFilter 转发请求：http://localhost:88/system/user/index --> 目标服务：system_routh，目标地址：http://192.168.1.216:1701/user/index，转发时间：2021-08-17T17:12:55.460898200
2021-08-17 17:12:55 INFO  reactor-http-nio-1 com.nstr.gateway.filter.NstrGatewayRequestFilter 转发请求：http://localhost:88/auth/user --> 目标服务：auth_routh，目标地址：http://192.168.1.216:1600/user，转发时间：2021-08-17T17:12:55.472893
2021-08-17 17:13:07 INFO  reactor-http-nio-6 com.nstr.gateway.filter.NstrGatewayRequestFilter 转发请求：http://localhost:88/system/dept --> 目标服务：system_routh，目标地址：http://192.168.1.216:1701/dept，转发时间：2021-08-17T17:13:07.640553500
2021-08-17 17:13:07 INFO  reactor-http-nio-5 com.nstr.gateway.filter.NstrGatewayRequestFilter 转发请求：http://localhost:88/system/loginLog/currentUser --> 目标服务：system_routh，目标地址：http://192.168.1.216:1701/loginLog/currentUser，转发时间：2021-08-17T17:13:07.640553500
2021-08-17 17:13:07 INFO  reactor-http-nio-4 com.nstr.gateway.filter.NstrGatewayRequestFilter 转发请求：http://localhost:88/auth/social/connections/MrBird --> 目标服务：auth_routh，目标地址：http://192.168.1.216:1600/social/connections/MrBird，转发时间：2021-08-17T17:13:07.640553500
2021-08-17 17:13:07 INFO  reactor-http-nio-7 com.nstr.gateway.filter.NstrGatewayRequestFilter 转发请求：http://localhost:88/auth/user --> 目标服务：auth_routh，目标地址：http://192.168.1.216:1600/user，转发时间：2021-08-17T17:13:07.677553700
2021-08-17 17:13:07 INFO  reactor-http-nio-8 com.nstr.gateway.filter.NstrGatewayRequestFilter 转发请求：http://localhost:88/auth/user --> 目标服务：auth_routh，目标地址：http://192.168.1.216:1600/user，转发时间：2021-08-17T17:13:07.677553700
2021-08-17 17:13:18 INFO  reactor-http-nio-2 com.nstr.gateway.filter.NstrGatewayRequestFilter 转发请求：http://localhost:88/system/role/options --> 目标服务：system_routh，目标地址：http://192.168.1.216:1701/role/options，转发时间：2021-08-17T17:13:18.122007
2021-08-17 17:13:18 INFO  reactor-http-nio-1 com.nstr.gateway.filter.NstrGatewayRequestFilter 转发请求：http://localhost:88/system/dept --> 目标服务：system_routh，目标地址：http://192.168.1.216:1701/dept，转发时间：2021-08-17T17:13:18.122007
2021-08-17 17:13:18 INFO  reactor-http-nio-3 com.nstr.gateway.filter.NstrGatewayRequestFilter 转发请求：http://localhost:88/system/user --> 目标服务：system_routh，目标地址：http://192.168.1.216:1701/user，转发时间：2021-08-17T17:13:18.127005200
2021-08-17 17:13:18 INFO  reactor-http-nio-4 com.nstr.gateway.filter.NstrGatewayRequestFilter 转发请求：http://localhost:88/auth/user --> 目标服务：auth_routh，目标地址：http://192.168.1.216:1600/user，转发时间：2021-08-17T17:13:18.138997400
2021-08-17 17:13:18 INFO  reactor-http-nio-5 com.nstr.gateway.filter.NstrGatewayRequestFilter 转发请求：http://localhost:88/auth/user --> 目标服务：auth_routh，目标地址：http://192.168.1.216:1600/user，转发时间：2021-08-17T17:13:18.139997500
2021-08-17 17:13:18 INFO  reactor-http-nio-6 com.nstr.gateway.filter.NstrGatewayRequestFilter 转发请求：http://localhost:88/auth/user --> 目标服务：auth_routh，目标地址：http://192.168.1.216:1600/user，转发时间：2021-08-17T17:13:18.151989100
2021-08-17 17:25:43 INFO  reactor-http-nio-7 com.nstr.gateway.filter.NstrGatewayRequestFilter 转发请求：http://localhost:88/system/user/index --> 目标服务：system_routh，目标地址：http://192.168.1.216:1701/user/index，转发时间：2021-08-17T17:25:43.041568300
2021-08-17 17:25:43 INFO  reactor-http-nio-8 com.nstr.gateway.filter.NstrGatewayRequestFilter 转发请求：http://localhost:88/auth/user --> 目标服务：auth_routh，目标地址：http://192.168.1.216:1600/user，转发时间：2021-08-17T17:25:43.084542200
2021-08-17 17:26:53 INFO  reactor-http-nio-1 com.nstr.gateway.filter.NstrGatewayRequestFilter 转发请求：http://localhost:88/auth/signout --> 目标服务：auth_routh，目标地址：http://192.168.1.216:1600/signout，转发时间：2021-08-17T17:26:53.294498400
2021-08-17 17:26:53 INFO  reactor-http-nio-2 com.nstr.gateway.filter.NstrGatewayRequestFilter 转发请求：http://localhost:88/auth/captcha --> 目标服务：auth_routh，目标地址：http://192.168.1.216:1600/captcha，转发时间：2021-08-17T17:26:53.610301900
2021-08-17 17:27:10 INFO  reactor-http-nio-3 com.nstr.gateway.filter.NstrGatewayRequestFilter 转发请求：http://localhost:88/auth/oauth/token --> 目标服务：auth_routh，目标地址：http://192.168.1.216:1600/oauth/token，转发时间：2021-08-17T17:27:10.780259900
2021-08-17 17:27:11 INFO  reactor-http-nio-5 com.nstr.gateway.filter.NstrGatewayRequestFilter 转发请求：http://localhost:88/system/user/success --> 目标服务：system_routh，目标地址：http://192.168.1.216:1701/user/success，转发时间：2021-08-17T17:27:11.005122100
2021-08-17 17:27:11 INFO  reactor-http-nio-4 com.nstr.gateway.filter.NstrGatewayRequestFilter 转发请求：http://localhost:88/auth/user --> 目标服务：auth_routh，目标地址：http://192.168.1.216:1600/user，转发时间：2021-08-17T17:27:11.005122100
2021-08-17 17:27:11 INFO  reactor-http-nio-6 com.nstr.gateway.filter.NstrGatewayRequestFilter 转发请求：http://localhost:88/auth/user --> 目标服务：auth_routh，目标地址：http://192.168.1.216:1600/user，转发时间：2021-08-17T17:27:11.016114200
2021-08-17 17:27:11 INFO  reactor-http-nio-7 com.nstr.gateway.filter.NstrGatewayRequestFilter 转发请求：http://localhost:88/system/user/index --> 目标服务：system_routh，目标地址：http://192.168.1.216:1701/user/index，转发时间：2021-08-17T17:27:11.463424100
2021-08-17 17:27:11 INFO  reactor-http-nio-6 com.nstr.gateway.filter.NstrGatewayRequestFilter 转发请求：http://localhost:88/auth/user --> 目标服务：auth_routh，目标地址：http://192.168.1.216:1600/user，转发时间：2021-08-17T17:27:11.494406200
