2021-08-18 11:24:50 INFO  SpringContextShutdownHook org.springframework.scheduling.concurrent.ThreadPoolTaskScheduler Shutting down ExecutorService 'Nacos-Watch-Task-Scheduler'
2021-08-18 11:24:50 INFO  SpringContextShutdownHook org.springframework.scheduling.concurrent.ThreadPoolTaskScheduler Shutting down ExecutorService
2021-08-18 11:24:50 INFO  SpringContextShutdownHook com.alibaba.cloud.nacos.registry.NacosServiceRegistry De-registering from Nacos Server now...
2021-08-18 11:24:50 INFO  SpringContextShutdownHook com.alibaba.cloud.nacos.registry.NacosServiceRegistry De-registration finished.
2021-08-18 11:24:58 INFO  SpringContextShutdownHook org.springframework.scheduling.concurrent.ThreadPoolTaskExecutor Shutting down ExecutorService 'nstrAsyncThreadPool'
2021-08-18 11:24:58 INFO  SpringContextShutdownHook com.baomidou.dynamic.datasource.DynamicRoutingDataSource dynamic-datasource start closing ....
2021-08-18 11:24:58 INFO  SpringContextShutdownHook com.zaxxer.hikari.HikariDataSource base - Shutdown initiated...
2021-08-18 11:24:58 INFO  SpringContextShutdownHook com.zaxxer.hikari.HikariDataSource base - Shutdown completed.
2021-08-18 11:24:58 INFO  SpringContextShutdownHook com.baomidou.dynamic.datasource.DynamicRoutingDataSource dynamic-datasource all closed success,bye
2021-08-18 11:25:05 INFO  main com.nstr.system.NstrSystemApplication No active profile set, falling back to default profiles: default
2021-08-18 11:25:06 INFO  main org.springframework.cloud.context.scope.GenericScope BeanFactory id=d3af73dc-30ee-3434-baf0-782e1f9ff821
2021-08-18 11:25:07 INFO  main org.springframework.context.support.PostProcessorRegistrationDelegate$BeanPostProcessorChecker Bean 'org.springframework.security.access.expression.method.DefaultMethodSecurityExpressionHandler@315cf170' of type [org.springframework.security.access.expression.method.DefaultMethodSecurityExpressionHandler] is not eligible for getting processed by all BeanPostProcessors (for example: not eligible for auto-proxying)
2021-08-18 11:25:07 INFO  main org.springframework.context.support.PostProcessorRegistrationDelegate$BeanPostProcessorChecker Bean 'com.nstr.common.security.starter.config.NstrCloudSecurityAutoConfig' of type [com.nstr.common.security.starter.config.NstrCloudSecurityAutoConfig$$EnhancerBySpringCGLIB$$7b97c41e] is not eligible for getting processed by all BeanPostProcessors (for example: not eligible for auto-proxying)
2021-08-18 11:25:07 INFO  main org.springframework.context.support.PostProcessorRegistrationDelegate$BeanPostProcessorChecker Bean 'methodSecurityMetadataSource' of type [org.springframework.security.access.method.DelegatingMethodSecurityMetadataSource] is not eligible for getting processed by all BeanPostProcessors (for example: not eligible for auto-proxying)
2021-08-18 11:25:07 INFO  main org.springframework.context.support.PostProcessorRegistrationDelegate$BeanPostProcessorChecker Bean 'spring.datasource.dynamic-com.baomidou.dynamic.datasource.spring.boot.autoconfigure.DynamicDataSourceProperties' of type [com.baomidou.dynamic.datasource.spring.boot.autoconfigure.DynamicDataSourceProperties] is not eligible for getting processed by all BeanPostProcessors (for example: not eligible for auto-proxying)
2021-08-18 11:25:07 INFO  main org.springframework.context.support.PostProcessorRegistrationDelegate$BeanPostProcessorChecker Bean 'com.baomidou.dynamic.datasource.spring.boot.autoconfigure.DynamicDataSourceAutoConfiguration' of type [com.baomidou.dynamic.datasource.spring.boot.autoconfigure.DynamicDataSourceAutoConfiguration$$EnhancerBySpringCGLIB$$70d709ab] is not eligible for getting processed by all BeanPostProcessors (for example: not eligible for auto-proxying)
2021-08-18 11:25:07 INFO  main org.springframework.context.support.PostProcessorRegistrationDelegate$BeanPostProcessorChecker Bean 'dsProcessor' of type [com.baomidou.dynamic.datasource.processor.DsHeaderProcessor] is not eligible for getting processed by all BeanPostProcessors (for example: not eligible for auto-proxying)
2021-08-18 11:25:07 INFO  main org.springframework.boot.web.embedded.tomcat.TomcatWebServer Tomcat initialized with port(s): 1701 (http)
2021-08-18 11:25:07 INFO  main org.apache.coyote.http11.Http11NioProtocol Initializing ProtocolHandler ["http-nio-1701"]
2021-08-18 11:25:07 INFO  main org.apache.catalina.core.StandardService Starting service [Tomcat]
2021-08-18 11:25:07 INFO  main org.apache.catalina.core.StandardEngine Starting Servlet engine: [Apache Tomcat/9.0.41]
2021-08-18 11:25:07 INFO  main org.apache.catalina.core.ContainerBase.[Tomcat].[localhost].[/] Initializing Spring embedded WebApplicationContext
2021-08-18 11:25:07 INFO  main org.springframework.boot.web.servlet.context.ServletWebServerApplicationContext Root WebApplicationContext: initialization completed in 2793 ms
2021-08-18 11:25:08 INFO  main com.netflix.config.sources.URLConfigurationSource To enable URLs as dynamic configuration sources, define System property archaius.configurationSource.additionalUrls or make config.properties available on classpath.
2021-08-18 11:25:08 INFO  main com.netflix.config.DynamicPropertyFactory DynamicPropertyFactory is initialized with configuration sources: com.netflix.config.ConcurrentCompositeConfiguration@1ac25dbb
2021-08-18 11:25:08 INFO  main com.zaxxer.hikari.HikariDataSource base - Starting...
2021-08-18 11:25:08 INFO  main com.zaxxer.hikari.HikariDataSource base - Start completed.
2021-08-18 11:25:08 INFO  main com.baomidou.dynamic.datasource.DynamicRoutingDataSource dynamic-datasource - add a datasource named [base] success
2021-08-18 11:25:08 INFO  main com.baomidou.dynamic.datasource.DynamicRoutingDataSource dynamic-datasource initial loaded [1] datasource,primary datasource named [base]
2021-08-18 11:25:11 INFO  main org.springframework.boot.actuate.endpoint.web.EndpointLinksResolver Exposing 18 endpoint(s) beneath base path '/actuator'
2021-08-18 11:25:11 INFO  main springfox.documentation.spring.web.PropertySourcedRequestMappingHandlerMapping Mapped URL path [/v2/api-docs] onto method [springfox.documentation.swagger2.web.Swagger2Controller#getDocumentation(String, HttpServletRequest)]
2021-08-18 11:25:11 INFO  main org.springframework.scheduling.concurrent.ThreadPoolTaskExecutor Initializing ExecutorService
2021-08-18 11:25:11 INFO  main org.springframework.scheduling.concurrent.ThreadPoolTaskExecutor Initializing ExecutorService 'nstrAsyncThreadPool'
2021-08-18 11:25:11 INFO  main com.netflix.config.sources.URLConfigurationSource To enable URLs as dynamic configuration sources, define System property archaius.configurationSource.additionalUrls or make config.properties available on classpath.
2021-08-18 11:25:11 INFO  main org.springframework.scheduling.concurrent.ThreadPoolTaskScheduler Initializing ExecutorService 'Nacos-Watch-Task-Scheduler'
2021-08-18 11:25:11 INFO  main org.springframework.scheduling.concurrent.ThreadPoolTaskScheduler Initializing ExecutorService
2021-08-18 11:25:11 INFO  main org.springframework.security.web.DefaultSecurityFilterChain Creating filter chain: OrRequestMatcher [requestMatchers=[Ant [pattern='/**']]], [org.springframework.security.web.context.request.async.WebAsyncManagerIntegrationFilter@5c85ed05, org.springframework.security.web.context.SecurityContextPersistenceFilter@c7008b4, org.springframework.security.web.header.HeaderWriterFilter@48e1e18a, org.springframework.security.web.authentication.logout.LogoutFilter@72cf159f, org.springframework.security.oauth2.provider.authentication.OAuth2AuthenticationProcessingFilter@4cd13fad, org.springframework.security.web.authentication.www.BasicAuthenticationFilter@321bf4b1, org.springframework.security.web.savedrequest.RequestCacheAwareFilter@719e8f9f, org.springframework.security.web.servletapi.SecurityContextHolderAwareRequestFilter@54d6f172, org.springframework.security.web.authentication.AnonymousAuthenticationFilter@23657729, org.springframework.security.web.session.SessionManagementFilter@42718ebf, org.springframework.security.web.access.ExceptionTranslationFilter@7640a191, org.springframework.security.web.access.intercept.FilterSecurityInterceptor@1784d711]
2021-08-18 11:25:12 INFO  main org.apache.coyote.http11.Http11NioProtocol Starting ProtocolHandler ["http-nio-1701"]
2021-08-18 11:25:12 INFO  main org.springframework.boot.web.embedded.tomcat.TomcatWebServer Tomcat started on port(s): 1701 (http) with context path ''
2021-08-18 11:25:12 INFO  main com.alibaba.cloud.nacos.registry.NacosServiceRegistry nacos registry, DEFAULT_GROUP nstr-system 192.168.1.216:1701 register finished
2021-08-18 11:25:12 INFO  main springfox.documentation.spring.web.plugins.DocumentationPluginsBootstrapper Context refreshed
2021-08-18 11:25:12 INFO  http-nio-1701-exec-2 org.apache.catalina.core.ContainerBase.[Tomcat].[localhost].[/] Initializing Spring DispatcherServlet 'dispatcherServlet'
2021-08-18 11:25:12 INFO  http-nio-1701-exec-2 org.springframework.web.servlet.DispatcherServlet Initializing Servlet 'dispatcherServlet'
2021-08-18 11:25:12 INFO  http-nio-1701-exec-2 org.springframework.web.servlet.DispatcherServlet Completed initialization in 33 ms
2021-08-18 11:25:13 INFO  main springfox.documentation.spring.web.plugins.DocumentationPluginsBootstrapper Found 1 custom documentation plugin(s)
2021-08-18 11:25:13 INFO  main springfox.documentation.spring.web.scanners.ApiListingReferenceScanner Scanning for api listing references
2021-08-18 11:25:13 INFO  main springfox.documentation.spring.web.readers.operation.CachingOperationNameGenerator Generating unique operation named: exportUsingPOST_1
2021-08-18 11:25:13 INFO  main springfox.documentation.spring.web.readers.operation.CachingOperationNameGenerator Generating unique operation named: exportUsingPOST_2
2021-08-18 11:25:13 INFO  main springfox.documentation.spring.web.readers.operation.CachingOperationNameGenerator Generating unique operation named: exportUsingPOST_3
2021-08-18 11:25:13 INFO  main springfox.documentation.spring.web.readers.operation.CachingOperationNameGenerator Generating unique operation named: exportUsingPOST_4
2021-08-18 11:25:13 INFO  main springfox.documentation.spring.web.readers.operation.CachingOperationNameGenerator Generating unique operation named: exportUsingPOST_5
2021-08-18 11:25:13 INFO  main com.nstr.system.NstrSystemApplication Started NstrSystemApplication in 10.179 seconds (JVM running for 11.22)
2021-08-18 11:25:13 INFO  registrationTask1 de.codecentric.boot.admin.client.registration.ApplicationRegistrator Application registered itself as e0b5ff47633b
2021-08-18 16:37:14 INFO  main com.nstr.system.NstrSystemApplication No active profile set, falling back to default profiles: default
2021-08-18 16:37:22 INFO  main org.springframework.cloud.context.scope.GenericScope BeanFactory id=d3af73dc-30ee-3434-baf0-782e1f9ff821
2021-08-18 16:37:25 INFO  main org.springframework.context.support.PostProcessorRegistrationDelegate$BeanPostProcessorChecker Bean 'org.springframework.security.access.expression.method.DefaultMethodSecurityExpressionHandler@7769d9b6' of type [org.springframework.security.access.expression.method.DefaultMethodSecurityExpressionHandler] is not eligible for getting processed by all BeanPostProcessors (for example: not eligible for auto-proxying)
2021-08-18 16:37:25 INFO  main org.springframework.context.support.PostProcessorRegistrationDelegate$BeanPostProcessorChecker Bean 'com.nstr.common.security.starter.config.NstrCloudSecurityAutoConfig' of type [com.nstr.common.security.starter.config.NstrCloudSecurityAutoConfig$$EnhancerBySpringCGLIB$$241a5ae0] is not eligible for getting processed by all BeanPostProcessors (for example: not eligible for auto-proxying)
2021-08-18 16:37:25 INFO  main org.springframework.context.support.PostProcessorRegistrationDelegate$BeanPostProcessorChecker Bean 'methodSecurityMetadataSource' of type [org.springframework.security.access.method.DelegatingMethodSecurityMetadataSource] is not eligible for getting processed by all BeanPostProcessors (for example: not eligible for auto-proxying)
2021-08-18 16:37:25 INFO  main org.springframework.context.support.PostProcessorRegistrationDelegate$BeanPostProcessorChecker Bean 'spring.datasource.dynamic-com.baomidou.dynamic.datasource.spring.boot.autoconfigure.DynamicDataSourceProperties' of type [com.baomidou.dynamic.datasource.spring.boot.autoconfigure.DynamicDataSourceProperties] is not eligible for getting processed by all BeanPostProcessors (for example: not eligible for auto-proxying)
2021-08-18 16:37:25 INFO  main org.springframework.context.support.PostProcessorRegistrationDelegate$BeanPostProcessorChecker Bean 'com.baomidou.dynamic.datasource.spring.boot.autoconfigure.DynamicDataSourceAutoConfiguration' of type [com.baomidou.dynamic.datasource.spring.boot.autoconfigure.DynamicDataSourceAutoConfiguration$$EnhancerBySpringCGLIB$$1959a06d] is not eligible for getting processed by all BeanPostProcessors (for example: not eligible for auto-proxying)
2021-08-18 16:37:25 INFO  main org.springframework.context.support.PostProcessorRegistrationDelegate$BeanPostProcessorChecker Bean 'dsProcessor' of type [com.baomidou.dynamic.datasource.processor.DsHeaderProcessor] is not eligible for getting processed by all BeanPostProcessors (for example: not eligible for auto-proxying)
2021-08-18 16:37:26 INFO  main org.springframework.boot.web.embedded.tomcat.TomcatWebServer Tomcat initialized with port(s): 1701 (http)
2021-08-18 16:37:26 INFO  main org.apache.coyote.http11.Http11NioProtocol Initializing ProtocolHandler ["http-nio-1701"]
2021-08-18 16:37:26 INFO  main org.apache.catalina.core.StandardService Starting service [Tomcat]
2021-08-18 16:37:26 INFO  main org.apache.catalina.core.StandardEngine Starting Servlet engine: [Apache Tomcat/9.0.41]
2021-08-18 16:37:26 INFO  main org.apache.catalina.core.ContainerBase.[Tomcat].[localhost].[/] Initializing Spring embedded WebApplicationContext
2021-08-18 16:37:26 INFO  main org.springframework.boot.web.servlet.context.ServletWebServerApplicationContext Root WebApplicationContext: initialization completed in 11801 ms
2021-08-18 16:37:26 INFO  main com.netflix.config.sources.URLConfigurationSource To enable URLs as dynamic configuration sources, define System property archaius.configurationSource.additionalUrls or make config.properties available on classpath.
2021-08-18 16:37:26 INFO  main com.netflix.config.DynamicPropertyFactory DynamicPropertyFactory is initialized with configuration sources: com.netflix.config.ConcurrentCompositeConfiguration@4cd90c36
2021-08-18 16:37:28 INFO  main com.zaxxer.hikari.HikariDataSource base - Starting...
2021-08-18 16:37:36 INFO  main com.zaxxer.hikari.HikariDataSource base - Start completed.
2021-08-18 16:37:36 INFO  main com.baomidou.dynamic.datasource.DynamicRoutingDataSource dynamic-datasource - add a datasource named [base] success
2021-08-18 16:37:36 INFO  main com.baomidou.dynamic.datasource.DynamicRoutingDataSource dynamic-datasource initial loaded [1] datasource,primary datasource named [base]
2021-08-18 16:37:41 INFO  main org.springframework.boot.actuate.endpoint.web.EndpointLinksResolver Exposing 18 endpoint(s) beneath base path '/actuator'
2021-08-18 16:37:42 INFO  main springfox.documentation.spring.web.PropertySourcedRequestMappingHandlerMapping Mapped URL path [/v2/api-docs] onto method [springfox.documentation.swagger2.web.Swagger2Controller#getDocumentation(String, HttpServletRequest)]
2021-08-18 16:37:43 INFO  main org.springframework.scheduling.concurrent.ThreadPoolTaskExecutor Initializing ExecutorService
2021-08-18 16:37:43 INFO  main org.springframework.scheduling.concurrent.ThreadPoolTaskExecutor Initializing ExecutorService 'nstrAsyncThreadPool'
2021-08-18 16:37:43 INFO  main com.netflix.config.sources.URLConfigurationSource To enable URLs as dynamic configuration sources, define System property archaius.configurationSource.additionalUrls or make config.properties available on classpath.
2021-08-18 16:37:43 INFO  main org.springframework.scheduling.concurrent.ThreadPoolTaskScheduler Initializing ExecutorService 'Nacos-Watch-Task-Scheduler'
2021-08-18 16:37:43 INFO  main org.springframework.scheduling.concurrent.ThreadPoolTaskScheduler Initializing ExecutorService
2021-08-18 16:37:43 INFO  main org.springframework.security.web.DefaultSecurityFilterChain Creating filter chain: OrRequestMatcher [requestMatchers=[Ant [pattern='/**']]], [org.springframework.security.web.context.request.async.WebAsyncManagerIntegrationFilter@61d7df22, org.springframework.security.web.context.SecurityContextPersistenceFilter@504a9352, org.springframework.security.web.header.HeaderWriterFilter@6a90b5e8, org.springframework.security.web.authentication.logout.LogoutFilter@4ba32242, org.springframework.security.oauth2.provider.authentication.OAuth2AuthenticationProcessingFilter@2250deae, org.springframework.security.web.authentication.www.BasicAuthenticationFilter@704ca8a8, org.springframework.security.web.savedrequest.RequestCacheAwareFilter@74997ca6, org.springframework.security.web.servletapi.SecurityContextHolderAwareRequestFilter@59ebe484, org.springframework.security.web.authentication.AnonymousAuthenticationFilter@722e1bff, org.springframework.security.web.session.SessionManagementFilter@264340f0, org.springframework.security.web.access.ExceptionTranslationFilter@eb5471c, org.springframework.security.web.access.intercept.FilterSecurityInterceptor@458500d1]
2021-08-18 16:37:44 INFO  main org.apache.coyote.http11.Http11NioProtocol Starting ProtocolHandler ["http-nio-1701"]
2021-08-18 16:37:44 INFO  main org.springframework.boot.web.embedded.tomcat.TomcatWebServer Tomcat started on port(s): 1701 (http) with context path ''
2021-08-18 16:37:44 INFO  main com.alibaba.cloud.nacos.registry.NacosServiceRegistry nacos registry, DEFAULT_GROUP nstr-system 192.168.1.216:1701 register finished
2021-08-18 16:37:44 INFO  main springfox.documentation.spring.web.plugins.DocumentationPluginsBootstrapper Context refreshed
2021-08-18 16:37:45 INFO  main springfox.documentation.spring.web.plugins.DocumentationPluginsBootstrapper Found 1 custom documentation plugin(s)
2021-08-18 16:37:45 INFO  main springfox.documentation.spring.web.scanners.ApiListingReferenceScanner Scanning for api listing references
2021-08-18 16:37:45 INFO  main springfox.documentation.spring.web.readers.operation.CachingOperationNameGenerator Generating unique operation named: exportUsingPOST_1
2021-08-18 16:37:45 INFO  main springfox.documentation.spring.web.readers.operation.CachingOperationNameGenerator Generating unique operation named: exportUsingPOST_2
2021-08-18 16:37:45 INFO  main springfox.documentation.spring.web.readers.operation.CachingOperationNameGenerator Generating unique operation named: exportUsingPOST_3
2021-08-18 16:37:45 INFO  main springfox.documentation.spring.web.readers.operation.CachingOperationNameGenerator Generating unique operation named: exportUsingPOST_4
2021-08-18 16:37:45 INFO  main springfox.documentation.spring.web.readers.operation.CachingOperationNameGenerator Generating unique operation named: exportUsingPOST_5
2021-08-18 16:37:45 INFO  main com.nstr.system.NstrSystemApplication Started NstrSystemApplication in 33.809 seconds (JVM running for 35.435)
2021-08-18 16:37:45 INFO  registrationTask1 de.codecentric.boot.admin.client.registration.ApplicationRegistrator Application registered itself as e0b5ff47633b
2021-08-18 16:37:45 INFO  http-nio-1701-exec-1 org.apache.catalina.core.ContainerBase.[Tomcat].[localhost].[/] Initializing Spring DispatcherServlet 'dispatcherServlet'
2021-08-18 16:37:45 INFO  http-nio-1701-exec-1 org.springframework.web.servlet.DispatcherServlet Initializing Servlet 'dispatcherServlet'
2021-08-18 16:37:45 INFO  http-nio-1701-exec-1 org.springframework.web.servlet.DispatcherServlet Completed initialization in 10 ms
2021-08-18 16:48:39 INFO  SpringContextShutdownHook org.springframework.scheduling.concurrent.ThreadPoolTaskScheduler Shutting down ExecutorService 'Nacos-Watch-Task-Scheduler'
2021-08-18 16:48:39 INFO  SpringContextShutdownHook org.springframework.scheduling.concurrent.ThreadPoolTaskScheduler Shutting down ExecutorService
2021-08-18 16:48:39 INFO  SpringContextShutdownHook com.alibaba.cloud.nacos.registry.NacosServiceRegistry De-registering from Nacos Server now...
2021-08-18 16:48:39 INFO  SpringContextShutdownHook com.alibaba.cloud.nacos.registry.NacosServiceRegistry De-registration finished.
2021-08-18 16:48:48 INFO  SpringContextShutdownHook org.springframework.scheduling.concurrent.ThreadPoolTaskExecutor Shutting down ExecutorService 'nstrAsyncThreadPool'
2021-08-18 16:48:48 INFO  SpringContextShutdownHook com.baomidou.dynamic.datasource.DynamicRoutingDataSource dynamic-datasource start closing ....
2021-08-18 16:48:48 INFO  SpringContextShutdownHook com.zaxxer.hikari.HikariDataSource base - Shutdown initiated...
2021-08-18 16:48:48 INFO  SpringContextShutdownHook com.zaxxer.hikari.HikariDataSource base - Shutdown completed.
2021-08-18 16:48:48 INFO  SpringContextShutdownHook com.baomidou.dynamic.datasource.DynamicRoutingDataSource dynamic-datasource all closed success,bye
2021-08-18 16:48:53 INFO  main com.nstr.system.NstrSystemApplication No active profile set, falling back to default profiles: default
2021-08-18 16:48:54 INFO  main org.springframework.cloud.context.scope.GenericScope BeanFactory id=d3af73dc-30ee-3434-baf0-782e1f9ff821
2021-08-18 16:48:54 INFO  main org.springframework.context.support.PostProcessorRegistrationDelegate$BeanPostProcessorChecker Bean 'org.springframework.security.access.expression.method.DefaultMethodSecurityExpressionHandler@53e28097' of type [org.springframework.security.access.expression.method.DefaultMethodSecurityExpressionHandler] is not eligible for getting processed by all BeanPostProcessors (for example: not eligible for auto-proxying)
2021-08-18 16:48:54 INFO  main org.springframework.context.support.PostProcessorRegistrationDelegate$BeanPostProcessorChecker Bean 'com.nstr.common.security.starter.config.NstrCloudSecurityAutoConfig' of type [com.nstr.common.security.starter.config.NstrCloudSecurityAutoConfig$$EnhancerBySpringCGLIB$$c689b122] is not eligible for getting processed by all BeanPostProcessors (for example: not eligible for auto-proxying)
2021-08-18 16:48:54 INFO  main org.springframework.context.support.PostProcessorRegistrationDelegate$BeanPostProcessorChecker Bean 'methodSecurityMetadataSource' of type [org.springframework.security.access.method.DelegatingMethodSecurityMetadataSource] is not eligible for getting processed by all BeanPostProcessors (for example: not eligible for auto-proxying)
2021-08-18 16:48:54 INFO  main org.springframework.context.support.PostProcessorRegistrationDelegate$BeanPostProcessorChecker Bean 'spring.datasource.dynamic-com.baomidou.dynamic.datasource.spring.boot.autoconfigure.DynamicDataSourceProperties' of type [com.baomidou.dynamic.datasource.spring.boot.autoconfigure.DynamicDataSourceProperties] is not eligible for getting processed by all BeanPostProcessors (for example: not eligible for auto-proxying)
2021-08-18 16:48:54 INFO  main org.springframework.context.support.PostProcessorRegistrationDelegate$BeanPostProcessorChecker Bean 'com.baomidou.dynamic.datasource.spring.boot.autoconfigure.DynamicDataSourceAutoConfiguration' of type [com.baomidou.dynamic.datasource.spring.boot.autoconfigure.DynamicDataSourceAutoConfiguration$$EnhancerBySpringCGLIB$$bbc8f6af] is not eligible for getting processed by all BeanPostProcessors (for example: not eligible for auto-proxying)
2021-08-18 16:48:54 INFO  main org.springframework.context.support.PostProcessorRegistrationDelegate$BeanPostProcessorChecker Bean 'dsProcessor' of type [com.baomidou.dynamic.datasource.processor.DsHeaderProcessor] is not eligible for getting processed by all BeanPostProcessors (for example: not eligible for auto-proxying)
2021-08-18 16:48:55 INFO  main org.springframework.boot.web.embedded.tomcat.TomcatWebServer Tomcat initialized with port(s): 1701 (http)
2021-08-18 16:48:55 INFO  main org.apache.coyote.http11.Http11NioProtocol Initializing ProtocolHandler ["http-nio-1701"]
2021-08-18 16:48:55 INFO  main org.apache.catalina.core.StandardService Starting service [Tomcat]
2021-08-18 16:48:55 INFO  main org.apache.catalina.core.StandardEngine Starting Servlet engine: [Apache Tomcat/9.0.41]
2021-08-18 16:48:55 INFO  main org.apache.catalina.core.ContainerBase.[Tomcat].[localhost].[/] Initializing Spring embedded WebApplicationContext
2021-08-18 16:48:55 INFO  main org.springframework.boot.web.servlet.context.ServletWebServerApplicationContext Root WebApplicationContext: initialization completed in 2035 ms
2021-08-18 16:48:55 INFO  main com.netflix.config.sources.URLConfigurationSource To enable URLs as dynamic configuration sources, define System property archaius.configurationSource.additionalUrls or make config.properties available on classpath.
2021-08-18 16:48:55 INFO  main com.netflix.config.DynamicPropertyFactory DynamicPropertyFactory is initialized with configuration sources: com.netflix.config.ConcurrentCompositeConfiguration@120d13ae
2021-08-18 16:48:55 INFO  main com.zaxxer.hikari.HikariDataSource base - Starting...
2021-08-18 16:48:55 INFO  main com.zaxxer.hikari.HikariDataSource base - Start completed.
2021-08-18 16:48:55 INFO  main com.baomidou.dynamic.datasource.DynamicRoutingDataSource dynamic-datasource - add a datasource named [base] success
2021-08-18 16:48:55 INFO  main com.baomidou.dynamic.datasource.DynamicRoutingDataSource dynamic-datasource initial loaded [1] datasource,primary datasource named [base]
2021-08-18 16:48:57 INFO  main org.springframework.boot.actuate.endpoint.web.EndpointLinksResolver Exposing 18 endpoint(s) beneath base path '/actuator'
2021-08-18 16:48:57 INFO  main springfox.documentation.spring.web.PropertySourcedRequestMappingHandlerMapping Mapped URL path [/v2/api-docs] onto method [springfox.documentation.swagger2.web.Swagger2Controller#getDocumentation(String, HttpServletRequest)]
2021-08-18 16:48:58 INFO  main org.springframework.scheduling.concurrent.ThreadPoolTaskExecutor Initializing ExecutorService
2021-08-18 16:48:58 INFO  main org.springframework.scheduling.concurrent.ThreadPoolTaskExecutor Initializing ExecutorService 'nstrAsyncThreadPool'
2021-08-18 16:48:58 INFO  main com.netflix.config.sources.URLConfigurationSource To enable URLs as dynamic configuration sources, define System property archaius.configurationSource.additionalUrls or make config.properties available on classpath.
2021-08-18 16:48:58 INFO  main org.springframework.scheduling.concurrent.ThreadPoolTaskScheduler Initializing ExecutorService 'Nacos-Watch-Task-Scheduler'
2021-08-18 16:48:58 INFO  main org.springframework.scheduling.concurrent.ThreadPoolTaskScheduler Initializing ExecutorService
2021-08-18 16:48:58 INFO  main org.springframework.security.web.DefaultSecurityFilterChain Creating filter chain: OrRequestMatcher [requestMatchers=[Ant [pattern='/**']]], [org.springframework.security.web.context.request.async.WebAsyncManagerIntegrationFilter@623dc0b8, org.springframework.security.web.context.SecurityContextPersistenceFilter@5a0b925a, org.springframework.security.web.header.HeaderWriterFilter@64ef9b9a, org.springframework.security.web.authentication.logout.LogoutFilter@441d3ddf, org.springframework.security.oauth2.provider.authentication.OAuth2AuthenticationProcessingFilter@3fe1b278, org.springframework.security.web.authentication.www.BasicAuthenticationFilter@4d62bb8b, org.springframework.security.web.savedrequest.RequestCacheAwareFilter@42718ebf, org.springframework.security.web.servletapi.SecurityContextHolderAwareRequestFilter@11b234aa, org.springframework.security.web.authentication.AnonymousAuthenticationFilter@fee1e32, org.springframework.security.web.session.SessionManagementFilter@1cafb30, org.springframework.security.web.access.ExceptionTranslationFilter@4a234e1f, org.springframework.security.web.access.intercept.FilterSecurityInterceptor@437a4e61]
2021-08-18 16:48:59 INFO  main org.apache.coyote.http11.Http11NioProtocol Starting ProtocolHandler ["http-nio-1701"]
2021-08-18 16:48:59 INFO  main org.springframework.boot.web.embedded.tomcat.TomcatWebServer Tomcat started on port(s): 1701 (http) with context path ''
2021-08-18 16:48:59 INFO  main com.alibaba.cloud.nacos.registry.NacosServiceRegistry nacos registry, DEFAULT_GROUP nstr-system 192.168.1.216:1701 register finished
2021-08-18 16:48:59 INFO  main springfox.documentation.spring.web.plugins.DocumentationPluginsBootstrapper Context refreshed
2021-08-18 16:48:59 INFO  main springfox.documentation.spring.web.plugins.DocumentationPluginsBootstrapper Found 1 custom documentation plugin(s)
2021-08-18 16:48:59 INFO  main springfox.documentation.spring.web.scanners.ApiListingReferenceScanner Scanning for api listing references
2021-08-18 16:48:59 INFO  main springfox.documentation.spring.web.readers.operation.CachingOperationNameGenerator Generating unique operation named: exportUsingPOST_1
2021-08-18 16:48:59 INFO  main springfox.documentation.spring.web.readers.operation.CachingOperationNameGenerator Generating unique operation named: exportUsingPOST_2
2021-08-18 16:48:59 INFO  main springfox.documentation.spring.web.readers.operation.CachingOperationNameGenerator Generating unique operation named: exportUsingPOST_3
2021-08-18 16:48:59 INFO  main springfox.documentation.spring.web.readers.operation.CachingOperationNameGenerator Generating unique operation named: exportUsingPOST_4
2021-08-18 16:48:59 INFO  main springfox.documentation.spring.web.readers.operation.CachingOperationNameGenerator Generating unique operation named: exportUsingPOST_5
2021-08-18 16:48:59 INFO  main com.nstr.system.NstrSystemApplication Started NstrSystemApplication in 8.148 seconds (JVM running for 9.155)
2021-08-18 16:48:59 INFO  registrationTask1 de.codecentric.boot.admin.client.registration.ApplicationRegistrator Application registered itself as e0b5ff47633b
2021-08-18 16:48:59 INFO  http-nio-1701-exec-1 org.apache.catalina.core.ContainerBase.[Tomcat].[localhost].[/] Initializing Spring DispatcherServlet 'dispatcherServlet'
2021-08-18 16:48:59 INFO  http-nio-1701-exec-1 org.springframework.web.servlet.DispatcherServlet Initializing Servlet 'dispatcherServlet'
2021-08-18 16:48:59 INFO  http-nio-1701-exec-1 org.springframework.web.servlet.DispatcherServlet Completed initialization in 9 ms
2021-08-18 17:10:01 INFO  SpringContextShutdownHook org.springframework.scheduling.concurrent.ThreadPoolTaskScheduler Shutting down ExecutorService 'Nacos-Watch-Task-Scheduler'
2021-08-18 17:10:01 INFO  SpringContextShutdownHook org.springframework.scheduling.concurrent.ThreadPoolTaskScheduler Shutting down ExecutorService
2021-08-18 17:10:01 INFO  SpringContextShutdownHook com.alibaba.cloud.nacos.registry.NacosServiceRegistry De-registering from Nacos Server now...
2021-08-18 17:10:01 INFO  SpringContextShutdownHook com.alibaba.cloud.nacos.registry.NacosServiceRegistry De-registration finished.
2021-08-18 17:10:06 INFO  SpringContextShutdownHook org.springframework.scheduling.concurrent.ThreadPoolTaskExecutor Shutting down ExecutorService 'nstrAsyncThreadPool'
2021-08-18 17:10:06 INFO  SpringContextShutdownHook com.baomidou.dynamic.datasource.DynamicRoutingDataSource dynamic-datasource start closing ....
2021-08-18 17:10:06 INFO  SpringContextShutdownHook com.zaxxer.hikari.HikariDataSource base - Shutdown initiated...
2021-08-18 17:10:06 INFO  SpringContextShutdownHook com.zaxxer.hikari.HikariDataSource base - Shutdown completed.
2021-08-18 17:10:06 INFO  SpringContextShutdownHook com.baomidou.dynamic.datasource.DynamicRoutingDataSource dynamic-datasource all closed success,bye
2021-08-18 17:10:22 INFO  main com.nstr.system.NstrSystemApplication No active profile set, falling back to default profiles: default
2021-08-18 17:10:24 INFO  main org.springframework.cloud.context.scope.GenericScope BeanFactory id=d3af73dc-30ee-3434-baf0-782e1f9ff821
2021-08-18 17:10:24 INFO  main org.springframework.context.support.PostProcessorRegistrationDelegate$BeanPostProcessorChecker Bean 'org.springframework.security.access.expression.method.DefaultMethodSecurityExpressionHandler@3ce7490a' of type [org.springframework.security.access.expression.method.DefaultMethodSecurityExpressionHandler] is not eligible for getting processed by all BeanPostProcessors (for example: not eligible for auto-proxying)
2021-08-18 17:10:24 INFO  main org.springframework.context.support.PostProcessorRegistrationDelegate$BeanPostProcessorChecker Bean 'com.nstr.common.security.starter.config.NstrCloudSecurityAutoConfig' of type [com.nstr.common.security.starter.config.NstrCloudSecurityAutoConfig$$EnhancerBySpringCGLIB$$64e9c97a] is not eligible for getting processed by all BeanPostProcessors (for example: not eligible for auto-proxying)
2021-08-18 17:10:24 INFO  main org.springframework.context.support.PostProcessorRegistrationDelegate$BeanPostProcessorChecker Bean 'methodSecurityMetadataSource' of type [org.springframework.security.access.method.DelegatingMethodSecurityMetadataSource] is not eligible for getting processed by all BeanPostProcessors (for example: not eligible for auto-proxying)
2021-08-18 17:10:24 INFO  main org.springframework.context.support.PostProcessorRegistrationDelegate$BeanPostProcessorChecker Bean 'spring.datasource.dynamic-com.baomidou.dynamic.datasource.spring.boot.autoconfigure.DynamicDataSourceProperties' of type [com.baomidou.dynamic.datasource.spring.boot.autoconfigure.DynamicDataSourceProperties] is not eligible for getting processed by all BeanPostProcessors (for example: not eligible for auto-proxying)
2021-08-18 17:10:24 INFO  main org.springframework.context.support.PostProcessorRegistrationDelegate$BeanPostProcessorChecker Bean 'com.baomidou.dynamic.datasource.spring.boot.autoconfigure.DynamicDataSourceAutoConfiguration' of type [com.baomidou.dynamic.datasource.spring.boot.autoconfigure.DynamicDataSourceAutoConfiguration$$EnhancerBySpringCGLIB$$5a290f07] is not eligible for getting processed by all BeanPostProcessors (for example: not eligible for auto-proxying)
2021-08-18 17:10:24 INFO  main org.springframework.context.support.PostProcessorRegistrationDelegate$BeanPostProcessorChecker Bean 'dsProcessor' of type [com.baomidou.dynamic.datasource.processor.DsHeaderProcessor] is not eligible for getting processed by all BeanPostProcessors (for example: not eligible for auto-proxying)
2021-08-18 17:10:25 INFO  main org.springframework.boot.web.embedded.tomcat.TomcatWebServer Tomcat initialized with port(s): 1701 (http)
2021-08-18 17:10:25 INFO  main org.apache.coyote.http11.Http11NioProtocol Initializing ProtocolHandler ["http-nio-1701"]
2021-08-18 17:10:25 INFO  main org.apache.catalina.core.StandardService Starting service [Tomcat]
2021-08-18 17:10:25 INFO  main org.apache.catalina.core.StandardEngine Starting Servlet engine: [Apache Tomcat/9.0.41]
2021-08-18 17:10:25 INFO  main org.apache.catalina.core.ContainerBase.[Tomcat].[localhost].[/] Initializing Spring embedded WebApplicationContext
2021-08-18 17:10:25 INFO  main org.springframework.boot.web.servlet.context.ServletWebServerApplicationContext Root WebApplicationContext: initialization completed in 2613 ms
2021-08-18 17:10:25 INFO  main com.netflix.config.sources.URLConfigurationSource To enable URLs as dynamic configuration sources, define System property archaius.configurationSource.additionalUrls or make config.properties available on classpath.
2021-08-18 17:10:25 INFO  main com.netflix.config.DynamicPropertyFactory DynamicPropertyFactory is initialized with configuration sources: com.netflix.config.ConcurrentCompositeConfiguration@98712fa
2021-08-18 17:10:26 INFO  main com.zaxxer.hikari.HikariDataSource base - Starting...
2021-08-18 17:10:26 INFO  main com.zaxxer.hikari.HikariDataSource base - Start completed.
2021-08-18 17:10:26 INFO  main com.baomidou.dynamic.datasource.DynamicRoutingDataSource dynamic-datasource - add a datasource named [base] success
2021-08-18 17:10:26 INFO  main com.baomidou.dynamic.datasource.DynamicRoutingDataSource dynamic-datasource initial loaded [1] datasource,primary datasource named [base]
2021-08-18 17:10:29 INFO  main org.springframework.boot.actuate.endpoint.web.EndpointLinksResolver Exposing 18 endpoint(s) beneath base path '/actuator'
2021-08-18 17:10:30 INFO  main springfox.documentation.spring.web.PropertySourcedRequestMappingHandlerMapping Mapped URL path [/v2/api-docs] onto method [springfox.documentation.swagger2.web.Swagger2Controller#getDocumentation(String, HttpServletRequest)]
2021-08-18 17:10:30 INFO  main org.springframework.scheduling.concurrent.ThreadPoolTaskExecutor Initializing ExecutorService
2021-08-18 17:10:30 INFO  main org.springframework.scheduling.concurrent.ThreadPoolTaskExecutor Initializing ExecutorService 'nstrAsyncThreadPool'
2021-08-18 17:10:30 INFO  main com.netflix.config.sources.URLConfigurationSource To enable URLs as dynamic configuration sources, define System property archaius.configurationSource.additionalUrls or make config.properties available on classpath.
2021-08-18 17:10:30 INFO  main org.springframework.scheduling.concurrent.ThreadPoolTaskScheduler Initializing ExecutorService 'Nacos-Watch-Task-Scheduler'
2021-08-18 17:10:30 INFO  main org.springframework.scheduling.concurrent.ThreadPoolTaskScheduler Initializing ExecutorService
2021-08-18 17:10:31 INFO  main org.springframework.security.web.DefaultSecurityFilterChain Creating filter chain: OrRequestMatcher [requestMatchers=[Ant [pattern='/**']]], [org.springframework.security.web.context.request.async.WebAsyncManagerIntegrationFilter@c1d9c40, org.springframework.security.web.context.SecurityContextPersistenceFilter@6eb6750f, org.springframework.security.web.header.HeaderWriterFilter@4848681d, org.springframework.security.web.authentication.logout.LogoutFilter@fee1e32, org.springframework.security.oauth2.provider.authentication.OAuth2AuthenticationProcessingFilter@184e5c44, org.springframework.security.web.authentication.www.BasicAuthenticationFilter@20f94e9a, org.springframework.security.web.savedrequest.RequestCacheAwareFilter@55b7f0d, org.springframework.security.web.servletapi.SecurityContextHolderAwareRequestFilter@268eefe7, org.springframework.security.web.authentication.AnonymousAuthenticationFilter@79e3f444, org.springframework.security.web.session.SessionManagementFilter@542759f, org.springframework.security.web.access.ExceptionTranslationFilter@1926806c, org.springframework.security.web.access.intercept.FilterSecurityInterceptor@75eca6d8]
2021-08-18 17:10:31 INFO  main org.apache.coyote.http11.Http11NioProtocol Starting ProtocolHandler ["http-nio-1701"]
2021-08-18 17:10:31 INFO  main org.springframework.boot.web.embedded.tomcat.TomcatWebServer Tomcat started on port(s): 1701 (http) with context path ''
2021-08-18 17:10:31 INFO  main com.alibaba.cloud.nacos.registry.NacosServiceRegistry nacos registry, DEFAULT_GROUP nstr-system 192.168.1.216:1701 register finished
2021-08-18 17:10:31 INFO  main springfox.documentation.spring.web.plugins.DocumentationPluginsBootstrapper Context refreshed
2021-08-18 17:10:31 INFO  main springfox.documentation.spring.web.plugins.DocumentationPluginsBootstrapper Found 1 custom documentation plugin(s)
2021-08-18 17:10:32 INFO  main springfox.documentation.spring.web.scanners.ApiListingReferenceScanner Scanning for api listing references
2021-08-18 17:10:32 INFO  main springfox.documentation.spring.web.readers.operation.CachingOperationNameGenerator Generating unique operation named: exportUsingPOST_1
2021-08-18 17:10:32 INFO  main springfox.documentation.spring.web.readers.operation.CachingOperationNameGenerator Generating unique operation named: exportUsingPOST_2
2021-08-18 17:10:32 INFO  main springfox.documentation.spring.web.readers.operation.CachingOperationNameGenerator Generating unique operation named: exportUsingPOST_3
2021-08-18 17:10:32 INFO  main springfox.documentation.spring.web.readers.operation.CachingOperationNameGenerator Generating unique operation named: exportUsingPOST_4
2021-08-18 17:10:32 INFO  main springfox.documentation.spring.web.readers.operation.CachingOperationNameGenerator Generating unique operation named: exportUsingPOST_5
2021-08-18 17:10:32 INFO  main com.nstr.system.NstrSystemApplication Started NstrSystemApplication in 11.426 seconds (JVM running for 13.38)
2021-08-18 17:10:32 INFO  RMI TCP Connection(5)-192.168.1.216 org.apache.catalina.core.ContainerBase.[Tomcat].[localhost].[/] Initializing Spring DispatcherServlet 'dispatcherServlet'
2021-08-18 17:10:32 INFO  RMI TCP Connection(5)-192.168.1.216 org.springframework.web.servlet.DispatcherServlet Initializing Servlet 'dispatcherServlet'
2021-08-18 17:10:32 INFO  RMI TCP Connection(5)-192.168.1.216 org.springframework.web.servlet.DispatcherServlet Completed initialization in 17 ms
2021-08-18 17:10:32 INFO  registrationTask1 de.codecentric.boot.admin.client.registration.ApplicationRegistrator Application registered itself as e0b5ff47633b
2021-08-18 17:14:26 INFO  SpringContextShutdownHook org.springframework.scheduling.concurrent.ThreadPoolTaskScheduler Shutting down ExecutorService 'Nacos-Watch-Task-Scheduler'
2021-08-18 17:14:26 INFO  SpringContextShutdownHook org.springframework.scheduling.concurrent.ThreadPoolTaskScheduler Shutting down ExecutorService
2021-08-18 17:14:26 INFO  SpringContextShutdownHook com.alibaba.cloud.nacos.registry.NacosServiceRegistry De-registering from Nacos Server now...
2021-08-18 17:14:26 INFO  SpringContextShutdownHook com.alibaba.cloud.nacos.registry.NacosServiceRegistry De-registration finished.
2021-08-18 17:14:33 INFO  SpringContextShutdownHook org.springframework.scheduling.concurrent.ThreadPoolTaskExecutor Shutting down ExecutorService 'nstrAsyncThreadPool'
2021-08-18 17:14:33 INFO  SpringContextShutdownHook com.baomidou.dynamic.datasource.DynamicRoutingDataSource dynamic-datasource start closing ....
2021-08-18 17:14:33 INFO  SpringContextShutdownHook com.zaxxer.hikari.HikariDataSource base - Shutdown initiated...
2021-08-18 17:14:33 INFO  SpringContextShutdownHook com.zaxxer.hikari.HikariDataSource base - Shutdown completed.
2021-08-18 17:14:33 INFO  SpringContextShutdownHook com.baomidou.dynamic.datasource.DynamicRoutingDataSource dynamic-datasource all closed success,bye
2021-08-18 17:14:58 INFO  main com.nstr.system.NstrSystemApplication No active profile set, falling back to default profiles: default
2021-08-18 17:15:00 INFO  main org.springframework.cloud.context.scope.GenericScope BeanFactory id=d3af73dc-30ee-3434-baf0-782e1f9ff821
2021-08-18 17:15:00 INFO  main org.springframework.context.support.PostProcessorRegistrationDelegate$BeanPostProcessorChecker Bean 'org.springframework.security.access.expression.method.DefaultMethodSecurityExpressionHandler@102af1bb' of type [org.springframework.security.access.expression.method.DefaultMethodSecurityExpressionHandler] is not eligible for getting processed by all BeanPostProcessors (for example: not eligible for auto-proxying)
2021-08-18 17:15:00 INFO  main org.springframework.context.support.PostProcessorRegistrationDelegate$BeanPostProcessorChecker Bean 'com.nstr.common.security.starter.config.NstrCloudSecurityAutoConfig' of type [com.nstr.common.security.starter.config.NstrCloudSecurityAutoConfig$$EnhancerBySpringCGLIB$$611e666f] is not eligible for getting processed by all BeanPostProcessors (for example: not eligible for auto-proxying)
2021-08-18 17:15:00 INFO  main org.springframework.context.support.PostProcessorRegistrationDelegate$BeanPostProcessorChecker Bean 'methodSecurityMetadataSource' of type [org.springframework.security.access.method.DelegatingMethodSecurityMetadataSource] is not eligible for getting processed by all BeanPostProcessors (for example: not eligible for auto-proxying)
2021-08-18 17:15:00 INFO  main org.springframework.context.support.PostProcessorRegistrationDelegate$BeanPostProcessorChecker Bean 'spring.datasource.dynamic-com.baomidou.dynamic.datasource.spring.boot.autoconfigure.DynamicDataSourceProperties' of type [com.baomidou.dynamic.datasource.spring.boot.autoconfigure.DynamicDataSourceProperties] is not eligible for getting processed by all BeanPostProcessors (for example: not eligible for auto-proxying)
2021-08-18 17:15:00 INFO  main org.springframework.context.support.PostProcessorRegistrationDelegate$BeanPostProcessorChecker Bean 'com.baomidou.dynamic.datasource.spring.boot.autoconfigure.DynamicDataSourceAutoConfiguration' of type [com.baomidou.dynamic.datasource.spring.boot.autoconfigure.DynamicDataSourceAutoConfiguration$$EnhancerBySpringCGLIB$$565dabfc] is not eligible for getting processed by all BeanPostProcessors (for example: not eligible for auto-proxying)
2021-08-18 17:15:00 INFO  main org.springframework.context.support.PostProcessorRegistrationDelegate$BeanPostProcessorChecker Bean 'dsProcessor' of type [com.baomidou.dynamic.datasource.processor.DsHeaderProcessor] is not eligible for getting processed by all BeanPostProcessors (for example: not eligible for auto-proxying)
2021-08-18 17:15:00 INFO  main org.springframework.boot.web.embedded.tomcat.TomcatWebServer Tomcat initialized with port(s): 1701 (http)
2021-08-18 17:15:00 INFO  main org.apache.coyote.http11.Http11NioProtocol Initializing ProtocolHandler ["http-nio-1701"]
2021-08-18 17:15:00 INFO  main org.apache.catalina.core.StandardService Starting service [Tomcat]
2021-08-18 17:15:00 INFO  main org.apache.catalina.core.StandardEngine Starting Servlet engine: [Apache Tomcat/9.0.41]
2021-08-18 17:15:01 INFO  main org.apache.catalina.core.ContainerBase.[Tomcat].[localhost].[/] Initializing Spring embedded WebApplicationContext
2021-08-18 17:15:01 INFO  main org.springframework.boot.web.servlet.context.ServletWebServerApplicationContext Root WebApplicationContext: initialization completed in 2946 ms
2021-08-18 17:15:01 INFO  main com.netflix.config.sources.URLConfigurationSource To enable URLs as dynamic configuration sources, define System property archaius.configurationSource.additionalUrls or make config.properties available on classpath.
2021-08-18 17:15:01 INFO  main com.netflix.config.DynamicPropertyFactory DynamicPropertyFactory is initialized with configuration sources: com.netflix.config.ConcurrentCompositeConfiguration@5ac646b3
2021-08-18 17:15:01 INFO  main com.zaxxer.hikari.HikariDataSource base - Starting...
2021-08-18 17:15:02 INFO  main com.zaxxer.hikari.HikariDataSource base - Start completed.
2021-08-18 17:15:02 INFO  main com.baomidou.dynamic.datasource.DynamicRoutingDataSource dynamic-datasource - add a datasource named [base] success
2021-08-18 17:15:02 INFO  main com.baomidou.dynamic.datasource.DynamicRoutingDataSource dynamic-datasource initial loaded [1] datasource,primary datasource named [base]
2021-08-18 17:15:04 INFO  main org.springframework.boot.actuate.endpoint.web.EndpointLinksResolver Exposing 18 endpoint(s) beneath base path '/actuator'
2021-08-18 17:15:05 INFO  main springfox.documentation.spring.web.PropertySourcedRequestMappingHandlerMapping Mapped URL path [/v2/api-docs] onto method [springfox.documentation.swagger2.web.Swagger2Controller#getDocumentation(String, HttpServletRequest)]
2021-08-18 17:15:05 INFO  main org.springframework.scheduling.concurrent.ThreadPoolTaskExecutor Initializing ExecutorService
2021-08-18 17:15:05 INFO  main org.springframework.scheduling.concurrent.ThreadPoolTaskExecutor Initializing ExecutorService 'nstrAsyncThreadPool'
2021-08-18 17:15:05 INFO  main com.netflix.config.sources.URLConfigurationSource To enable URLs as dynamic configuration sources, define System property archaius.configurationSource.additionalUrls or make config.properties available on classpath.
2021-08-18 17:15:05 INFO  main org.springframework.scheduling.concurrent.ThreadPoolTaskScheduler Initializing ExecutorService 'Nacos-Watch-Task-Scheduler'
2021-08-18 17:15:05 INFO  main org.springframework.scheduling.concurrent.ThreadPoolTaskScheduler Initializing ExecutorService
2021-08-18 17:15:05 INFO  main org.springframework.security.web.DefaultSecurityFilterChain Creating filter chain: OrRequestMatcher [requestMatchers=[Ant [pattern='/**']]], [org.springframework.security.web.context.request.async.WebAsyncManagerIntegrationFilter@458500d1, org.springframework.security.web.context.SecurityContextPersistenceFilter@735d7b99, org.springframework.security.web.header.HeaderWriterFilter@1c8da7e8, org.springframework.security.web.authentication.logout.LogoutFilter@59ebe484, org.springframework.security.oauth2.provider.authentication.OAuth2AuthenticationProcessingFilter@4a9b4d4e, org.springframework.security.web.authentication.www.BasicAuthenticationFilter@5eaa6f76, org.springframework.security.web.savedrequest.RequestCacheAwareFilter@3577e37c, org.springframework.security.web.servletapi.SecurityContextHolderAwareRequestFilter@6d4bb60f, org.springframework.security.web.authentication.AnonymousAuthenticationFilter@59cbeaee, org.springframework.security.web.session.SessionManagementFilter@7ed6e557, org.springframework.security.web.access.ExceptionTranslationFilter@a703934, org.springframework.security.web.access.intercept.FilterSecurityInterceptor@7e113065]
2021-08-18 17:15:06 INFO  main org.apache.coyote.http11.Http11NioProtocol Starting ProtocolHandler ["http-nio-1701"]
2021-08-18 17:15:06 INFO  main org.springframework.boot.web.embedded.tomcat.TomcatWebServer Tomcat started on port(s): 1701 (http) with context path ''
2021-08-18 17:15:06 INFO  main com.alibaba.cloud.nacos.registry.NacosServiceRegistry nacos registry, DEFAULT_GROUP nstr-system 192.168.1.216:1701 register finished
2021-08-18 17:15:06 INFO  main springfox.documentation.spring.web.plugins.DocumentationPluginsBootstrapper Context refreshed
2021-08-18 17:15:06 INFO  main springfox.documentation.spring.web.plugins.DocumentationPluginsBootstrapper Found 1 custom documentation plugin(s)
2021-08-18 17:15:06 INFO  main springfox.documentation.spring.web.scanners.ApiListingReferenceScanner Scanning for api listing references
2021-08-18 17:15:07 INFO  main springfox.documentation.spring.web.readers.operation.CachingOperationNameGenerator Generating unique operation named: exportUsingPOST_1
2021-08-18 17:15:07 INFO  main springfox.documentation.spring.web.readers.operation.CachingOperationNameGenerator Generating unique operation named: exportUsingPOST_2
2021-08-18 17:15:07 INFO  main springfox.documentation.spring.web.readers.operation.CachingOperationNameGenerator Generating unique operation named: exportUsingPOST_3
2021-08-18 17:15:07 INFO  main springfox.documentation.spring.web.readers.operation.CachingOperationNameGenerator Generating unique operation named: exportUsingPOST_4
2021-08-18 17:15:07 INFO  main springfox.documentation.spring.web.readers.operation.CachingOperationNameGenerator Generating unique operation named: exportUsingPOST_5
2021-08-18 17:15:07 INFO  main com.nstr.system.NstrSystemApplication Started NstrSystemApplication in 11.578 seconds (JVM running for 12.848)
2021-08-18 17:15:07 INFO  registrationTask1 de.codecentric.boot.admin.client.registration.ApplicationRegistrator Application registered itself as e0b5ff47633b
2021-08-18 17:15:07 INFO  http-nio-1701-exec-1 org.apache.catalina.core.ContainerBase.[Tomcat].[localhost].[/] Initializing Spring DispatcherServlet 'dispatcherServlet'
2021-08-18 17:15:07 INFO  http-nio-1701-exec-1 org.springframework.web.servlet.DispatcherServlet Initializing Servlet 'dispatcherServlet'
2021-08-18 17:15:07 INFO  http-nio-1701-exec-1 org.springframework.web.servlet.DispatcherServlet Completed initialization in 13 ms
2021-08-18 17:27:09 INFO  http-nio-1701-exec-7 com.nstr.system.controller.TestController /hello
2021-08-18 17:35:13 INFO  SpringContextShutdownHook org.springframework.scheduling.concurrent.ThreadPoolTaskScheduler Shutting down ExecutorService 'Nacos-Watch-Task-Scheduler'
2021-08-18 17:35:13 INFO  SpringContextShutdownHook org.springframework.scheduling.concurrent.ThreadPoolTaskScheduler Shutting down ExecutorService
2021-08-18 17:35:13 INFO  SpringContextShutdownHook com.alibaba.cloud.nacos.registry.NacosServiceRegistry De-registering from Nacos Server now...
2021-08-18 17:35:13 INFO  SpringContextShutdownHook com.alibaba.cloud.nacos.registry.NacosServiceRegistry De-registration finished.
2021-08-18 17:35:20 INFO  SpringContextShutdownHook org.springframework.scheduling.concurrent.ThreadPoolTaskExecutor Shutting down ExecutorService 'nstrAsyncThreadPool'
2021-08-18 17:35:20 INFO  SpringContextShutdownHook com.baomidou.dynamic.datasource.DynamicRoutingDataSource dynamic-datasource start closing ....
2021-08-18 17:35:20 INFO  SpringContextShutdownHook com.zaxxer.hikari.HikariDataSource base - Shutdown initiated...
2021-08-18 17:35:20 INFO  SpringContextShutdownHook com.zaxxer.hikari.HikariDataSource base - Shutdown completed.
2021-08-18 17:35:20 INFO  SpringContextShutdownHook com.baomidou.dynamic.datasource.DynamicRoutingDataSource dynamic-datasource all closed success,bye
2021-08-18 17:35:28 INFO  main com.nstr.system.NstrSystemApplication No active profile set, falling back to default profiles: default
2021-08-18 17:35:31 INFO  main org.springframework.cloud.context.scope.GenericScope BeanFactory id=d3af73dc-30ee-3434-baf0-782e1f9ff821
2021-08-18 17:35:31 INFO  main org.springframework.context.support.PostProcessorRegistrationDelegate$BeanPostProcessorChecker Bean 'org.springframework.security.access.expression.method.DefaultMethodSecurityExpressionHandler@25d0b918' of type [org.springframework.security.access.expression.method.DefaultMethodSecurityExpressionHandler] is not eligible for getting processed by all BeanPostProcessors (for example: not eligible for auto-proxying)
2021-08-18 17:35:31 INFO  main org.springframework.context.support.PostProcessorRegistrationDelegate$BeanPostProcessorChecker Bean 'com.nstr.common.security.starter.config.NstrCloudSecurityAutoConfig' of type [com.nstr.common.security.starter.config.NstrCloudSecurityAutoConfig$$EnhancerBySpringCGLIB$$a156a2fa] is not eligible for getting processed by all BeanPostProcessors (for example: not eligible for auto-proxying)
2021-08-18 17:35:31 INFO  main org.springframework.context.support.PostProcessorRegistrationDelegate$BeanPostProcessorChecker Bean 'methodSecurityMetadataSource' of type [org.springframework.security.access.method.DelegatingMethodSecurityMetadataSource] is not eligible for getting processed by all BeanPostProcessors (for example: not eligible for auto-proxying)
2021-08-18 17:35:31 INFO  main org.springframework.context.support.PostProcessorRegistrationDelegate$BeanPostProcessorChecker Bean 'spring.datasource.dynamic-com.baomidou.dynamic.datasource.spring.boot.autoconfigure.DynamicDataSourceProperties' of type [com.baomidou.dynamic.datasource.spring.boot.autoconfigure.DynamicDataSourceProperties] is not eligible for getting processed by all BeanPostProcessors (for example: not eligible for auto-proxying)
2021-08-18 17:35:31 INFO  main org.springframework.context.support.PostProcessorRegistrationDelegate$BeanPostProcessorChecker Bean 'com.baomidou.dynamic.datasource.spring.boot.autoconfigure.DynamicDataSourceAutoConfiguration' of type [com.baomidou.dynamic.datasource.spring.boot.autoconfigure.DynamicDataSourceAutoConfiguration$$EnhancerBySpringCGLIB$$9695e887] is not eligible for getting processed by all BeanPostProcessors (for example: not eligible for auto-proxying)
2021-08-18 17:35:31 INFO  main org.springframework.context.support.PostProcessorRegistrationDelegate$BeanPostProcessorChecker Bean 'dsProcessor' of type [com.baomidou.dynamic.datasource.processor.DsHeaderProcessor] is not eligible for getting processed by all BeanPostProcessors (for example: not eligible for auto-proxying)
2021-08-18 17:35:32 INFO  main org.springframework.boot.web.embedded.tomcat.TomcatWebServer Tomcat initialized with port(s): 1701 (http)
2021-08-18 17:35:32 INFO  main org.apache.coyote.http11.Http11NioProtocol Initializing ProtocolHandler ["http-nio-1701"]
2021-08-18 17:35:32 INFO  main org.apache.catalina.core.StandardService Starting service [Tomcat]
2021-08-18 17:35:32 INFO  main org.apache.catalina.core.StandardEngine Starting Servlet engine: [Apache Tomcat/9.0.41]
2021-08-18 17:35:32 INFO  main org.apache.catalina.core.ContainerBase.[Tomcat].[localhost].[/] Initializing Spring embedded WebApplicationContext
2021-08-18 17:35:32 INFO  main org.springframework.boot.web.servlet.context.ServletWebServerApplicationContext Root WebApplicationContext: initialization completed in 3863 ms
2021-08-18 17:35:33 INFO  main com.netflix.config.sources.URLConfigurationSource To enable URLs as dynamic configuration sources, define System property archaius.configurationSource.additionalUrls or make config.properties available on classpath.
2021-08-18 17:35:33 INFO  main com.netflix.config.DynamicPropertyFactory DynamicPropertyFactory is initialized with configuration sources: com.netflix.config.ConcurrentCompositeConfiguration@e5864c2
2021-08-18 17:35:33 INFO  main com.zaxxer.hikari.HikariDataSource base - Starting...
2021-08-18 17:35:34 INFO  main com.zaxxer.hikari.HikariDataSource base - Start completed.
2021-08-18 17:35:34 INFO  main com.baomidou.dynamic.datasource.DynamicRoutingDataSource dynamic-datasource - add a datasource named [base] success
2021-08-18 17:35:34 INFO  main com.baomidou.dynamic.datasource.DynamicRoutingDataSource dynamic-datasource initial loaded [1] datasource,primary datasource named [base]
2021-08-18 17:35:37 INFO  main org.springframework.boot.actuate.endpoint.web.EndpointLinksResolver Exposing 18 endpoint(s) beneath base path '/actuator'
2021-08-18 17:35:38 INFO  main springfox.documentation.spring.web.PropertySourcedRequestMappingHandlerMapping Mapped URL path [/v2/api-docs] onto method [springfox.documentation.swagger2.web.Swagger2Controller#getDocumentation(String, HttpServletRequest)]
2021-08-18 17:35:38 INFO  main org.springframework.scheduling.concurrent.ThreadPoolTaskExecutor Initializing ExecutorService
2021-08-18 17:35:38 INFO  main org.springframework.scheduling.concurrent.ThreadPoolTaskExecutor Initializing ExecutorService 'nstrAsyncThreadPool'
2021-08-18 17:35:38 INFO  main com.netflix.config.sources.URLConfigurationSource To enable URLs as dynamic configuration sources, define System property archaius.configurationSource.additionalUrls or make config.properties available on classpath.
2021-08-18 17:35:38 INFO  main org.springframework.scheduling.concurrent.ThreadPoolTaskScheduler Initializing ExecutorService 'Nacos-Watch-Task-Scheduler'
2021-08-18 17:35:38 INFO  main org.springframework.scheduling.concurrent.ThreadPoolTaskScheduler Initializing ExecutorService
2021-08-18 17:35:39 INFO  main org.springframework.security.web.DefaultSecurityFilterChain Creating filter chain: OrRequestMatcher [requestMatchers=[Ant [pattern='/**']]], [org.springframework.security.web.context.request.async.WebAsyncManagerIntegrationFilter@33c5e52f, org.springframework.security.web.context.SecurityContextPersistenceFilter@54418834, org.springframework.security.web.header.HeaderWriterFilter@59ebe484, org.springframework.security.web.authentication.logout.LogoutFilter@2250deae, org.springframework.security.oauth2.provider.authentication.OAuth2AuthenticationProcessingFilter@1926806c, org.springframework.security.web.authentication.www.BasicAuthenticationFilter@23657729, org.springframework.security.web.savedrequest.RequestCacheAwareFilter@6d21a69f, org.springframework.security.web.servletapi.SecurityContextHolderAwareRequestFilter@4a9b4d4e, org.springframework.security.web.authentication.AnonymousAuthenticationFilter@74474fc0, org.springframework.security.web.session.SessionManagementFilter@1455a374, org.springframework.security.web.access.ExceptionTranslationFilter@4c364a9d, org.springframework.security.web.access.intercept.FilterSecurityInterceptor@28d2afd8]
2021-08-18 17:35:39 INFO  main org.apache.coyote.http11.Http11NioProtocol Starting ProtocolHandler ["http-nio-1701"]
2021-08-18 17:35:39 INFO  main org.springframework.boot.web.embedded.tomcat.TomcatWebServer Tomcat started on port(s): 1701 (http) with context path ''
2021-08-18 17:35:39 INFO  main com.alibaba.cloud.nacos.registry.NacosServiceRegistry nacos registry, DEFAULT_GROUP nstr-system 192.168.1.216:1701 register finished
2021-08-18 17:35:40 INFO  main springfox.documentation.spring.web.plugins.DocumentationPluginsBootstrapper Context refreshed
2021-08-18 17:35:40 INFO  main springfox.documentation.spring.web.plugins.DocumentationPluginsBootstrapper Found 1 custom documentation plugin(s)
2021-08-18 17:35:40 INFO  main springfox.documentation.spring.web.scanners.ApiListingReferenceScanner Scanning for api listing references
2021-08-18 17:35:40 INFO  main springfox.documentation.spring.web.readers.operation.CachingOperationNameGenerator Generating unique operation named: exportUsingPOST_1
2021-08-18 17:35:40 INFO  main springfox.documentation.spring.web.readers.operation.CachingOperationNameGenerator Generating unique operation named: exportUsingPOST_2
2021-08-18 17:35:40 INFO  main springfox.documentation.spring.web.readers.operation.CachingOperationNameGenerator Generating unique operation named: exportUsingPOST_3
2021-08-18 17:35:40 INFO  main springfox.documentation.spring.web.readers.operation.CachingOperationNameGenerator Generating unique operation named: exportUsingPOST_4
2021-08-18 17:35:40 INFO  main springfox.documentation.spring.web.readers.operation.CachingOperationNameGenerator Generating unique operation named: exportUsingPOST_5
2021-08-18 17:35:40 INFO  main com.nstr.system.NstrSystemApplication Started NstrSystemApplication in 13.872 seconds (JVM running for 15.212)
2021-08-18 17:35:40 INFO  registrationTask1 de.codecentric.boot.admin.client.registration.ApplicationRegistrator Application registered itself as e0b5ff47633b
2021-08-18 17:35:40 INFO  http-nio-1701-exec-2 org.apache.catalina.core.ContainerBase.[Tomcat].[localhost].[/] Initializing Spring DispatcherServlet 'dispatcherServlet'
2021-08-18 17:35:40 INFO  http-nio-1701-exec-2 org.springframework.web.servlet.DispatcherServlet Initializing Servlet 'dispatcherServlet'
2021-08-18 17:35:40 INFO  http-nio-1701-exec-2 org.springframework.web.servlet.DispatcherServlet Completed initialization in 10 ms
2021-08-18 17:41:55 INFO  SpringContextShutdownHook org.springframework.scheduling.concurrent.ThreadPoolTaskScheduler Shutting down ExecutorService 'Nacos-Watch-Task-Scheduler'
2021-08-18 17:41:55 INFO  SpringContextShutdownHook org.springframework.scheduling.concurrent.ThreadPoolTaskScheduler Shutting down ExecutorService
2021-08-18 17:41:55 INFO  SpringContextShutdownHook com.alibaba.cloud.nacos.registry.NacosServiceRegistry De-registering from Nacos Server now...
2021-08-18 17:41:55 INFO  SpringContextShutdownHook com.alibaba.cloud.nacos.registry.NacosServiceRegistry De-registration finished.
2021-08-18 17:42:04 INFO  SpringContextShutdownHook org.springframework.scheduling.concurrent.ThreadPoolTaskExecutor Shutting down ExecutorService 'nstrAsyncThreadPool'
2021-08-18 17:42:04 INFO  SpringContextShutdownHook com.baomidou.dynamic.datasource.DynamicRoutingDataSource dynamic-datasource start closing ....
2021-08-18 17:42:04 INFO  SpringContextShutdownHook com.zaxxer.hikari.HikariDataSource base - Shutdown initiated...
2021-08-18 17:42:04 INFO  SpringContextShutdownHook com.zaxxer.hikari.HikariDataSource base - Shutdown completed.
2021-08-18 17:42:04 INFO  SpringContextShutdownHook com.baomidou.dynamic.datasource.DynamicRoutingDataSource dynamic-datasource all closed success,bye
